[3.856s] Invoking command in '/home/rsl/pioneerbase_ws/src/navigation_core1': PYTHONPATH=/home/rsl/pioneerbase_ws/src/build/navigation_core1/prefix_override:/home/rsl/pioneerbase_ws/src/install/navigation_core1/lib/python3.10/site-packages:${PYTHONPATH} /usr/bin/python3 setup.py egg_info --egg-base ../build/navigation_core1 build --build-base /home/rsl/pioneerbase_ws/src/build/navigation_core1/build install --record /home/rsl/pioneerbase_ws/src/build/navigation_core1/install.log --single-version-externally-managed
[4.511s] running egg_info
[4.513s] creating ../build/navigation_core1/navigation_core1.egg-info
[4.513s] writing ../build/navigation_core1/navigation_core1.egg-info/PKG-INFO
[4.514s] writing dependency_links to ../build/navigation_core1/navigation_core1.egg-info/dependency_links.txt
[4.514s] writing entry points to ../build/navigation_core1/navigation_core1.egg-info/entry_points.txt
[4.514s] writing requirements to ../build/navigation_core1/navigation_core1.egg-info/requires.txt
[4.515s] writing top-level names to ../build/navigation_core1/navigation_core1.egg-info/top_level.txt
[4.515s] writing manifest file '../build/navigation_core1/navigation_core1.egg-info/SOURCES.txt'
[4.533s] reading manifest file '../build/navigation_core1/navigation_core1.egg-info/SOURCES.txt'
[4.536s] writing manifest file '../build/navigation_core1/navigation_core1.egg-info/SOURCES.txt'
[4.536s] running build
[4.536s] running build_py
[4.537s] creating /home/rsl/pioneerbase_ws/src/build/navigation_core1/build
[4.537s] creating /home/rsl/pioneerbase_ws/src/build/navigation_core1/build/lib
[4.537s] creating /home/rsl/pioneerbase_ws/src/build/navigation_core1/build/lib/navigation_core1
[4.537s] copying navigation_core1/waypoint_controller.py -> /home/rsl/pioneerbase_ws/src/build/navigation_core1/build/lib/navigation_core1
[4.537s] copying navigation_core1/__init__.py -> /home/rsl/pioneerbase_ws/src/build/navigation_core1/build/lib/navigation_core1
[4.538s] running install
[4.573s] /usr/lib/python3/dist-packages/setuptools/command/install.py:34: SetuptoolsDeprecationWarning: setup.py install is deprecated. Use build and pip and other standards-based tools.
[4.573s]   warnings.warn(
[4.583s] running install_lib
[4.584s] creating /home/rsl/pioneerbase_ws/src/install/navigation_core1/lib/python3.10/site-packages/navigation_core1
[4.584s] copying /home/rsl/pioneerbase_ws/src/build/navigation_core1/build/lib/navigation_core1/waypoint_controller.py -> /home/rsl/pioneerbase_ws/src/install/navigation_core1/lib/python3.10/site-packages/navigation_core1
[4.585s] copying /home/rsl/pioneerbase_ws/src/build/navigation_core1/build/lib/navigation_core1/__init__.py -> /home/rsl/pioneerbase_ws/src/install/navigation_core1/lib/python3.10/site-packages/navigation_core1
[4.586s] byte-compiling /home/rsl/pioneerbase_ws/src/install/navigation_core1/lib/python3.10/site-packages/navigation_core1/waypoint_controller.py to waypoint_controller.cpython-310.pyc
[4.588s] byte-compiling /home/rsl/pioneerbase_ws/src/install/navigation_core1/lib/python3.10/site-packages/navigation_core1/__init__.py to __init__.cpython-310.pyc
[4.589s] running install_data
[4.589s] creating /home/rsl/pioneerbase_ws/src/install/navigation_core1/share/ament_index
[4.589s] creating /home/rsl/pioneerbase_ws/src/install/navigation_core1/share/ament_index/resource_index
[4.590s] creating /home/rsl/pioneerbase_ws/src/install/navigation_core1/share/ament_index/resource_index/packages
[4.590s] copying resource/navigation_core1 -> /home/rsl/pioneerbase_ws/src/install/navigation_core1/share/ament_index/resource_index/packages
[4.590s] copying package.xml -> /home/rsl/pioneerbase_ws/src/install/navigation_core1/share/navigation_core1
[4.590s] running install_egg_info
[4.590s] Copying ../build/navigation_core1/navigation_core1.egg-info to /home/rsl/pioneerbase_ws/src/install/navigation_core1/lib/python3.10/site-packages/navigation_core1-0.0.0-py3.10.egg-info
[4.601s] running install_scripts
[4.651s] Installing run_navigation script to /home/rsl/pioneerbase_ws/src/install/navigation_core1/lib/navigation_core1
[4.652s] writing list of installed files to '/home/rsl/pioneerbase_ws/src/build/navigation_core1/install.log'
[5.753s] Invoked command in '/home/rsl/pioneerbase_ws/src/navigation_core1' returned '0': PYTHONPATH=/home/rsl/pioneerbase_ws/src/build/navigation_core1/prefix_override:/home/rsl/pioneerbase_ws/src/install/navigation_core1/lib/python3.10/site-packages:${PYTHONPATH} /usr/bin/python3 setup.py egg_info --egg-base ../build/navigation_core1 build --build-base /home/rsl/pioneerbase_ws/src/build/navigation_core1/build install --record /home/rsl/pioneerbase_ws/src/build/navigation_core1/install.log --single-version-externally-managed
