running egg_info
creating ../../build/gps_target_push/gps_target_push.egg-info
writing ../../build/gps_target_push/gps_target_push.egg-info/PKG-INFO
writing dependency_links to ../../build/gps_target_push/gps_target_push.egg-info/dependency_links.txt
writing entry points to ../../build/gps_target_push/gps_target_push.egg-info/entry_points.txt
writing requirements to ../../build/gps_target_push/gps_target_push.egg-info/requires.txt
writing top-level names to ../../build/gps_target_push/gps_target_push.egg-info/top_level.txt
writing manifest file '../../build/gps_target_push/gps_target_push.egg-info/SOURCES.txt'
reading manifest file '../../build/gps_target_push/gps_target_push.egg-info/SOURCES.txt'
writing manifest file '../../build/gps_target_push/gps_target_push.egg-info/SOURCES.txt'
running build
running build_py
creating /home/rsl/pioneerbase_ws/build/gps_target_push/build
creating /home/rsl/pioneerbase_ws/build/gps_target_push/build/lib
creating /home/rsl/pioneerbase_ws/build/gps_target_push/build/lib/gps_target_push
copying gps_target_push/test_position.py -> /home/rsl/pioneerbase_ws/build/gps_target_push/build/lib/gps_target_push
copying gps_target_push/__init__.py -> /home/rsl/pioneerbase_ws/build/gps_target_push/build/lib/gps_target_push
running install
running install_lib
creating /home/rsl/pioneerbase_ws/install/gps_target_push/lib/python3.10/site-packages/gps_target_push
copying /home/rsl/pioneerbase_ws/build/gps_target_push/build/lib/gps_target_push/test_position.py -> /home/rsl/pioneerbase_ws/install/gps_target_push/lib/python3.10/site-packages/gps_target_push
copying /home/rsl/pioneerbase_ws/build/gps_target_push/build/lib/gps_target_push/__init__.py -> /home/rsl/pioneerbase_ws/install/gps_target_push/lib/python3.10/site-packages/gps_target_push
byte-compiling /home/rsl/pioneerbase_ws/install/gps_target_push/lib/python3.10/site-packages/gps_target_push/test_position.py to test_position.cpython-310.pyc
byte-compiling /home/rsl/pioneerbase_ws/install/gps_target_push/lib/python3.10/site-packages/gps_target_push/__init__.py to __init__.cpython-310.pyc
running install_data
creating /home/rsl/pioneerbase_ws/install/gps_target_push/share/ament_index
creating /home/rsl/pioneerbase_ws/install/gps_target_push/share/ament_index/resource_index
creating /home/rsl/pioneerbase_ws/install/gps_target_push/share/ament_index/resource_index/packages
copying resource/gps_target_push -> /home/rsl/pioneerbase_ws/install/gps_target_push/share/ament_index/resource_index/packages
copying package.xml -> /home/rsl/pioneerbase_ws/install/gps_target_push/share/gps_target_push
running install_egg_info
Copying ../../build/gps_target_push/gps_target_push.egg-info to /home/rsl/pioneerbase_ws/install/gps_target_push/lib/python3.10/site-packages/gps_target_push-0.0.0-py3.10.egg-info
running install_scripts
Installing push_target script to /home/rsl/pioneerbase_ws/install/gps_target_push/lib/gps_target_push
writing list of installed files to '/home/rsl/pioneerbase_ws/build/gps_target_push/install.log'
