[7.843s] DEBUG:colcon:Command line arguments: ['/usr/bin/colcon', 'build']
[7.843s] DEBUG:colcon:Parsed command line arguments: Namespace(log_base=None, log_level=None, verb_name='build', build_base='build', install_base='install', merge_install=False, symlink_install=False, test_result_base=None, continue_on_error=False, executor='parallel', parallel_workers=4, event_handlers=None, ignore_user_meta=False, metas=['./colcon.meta'], base_paths=['.'], packages_ignore=None, packages_ignore_regex=None, paths=None, packages_up_to=None, packages_up_to_regex=None, packages_above=None, packages_above_and_dependencies=None, packages_above_depth=None, packages_select_by_dep=None, packages_skip_by_dep=None, packages_skip_up_to=None, packages_select_build_failed=False, packages_skip_build_finished=False, packages_select_test_failures=False, packages_skip_test_passed=False, packages_select=None, packages_skip=None, packages_select_regex=None, packages_skip_regex=None, packages_start=None, packages_end=None, allow_overriding=[], cmake_args=None, cmake_target=None, cmake_target_skip_unavailable=False, cmake_clean_cache=False, cmake_clean_first=False, cmake_force_configure=False, ament_cmake_args=None, catkin_cmake_args=None, catkin_skip_building_tests=False, verb_parser=<colcon_defaults.argument_parser.defaults.DefaultArgumentsDecorator object at 0x7fa33a227f40>, verb_extension=<colcon_core.verb.build.BuildVerb object at 0x7fa33a64aec0>, main=<bound method BuildVerb.main of <colcon_core.verb.build.BuildVerb object at 0x7fa33a64aec0>>)
[8.530s] Level 1:colcon.colcon_core.package_discovery:discover_packages(colcon_meta) check parameters
[8.531s] Level 1:colcon.colcon_core.package_discovery:discover_packages(recursive) check parameters
[8.531s] Level 1:colcon.colcon_core.package_discovery:discover_packages(ignore) check parameters
[8.531s] Level 1:colcon.colcon_core.package_discovery:discover_packages(path) check parameters
[8.531s] Level 1:colcon.colcon_core.package_discovery:discover_packages(colcon_meta) discover
[8.531s] Level 1:colcon.colcon_core.package_discovery:discover_packages(recursive) discover
[8.531s] INFO:colcon.colcon_core.package_discovery:Crawling recursively for packages in '/home/rsl/pioneerbase_ws/src'
[8.531s] Level 1:colcon.colcon_core.package_identification:_identify(.) by extensions ['ignore', 'ignore_ament_install']
[8.532s] Level 1:colcon.colcon_core.package_identification:_identify(.) by extension 'ignore'
[8.532s] Level 1:colcon.colcon_core.package_identification:_identify(.) by extension 'ignore_ament_install'
[8.532s] Level 1:colcon.colcon_core.package_identification:_identify(.) by extensions ['colcon_pkg']
[8.532s] Level 1:colcon.colcon_core.package_identification:_identify(.) by extension 'colcon_pkg'
[8.532s] Level 1:colcon.colcon_core.package_identification:_identify(.) by extensions ['colcon_meta']
[8.532s] Level 1:colcon.colcon_core.package_identification:_identify(.) by extension 'colcon_meta'
[8.532s] Level 1:colcon.colcon_core.package_identification:_identify(.) by extensions ['ros']
[8.532s] Level 1:colcon.colcon_core.package_identification:_identify(.) by extension 'ros'
[8.583s] Level 1:colcon.colcon_core.package_identification:_identify(.) by extensions ['cmake', 'python']
[8.583s] Level 1:colcon.colcon_core.package_identification:_identify(.) by extension 'cmake'
[8.583s] Level 1:colcon.colcon_core.package_identification:_identify(.) by extension 'python'
[8.583s] Level 1:colcon.colcon_core.package_identification:_identify(.) by extensions ['python_setup_py']
[8.583s] Level 1:colcon.colcon_core.package_identification:_identify(.) by extension 'python_setup_py'
[8.583s] Level 1:colcon.colcon_core.package_identification:_identify(bs_launch) by extensions ['ignore', 'ignore_ament_install']
[8.584s] Level 1:colcon.colcon_core.package_identification:_identify(bs_launch) by extension 'ignore'
[8.584s] Level 1:colcon.colcon_core.package_identification:_identify(bs_launch) by extension 'ignore_ament_install'
[8.584s] Level 1:colcon.colcon_core.package_identification:_identify(bs_launch) by extensions ['colcon_pkg']
[8.584s] Level 1:colcon.colcon_core.package_identification:_identify(bs_launch) by extension 'colcon_pkg'
[8.584s] Level 1:colcon.colcon_core.package_identification:_identify(bs_launch) by extensions ['colcon_meta']
[8.584s] Level 1:colcon.colcon_core.package_identification:_identify(bs_launch) by extension 'colcon_meta'
[8.584s] Level 1:colcon.colcon_core.package_identification:_identify(bs_launch) by extensions ['ros']
[8.584s] Level 1:colcon.colcon_core.package_identification:_identify(bs_launch) by extension 'ros'
[8.623s] DEBUG:colcon.colcon_core.package_identification:Package 'bs_launch' with type 'ros.ament_python' and name 'bs_launch'
[8.624s] Level 1:colcon.colcon_core.package_identification:_identify(build) by extensions ['ignore', 'ignore_ament_install']
[8.624s] Level 1:colcon.colcon_core.package_identification:_identify(build) by extension 'ignore'
[8.624s] Level 1:colcon.colcon_core.package_identification:_identify(build) ignored
[8.625s] Level 1:colcon.colcon_core.package_identification:_identify(gps_target_push) by extensions ['ignore', 'ignore_ament_install']
[8.625s] Level 1:colcon.colcon_core.package_identification:_identify(gps_target_push) by extension 'ignore'
[8.625s] Level 1:colcon.colcon_core.package_identification:_identify(gps_target_push) by extension 'ignore_ament_install'
[8.625s] Level 1:colcon.colcon_core.package_identification:_identify(gps_target_push) by extensions ['colcon_pkg']
[8.625s] Level 1:colcon.colcon_core.package_identification:_identify(gps_target_push) by extension 'colcon_pkg'
[8.626s] Level 1:colcon.colcon_core.package_identification:_identify(gps_target_push) by extensions ['colcon_meta']
[8.626s] Level 1:colcon.colcon_core.package_identification:_identify(gps_target_push) by extension 'colcon_meta'
[8.626s] Level 1:colcon.colcon_core.package_identification:_identify(gps_target_push) by extensions ['ros']
[8.626s] Level 1:colcon.colcon_core.package_identification:_identify(gps_target_push) by extension 'ros'
[8.640s] DEBUG:colcon.colcon_core.package_identification:Package 'gps_target_push' with type 'ros.ament_python' and name 'gps_target_push'
[8.641s] Level 1:colcon.colcon_core.package_identification:_identify(install) by extensions ['ignore', 'ignore_ament_install']
[8.641s] Level 1:colcon.colcon_core.package_identification:_identify(install) by extension 'ignore'
[8.641s] Level 1:colcon.colcon_core.package_identification:_identify(install) ignored
[8.642s] Level 1:colcon.colcon_core.package_identification:_identify(log) by extensions ['ignore', 'ignore_ament_install']
[8.642s] Level 1:colcon.colcon_core.package_identification:_identify(log) by extension 'ignore'
[8.642s] Level 1:colcon.colcon_core.package_identification:_identify(log) ignored
[8.642s] Level 1:colcon.colcon_core.package_identification:_identify(mode_select) by extensions ['ignore', 'ignore_ament_install']
[8.642s] Level 1:colcon.colcon_core.package_identification:_identify(mode_select) by extension 'ignore'
[8.643s] Level 1:colcon.colcon_core.package_identification:_identify(mode_select) by extension 'ignore_ament_install'
[8.643s] Level 1:colcon.colcon_core.package_identification:_identify(mode_select) by extensions ['colcon_pkg']
[8.643s] Level 1:colcon.colcon_core.package_identification:_identify(mode_select) by extension 'colcon_pkg'
[8.643s] Level 1:colcon.colcon_core.package_identification:_identify(mode_select) by extensions ['colcon_meta']
[8.643s] Level 1:colcon.colcon_core.package_identification:_identify(mode_select) by extension 'colcon_meta'
[8.643s] Level 1:colcon.colcon_core.package_identification:_identify(mode_select) by extensions ['ros']
[8.644s] Level 1:colcon.colcon_core.package_identification:_identify(mode_select) by extension 'ros'
[8.650s] DEBUG:colcon.colcon_core.package_identification:Package 'mode_select' with type 'ros.ament_python' and name 'mode_select'
[8.650s] Level 1:colcon.colcon_core.package_identification:_identify(navigation_core1) by extensions ['ignore', 'ignore_ament_install']
[8.651s] Level 1:colcon.colcon_core.package_identification:_identify(navigation_core1) by extension 'ignore'
[8.651s] Level 1:colcon.colcon_core.package_identification:_identify(navigation_core1) by extension 'ignore_ament_install'
[8.651s] Level 1:colcon.colcon_core.package_identification:_identify(navigation_core1) by extensions ['colcon_pkg']
[8.651s] Level 1:colcon.colcon_core.package_identification:_identify(navigation_core1) by extension 'colcon_pkg'
[8.651s] Level 1:colcon.colcon_core.package_identification:_identify(navigation_core1) by extensions ['colcon_meta']
[8.651s] Level 1:colcon.colcon_core.package_identification:_identify(navigation_core1) by extension 'colcon_meta'
[8.652s] Level 1:colcon.colcon_core.package_identification:_identify(navigation_core1) by extensions ['ros']
[8.652s] Level 1:colcon.colcon_core.package_identification:_identify(navigation_core1) by extension 'ros'
[8.659s] DEBUG:colcon.colcon_core.package_identification:Package 'navigation_core1' with type 'ros.ament_python' and name 'navigation_core1'
[8.660s] Level 1:colcon.colcon_core.package_identification:_identify(navigation_core2) by extensions ['ignore', 'ignore_ament_install']
[8.660s] Level 1:colcon.colcon_core.package_identification:_identify(navigation_core2) by extension 'ignore'
[8.660s] Level 1:colcon.colcon_core.package_identification:_identify(navigation_core2) by extension 'ignore_ament_install'
[8.660s] Level 1:colcon.colcon_core.package_identification:_identify(navigation_core2) by extensions ['colcon_pkg']
[8.660s] Level 1:colcon.colcon_core.package_identification:_identify(navigation_core2) by extension 'colcon_pkg'
[8.661s] Level 1:colcon.colcon_core.package_identification:_identify(navigation_core2) by extensions ['colcon_meta']
[8.661s] Level 1:colcon.colcon_core.package_identification:_identify(navigation_core2) by extension 'colcon_meta'
[8.661s] Level 1:colcon.colcon_core.package_identification:_identify(navigation_core2) by extensions ['ros']
[8.661s] Level 1:colcon.colcon_core.package_identification:_identify(navigation_core2) by extension 'ros'
[8.664s] DEBUG:colcon.colcon_core.package_identification:Package 'navigation_core2' with type 'ros.ament_python' and name 'navigation_core2'
[8.664s] Level 1:colcon.colcon_core.package_identification:_identify(navigation_core3) by extensions ['ignore', 'ignore_ament_install']
[8.665s] Level 1:colcon.colcon_core.package_identification:_identify(navigation_core3) by extension 'ignore'
[8.665s] Level 1:colcon.colcon_core.package_identification:_identify(navigation_core3) by extension 'ignore_ament_install'
[8.665s] Level 1:colcon.colcon_core.package_identification:_identify(navigation_core3) by extensions ['colcon_pkg']
[8.665s] Level 1:colcon.colcon_core.package_identification:_identify(navigation_core3) by extension 'colcon_pkg'
[8.666s] Level 1:colcon.colcon_core.package_identification:_identify(navigation_core3) by extensions ['colcon_meta']
[8.666s] Level 1:colcon.colcon_core.package_identification:_identify(navigation_core3) by extension 'colcon_meta'
[8.666s] Level 1:colcon.colcon_core.package_identification:_identify(navigation_core3) by extensions ['ros']
[8.666s] Level 1:colcon.colcon_core.package_identification:_identify(navigation_core3) by extension 'ros'
[8.675s] DEBUG:colcon.colcon_core.package_identification:Package 'navigation_core3' with type 'ros.ament_python' and name 'navigation_core3'
[8.675s] Level 1:colcon.colcon_core.package_identification:_identify(rover_teleop_joy) by extensions ['ignore', 'ignore_ament_install']
[8.676s] Level 1:colcon.colcon_core.package_identification:_identify(rover_teleop_joy) by extension 'ignore'
[8.676s] Level 1:colcon.colcon_core.package_identification:_identify(rover_teleop_joy) by extension 'ignore_ament_install'
[8.676s] Level 1:colcon.colcon_core.package_identification:_identify(rover_teleop_joy) by extensions ['colcon_pkg']
[8.676s] Level 1:colcon.colcon_core.package_identification:_identify(rover_teleop_joy) by extension 'colcon_pkg'
[8.676s] Level 1:colcon.colcon_core.package_identification:_identify(rover_teleop_joy) by extensions ['colcon_meta']
[8.677s] Level 1:colcon.colcon_core.package_identification:_identify(rover_teleop_joy) by extension 'colcon_meta'
[8.677s] Level 1:colcon.colcon_core.package_identification:_identify(rover_teleop_joy) by extensions ['ros']
[8.677s] Level 1:colcon.colcon_core.package_identification:_identify(rover_teleop_joy) by extension 'ros'
[8.682s] DEBUG:colcon.colcon_core.package_identification:Package 'rover_teleop_joy' with type 'ros.ament_python' and name 'rover_teleop_joy'
[8.682s] Level 1:colcon.colcon_core.package_discovery:discover_packages(recursive) using defaults
[8.682s] Level 1:colcon.colcon_core.package_discovery:discover_packages(ignore) discover
[8.682s] Level 1:colcon.colcon_core.package_discovery:discover_packages(ignore) using defaults
[8.682s] Level 1:colcon.colcon_core.package_discovery:discover_packages(path) discover
[8.683s] Level 1:colcon.colcon_core.package_discovery:discover_packages(path) using defaults
[9.556s] Level 1:colcon.colcon_core.package_discovery:discover_packages(prefix_path) check parameters
[9.556s] Level 1:colcon.colcon_core.package_discovery:discover_packages(prefix_path) discover
[9.749s] DEBUG:colcon.colcon_installed_package_information.package_discovery:Found 270 installed packages in /opt/ros/humble
[9.753s] Level 1:colcon.colcon_core.package_discovery:discover_packages(prefix_path) using defaults
[12.072s] Level 5:colcon.colcon_core.verb:set package 'bs_launch' build argument 'cmake_args' from command line to 'None'
[12.072s] Level 5:colcon.colcon_core.verb:set package 'bs_launch' build argument 'cmake_target' from command line to 'None'
[12.072s] Level 5:colcon.colcon_core.verb:set package 'bs_launch' build argument 'cmake_target_skip_unavailable' from command line to 'False'
[12.072s] Level 5:colcon.colcon_core.verb:set package 'bs_launch' build argument 'cmake_clean_cache' from command line to 'False'
[12.072s] Level 5:colcon.colcon_core.verb:set package 'bs_launch' build argument 'cmake_clean_first' from command line to 'False'
[12.072s] Level 5:colcon.colcon_core.verb:set package 'bs_launch' build argument 'cmake_force_configure' from command line to 'False'
[12.072s] Level 5:colcon.colcon_core.verb:set package 'bs_launch' build argument 'ament_cmake_args' from command line to 'None'
[12.072s] Level 5:colcon.colcon_core.verb:set package 'bs_launch' build argument 'catkin_cmake_args' from command line to 'None'
[12.072s] Level 5:colcon.colcon_core.verb:set package 'bs_launch' build argument 'catkin_skip_building_tests' from command line to 'False'
[12.072s] DEBUG:colcon.colcon_core.verb:Building package 'bs_launch' with the following arguments: {'ament_cmake_args': None, 'build_base': '/home/rsl/pioneerbase_ws/src/build/bs_launch', 'catkin_cmake_args': None, 'catkin_skip_building_tests': False, 'cmake_args': None, 'cmake_clean_cache': False, 'cmake_clean_first': False, 'cmake_force_configure': False, 'cmake_target': None, 'cmake_target_skip_unavailable': False, 'install_base': '/home/rsl/pioneerbase_ws/src/install/bs_launch', 'merge_install': False, 'path': '/home/rsl/pioneerbase_ws/src/bs_launch', 'symlink_install': False, 'test_result_base': None}
[12.096s] Level 5:colcon.colcon_core.verb:set package 'gps_target_push' build argument 'cmake_args' from command line to 'None'
[12.096s] Level 5:colcon.colcon_core.verb:set package 'gps_target_push' build argument 'cmake_target' from command line to 'None'
[12.096s] Level 5:colcon.colcon_core.verb:set package 'gps_target_push' build argument 'cmake_target_skip_unavailable' from command line to 'False'
[12.096s] Level 5:colcon.colcon_core.verb:set package 'gps_target_push' build argument 'cmake_clean_cache' from command line to 'False'
[12.096s] Level 5:colcon.colcon_core.verb:set package 'gps_target_push' build argument 'cmake_clean_first' from command line to 'False'
[12.096s] Level 5:colcon.colcon_core.verb:set package 'gps_target_push' build argument 'cmake_force_configure' from command line to 'False'
[12.096s] Level 5:colcon.colcon_core.verb:set package 'gps_target_push' build argument 'ament_cmake_args' from command line to 'None'
[12.096s] Level 5:colcon.colcon_core.verb:set package 'gps_target_push' build argument 'catkin_cmake_args' from command line to 'None'
[12.096s] Level 5:colcon.colcon_core.verb:set package 'gps_target_push' build argument 'catkin_skip_building_tests' from command line to 'False'
[12.096s] DEBUG:colcon.colcon_core.verb:Building package 'gps_target_push' with the following arguments: {'ament_cmake_args': None, 'build_base': '/home/rsl/pioneerbase_ws/src/build/gps_target_push', 'catkin_cmake_args': None, 'catkin_skip_building_tests': False, 'cmake_args': None, 'cmake_clean_cache': False, 'cmake_clean_first': False, 'cmake_force_configure': False, 'cmake_target': None, 'cmake_target_skip_unavailable': False, 'install_base': '/home/rsl/pioneerbase_ws/src/install/gps_target_push', 'merge_install': False, 'path': '/home/rsl/pioneerbase_ws/src/gps_target_push', 'symlink_install': False, 'test_result_base': None}
[12.119s] Level 5:colcon.colcon_core.verb:set package 'mode_select' build argument 'cmake_args' from command line to 'None'
[12.119s] Level 5:colcon.colcon_core.verb:set package 'mode_select' build argument 'cmake_target' from command line to 'None'
[12.119s] Level 5:colcon.colcon_core.verb:set package 'mode_select' build argument 'cmake_target_skip_unavailable' from command line to 'False'
[12.119s] Level 5:colcon.colcon_core.verb:set package 'mode_select' build argument 'cmake_clean_cache' from command line to 'False'
[12.120s] Level 5:colcon.colcon_core.verb:set package 'mode_select' build argument 'cmake_clean_first' from command line to 'False'
[12.120s] Level 5:colcon.colcon_core.verb:set package 'mode_select' build argument 'cmake_force_configure' from command line to 'False'
[12.120s] Level 5:colcon.colcon_core.verb:set package 'mode_select' build argument 'ament_cmake_args' from command line to 'None'
[12.120s] Level 5:colcon.colcon_core.verb:set package 'mode_select' build argument 'catkin_cmake_args' from command line to 'None'
[12.120s] Level 5:colcon.colcon_core.verb:set package 'mode_select' build argument 'catkin_skip_building_tests' from command line to 'False'
[12.120s] DEBUG:colcon.colcon_core.verb:Building package 'mode_select' with the following arguments: {'ament_cmake_args': None, 'build_base': '/home/rsl/pioneerbase_ws/src/build/mode_select', 'catkin_cmake_args': None, 'catkin_skip_building_tests': False, 'cmake_args': None, 'cmake_clean_cache': False, 'cmake_clean_first': False, 'cmake_force_configure': False, 'cmake_target': None, 'cmake_target_skip_unavailable': False, 'install_base': '/home/rsl/pioneerbase_ws/src/install/mode_select', 'merge_install': False, 'path': '/home/rsl/pioneerbase_ws/src/mode_select', 'symlink_install': False, 'test_result_base': None}
[12.143s] Level 5:colcon.colcon_core.verb:set package 'navigation_core1' build argument 'cmake_args' from command line to 'None'
[12.143s] Level 5:colcon.colcon_core.verb:set package 'navigation_core1' build argument 'cmake_target' from command line to 'None'
[12.143s] Level 5:colcon.colcon_core.verb:set package 'navigation_core1' build argument 'cmake_target_skip_unavailable' from command line to 'False'
[12.143s] Level 5:colcon.colcon_core.verb:set package 'navigation_core1' build argument 'cmake_clean_cache' from command line to 'False'
[12.143s] Level 5:colcon.colcon_core.verb:set package 'navigation_core1' build argument 'cmake_clean_first' from command line to 'False'
[12.143s] Level 5:colcon.colcon_core.verb:set package 'navigation_core1' build argument 'cmake_force_configure' from command line to 'False'
[12.143s] Level 5:colcon.colcon_core.verb:set package 'navigation_core1' build argument 'ament_cmake_args' from command line to 'None'
[12.143s] Level 5:colcon.colcon_core.verb:set package 'navigation_core1' build argument 'catkin_cmake_args' from command line to 'None'
[12.143s] Level 5:colcon.colcon_core.verb:set package 'navigation_core1' build argument 'catkin_skip_building_tests' from command line to 'False'
[12.143s] DEBUG:colcon.colcon_core.verb:Building package 'navigation_core1' with the following arguments: {'ament_cmake_args': None, 'build_base': '/home/rsl/pioneerbase_ws/src/build/navigation_core1', 'catkin_cmake_args': None, 'catkin_skip_building_tests': False, 'cmake_args': None, 'cmake_clean_cache': False, 'cmake_clean_first': False, 'cmake_force_configure': False, 'cmake_target': None, 'cmake_target_skip_unavailable': False, 'install_base': '/home/rsl/pioneerbase_ws/src/install/navigation_core1', 'merge_install': False, 'path': '/home/rsl/pioneerbase_ws/src/navigation_core1', 'symlink_install': False, 'test_result_base': None}
[12.166s] Level 5:colcon.colcon_core.verb:set package 'navigation_core2' build argument 'cmake_args' from command line to 'None'
[12.166s] Level 5:colcon.colcon_core.verb:set package 'navigation_core2' build argument 'cmake_target' from command line to 'None'
[12.166s] Level 5:colcon.colcon_core.verb:set package 'navigation_core2' build argument 'cmake_target_skip_unavailable' from command line to 'False'
[12.166s] Level 5:colcon.colcon_core.verb:set package 'navigation_core2' build argument 'cmake_clean_cache' from command line to 'False'
[12.166s] Level 5:colcon.colcon_core.verb:set package 'navigation_core2' build argument 'cmake_clean_first' from command line to 'False'
[12.166s] Level 5:colcon.colcon_core.verb:set package 'navigation_core2' build argument 'cmake_force_configure' from command line to 'False'
[12.166s] Level 5:colcon.colcon_core.verb:set package 'navigation_core2' build argument 'ament_cmake_args' from command line to 'None'
[12.166s] Level 5:colcon.colcon_core.verb:set package 'navigation_core2' build argument 'catkin_cmake_args' from command line to 'None'
[12.167s] Level 5:colcon.colcon_core.verb:set package 'navigation_core2' build argument 'catkin_skip_building_tests' from command line to 'False'
[12.167s] DEBUG:colcon.colcon_core.verb:Building package 'navigation_core2' with the following arguments: {'ament_cmake_args': None, 'build_base': '/home/rsl/pioneerbase_ws/src/build/navigation_core2', 'catkin_cmake_args': None, 'catkin_skip_building_tests': False, 'cmake_args': None, 'cmake_clean_cache': False, 'cmake_clean_first': False, 'cmake_force_configure': False, 'cmake_target': None, 'cmake_target_skip_unavailable': False, 'install_base': '/home/rsl/pioneerbase_ws/src/install/navigation_core2', 'merge_install': False, 'path': '/home/rsl/pioneerbase_ws/src/navigation_core2', 'symlink_install': False, 'test_result_base': None}
[12.190s] Level 5:colcon.colcon_core.verb:set package 'navigation_core3' build argument 'cmake_args' from command line to 'None'
[12.190s] Level 5:colcon.colcon_core.verb:set package 'navigation_core3' build argument 'cmake_target' from command line to 'None'
[12.190s] Level 5:colcon.colcon_core.verb:set package 'navigation_core3' build argument 'cmake_target_skip_unavailable' from command line to 'False'
[12.190s] Level 5:colcon.colcon_core.verb:set package 'navigation_core3' build argument 'cmake_clean_cache' from command line to 'False'
[12.190s] Level 5:colcon.colcon_core.verb:set package 'navigation_core3' build argument 'cmake_clean_first' from command line to 'False'
[12.190s] Level 5:colcon.colcon_core.verb:set package 'navigation_core3' build argument 'cmake_force_configure' from command line to 'False'
[12.190s] Level 5:colcon.colcon_core.verb:set package 'navigation_core3' build argument 'ament_cmake_args' from command line to 'None'
[12.190s] Level 5:colcon.colcon_core.verb:set package 'navigation_core3' build argument 'catkin_cmake_args' from command line to 'None'
[12.190s] Level 5:colcon.colcon_core.verb:set package 'navigation_core3' build argument 'catkin_skip_building_tests' from command line to 'False'
[12.190s] DEBUG:colcon.colcon_core.verb:Building package 'navigation_core3' with the following arguments: {'ament_cmake_args': None, 'build_base': '/home/rsl/pioneerbase_ws/src/build/navigation_core3', 'catkin_cmake_args': None, 'catkin_skip_building_tests': False, 'cmake_args': None, 'cmake_clean_cache': False, 'cmake_clean_first': False, 'cmake_force_configure': False, 'cmake_target': None, 'cmake_target_skip_unavailable': False, 'install_base': '/home/rsl/pioneerbase_ws/src/install/navigation_core3', 'merge_install': False, 'path': '/home/rsl/pioneerbase_ws/src/navigation_core3', 'symlink_install': False, 'test_result_base': None}
[12.213s] Level 5:colcon.colcon_core.verb:set package 'rover_teleop_joy' build argument 'cmake_args' from command line to 'None'
[12.213s] Level 5:colcon.colcon_core.verb:set package 'rover_teleop_joy' build argument 'cmake_target' from command line to 'None'
[12.214s] Level 5:colcon.colcon_core.verb:set package 'rover_teleop_joy' build argument 'cmake_target_skip_unavailable' from command line to 'False'
[12.214s] Level 5:colcon.colcon_core.verb:set package 'rover_teleop_joy' build argument 'cmake_clean_cache' from command line to 'False'
[12.214s] Level 5:colcon.colcon_core.verb:set package 'rover_teleop_joy' build argument 'cmake_clean_first' from command line to 'False'
[12.214s] Level 5:colcon.colcon_core.verb:set package 'rover_teleop_joy' build argument 'cmake_force_configure' from command line to 'False'
[12.214s] Level 5:colcon.colcon_core.verb:set package 'rover_teleop_joy' build argument 'ament_cmake_args' from command line to 'None'
[12.214s] Level 5:colcon.colcon_core.verb:set package 'rover_teleop_joy' build argument 'catkin_cmake_args' from command line to 'None'
[12.214s] Level 5:colcon.colcon_core.verb:set package 'rover_teleop_joy' build argument 'catkin_skip_building_tests' from command line to 'False'
[12.214s] DEBUG:colcon.colcon_core.verb:Building package 'rover_teleop_joy' with the following arguments: {'ament_cmake_args': None, 'build_base': '/home/rsl/pioneerbase_ws/src/build/rover_teleop_joy', 'catkin_cmake_args': None, 'catkin_skip_building_tests': False, 'cmake_args': None, 'cmake_clean_cache': False, 'cmake_clean_first': False, 'cmake_force_configure': False, 'cmake_target': None, 'cmake_target_skip_unavailable': False, 'install_base': '/home/rsl/pioneerbase_ws/src/install/rover_teleop_joy', 'merge_install': False, 'path': '/home/rsl/pioneerbase_ws/src/rover_teleop_joy', 'symlink_install': False, 'test_result_base': None}
[12.236s] INFO:colcon.colcon_core.executor:Executing jobs using 'parallel' executor
[12.261s] DEBUG:colcon.colcon_parallel_executor.executor.parallel:run_until_complete
[12.261s] INFO:colcon.colcon_ros.task.ament_python.build:Building ROS package in '/home/rsl/pioneerbase_ws/src/bs_launch' with build type 'ament_python'
[12.262s] Level 1:colcon.colcon_core.shell:create_environment_hook('bs_launch', 'ament_prefix_path')
[12.448s] INFO:colcon.colcon_core.plugin_system:Skipping extension 'colcon_core.shell.bat': Not used on non-Windows systems
[12.448s] INFO:colcon.colcon_core.shell:Creating environment hook '/home/rsl/pioneerbase_ws/src/install/bs_launch/share/bs_launch/hook/ament_prefix_path.ps1'
[12.507s] INFO:colcon.colcon_core.shell:Creating environment descriptor '/home/rsl/pioneerbase_ws/src/install/bs_launch/share/bs_launch/hook/ament_prefix_path.dsv'
[12.518s] INFO:colcon.colcon_core.shell:Creating environment hook '/home/rsl/pioneerbase_ws/src/install/bs_launch/share/bs_launch/hook/ament_prefix_path.sh'
[12.579s] INFO:colcon.colcon_core.shell:Skip shell extension 'powershell' for command environment: Not usable outside of PowerShell
[12.579s] DEBUG:colcon.colcon_core.shell:Skip shell extension 'dsv' for command environment
[12.659s] INFO:colcon.colcon_ros.task.ament_python.build:Building ROS package in '/home/rsl/pioneerbase_ws/src/gps_target_push' with build type 'ament_python'
[12.660s] Level 1:colcon.colcon_core.shell:create_environment_hook('gps_target_push', 'ament_prefix_path')
[12.694s] INFO:colcon.colcon_core.shell:Creating environment hook '/home/rsl/pioneerbase_ws/src/install/gps_target_push/share/gps_target_push/hook/ament_prefix_path.ps1'
[12.695s] INFO:colcon.colcon_core.shell:Creating environment descriptor '/home/rsl/pioneerbase_ws/src/install/gps_target_push/share/gps_target_push/hook/ament_prefix_path.dsv'
[12.696s] INFO:colcon.colcon_core.shell:Creating environment hook '/home/rsl/pioneerbase_ws/src/install/gps_target_push/share/gps_target_push/hook/ament_prefix_path.sh'
[12.723s] INFO:colcon.colcon_core.shell:Skip shell extension 'powershell' for command environment: Not usable outside of PowerShell
[12.723s] DEBUG:colcon.colcon_core.shell:Skip shell extension 'dsv' for command environment
[12.787s] INFO:colcon.colcon_ros.task.ament_python.build:Building ROS package in '/home/rsl/pioneerbase_ws/src/mode_select' with build type 'ament_python'
[12.787s] Level 1:colcon.colcon_core.shell:create_environment_hook('mode_select', 'ament_prefix_path')
[12.813s] INFO:colcon.colcon_core.shell:Creating environment hook '/home/rsl/pioneerbase_ws/src/install/mode_select/share/mode_select/hook/ament_prefix_path.ps1'
[12.814s] INFO:colcon.colcon_core.shell:Creating environment descriptor '/home/rsl/pioneerbase_ws/src/install/mode_select/share/mode_select/hook/ament_prefix_path.dsv'
[12.814s] INFO:colcon.colcon_core.shell:Creating environment hook '/home/rsl/pioneerbase_ws/src/install/mode_select/share/mode_select/hook/ament_prefix_path.sh'
[12.838s] INFO:colcon.colcon_core.shell:Skip shell extension 'powershell' for command environment: Not usable outside of PowerShell
[12.838s] DEBUG:colcon.colcon_core.shell:Skip shell extension 'dsv' for command environment
[12.889s] INFO:colcon.colcon_ros.task.ament_python.build:Building ROS package in '/home/rsl/pioneerbase_ws/src/navigation_core1' with build type 'ament_python'
[12.889s] Level 1:colcon.colcon_core.shell:create_environment_hook('navigation_core1', 'ament_prefix_path')
[12.916s] INFO:colcon.colcon_core.shell:Creating environment hook '/home/rsl/pioneerbase_ws/src/install/navigation_core1/share/navigation_core1/hook/ament_prefix_path.ps1'
[12.917s] INFO:colcon.colcon_core.shell:Creating environment descriptor '/home/rsl/pioneerbase_ws/src/install/navigation_core1/share/navigation_core1/hook/ament_prefix_path.dsv'
[12.917s] INFO:colcon.colcon_core.shell:Creating environment hook '/home/rsl/pioneerbase_ws/src/install/navigation_core1/share/navigation_core1/hook/ament_prefix_path.sh'
[12.942s] INFO:colcon.colcon_core.shell:Skip shell extension 'powershell' for command environment: Not usable outside of PowerShell
[12.942s] DEBUG:colcon.colcon_core.shell:Skip shell extension 'dsv' for command environment
[13.452s] INFO:colcon.colcon_core.task.python.build:Building Python package in '/home/rsl/pioneerbase_ws/src/bs_launch'
[13.479s] INFO:colcon.colcon_core.shell:Skip shell extension 'powershell' for command environment: Not usable outside of PowerShell
[13.479s] DEBUG:colcon.colcon_core.shell:Skip shell extension 'dsv' for command environment
[13.909s] INFO:colcon.colcon_core.task.python.build:Building Python package in '/home/rsl/pioneerbase_ws/src/gps_target_push'
[13.935s] INFO:colcon.colcon_core.shell:Skip shell extension 'powershell' for command environment: Not usable outside of PowerShell
[13.936s] DEBUG:colcon.colcon_core.shell:Skip shell extension 'dsv' for command environment
[14.379s] INFO:colcon.colcon_core.task.python.build:Building Python package in '/home/rsl/pioneerbase_ws/src/mode_select'
[14.411s] INFO:colcon.colcon_core.shell:Skip shell extension 'powershell' for command environment: Not usable outside of PowerShell
[14.411s] DEBUG:colcon.colcon_core.shell:Skip shell extension 'dsv' for command environment
[14.846s] INFO:colcon.colcon_core.task.python.build:Building Python package in '/home/rsl/pioneerbase_ws/src/navigation_core1'
[14.884s] INFO:colcon.colcon_core.shell:Skip shell extension 'powershell' for command environment: Not usable outside of PowerShell
[14.884s] DEBUG:colcon.colcon_core.shell:Skip shell extension 'dsv' for command environment
[16.736s] DEBUG:colcon.colcon_core.event_handler.log_command:Invoking command in '/home/rsl/pioneerbase_ws/src/mode_select': PYTHONPATH=/home/rsl/pioneerbase_ws/src/build/mode_select/prefix_override:/home/rsl/pioneerbase_ws/src/install/mode_select/lib/python3.10/site-packages:${PYTHONPATH} /usr/bin/python3 setup.py egg_info --egg-base ../build/mode_select build --build-base /home/rsl/pioneerbase_ws/src/build/mode_select/build install --record /home/rsl/pioneerbase_ws/src/build/mode_select/install.log --single-version-externally-managed
[16.740s] DEBUG:colcon.colcon_core.event_handler.log_command:Invoking command in '/home/rsl/pioneerbase_ws/src/gps_target_push': PYTHONPATH=/home/rsl/pioneerbase_ws/src/build/gps_target_push/prefix_override:/home/rsl/pioneerbase_ws/src/install/gps_target_push/lib/python3.10/site-packages:${PYTHONPATH} /usr/bin/python3 setup.py egg_info --egg-base ../build/gps_target_push build --build-base /home/rsl/pioneerbase_ws/src/build/gps_target_push/build install --record /home/rsl/pioneerbase_ws/src/build/gps_target_push/install.log --single-version-externally-managed
[16.745s] DEBUG:colcon.colcon_core.event_handler.log_command:Invoking command in '/home/rsl/pioneerbase_ws/src/bs_launch': PYTHONPATH=/home/rsl/pioneerbase_ws/src/build/bs_launch/prefix_override:/home/rsl/pioneerbase_ws/src/install/bs_launch/lib/python3.10/site-packages:${PYTHONPATH} /usr/bin/python3 setup.py egg_info --egg-base ../build/bs_launch build --build-base /home/rsl/pioneerbase_ws/src/build/bs_launch/build install --record /home/rsl/pioneerbase_ws/src/build/bs_launch/install.log --single-version-externally-managed
[16.746s] DEBUG:colcon.colcon_core.event_handler.log_command:Invoking command in '/home/rsl/pioneerbase_ws/src/navigation_core1': PYTHONPATH=/home/rsl/pioneerbase_ws/src/build/navigation_core1/prefix_override:/home/rsl/pioneerbase_ws/src/install/navigation_core1/lib/python3.10/site-packages:${PYTHONPATH} /usr/bin/python3 setup.py egg_info --egg-base ../build/navigation_core1 build --build-base /home/rsl/pioneerbase_ws/src/build/navigation_core1/build install --record /home/rsl/pioneerbase_ws/src/build/navigation_core1/install.log --single-version-externally-managed
[18.579s] DEBUG:colcon.colcon_core.event_handler.log_command:Invoked command in '/home/rsl/pioneerbase_ws/src/mode_select' returned '0': PYTHONPATH=/home/rsl/pioneerbase_ws/src/build/mode_select/prefix_override:/home/rsl/pioneerbase_ws/src/install/mode_select/lib/python3.10/site-packages:${PYTHONPATH} /usr/bin/python3 setup.py egg_info --egg-base ../build/mode_select build --build-base /home/rsl/pioneerbase_ws/src/build/mode_select/build install --record /home/rsl/pioneerbase_ws/src/build/mode_select/install.log --single-version-externally-managed
[18.846s] Level 1:colcon.colcon_core.environment:checking '/home/rsl/pioneerbase_ws/src/install/mode_select' for CMake module files
[18.848s] Level 1:colcon.colcon_core.environment:checking '/home/rsl/pioneerbase_ws/src/install/mode_select' for CMake config files
[18.850s] Level 1:colcon.colcon_core.environment:checking '/home/rsl/pioneerbase_ws/src/install/mode_select/lib'
[18.850s] Level 1:colcon.colcon_core.environment:checking '/home/rsl/pioneerbase_ws/src/install/mode_select/bin'
[18.851s] Level 1:colcon.colcon_core.environment:checking '/home/rsl/pioneerbase_ws/src/install/mode_select/lib/pkgconfig/mode_select.pc'
[18.851s] Level 1:colcon.colcon_core.environment:checking '/home/rsl/pioneerbase_ws/src/install/mode_select/lib/python3.10/site-packages'
[18.852s] Level 1:colcon.colcon_core.shell:create_environment_hook('mode_select', 'pythonpath')
[18.910s] INFO:colcon.colcon_core.shell:Creating environment hook '/home/rsl/pioneerbase_ws/src/install/mode_select/share/mode_select/hook/pythonpath.ps1'
[18.911s] INFO:colcon.colcon_core.shell:Creating environment descriptor '/home/rsl/pioneerbase_ws/src/install/mode_select/share/mode_select/hook/pythonpath.dsv'
[18.912s] INFO:colcon.colcon_core.shell:Creating environment hook '/home/rsl/pioneerbase_ws/src/install/mode_select/share/mode_select/hook/pythonpath.sh'
[18.913s] Level 1:colcon.colcon_core.environment:checking '/home/rsl/pioneerbase_ws/src/install/mode_select/bin'
[18.913s] Level 1:colcon.colcon_core.environment:create_environment_scripts_only(mode_select)
[18.947s] INFO:colcon.colcon_core.shell:Creating package script '/home/rsl/pioneerbase_ws/src/install/mode_select/share/mode_select/package.ps1'
[18.960s] INFO:colcon.colcon_core.shell:Creating package descriptor '/home/rsl/pioneerbase_ws/src/install/mode_select/share/mode_select/package.dsv'
[18.991s] INFO:colcon.colcon_core.shell:Creating package script '/home/rsl/pioneerbase_ws/src/install/mode_select/share/mode_select/package.sh'
[18.994s] INFO:colcon.colcon_core.shell:Creating package script '/home/rsl/pioneerbase_ws/src/install/mode_select/share/mode_select/package.bash'
[19.034s] INFO:colcon.colcon_core.shell:Creating package script '/home/rsl/pioneerbase_ws/src/install/mode_select/share/mode_select/package.zsh'
[19.081s] Level 1:colcon.colcon_core.environment:create_file_with_runtime_dependencies(/home/rsl/pioneerbase_ws/src/install/mode_select/share/colcon-core/packages/mode_select)
[19.083s] INFO:colcon.colcon_ros.task.ament_python.build:Building ROS package in '/home/rsl/pioneerbase_ws/src/navigation_core2' with build type 'ament_python'
[19.084s] Level 1:colcon.colcon_core.shell:create_environment_hook('navigation_core2', 'ament_prefix_path')
[19.142s] INFO:colcon.colcon_core.shell:Creating environment hook '/home/rsl/pioneerbase_ws/src/install/navigation_core2/share/navigation_core2/hook/ament_prefix_path.ps1'
[19.143s] INFO:colcon.colcon_core.shell:Creating environment descriptor '/home/rsl/pioneerbase_ws/src/install/navigation_core2/share/navigation_core2/hook/ament_prefix_path.dsv'
[19.144s] INFO:colcon.colcon_core.shell:Creating environment hook '/home/rsl/pioneerbase_ws/src/install/navigation_core2/share/navigation_core2/hook/ament_prefix_path.sh'
[19.176s] INFO:colcon.colcon_core.shell:Skip shell extension 'powershell' for command environment: Not usable outside of PowerShell
[19.176s] DEBUG:colcon.colcon_core.shell:Skip shell extension 'dsv' for command environment
[19.238s] DEBUG:colcon.colcon_core.event_handler.log_command:Invoked command in '/home/rsl/pioneerbase_ws/src/bs_launch' returned '0': PYTHONPATH=/home/rsl/pioneerbase_ws/src/build/bs_launch/prefix_override:/home/rsl/pioneerbase_ws/src/install/bs_launch/lib/python3.10/site-packages:${PYTHONPATH} /usr/bin/python3 setup.py egg_info --egg-base ../build/bs_launch build --build-base /home/rsl/pioneerbase_ws/src/build/bs_launch/build install --record /home/rsl/pioneerbase_ws/src/build/bs_launch/install.log --single-version-externally-managed
[19.261s] Level 1:colcon.colcon_core.environment:checking '/home/rsl/pioneerbase_ws/src/install/bs_launch' for CMake module files
[19.262s] Level 1:colcon.colcon_core.environment:checking '/home/rsl/pioneerbase_ws/src/install/bs_launch' for CMake config files
[19.263s] Level 1:colcon.colcon_core.environment:checking '/home/rsl/pioneerbase_ws/src/install/bs_launch/lib'
[19.263s] Level 1:colcon.colcon_core.environment:checking '/home/rsl/pioneerbase_ws/src/install/bs_launch/bin'
[19.263s] Level 1:colcon.colcon_core.environment:checking '/home/rsl/pioneerbase_ws/src/install/bs_launch/lib/pkgconfig/bs_launch.pc'
[19.263s] Level 1:colcon.colcon_core.environment:checking '/home/rsl/pioneerbase_ws/src/install/bs_launch/lib/python3.10/site-packages'
[19.263s] Level 1:colcon.colcon_core.shell:create_environment_hook('bs_launch', 'pythonpath')
[19.295s] INFO:colcon.colcon_core.shell:Creating environment hook '/home/rsl/pioneerbase_ws/src/install/bs_launch/share/bs_launch/hook/pythonpath.ps1'
[19.296s] INFO:colcon.colcon_core.shell:Creating environment descriptor '/home/rsl/pioneerbase_ws/src/install/bs_launch/share/bs_launch/hook/pythonpath.dsv'
[19.296s] INFO:colcon.colcon_core.shell:Creating environment hook '/home/rsl/pioneerbase_ws/src/install/bs_launch/share/bs_launch/hook/pythonpath.sh'
[19.297s] Level 1:colcon.colcon_core.environment:checking '/home/rsl/pioneerbase_ws/src/install/bs_launch/bin'
[19.297s] Level 1:colcon.colcon_core.environment:create_environment_scripts_only(bs_launch)
[19.322s] INFO:colcon.colcon_core.shell:Creating package script '/home/rsl/pioneerbase_ws/src/install/bs_launch/share/bs_launch/package.ps1'
[19.322s] INFO:colcon.colcon_core.shell:Creating package descriptor '/home/rsl/pioneerbase_ws/src/install/bs_launch/share/bs_launch/package.dsv'
[19.323s] INFO:colcon.colcon_core.shell:Creating package script '/home/rsl/pioneerbase_ws/src/install/bs_launch/share/bs_launch/package.sh'
[19.324s] INFO:colcon.colcon_core.shell:Creating package script '/home/rsl/pioneerbase_ws/src/install/bs_launch/share/bs_launch/package.bash'
[19.324s] INFO:colcon.colcon_core.shell:Creating package script '/home/rsl/pioneerbase_ws/src/install/bs_launch/share/bs_launch/package.zsh'
[19.324s] Level 1:colcon.colcon_core.environment:create_file_with_runtime_dependencies(/home/rsl/pioneerbase_ws/src/install/bs_launch/share/colcon-core/packages/bs_launch)
[19.328s] DEBUG:colcon.colcon_core.event_handler.log_command:Invoked command in '/home/rsl/pioneerbase_ws/src/gps_target_push' returned '0': PYTHONPATH=/home/rsl/pioneerbase_ws/src/build/gps_target_push/prefix_override:/home/rsl/pioneerbase_ws/src/install/gps_target_push/lib/python3.10/site-packages:${PYTHONPATH} /usr/bin/python3 setup.py egg_info --egg-base ../build/gps_target_push build --build-base /home/rsl/pioneerbase_ws/src/build/gps_target_push/build install --record /home/rsl/pioneerbase_ws/src/build/gps_target_push/install.log --single-version-externally-managed
[19.353s] Level 1:colcon.colcon_core.environment:checking '/home/rsl/pioneerbase_ws/src/install/gps_target_push' for CMake module files
[19.353s] Level 1:colcon.colcon_core.environment:checking '/home/rsl/pioneerbase_ws/src/install/gps_target_push' for CMake config files
[19.354s] Level 1:colcon.colcon_core.environment:checking '/home/rsl/pioneerbase_ws/src/install/gps_target_push/lib'
[19.354s] Level 1:colcon.colcon_core.environment:checking '/home/rsl/pioneerbase_ws/src/install/gps_target_push/bin'
[19.354s] Level 1:colcon.colcon_core.environment:checking '/home/rsl/pioneerbase_ws/src/install/gps_target_push/lib/pkgconfig/gps_target_push.pc'
[19.354s] Level 1:colcon.colcon_core.environment:checking '/home/rsl/pioneerbase_ws/src/install/gps_target_push/lib/python3.10/site-packages'
[19.354s] Level 1:colcon.colcon_core.shell:create_environment_hook('gps_target_push', 'pythonpath')
[19.379s] INFO:colcon.colcon_core.shell:Creating environment hook '/home/rsl/pioneerbase_ws/src/install/gps_target_push/share/gps_target_push/hook/pythonpath.ps1'
[19.379s] INFO:colcon.colcon_core.shell:Creating environment descriptor '/home/rsl/pioneerbase_ws/src/install/gps_target_push/share/gps_target_push/hook/pythonpath.dsv'
[19.380s] INFO:colcon.colcon_core.shell:Creating environment hook '/home/rsl/pioneerbase_ws/src/install/gps_target_push/share/gps_target_push/hook/pythonpath.sh'
[19.380s] Level 1:colcon.colcon_core.environment:checking '/home/rsl/pioneerbase_ws/src/install/gps_target_push/bin'
[19.381s] Level 1:colcon.colcon_core.environment:create_environment_scripts_only(gps_target_push)
[19.407s] INFO:colcon.colcon_core.shell:Creating package script '/home/rsl/pioneerbase_ws/src/install/gps_target_push/share/gps_target_push/package.ps1'
[19.407s] INFO:colcon.colcon_core.shell:Creating package descriptor '/home/rsl/pioneerbase_ws/src/install/gps_target_push/share/gps_target_push/package.dsv'
[19.408s] INFO:colcon.colcon_core.shell:Creating package script '/home/rsl/pioneerbase_ws/src/install/gps_target_push/share/gps_target_push/package.sh'
[19.408s] INFO:colcon.colcon_core.shell:Creating package script '/home/rsl/pioneerbase_ws/src/install/gps_target_push/share/gps_target_push/package.bash'
[19.409s] INFO:colcon.colcon_core.shell:Creating package script '/home/rsl/pioneerbase_ws/src/install/gps_target_push/share/gps_target_push/package.zsh'
[19.409s] Level 1:colcon.colcon_core.environment:create_file_with_runtime_dependencies(/home/rsl/pioneerbase_ws/src/install/gps_target_push/share/colcon-core/packages/gps_target_push)
[19.410s] INFO:colcon.colcon_ros.task.ament_python.build:Building ROS package in '/home/rsl/pioneerbase_ws/src/navigation_core3' with build type 'ament_python'
[19.410s] Level 1:colcon.colcon_core.shell:create_environment_hook('navigation_core3', 'ament_prefix_path')
[19.438s] INFO:colcon.colcon_core.shell:Creating environment hook '/home/rsl/pioneerbase_ws/src/install/navigation_core3/share/navigation_core3/hook/ament_prefix_path.ps1'
[19.438s] INFO:colcon.colcon_core.shell:Creating environment descriptor '/home/rsl/pioneerbase_ws/src/install/navigation_core3/share/navigation_core3/hook/ament_prefix_path.dsv'
[19.439s] INFO:colcon.colcon_core.shell:Creating environment hook '/home/rsl/pioneerbase_ws/src/install/navigation_core3/share/navigation_core3/hook/ament_prefix_path.sh'
[19.463s] INFO:colcon.colcon_core.shell:Skip shell extension 'powershell' for command environment: Not usable outside of PowerShell
[19.464s] DEBUG:colcon.colcon_core.shell:Skip shell extension 'dsv' for command environment
[19.517s] INFO:colcon.colcon_ros.task.ament_python.build:Building ROS package in '/home/rsl/pioneerbase_ws/src/rover_teleop_joy' with build type 'ament_python'
[19.518s] Level 1:colcon.colcon_core.shell:create_environment_hook('rover_teleop_joy', 'ament_prefix_path')
[19.542s] INFO:colcon.colcon_core.shell:Creating environment hook '/home/rsl/pioneerbase_ws/src/install/rover_teleop_joy/share/rover_teleop_joy/hook/ament_prefix_path.ps1'
[19.543s] INFO:colcon.colcon_core.shell:Creating environment descriptor '/home/rsl/pioneerbase_ws/src/install/rover_teleop_joy/share/rover_teleop_joy/hook/ament_prefix_path.dsv'
[19.544s] INFO:colcon.colcon_core.shell:Creating environment hook '/home/rsl/pioneerbase_ws/src/install/rover_teleop_joy/share/rover_teleop_joy/hook/ament_prefix_path.sh'
[19.567s] INFO:colcon.colcon_core.shell:Skip shell extension 'powershell' for command environment: Not usable outside of PowerShell
[19.567s] DEBUG:colcon.colcon_core.shell:Skip shell extension 'dsv' for command environment
[19.621s] DEBUG:colcon.colcon_core.event_handler.log_command:Invoked command in '/home/rsl/pioneerbase_ws/src/navigation_core1' returned '0': PYTHONPATH=/home/rsl/pioneerbase_ws/src/build/navigation_core1/prefix_override:/home/rsl/pioneerbase_ws/src/install/navigation_core1/lib/python3.10/site-packages:${PYTHONPATH} /usr/bin/python3 setup.py egg_info --egg-base ../build/navigation_core1 build --build-base /home/rsl/pioneerbase_ws/src/build/navigation_core1/build install --record /home/rsl/pioneerbase_ws/src/build/navigation_core1/install.log --single-version-externally-managed
[19.645s] Level 1:colcon.colcon_core.environment:checking '/home/rsl/pioneerbase_ws/src/install/navigation_core1' for CMake module files
[19.645s] Level 1:colcon.colcon_core.environment:checking '/home/rsl/pioneerbase_ws/src/install/navigation_core1' for CMake config files
[19.646s] Level 1:colcon.colcon_core.environment:checking '/home/rsl/pioneerbase_ws/src/install/navigation_core1/lib'
[19.646s] Level 1:colcon.colcon_core.environment:checking '/home/rsl/pioneerbase_ws/src/install/navigation_core1/bin'
[19.646s] Level 1:colcon.colcon_core.environment:checking '/home/rsl/pioneerbase_ws/src/install/navigation_core1/lib/pkgconfig/navigation_core1.pc'
[19.647s] Level 1:colcon.colcon_core.environment:checking '/home/rsl/pioneerbase_ws/src/install/navigation_core1/lib/python3.10/site-packages'
[19.647s] Level 1:colcon.colcon_core.shell:create_environment_hook('navigation_core1', 'pythonpath')
[19.670s] INFO:colcon.colcon_core.shell:Creating environment hook '/home/rsl/pioneerbase_ws/src/install/navigation_core1/share/navigation_core1/hook/pythonpath.ps1'
[19.670s] INFO:colcon.colcon_core.shell:Creating environment descriptor '/home/rsl/pioneerbase_ws/src/install/navigation_core1/share/navigation_core1/hook/pythonpath.dsv'
[19.671s] INFO:colcon.colcon_core.shell:Creating environment hook '/home/rsl/pioneerbase_ws/src/install/navigation_core1/share/navigation_core1/hook/pythonpath.sh'
[19.672s] Level 1:colcon.colcon_core.environment:checking '/home/rsl/pioneerbase_ws/src/install/navigation_core1/bin'
[19.672s] Level 1:colcon.colcon_core.environment:create_environment_scripts_only(navigation_core1)
[19.696s] INFO:colcon.colcon_core.shell:Creating package script '/home/rsl/pioneerbase_ws/src/install/navigation_core1/share/navigation_core1/package.ps1'
[19.697s] INFO:colcon.colcon_core.shell:Creating package descriptor '/home/rsl/pioneerbase_ws/src/install/navigation_core1/share/navigation_core1/package.dsv'
[19.697s] INFO:colcon.colcon_core.shell:Creating package script '/home/rsl/pioneerbase_ws/src/install/navigation_core1/share/navigation_core1/package.sh'
[19.698s] INFO:colcon.colcon_core.shell:Creating package script '/home/rsl/pioneerbase_ws/src/install/navigation_core1/share/navigation_core1/package.bash'
[19.698s] INFO:colcon.colcon_core.shell:Creating package script '/home/rsl/pioneerbase_ws/src/install/navigation_core1/share/navigation_core1/package.zsh'
[19.698s] Level 1:colcon.colcon_core.environment:create_file_with_runtime_dependencies(/home/rsl/pioneerbase_ws/src/install/navigation_core1/share/colcon-core/packages/navigation_core1)
[20.084s] INFO:colcon.colcon_core.task.python.build:Building Python package in '/home/rsl/pioneerbase_ws/src/navigation_core2'
[20.109s] INFO:colcon.colcon_core.shell:Skip shell extension 'powershell' for command environment: Not usable outside of PowerShell
[20.109s] DEBUG:colcon.colcon_core.shell:Skip shell extension 'dsv' for command environment
[20.536s] INFO:colcon.colcon_core.task.python.build:Building Python package in '/home/rsl/pioneerbase_ws/src/navigation_core3'
[20.566s] INFO:colcon.colcon_core.shell:Skip shell extension 'powershell' for command environment: Not usable outside of PowerShell
[20.566s] DEBUG:colcon.colcon_core.shell:Skip shell extension 'dsv' for command environment
[21.006s] INFO:colcon.colcon_core.task.python.build:Building Python package in '/home/rsl/pioneerbase_ws/src/rover_teleop_joy'
[21.038s] INFO:colcon.colcon_core.shell:Skip shell extension 'powershell' for command environment: Not usable outside of PowerShell
[21.038s] DEBUG:colcon.colcon_core.shell:Skip shell extension 'dsv' for command environment
[21.631s] DEBUG:colcon.colcon_core.event_handler.log_command:Invoking command in '/home/rsl/pioneerbase_ws/src/rover_teleop_joy': PYTHONPATH=/home/rsl/pioneerbase_ws/src/build/rover_teleop_joy/prefix_override:/home/rsl/pioneerbase_ws/src/install/rover_teleop_joy/lib/python3.10/site-packages:${PYTHONPATH} /usr/bin/python3 setup.py egg_info --egg-base ../build/rover_teleop_joy build --build-base /home/rsl/pioneerbase_ws/src/build/rover_teleop_joy/build install --record /home/rsl/pioneerbase_ws/src/build/rover_teleop_joy/install.log --single-version-externally-managed
[21.933s] DEBUG:colcon.colcon_core.event_handler.log_command:Invoking command in '/home/rsl/pioneerbase_ws/src/navigation_core2': PYTHONPATH=/home/rsl/pioneerbase_ws/src/build/navigation_core2/prefix_override:/home/rsl/pioneerbase_ws/src/install/navigation_core2/lib/python3.10/site-packages:${PYTHONPATH} /usr/bin/python3 setup.py egg_info --egg-base ../build/navigation_core2 build --build-base /home/rsl/pioneerbase_ws/src/build/navigation_core2/build install --record /home/rsl/pioneerbase_ws/src/build/navigation_core2/install.log --single-version-externally-managed
[21.934s] DEBUG:colcon.colcon_core.event_handler.log_command:Invoking command in '/home/rsl/pioneerbase_ws/src/navigation_core3': PYTHONPATH=/home/rsl/pioneerbase_ws/src/build/navigation_core3/prefix_override:/home/rsl/pioneerbase_ws/src/install/navigation_core3/lib/python3.10/site-packages:${PYTHONPATH} /usr/bin/python3 setup.py egg_info --egg-base ../build/navigation_core3 build --build-base /home/rsl/pioneerbase_ws/src/build/navigation_core3/build install --record /home/rsl/pioneerbase_ws/src/build/navigation_core3/install.log --single-version-externally-managed
[22.144s] DEBUG:colcon.colcon_core.event_handler.log_command:Invoked command in '/home/rsl/pioneerbase_ws/src/rover_teleop_joy' returned '0': PYTHONPATH=/home/rsl/pioneerbase_ws/src/build/rover_teleop_joy/prefix_override:/home/rsl/pioneerbase_ws/src/install/rover_teleop_joy/lib/python3.10/site-packages:${PYTHONPATH} /usr/bin/python3 setup.py egg_info --egg-base ../build/rover_teleop_joy build --build-base /home/rsl/pioneerbase_ws/src/build/rover_teleop_joy/build install --record /home/rsl/pioneerbase_ws/src/build/rover_teleop_joy/install.log --single-version-externally-managed
[22.170s] Level 1:colcon.colcon_core.environment:checking '/home/rsl/pioneerbase_ws/src/install/rover_teleop_joy' for CMake module files
[22.170s] Level 1:colcon.colcon_core.environment:checking '/home/rsl/pioneerbase_ws/src/install/rover_teleop_joy' for CMake config files
[22.171s] Level 1:colcon.colcon_core.environment:checking '/home/rsl/pioneerbase_ws/src/install/rover_teleop_joy/lib'
[22.171s] Level 1:colcon.colcon_core.environment:checking '/home/rsl/pioneerbase_ws/src/install/rover_teleop_joy/bin'
[22.171s] Level 1:colcon.colcon_core.environment:checking '/home/rsl/pioneerbase_ws/src/install/rover_teleop_joy/lib/pkgconfig/rover_teleop_joy.pc'
[22.171s] Level 1:colcon.colcon_core.environment:checking '/home/rsl/pioneerbase_ws/src/install/rover_teleop_joy/lib/python3.10/site-packages'
[22.172s] Level 1:colcon.colcon_core.shell:create_environment_hook('rover_teleop_joy', 'pythonpath')
[22.197s] INFO:colcon.colcon_core.shell:Creating environment hook '/home/rsl/pioneerbase_ws/src/install/rover_teleop_joy/share/rover_teleop_joy/hook/pythonpath.ps1'
[22.198s] INFO:colcon.colcon_core.shell:Creating environment descriptor '/home/rsl/pioneerbase_ws/src/install/rover_teleop_joy/share/rover_teleop_joy/hook/pythonpath.dsv'
[22.198s] INFO:colcon.colcon_core.shell:Creating environment hook '/home/rsl/pioneerbase_ws/src/install/rover_teleop_joy/share/rover_teleop_joy/hook/pythonpath.sh'
[22.199s] Level 1:colcon.colcon_core.environment:checking '/home/rsl/pioneerbase_ws/src/install/rover_teleop_joy/bin'
[22.199s] Level 1:colcon.colcon_core.environment:create_environment_scripts_only(rover_teleop_joy)
[22.227s] INFO:colcon.colcon_core.shell:Creating package script '/home/rsl/pioneerbase_ws/src/install/rover_teleop_joy/share/rover_teleop_joy/package.ps1'
[22.228s] INFO:colcon.colcon_core.shell:Creating package descriptor '/home/rsl/pioneerbase_ws/src/install/rover_teleop_joy/share/rover_teleop_joy/package.dsv'
[22.228s] INFO:colcon.colcon_core.shell:Creating package script '/home/rsl/pioneerbase_ws/src/install/rover_teleop_joy/share/rover_teleop_joy/package.sh'
[22.229s] INFO:colcon.colcon_core.shell:Creating package script '/home/rsl/pioneerbase_ws/src/install/rover_teleop_joy/share/rover_teleop_joy/package.bash'
[22.229s] INFO:colcon.colcon_core.shell:Creating package script '/home/rsl/pioneerbase_ws/src/install/rover_teleop_joy/share/rover_teleop_joy/package.zsh'
[22.230s] Level 1:colcon.colcon_core.environment:create_file_with_runtime_dependencies(/home/rsl/pioneerbase_ws/src/install/rover_teleop_joy/share/colcon-core/packages/rover_teleop_joy)
[22.704s] DEBUG:colcon.colcon_core.event_handler.log_command:Invoked command in '/home/rsl/pioneerbase_ws/src/navigation_core2' returned '0': PYTHONPATH=/home/rsl/pioneerbase_ws/src/build/navigation_core2/prefix_override:/home/rsl/pioneerbase_ws/src/install/navigation_core2/lib/python3.10/site-packages:${PYTHONPATH} /usr/bin/python3 setup.py egg_info --egg-base ../build/navigation_core2 build --build-base /home/rsl/pioneerbase_ws/src/build/navigation_core2/build install --record /home/rsl/pioneerbase_ws/src/build/navigation_core2/install.log --single-version-externally-managed
[22.729s] Level 1:colcon.colcon_core.environment:checking '/home/rsl/pioneerbase_ws/src/install/navigation_core2' for CMake module files
[22.730s] Level 1:colcon.colcon_core.environment:checking '/home/rsl/pioneerbase_ws/src/install/navigation_core2' for CMake config files
[22.731s] Level 1:colcon.colcon_core.environment:checking '/home/rsl/pioneerbase_ws/src/install/navigation_core2/lib'
[22.731s] Level 1:colcon.colcon_core.environment:checking '/home/rsl/pioneerbase_ws/src/install/navigation_core2/bin'
[22.731s] Level 1:colcon.colcon_core.environment:checking '/home/rsl/pioneerbase_ws/src/install/navigation_core2/lib/pkgconfig/navigation_core2.pc'
[22.731s] Level 1:colcon.colcon_core.environment:checking '/home/rsl/pioneerbase_ws/src/install/navigation_core2/lib/python3.10/site-packages'
[22.731s] Level 1:colcon.colcon_core.shell:create_environment_hook('navigation_core2', 'pythonpath')
[22.755s] INFO:colcon.colcon_core.shell:Creating environment hook '/home/rsl/pioneerbase_ws/src/install/navigation_core2/share/navigation_core2/hook/pythonpath.ps1'
[22.755s] INFO:colcon.colcon_core.shell:Creating environment descriptor '/home/rsl/pioneerbase_ws/src/install/navigation_core2/share/navigation_core2/hook/pythonpath.dsv'
[22.756s] INFO:colcon.colcon_core.shell:Creating environment hook '/home/rsl/pioneerbase_ws/src/install/navigation_core2/share/navigation_core2/hook/pythonpath.sh'
[22.756s] Level 1:colcon.colcon_core.environment:checking '/home/rsl/pioneerbase_ws/src/install/navigation_core2/bin'
[22.756s] Level 1:colcon.colcon_core.environment:create_environment_scripts_only(navigation_core2)
[22.780s] INFO:colcon.colcon_core.shell:Creating package script '/home/rsl/pioneerbase_ws/src/install/navigation_core2/share/navigation_core2/package.ps1'
[22.780s] INFO:colcon.colcon_core.shell:Creating package descriptor '/home/rsl/pioneerbase_ws/src/install/navigation_core2/share/navigation_core2/package.dsv'
[22.781s] INFO:colcon.colcon_core.shell:Creating package script '/home/rsl/pioneerbase_ws/src/install/navigation_core2/share/navigation_core2/package.sh'
[22.781s] INFO:colcon.colcon_core.shell:Creating package script '/home/rsl/pioneerbase_ws/src/install/navigation_core2/share/navigation_core2/package.bash'
[22.782s] INFO:colcon.colcon_core.shell:Creating package script '/home/rsl/pioneerbase_ws/src/install/navigation_core2/share/navigation_core2/package.zsh'
[22.782s] Level 1:colcon.colcon_core.environment:create_file_with_runtime_dependencies(/home/rsl/pioneerbase_ws/src/install/navigation_core2/share/colcon-core/packages/navigation_core2)
[22.785s] DEBUG:colcon.colcon_core.event_handler.log_command:Invoked command in '/home/rsl/pioneerbase_ws/src/navigation_core3' returned '0': PYTHONPATH=/home/rsl/pioneerbase_ws/src/build/navigation_core3/prefix_override:/home/rsl/pioneerbase_ws/src/install/navigation_core3/lib/python3.10/site-packages:${PYTHONPATH} /usr/bin/python3 setup.py egg_info --egg-base ../build/navigation_core3 build --build-base /home/rsl/pioneerbase_ws/src/build/navigation_core3/build install --record /home/rsl/pioneerbase_ws/src/build/navigation_core3/install.log --single-version-externally-managed
[22.810s] Level 1:colcon.colcon_core.environment:checking '/home/rsl/pioneerbase_ws/src/install/navigation_core3' for CMake module files
[22.810s] Level 1:colcon.colcon_core.environment:checking '/home/rsl/pioneerbase_ws/src/install/navigation_core3' for CMake config files
[22.811s] Level 1:colcon.colcon_core.environment:checking '/home/rsl/pioneerbase_ws/src/install/navigation_core3/lib'
[22.811s] Level 1:colcon.colcon_core.environment:checking '/home/rsl/pioneerbase_ws/src/install/navigation_core3/bin'
[22.811s] Level 1:colcon.colcon_core.environment:checking '/home/rsl/pioneerbase_ws/src/install/navigation_core3/lib/pkgconfig/navigation_core3.pc'
[22.812s] Level 1:colcon.colcon_core.environment:checking '/home/rsl/pioneerbase_ws/src/install/navigation_core3/lib/python3.10/site-packages'
[22.812s] Level 1:colcon.colcon_core.shell:create_environment_hook('navigation_core3', 'pythonpath')
[22.838s] INFO:colcon.colcon_core.shell:Creating environment hook '/home/rsl/pioneerbase_ws/src/install/navigation_core3/share/navigation_core3/hook/pythonpath.ps1'
[22.839s] INFO:colcon.colcon_core.shell:Creating environment descriptor '/home/rsl/pioneerbase_ws/src/install/navigation_core3/share/navigation_core3/hook/pythonpath.dsv'
[22.839s] INFO:colcon.colcon_core.shell:Creating environment hook '/home/rsl/pioneerbase_ws/src/install/navigation_core3/share/navigation_core3/hook/pythonpath.sh'
[22.840s] Level 1:colcon.colcon_core.environment:checking '/home/rsl/pioneerbase_ws/src/install/navigation_core3/bin'
[22.840s] Level 1:colcon.colcon_core.environment:create_environment_scripts_only(navigation_core3)
[22.863s] INFO:colcon.colcon_core.shell:Creating package script '/home/rsl/pioneerbase_ws/src/install/navigation_core3/share/navigation_core3/package.ps1'
[22.864s] INFO:colcon.colcon_core.shell:Creating package descriptor '/home/rsl/pioneerbase_ws/src/install/navigation_core3/share/navigation_core3/package.dsv'
[22.864s] INFO:colcon.colcon_core.shell:Creating package script '/home/rsl/pioneerbase_ws/src/install/navigation_core3/share/navigation_core3/package.sh'
[22.865s] INFO:colcon.colcon_core.shell:Creating package script '/home/rsl/pioneerbase_ws/src/install/navigation_core3/share/navigation_core3/package.bash'
[22.865s] INFO:colcon.colcon_core.shell:Creating package script '/home/rsl/pioneerbase_ws/src/install/navigation_core3/share/navigation_core3/package.zsh'
[22.865s] Level 1:colcon.colcon_core.environment:create_file_with_runtime_dependencies(/home/rsl/pioneerbase_ws/src/install/navigation_core3/share/colcon-core/packages/navigation_core3)
[22.866s] DEBUG:colcon.colcon_parallel_executor.executor.parallel:closing loop
[22.867s] DEBUG:colcon.colcon_parallel_executor.executor.parallel:loop closed
[22.867s] DEBUG:colcon.colcon_parallel_executor.executor.parallel:run_until_complete finished with '0'
[22.868s] DEBUG:colcon.colcon_core.event_reactor:joining thread
[23.134s] INFO:colcon.colcon_core.plugin_system:Skipping extension 'colcon_notification.desktop_notification.terminal_notifier': Not used on non-Darwin systems
[23.134s] INFO:colcon.colcon_core.plugin_system:Skipping extension 'colcon_notification.desktop_notification.win32': Not used on non-Windows systems
[23.134s] INFO:colcon.colcon_notification.desktop_notification:Sending desktop notification using 'notify2'
[23.280s] DEBUG:colcon.colcon_core.event_reactor:joined thread
[23.306s] INFO:colcon.colcon_core.shell:Creating prefix script '/home/rsl/pioneerbase_ws/src/install/local_setup.ps1'
[23.330s] INFO:colcon.colcon_core.shell:Creating prefix util module '/home/rsl/pioneerbase_ws/src/install/_local_setup_util_ps1.py'
[23.429s] INFO:colcon.colcon_core.shell:Creating prefix chain script '/home/rsl/pioneerbase_ws/src/install/setup.ps1'
[23.458s] INFO:colcon.colcon_core.shell:Creating prefix script '/home/rsl/pioneerbase_ws/src/install/local_setup.sh'
[23.459s] INFO:colcon.colcon_core.shell:Creating prefix util module '/home/rsl/pioneerbase_ws/src/install/_local_setup_util_sh.py'
[23.460s] INFO:colcon.colcon_core.shell:Creating prefix chain script '/home/rsl/pioneerbase_ws/src/install/setup.sh'
[23.489s] INFO:colcon.colcon_core.shell:Creating prefix script '/home/rsl/pioneerbase_ws/src/install/local_setup.bash'
[23.561s] INFO:colcon.colcon_core.shell:Creating prefix chain script '/home/rsl/pioneerbase_ws/src/install/setup.bash'
[23.594s] INFO:colcon.colcon_core.shell:Creating prefix script '/home/rsl/pioneerbase_ws/src/install/local_setup.zsh'
[23.634s] INFO:colcon.colcon_core.shell:Creating prefix chain script '/home/rsl/pioneerbase_ws/src/install/setup.zsh'
