[3.259s] Invoking command in '/home/rsl/pioneerbase_ws/src/mode_select': PYTHONPATH=/home/rsl/pioneerbase_ws/build/mode_select/prefix_override:/home/rsl/pioneerbase_ws/install/mode_select/lib/python3.10/site-packages:${PYTHONPATH} /usr/bin/python3 setup.py egg_info --egg-base ../../build/mode_select build --build-base /home/rsl/pioneerbase_ws/build/mode_select/build install --record /home/rsl/pioneerbase_ws/build/mode_select/install.log --single-version-externally-managed
[3.916s] running egg_info
[3.918s] writing ../../build/mode_select/mode_select.egg-info/PKG-INFO
[3.918s] writing dependency_links to ../../build/mode_select/mode_select.egg-info/dependency_links.txt
[3.919s] writing entry points to ../../build/mode_select/mode_select.egg-info/entry_points.txt
[3.919s] writing requirements to ../../build/mode_select/mode_select.egg-info/requires.txt
[3.919s] writing top-level names to ../../build/mode_select/mode_select.egg-info/top_level.txt
[3.924s] reading manifest file '../../build/mode_select/mode_select.egg-info/SOURCES.txt'
[3.926s] writing manifest file '../../build/mode_select/mode_select.egg-info/SOURCES.txt'
[3.926s] running build
[3.926s] running build_py
[3.926s] copying mode_select/mode_select.py -> /home/rsl/pioneerbase_ws/build/mode_select/build/lib/mode_select
[3.927s] running install
[3.927s] /usr/lib/python3/dist-packages/setuptools/command/install.py:34: SetuptoolsDeprecationWarning: setup.py install is deprecated. Use build and pip and other standards-based tools.
[3.928s]   warnings.warn(
[3.928s] running install_lib
[3.930s] copying /home/rsl/pioneerbase_ws/build/mode_select/build/lib/mode_select/mode_select.py -> /home/rsl/pioneerbase_ws/install/mode_select/lib/python3.10/site-packages/mode_select
[3.931s] byte-compiling /home/rsl/pioneerbase_ws/install/mode_select/lib/python3.10/site-packages/mode_select/mode_select.py to mode_select.cpython-310.pyc
[3.935s] running install_data
[3.936s] running install_egg_info
[3.940s] removing '/home/rsl/pioneerbase_ws/install/mode_select/lib/python3.10/site-packages/mode_select-0.0.0-py3.10.egg-info' (and everything under it)
[3.941s] Copying ../../build/mode_select/mode_select.egg-info to /home/rsl/pioneerbase_ws/install/mode_select/lib/python3.10/site-packages/mode_select-0.0.0-py3.10.egg-info
[3.943s] running install_scripts
[3.998s] Installing mode_select script to /home/rsl/pioneerbase_ws/install/mode_select/lib/mode_select
[3.999s] writing list of installed files to '/home/rsl/pioneerbase_ws/build/mode_select/install.log'
[4.302s] Invoked command in '/home/rsl/pioneerbase_ws/src/mode_select' returned '0': PYTHONPATH=/home/rsl/pioneerbase_ws/build/mode_select/prefix_override:/home/rsl/pioneerbase_ws/install/mode_select/lib/python3.10/site-packages:${PYTHONPATH} /usr/bin/python3 setup.py egg_info --egg-base ../../build/mode_select build --build-base /home/rsl/pioneerbase_ws/build/mode_select/build install --record /home/rsl/pioneerbase_ws/build/mode_select/install.log --single-version-externally-managed
