[1.757s] DEBUG:colcon:Command line arguments: ['/usr/bin/colcon', 'build']
[1.757s] DEBUG:colcon:Parsed command line arguments: Namespace(log_base=None, log_level=None, verb_name='build', build_base='build', install_base='install', merge_install=False, symlink_install=False, test_result_base=None, continue_on_error=False, executor='parallel', parallel_workers=4, event_handlers=None, ignore_user_meta=False, metas=['./colcon.meta'], base_paths=['.'], packages_ignore=None, packages_ignore_regex=None, paths=None, packages_up_to=None, packages_up_to_regex=None, packages_above=None, packages_above_and_dependencies=None, packages_above_depth=None, packages_select_by_dep=None, packages_skip_by_dep=None, packages_skip_up_to=None, packages_select_build_failed=False, packages_skip_build_finished=False, packages_select_test_failures=False, packages_skip_test_passed=False, packages_select=None, packages_skip=None, packages_select_regex=None, packages_skip_regex=None, packages_start=None, packages_end=None, allow_overriding=[], cmake_args=None, cmake_target=None, cmake_target_skip_unavailable=False, cmake_clean_cache=False, cmake_clean_first=False, cmake_force_configure=False, ament_cmake_args=None, catkin_cmake_args=None, catkin_skip_building_tests=False, verb_parser=<colcon_defaults.argument_parser.defaults.DefaultArgumentsDecorator object at 0x7f22cfc4b610>, verb_extension=<colcon_core.verb.build.BuildVerb object at 0x7f22d0dd7c10>, main=<bound method BuildVerb.main of <colcon_core.verb.build.BuildVerb object at 0x7f22d0dd7c10>>)
[1.830s] Level 1:colcon.colcon_core.package_discovery:discover_packages(colcon_meta) check parameters
[1.830s] Level 1:colcon.colcon_core.package_discovery:discover_packages(recursive) check parameters
[1.830s] Level 1:colcon.colcon_core.package_discovery:discover_packages(ignore) check parameters
[1.830s] Level 1:colcon.colcon_core.package_discovery:discover_packages(path) check parameters
[1.830s] Level 1:colcon.colcon_core.package_discovery:discover_packages(colcon_meta) discover
[1.830s] Level 1:colcon.colcon_core.package_discovery:discover_packages(recursive) discover
[1.831s] INFO:colcon.colcon_core.package_discovery:Crawling recursively for packages in '/home/rsl/pioneerbase_ws/src'
[1.831s] Level 1:colcon.colcon_core.package_identification:_identify(.) by extensions ['ignore', 'ignore_ament_install']
[1.831s] Level 1:colcon.colcon_core.package_identification:_identify(.) by extension 'ignore'
[1.831s] Level 1:colcon.colcon_core.package_identification:_identify(.) by extension 'ignore_ament_install'
[1.831s] Level 1:colcon.colcon_core.package_identification:_identify(.) by extensions ['colcon_pkg']
[1.831s] Level 1:colcon.colcon_core.package_identification:_identify(.) by extension 'colcon_pkg'
[1.831s] Level 1:colcon.colcon_core.package_identification:_identify(.) by extensions ['colcon_meta']
[1.831s] Level 1:colcon.colcon_core.package_identification:_identify(.) by extension 'colcon_meta'
[1.831s] Level 1:colcon.colcon_core.package_identification:_identify(.) by extensions ['ros']
[1.831s] Level 1:colcon.colcon_core.package_identification:_identify(.) by extension 'ros'
[1.850s] Level 1:colcon.colcon_core.package_identification:_identify(.) by extensions ['cmake', 'python']
[1.850s] Level 1:colcon.colcon_core.package_identification:_identify(.) by extension 'cmake'
[1.850s] Level 1:colcon.colcon_core.package_identification:_identify(.) by extension 'python'
[1.850s] Level 1:colcon.colcon_core.package_identification:_identify(.) by extensions ['python_setup_py']
[1.850s] Level 1:colcon.colcon_core.package_identification:_identify(.) by extension 'python_setup_py'
[1.850s] Level 1:colcon.colcon_core.package_identification:_identify(bs_launch) by extensions ['ignore', 'ignore_ament_install']
[1.850s] Level 1:colcon.colcon_core.package_identification:_identify(bs_launch) by extension 'ignore'
[1.850s] Level 1:colcon.colcon_core.package_identification:_identify(bs_launch) by extension 'ignore_ament_install'
[1.850s] Level 1:colcon.colcon_core.package_identification:_identify(bs_launch) by extensions ['colcon_pkg']
[1.851s] Level 1:colcon.colcon_core.package_identification:_identify(bs_launch) by extension 'colcon_pkg'
[1.851s] Level 1:colcon.colcon_core.package_identification:_identify(bs_launch) by extensions ['colcon_meta']
[1.851s] Level 1:colcon.colcon_core.package_identification:_identify(bs_launch) by extension 'colcon_meta'
[1.851s] Level 1:colcon.colcon_core.package_identification:_identify(bs_launch) by extensions ['ros']
[1.851s] Level 1:colcon.colcon_core.package_identification:_identify(bs_launch) by extension 'ros'
[1.855s] DEBUG:colcon.colcon_core.package_identification:Package 'bs_launch' with type 'ros.ament_python' and name 'bs_launch'
[1.855s] Level 1:colcon.colcon_core.package_identification:_identify(build) by extensions ['ignore', 'ignore_ament_install']
[1.856s] Level 1:colcon.colcon_core.package_identification:_identify(build) by extension 'ignore'
[1.856s] Level 1:colcon.colcon_core.package_identification:_identify(build) ignored
[1.856s] Level 1:colcon.colcon_core.package_identification:_identify(gps_target_push) by extensions ['ignore', 'ignore_ament_install']
[1.856s] Level 1:colcon.colcon_core.package_identification:_identify(gps_target_push) by extension 'ignore'
[1.856s] Level 1:colcon.colcon_core.package_identification:_identify(gps_target_push) by extension 'ignore_ament_install'
[1.856s] Level 1:colcon.colcon_core.package_identification:_identify(gps_target_push) by extensions ['colcon_pkg']
[1.856s] Level 1:colcon.colcon_core.package_identification:_identify(gps_target_push) by extension 'colcon_pkg'
[1.856s] Level 1:colcon.colcon_core.package_identification:_identify(gps_target_push) by extensions ['colcon_meta']
[1.856s] Level 1:colcon.colcon_core.package_identification:_identify(gps_target_push) by extension 'colcon_meta'
[1.856s] Level 1:colcon.colcon_core.package_identification:_identify(gps_target_push) by extensions ['ros']
[1.856s] Level 1:colcon.colcon_core.package_identification:_identify(gps_target_push) by extension 'ros'
[1.857s] DEBUG:colcon.colcon_core.package_identification:Package 'gps_target_push' with type 'ros.ament_python' and name 'gps_target_push'
[1.857s] Level 1:colcon.colcon_core.package_identification:_identify(install) by extensions ['ignore', 'ignore_ament_install']
[1.857s] Level 1:colcon.colcon_core.package_identification:_identify(install) by extension 'ignore'
[1.857s] Level 1:colcon.colcon_core.package_identification:_identify(install) ignored
[1.857s] Level 1:colcon.colcon_core.package_identification:_identify(log) by extensions ['ignore', 'ignore_ament_install']
[1.858s] Level 1:colcon.colcon_core.package_identification:_identify(log) by extension 'ignore'
[1.858s] Level 1:colcon.colcon_core.package_identification:_identify(log) ignored
[1.858s] Level 1:colcon.colcon_core.package_identification:_identify(mode_select) by extensions ['ignore', 'ignore_ament_install']
[1.858s] Level 1:colcon.colcon_core.package_identification:_identify(mode_select) by extension 'ignore'
[1.858s] Level 1:colcon.colcon_core.package_identification:_identify(mode_select) by extension 'ignore_ament_install'
[1.858s] Level 1:colcon.colcon_core.package_identification:_identify(mode_select) by extensions ['colcon_pkg']
[1.858s] Level 1:colcon.colcon_core.package_identification:_identify(mode_select) by extension 'colcon_pkg'
[1.858s] Level 1:colcon.colcon_core.package_identification:_identify(mode_select) by extensions ['colcon_meta']
[1.858s] Level 1:colcon.colcon_core.package_identification:_identify(mode_select) by extension 'colcon_meta'
[1.858s] Level 1:colcon.colcon_core.package_identification:_identify(mode_select) by extensions ['ros']
[1.858s] Level 1:colcon.colcon_core.package_identification:_identify(mode_select) by extension 'ros'
[1.859s] DEBUG:colcon.colcon_core.package_identification:Package 'mode_select' with type 'ros.ament_python' and name 'mode_select'
[1.859s] Level 1:colcon.colcon_core.package_identification:_identify(navigation_core1) by extensions ['ignore', 'ignore_ament_install']
[1.859s] Level 1:colcon.colcon_core.package_identification:_identify(navigation_core1) by extension 'ignore'
[1.859s] Level 1:colcon.colcon_core.package_identification:_identify(navigation_core1) by extension 'ignore_ament_install'
[1.859s] Level 1:colcon.colcon_core.package_identification:_identify(navigation_core1) by extensions ['colcon_pkg']
[1.859s] Level 1:colcon.colcon_core.package_identification:_identify(navigation_core1) by extension 'colcon_pkg'
[1.859s] Level 1:colcon.colcon_core.package_identification:_identify(navigation_core1) by extensions ['colcon_meta']
[1.859s] Level 1:colcon.colcon_core.package_identification:_identify(navigation_core1) by extension 'colcon_meta'
[1.860s] Level 1:colcon.colcon_core.package_identification:_identify(navigation_core1) by extensions ['ros']
[1.860s] Level 1:colcon.colcon_core.package_identification:_identify(navigation_core1) by extension 'ros'
[1.860s] DEBUG:colcon.colcon_core.package_identification:Package 'navigation_core1' with type 'ros.ament_python' and name 'navigation_core1'
[1.860s] Level 1:colcon.colcon_core.package_identification:_identify(navigation_core2) by extensions ['ignore', 'ignore_ament_install']
[1.860s] Level 1:colcon.colcon_core.package_identification:_identify(navigation_core2) by extension 'ignore'
[1.861s] Level 1:colcon.colcon_core.package_identification:_identify(navigation_core2) by extension 'ignore_ament_install'
[1.861s] Level 1:colcon.colcon_core.package_identification:_identify(navigation_core2) by extensions ['colcon_pkg']
[1.861s] Level 1:colcon.colcon_core.package_identification:_identify(navigation_core2) by extension 'colcon_pkg'
[1.861s] Level 1:colcon.colcon_core.package_identification:_identify(navigation_core2) by extensions ['colcon_meta']
[1.861s] Level 1:colcon.colcon_core.package_identification:_identify(navigation_core2) by extension 'colcon_meta'
[1.861s] Level 1:colcon.colcon_core.package_identification:_identify(navigation_core2) by extensions ['ros']
[1.861s] Level 1:colcon.colcon_core.package_identification:_identify(navigation_core2) by extension 'ros'
[1.861s] DEBUG:colcon.colcon_core.package_identification:Package 'navigation_core2' with type 'ros.ament_python' and name 'navigation_core2'
[1.862s] Level 1:colcon.colcon_core.package_identification:_identify(navigation_core3) by extensions ['ignore', 'ignore_ament_install']
[1.862s] Level 1:colcon.colcon_core.package_identification:_identify(navigation_core3) by extension 'ignore'
[1.862s] Level 1:colcon.colcon_core.package_identification:_identify(navigation_core3) by extension 'ignore_ament_install'
[1.862s] Level 1:colcon.colcon_core.package_identification:_identify(navigation_core3) by extensions ['colcon_pkg']
[1.862s] Level 1:colcon.colcon_core.package_identification:_identify(navigation_core3) by extension 'colcon_pkg'
[1.862s] Level 1:colcon.colcon_core.package_identification:_identify(navigation_core3) by extensions ['colcon_meta']
[1.862s] Level 1:colcon.colcon_core.package_identification:_identify(navigation_core3) by extension 'colcon_meta'
[1.862s] Level 1:colcon.colcon_core.package_identification:_identify(navigation_core3) by extensions ['ros']
[1.862s] Level 1:colcon.colcon_core.package_identification:_identify(navigation_core3) by extension 'ros'
[1.863s] DEBUG:colcon.colcon_core.package_identification:Package 'navigation_core3' with type 'ros.ament_python' and name 'navigation_core3'
[1.863s] Level 1:colcon.colcon_core.package_identification:_identify(rover_teleop_joy) by extensions ['ignore', 'ignore_ament_install']
[1.863s] Level 1:colcon.colcon_core.package_identification:_identify(rover_teleop_joy) by extension 'ignore'
[1.863s] Level 1:colcon.colcon_core.package_identification:_identify(rover_teleop_joy) by extension 'ignore_ament_install'
[1.863s] Level 1:colcon.colcon_core.package_identification:_identify(rover_teleop_joy) by extensions ['colcon_pkg']
[1.863s] Level 1:colcon.colcon_core.package_identification:_identify(rover_teleop_joy) by extension 'colcon_pkg'
[1.863s] Level 1:colcon.colcon_core.package_identification:_identify(rover_teleop_joy) by extensions ['colcon_meta']
[1.863s] Level 1:colcon.colcon_core.package_identification:_identify(rover_teleop_joy) by extension 'colcon_meta'
[1.863s] Level 1:colcon.colcon_core.package_identification:_identify(rover_teleop_joy) by extensions ['ros']
[1.863s] Level 1:colcon.colcon_core.package_identification:_identify(rover_teleop_joy) by extension 'ros'
[1.864s] DEBUG:colcon.colcon_core.package_identification:Package 'rover_teleop_joy' with type 'ros.ament_python' and name 'rover_teleop_joy'
[1.864s] Level 1:colcon.colcon_core.package_discovery:discover_packages(recursive) using defaults
[1.864s] Level 1:colcon.colcon_core.package_discovery:discover_packages(ignore) discover
[1.864s] Level 1:colcon.colcon_core.package_discovery:discover_packages(ignore) using defaults
[1.864s] Level 1:colcon.colcon_core.package_discovery:discover_packages(path) discover
[1.864s] Level 1:colcon.colcon_core.package_discovery:discover_packages(path) using defaults
[2.045s] Level 1:colcon.colcon_core.package_discovery:discover_packages(prefix_path) check parameters
[2.046s] Level 1:colcon.colcon_core.package_discovery:discover_packages(prefix_path) discover
[2.108s] DEBUG:colcon.colcon_installed_package_information.package_discovery:Found 7 installed packages in /home/rsl/pioneerbase_ws/src/install
[2.137s] DEBUG:colcon.colcon_installed_package_information.package_discovery:Found 270 installed packages in /opt/ros/humble
[2.141s] Level 1:colcon.colcon_core.package_discovery:discover_packages(prefix_path) using defaults
[2.325s] Level 5:colcon.colcon_core.verb:set package 'bs_launch' build argument 'cmake_args' from command line to 'None'
[2.325s] Level 5:colcon.colcon_core.verb:set package 'bs_launch' build argument 'cmake_target' from command line to 'None'
[2.325s] Level 5:colcon.colcon_core.verb:set package 'bs_launch' build argument 'cmake_target_skip_unavailable' from command line to 'False'
[2.325s] Level 5:colcon.colcon_core.verb:set package 'bs_launch' build argument 'cmake_clean_cache' from command line to 'False'
[2.325s] Level 5:colcon.colcon_core.verb:set package 'bs_launch' build argument 'cmake_clean_first' from command line to 'False'
[2.325s] Level 5:colcon.colcon_core.verb:set package 'bs_launch' build argument 'cmake_force_configure' from command line to 'False'
[2.325s] Level 5:colcon.colcon_core.verb:set package 'bs_launch' build argument 'ament_cmake_args' from command line to 'None'
[2.325s] Level 5:colcon.colcon_core.verb:set package 'bs_launch' build argument 'catkin_cmake_args' from command line to 'None'
[2.325s] Level 5:colcon.colcon_core.verb:set package 'bs_launch' build argument 'catkin_skip_building_tests' from command line to 'False'
[2.325s] DEBUG:colcon.colcon_core.verb:Building package 'bs_launch' with the following arguments: {'ament_cmake_args': None, 'build_base': '/home/rsl/pioneerbase_ws/src/build/bs_launch', 'catkin_cmake_args': None, 'catkin_skip_building_tests': False, 'cmake_args': None, 'cmake_clean_cache': False, 'cmake_clean_first': False, 'cmake_force_configure': False, 'cmake_target': None, 'cmake_target_skip_unavailable': False, 'install_base': '/home/rsl/pioneerbase_ws/src/install/bs_launch', 'merge_install': False, 'path': '/home/rsl/pioneerbase_ws/src/bs_launch', 'symlink_install': False, 'test_result_base': None}
[2.351s] Level 5:colcon.colcon_core.verb:set package 'gps_target_push' build argument 'cmake_args' from command line to 'None'
[2.351s] Level 5:colcon.colcon_core.verb:set package 'gps_target_push' build argument 'cmake_target' from command line to 'None'
[2.351s] Level 5:colcon.colcon_core.verb:set package 'gps_target_push' build argument 'cmake_target_skip_unavailable' from command line to 'False'
[2.351s] Level 5:colcon.colcon_core.verb:set package 'gps_target_push' build argument 'cmake_clean_cache' from command line to 'False'
[2.351s] Level 5:colcon.colcon_core.verb:set package 'gps_target_push' build argument 'cmake_clean_first' from command line to 'False'
[2.351s] Level 5:colcon.colcon_core.verb:set package 'gps_target_push' build argument 'cmake_force_configure' from command line to 'False'
[2.351s] Level 5:colcon.colcon_core.verb:set package 'gps_target_push' build argument 'ament_cmake_args' from command line to 'None'
[2.351s] Level 5:colcon.colcon_core.verb:set package 'gps_target_push' build argument 'catkin_cmake_args' from command line to 'None'
[2.351s] Level 5:colcon.colcon_core.verb:set package 'gps_target_push' build argument 'catkin_skip_building_tests' from command line to 'False'
[2.351s] DEBUG:colcon.colcon_core.verb:Building package 'gps_target_push' with the following arguments: {'ament_cmake_args': None, 'build_base': '/home/rsl/pioneerbase_ws/src/build/gps_target_push', 'catkin_cmake_args': None, 'catkin_skip_building_tests': False, 'cmake_args': None, 'cmake_clean_cache': False, 'cmake_clean_first': False, 'cmake_force_configure': False, 'cmake_target': None, 'cmake_target_skip_unavailable': False, 'install_base': '/home/rsl/pioneerbase_ws/src/install/gps_target_push', 'merge_install': False, 'path': '/home/rsl/pioneerbase_ws/src/gps_target_push', 'symlink_install': False, 'test_result_base': None}
[2.376s] Level 5:colcon.colcon_core.verb:set package 'mode_select' build argument 'cmake_args' from command line to 'None'
[2.376s] Level 5:colcon.colcon_core.verb:set package 'mode_select' build argument 'cmake_target' from command line to 'None'
[2.376s] Level 5:colcon.colcon_core.verb:set package 'mode_select' build argument 'cmake_target_skip_unavailable' from command line to 'False'
[2.376s] Level 5:colcon.colcon_core.verb:set package 'mode_select' build argument 'cmake_clean_cache' from command line to 'False'
[2.376s] Level 5:colcon.colcon_core.verb:set package 'mode_select' build argument 'cmake_clean_first' from command line to 'False'
[2.376s] Level 5:colcon.colcon_core.verb:set package 'mode_select' build argument 'cmake_force_configure' from command line to 'False'
[2.376s] Level 5:colcon.colcon_core.verb:set package 'mode_select' build argument 'ament_cmake_args' from command line to 'None'
[2.376s] Level 5:colcon.colcon_core.verb:set package 'mode_select' build argument 'catkin_cmake_args' from command line to 'None'
[2.376s] Level 5:colcon.colcon_core.verb:set package 'mode_select' build argument 'catkin_skip_building_tests' from command line to 'False'
[2.377s] DEBUG:colcon.colcon_core.verb:Building package 'mode_select' with the following arguments: {'ament_cmake_args': None, 'build_base': '/home/rsl/pioneerbase_ws/src/build/mode_select', 'catkin_cmake_args': None, 'catkin_skip_building_tests': False, 'cmake_args': None, 'cmake_clean_cache': False, 'cmake_clean_first': False, 'cmake_force_configure': False, 'cmake_target': None, 'cmake_target_skip_unavailable': False, 'install_base': '/home/rsl/pioneerbase_ws/src/install/mode_select', 'merge_install': False, 'path': '/home/rsl/pioneerbase_ws/src/mode_select', 'symlink_install': False, 'test_result_base': None}
[2.403s] Level 5:colcon.colcon_core.verb:set package 'navigation_core1' build argument 'cmake_args' from command line to 'None'
[2.403s] Level 5:colcon.colcon_core.verb:set package 'navigation_core1' build argument 'cmake_target' from command line to 'None'
[2.403s] Level 5:colcon.colcon_core.verb:set package 'navigation_core1' build argument 'cmake_target_skip_unavailable' from command line to 'False'
[2.403s] Level 5:colcon.colcon_core.verb:set package 'navigation_core1' build argument 'cmake_clean_cache' from command line to 'False'
[2.403s] Level 5:colcon.colcon_core.verb:set package 'navigation_core1' build argument 'cmake_clean_first' from command line to 'False'
[2.403s] Level 5:colcon.colcon_core.verb:set package 'navigation_core1' build argument 'cmake_force_configure' from command line to 'False'
[2.403s] Level 5:colcon.colcon_core.verb:set package 'navigation_core1' build argument 'ament_cmake_args' from command line to 'None'
[2.403s] Level 5:colcon.colcon_core.verb:set package 'navigation_core1' build argument 'catkin_cmake_args' from command line to 'None'
[2.403s] Level 5:colcon.colcon_core.verb:set package 'navigation_core1' build argument 'catkin_skip_building_tests' from command line to 'False'
[2.403s] DEBUG:colcon.colcon_core.verb:Building package 'navigation_core1' with the following arguments: {'ament_cmake_args': None, 'build_base': '/home/rsl/pioneerbase_ws/src/build/navigation_core1', 'catkin_cmake_args': None, 'catkin_skip_building_tests': False, 'cmake_args': None, 'cmake_clean_cache': False, 'cmake_clean_first': False, 'cmake_force_configure': False, 'cmake_target': None, 'cmake_target_skip_unavailable': False, 'install_base': '/home/rsl/pioneerbase_ws/src/install/navigation_core1', 'merge_install': False, 'path': '/home/rsl/pioneerbase_ws/src/navigation_core1', 'symlink_install': False, 'test_result_base': None}
[2.431s] Level 5:colcon.colcon_core.verb:set package 'navigation_core2' build argument 'cmake_args' from command line to 'None'
[2.431s] Level 5:colcon.colcon_core.verb:set package 'navigation_core2' build argument 'cmake_target' from command line to 'None'
[2.431s] Level 5:colcon.colcon_core.verb:set package 'navigation_core2' build argument 'cmake_target_skip_unavailable' from command line to 'False'
[2.431s] Level 5:colcon.colcon_core.verb:set package 'navigation_core2' build argument 'cmake_clean_cache' from command line to 'False'
[2.431s] Level 5:colcon.colcon_core.verb:set package 'navigation_core2' build argument 'cmake_clean_first' from command line to 'False'
[2.431s] Level 5:colcon.colcon_core.verb:set package 'navigation_core2' build argument 'cmake_force_configure' from command line to 'False'
[2.431s] Level 5:colcon.colcon_core.verb:set package 'navigation_core2' build argument 'ament_cmake_args' from command line to 'None'
[2.431s] Level 5:colcon.colcon_core.verb:set package 'navigation_core2' build argument 'catkin_cmake_args' from command line to 'None'
[2.431s] Level 5:colcon.colcon_core.verb:set package 'navigation_core2' build argument 'catkin_skip_building_tests' from command line to 'False'
[2.431s] DEBUG:colcon.colcon_core.verb:Building package 'navigation_core2' with the following arguments: {'ament_cmake_args': None, 'build_base': '/home/rsl/pioneerbase_ws/src/build/navigation_core2', 'catkin_cmake_args': None, 'catkin_skip_building_tests': False, 'cmake_args': None, 'cmake_clean_cache': False, 'cmake_clean_first': False, 'cmake_force_configure': False, 'cmake_target': None, 'cmake_target_skip_unavailable': False, 'install_base': '/home/rsl/pioneerbase_ws/src/install/navigation_core2', 'merge_install': False, 'path': '/home/rsl/pioneerbase_ws/src/navigation_core2', 'symlink_install': False, 'test_result_base': None}
[2.456s] Level 5:colcon.colcon_core.verb:set package 'navigation_core3' build argument 'cmake_args' from command line to 'None'
[2.457s] Level 5:colcon.colcon_core.verb:set package 'navigation_core3' build argument 'cmake_target' from command line to 'None'
[2.457s] Level 5:colcon.colcon_core.verb:set package 'navigation_core3' build argument 'cmake_target_skip_unavailable' from command line to 'False'
[2.457s] Level 5:colcon.colcon_core.verb:set package 'navigation_core3' build argument 'cmake_clean_cache' from command line to 'False'
[2.457s] Level 5:colcon.colcon_core.verb:set package 'navigation_core3' build argument 'cmake_clean_first' from command line to 'False'
[2.457s] Level 5:colcon.colcon_core.verb:set package 'navigation_core3' build argument 'cmake_force_configure' from command line to 'False'
[2.457s] Level 5:colcon.colcon_core.verb:set package 'navigation_core3' build argument 'ament_cmake_args' from command line to 'None'
[2.457s] Level 5:colcon.colcon_core.verb:set package 'navigation_core3' build argument 'catkin_cmake_args' from command line to 'None'
[2.457s] Level 5:colcon.colcon_core.verb:set package 'navigation_core3' build argument 'catkin_skip_building_tests' from command line to 'False'
[2.457s] DEBUG:colcon.colcon_core.verb:Building package 'navigation_core3' with the following arguments: {'ament_cmake_args': None, 'build_base': '/home/rsl/pioneerbase_ws/src/build/navigation_core3', 'catkin_cmake_args': None, 'catkin_skip_building_tests': False, 'cmake_args': None, 'cmake_clean_cache': False, 'cmake_clean_first': False, 'cmake_force_configure': False, 'cmake_target': None, 'cmake_target_skip_unavailable': False, 'install_base': '/home/rsl/pioneerbase_ws/src/install/navigation_core3', 'merge_install': False, 'path': '/home/rsl/pioneerbase_ws/src/navigation_core3', 'symlink_install': False, 'test_result_base': None}
[2.482s] Level 5:colcon.colcon_core.verb:set package 'rover_teleop_joy' build argument 'cmake_args' from command line to 'None'
[2.482s] Level 5:colcon.colcon_core.verb:set package 'rover_teleop_joy' build argument 'cmake_target' from command line to 'None'
[2.482s] Level 5:colcon.colcon_core.verb:set package 'rover_teleop_joy' build argument 'cmake_target_skip_unavailable' from command line to 'False'
[2.482s] Level 5:colcon.colcon_core.verb:set package 'rover_teleop_joy' build argument 'cmake_clean_cache' from command line to 'False'
[2.482s] Level 5:colcon.colcon_core.verb:set package 'rover_teleop_joy' build argument 'cmake_clean_first' from command line to 'False'
[2.482s] Level 5:colcon.colcon_core.verb:set package 'rover_teleop_joy' build argument 'cmake_force_configure' from command line to 'False'
[2.482s] Level 5:colcon.colcon_core.verb:set package 'rover_teleop_joy' build argument 'ament_cmake_args' from command line to 'None'
[2.482s] Level 5:colcon.colcon_core.verb:set package 'rover_teleop_joy' build argument 'catkin_cmake_args' from command line to 'None'
[2.482s] Level 5:colcon.colcon_core.verb:set package 'rover_teleop_joy' build argument 'catkin_skip_building_tests' from command line to 'False'
[2.482s] DEBUG:colcon.colcon_core.verb:Building package 'rover_teleop_joy' with the following arguments: {'ament_cmake_args': None, 'build_base': '/home/rsl/pioneerbase_ws/src/build/rover_teleop_joy', 'catkin_cmake_args': None, 'catkin_skip_building_tests': False, 'cmake_args': None, 'cmake_clean_cache': False, 'cmake_clean_first': False, 'cmake_force_configure': False, 'cmake_target': None, 'cmake_target_skip_unavailable': False, 'install_base': '/home/rsl/pioneerbase_ws/src/install/rover_teleop_joy', 'merge_install': False, 'path': '/home/rsl/pioneerbase_ws/src/rover_teleop_joy', 'symlink_install': False, 'test_result_base': None}
[2.507s] INFO:colcon.colcon_core.executor:Executing jobs using 'parallel' executor
[2.533s] DEBUG:colcon.colcon_parallel_executor.executor.parallel:run_until_complete
[2.533s] INFO:colcon.colcon_ros.task.ament_python.build:Building ROS package in '/home/rsl/pioneerbase_ws/src/bs_launch' with build type 'ament_python'
[2.534s] Level 1:colcon.colcon_core.shell:create_environment_hook('bs_launch', 'ament_prefix_path')
[2.563s] INFO:colcon.colcon_core.plugin_system:Skipping extension 'colcon_core.shell.bat': Not used on non-Windows systems
[2.563s] INFO:colcon.colcon_core.shell:Creating environment hook '/home/rsl/pioneerbase_ws/src/install/bs_launch/share/bs_launch/hook/ament_prefix_path.ps1'
[2.564s] INFO:colcon.colcon_core.shell:Creating environment descriptor '/home/rsl/pioneerbase_ws/src/install/bs_launch/share/bs_launch/hook/ament_prefix_path.dsv'
[2.564s] INFO:colcon.colcon_core.shell:Creating environment hook '/home/rsl/pioneerbase_ws/src/install/bs_launch/share/bs_launch/hook/ament_prefix_path.sh'
[2.590s] INFO:colcon.colcon_core.shell:Skip shell extension 'powershell' for command environment: Not usable outside of PowerShell
[2.590s] DEBUG:colcon.colcon_core.shell:Skip shell extension 'dsv' for command environment
[2.669s] INFO:colcon.colcon_ros.task.ament_python.build:Building ROS package in '/home/rsl/pioneerbase_ws/src/gps_target_push' with build type 'ament_python'
[2.669s] Level 1:colcon.colcon_core.shell:create_environment_hook('gps_target_push', 'ament_prefix_path')
[2.694s] INFO:colcon.colcon_core.shell:Creating environment hook '/home/rsl/pioneerbase_ws/src/install/gps_target_push/share/gps_target_push/hook/ament_prefix_path.ps1'
[2.695s] INFO:colcon.colcon_core.shell:Creating environment descriptor '/home/rsl/pioneerbase_ws/src/install/gps_target_push/share/gps_target_push/hook/ament_prefix_path.dsv'
[2.695s] INFO:colcon.colcon_core.shell:Creating environment hook '/home/rsl/pioneerbase_ws/src/install/gps_target_push/share/gps_target_push/hook/ament_prefix_path.sh'
[2.720s] INFO:colcon.colcon_core.shell:Skip shell extension 'powershell' for command environment: Not usable outside of PowerShell
[2.720s] DEBUG:colcon.colcon_core.shell:Skip shell extension 'dsv' for command environment
[2.797s] INFO:colcon.colcon_ros.task.ament_python.build:Building ROS package in '/home/rsl/pioneerbase_ws/src/mode_select' with build type 'ament_python'
[2.797s] Level 1:colcon.colcon_core.shell:create_environment_hook('mode_select', 'ament_prefix_path')
[2.822s] INFO:colcon.colcon_core.shell:Creating environment hook '/home/rsl/pioneerbase_ws/src/install/mode_select/share/mode_select/hook/ament_prefix_path.ps1'
[2.823s] INFO:colcon.colcon_core.shell:Creating environment descriptor '/home/rsl/pioneerbase_ws/src/install/mode_select/share/mode_select/hook/ament_prefix_path.dsv'
[2.824s] INFO:colcon.colcon_core.shell:Creating environment hook '/home/rsl/pioneerbase_ws/src/install/mode_select/share/mode_select/hook/ament_prefix_path.sh'
[2.849s] INFO:colcon.colcon_core.shell:Skip shell extension 'powershell' for command environment: Not usable outside of PowerShell
[2.849s] DEBUG:colcon.colcon_core.shell:Skip shell extension 'dsv' for command environment
[2.925s] INFO:colcon.colcon_ros.task.ament_python.build:Building ROS package in '/home/rsl/pioneerbase_ws/src/navigation_core1' with build type 'ament_python'
[2.925s] Level 1:colcon.colcon_core.shell:create_environment_hook('navigation_core1', 'ament_prefix_path')
[2.956s] INFO:colcon.colcon_core.shell:Creating environment hook '/home/rsl/pioneerbase_ws/src/install/navigation_core1/share/navigation_core1/hook/ament_prefix_path.ps1'
[2.957s] INFO:colcon.colcon_core.shell:Creating environment descriptor '/home/rsl/pioneerbase_ws/src/install/navigation_core1/share/navigation_core1/hook/ament_prefix_path.dsv'
[2.957s] INFO:colcon.colcon_core.shell:Creating environment hook '/home/rsl/pioneerbase_ws/src/install/navigation_core1/share/navigation_core1/hook/ament_prefix_path.sh'
[2.984s] INFO:colcon.colcon_core.shell:Skip shell extension 'powershell' for command environment: Not usable outside of PowerShell
[2.984s] DEBUG:colcon.colcon_core.shell:Skip shell extension 'dsv' for command environment
[3.487s] INFO:colcon.colcon_core.task.python.build:Building Python package in '/home/rsl/pioneerbase_ws/src/bs_launch'
[3.512s] INFO:colcon.colcon_core.shell:Skip shell extension 'powershell' for command environment: Not usable outside of PowerShell
[3.512s] DEBUG:colcon.colcon_core.shell:Skip shell extension 'dsv' for command environment
[3.983s] INFO:colcon.colcon_core.task.python.build:Building Python package in '/home/rsl/pioneerbase_ws/src/gps_target_push'
[4.008s] INFO:colcon.colcon_core.shell:Skip shell extension 'powershell' for command environment: Not usable outside of PowerShell
[4.008s] DEBUG:colcon.colcon_core.shell:Skip shell extension 'dsv' for command environment
[4.492s] INFO:colcon.colcon_core.task.python.build:Building Python package in '/home/rsl/pioneerbase_ws/src/mode_select'
[4.520s] INFO:colcon.colcon_core.shell:Skip shell extension 'powershell' for command environment: Not usable outside of PowerShell
[4.520s] DEBUG:colcon.colcon_core.shell:Skip shell extension 'dsv' for command environment
[5.026s] INFO:colcon.colcon_core.task.python.build:Building Python package in '/home/rsl/pioneerbase_ws/src/navigation_core1'
[5.057s] INFO:colcon.colcon_core.shell:Skip shell extension 'powershell' for command environment: Not usable outside of PowerShell
[5.057s] DEBUG:colcon.colcon_core.shell:Skip shell extension 'dsv' for command environment
[6.029s] DEBUG:colcon.colcon_core.event_handler.log_command:Invoking command in '/home/rsl/pioneerbase_ws/src/mode_select': PYTHONPATH=/home/rsl/pioneerbase_ws/src/build/mode_select/prefix_override:/home/rsl/pioneerbase_ws/src/install/mode_select/lib/python3.10/site-packages:${PYTHONPATH} /usr/bin/python3 setup.py egg_info --egg-base ../build/mode_select build --build-base /home/rsl/pioneerbase_ws/src/build/mode_select/build install --record /home/rsl/pioneerbase_ws/src/build/mode_select/install.log --single-version-externally-managed
[6.156s] DEBUG:colcon.colcon_core.event_handler.log_command:Invoking command in '/home/rsl/pioneerbase_ws/src/navigation_core1': PYTHONPATH=/home/rsl/pioneerbase_ws/src/build/navigation_core1/prefix_override:/home/rsl/pioneerbase_ws/src/install/navigation_core1/lib/python3.10/site-packages:${PYTHONPATH} /usr/bin/python3 setup.py egg_info --egg-base ../build/navigation_core1 build --build-base /home/rsl/pioneerbase_ws/src/build/navigation_core1/build install --record /home/rsl/pioneerbase_ws/src/build/navigation_core1/install.log --single-version-externally-managed
[6.162s] DEBUG:colcon.colcon_core.event_handler.log_command:Invoking command in '/home/rsl/pioneerbase_ws/src/bs_launch': PYTHONPATH=/home/rsl/pioneerbase_ws/src/build/bs_launch/prefix_override:/home/rsl/pioneerbase_ws/src/install/bs_launch/lib/python3.10/site-packages:${PYTHONPATH} /usr/bin/python3 setup.py egg_info --egg-base ../build/bs_launch build --build-base /home/rsl/pioneerbase_ws/src/build/bs_launch/build install --record /home/rsl/pioneerbase_ws/src/build/bs_launch/install.log --single-version-externally-managed
[6.165s] DEBUG:colcon.colcon_core.event_handler.log_command:Invoking command in '/home/rsl/pioneerbase_ws/src/gps_target_push': PYTHONPATH=/home/rsl/pioneerbase_ws/src/build/gps_target_push/prefix_override:/home/rsl/pioneerbase_ws/src/install/gps_target_push/lib/python3.10/site-packages:${PYTHONPATH} /usr/bin/python3 setup.py egg_info --egg-base ../build/gps_target_push build --build-base /home/rsl/pioneerbase_ws/src/build/gps_target_push/build install --record /home/rsl/pioneerbase_ws/src/build/gps_target_push/install.log --single-version-externally-managed
[7.068s] DEBUG:colcon.colcon_core.event_handler.log_command:Invoked command in '/home/rsl/pioneerbase_ws/src/gps_target_push' returned '0': PYTHONPATH=/home/rsl/pioneerbase_ws/src/build/gps_target_push/prefix_override:/home/rsl/pioneerbase_ws/src/install/gps_target_push/lib/python3.10/site-packages:${PYTHONPATH} /usr/bin/python3 setup.py egg_info --egg-base ../build/gps_target_push build --build-base /home/rsl/pioneerbase_ws/src/build/gps_target_push/build install --record /home/rsl/pioneerbase_ws/src/build/gps_target_push/install.log --single-version-externally-managed
[7.095s] Level 1:colcon.colcon_core.environment:checking '/home/rsl/pioneerbase_ws/src/install/gps_target_push' for CMake module files
[7.096s] Level 1:colcon.colcon_core.environment:checking '/home/rsl/pioneerbase_ws/src/install/gps_target_push' for CMake config files
[7.097s] Level 1:colcon.colcon_core.environment:checking '/home/rsl/pioneerbase_ws/src/install/gps_target_push/lib'
[7.097s] Level 1:colcon.colcon_core.environment:checking '/home/rsl/pioneerbase_ws/src/install/gps_target_push/bin'
[7.097s] Level 1:colcon.colcon_core.environment:checking '/home/rsl/pioneerbase_ws/src/install/gps_target_push/lib/pkgconfig/gps_target_push.pc'
[7.098s] Level 1:colcon.colcon_core.environment:checking '/home/rsl/pioneerbase_ws/src/install/gps_target_push/lib/python3.10/site-packages'
[7.098s] Level 1:colcon.colcon_core.shell:create_environment_hook('gps_target_push', 'pythonpath')
[7.122s] INFO:colcon.colcon_core.shell:Creating environment hook '/home/rsl/pioneerbase_ws/src/install/gps_target_push/share/gps_target_push/hook/pythonpath.ps1'
[7.123s] INFO:colcon.colcon_core.shell:Creating environment descriptor '/home/rsl/pioneerbase_ws/src/install/gps_target_push/share/gps_target_push/hook/pythonpath.dsv'
[7.123s] INFO:colcon.colcon_core.shell:Creating environment hook '/home/rsl/pioneerbase_ws/src/install/gps_target_push/share/gps_target_push/hook/pythonpath.sh'
[7.124s] Level 1:colcon.colcon_core.environment:checking '/home/rsl/pioneerbase_ws/src/install/gps_target_push/bin'
[7.124s] Level 1:colcon.colcon_core.environment:create_environment_scripts_only(gps_target_push)
[7.148s] INFO:colcon.colcon_core.shell:Creating package script '/home/rsl/pioneerbase_ws/src/install/gps_target_push/share/gps_target_push/package.ps1'
[7.149s] INFO:colcon.colcon_core.shell:Creating package descriptor '/home/rsl/pioneerbase_ws/src/install/gps_target_push/share/gps_target_push/package.dsv'
[7.150s] INFO:colcon.colcon_core.shell:Creating package script '/home/rsl/pioneerbase_ws/src/install/gps_target_push/share/gps_target_push/package.sh'
[7.151s] INFO:colcon.colcon_core.shell:Creating package script '/home/rsl/pioneerbase_ws/src/install/gps_target_push/share/gps_target_push/package.bash'
[7.152s] INFO:colcon.colcon_core.shell:Creating package script '/home/rsl/pioneerbase_ws/src/install/gps_target_push/share/gps_target_push/package.zsh'
[7.153s] Level 1:colcon.colcon_core.environment:create_file_with_runtime_dependencies(/home/rsl/pioneerbase_ws/src/install/gps_target_push/share/colcon-core/packages/gps_target_push)
[7.154s] INFO:colcon.colcon_ros.task.ament_python.build:Building ROS package in '/home/rsl/pioneerbase_ws/src/navigation_core2' with build type 'ament_python'
[7.154s] Level 1:colcon.colcon_core.shell:create_environment_hook('navigation_core2', 'ament_prefix_path')
[7.180s] INFO:colcon.colcon_core.shell:Creating environment hook '/home/rsl/pioneerbase_ws/src/install/navigation_core2/share/navigation_core2/hook/ament_prefix_path.ps1'
[7.181s] INFO:colcon.colcon_core.shell:Creating environment descriptor '/home/rsl/pioneerbase_ws/src/install/navigation_core2/share/navigation_core2/hook/ament_prefix_path.dsv'
[7.181s] INFO:colcon.colcon_core.shell:Creating environment hook '/home/rsl/pioneerbase_ws/src/install/navigation_core2/share/navigation_core2/hook/ament_prefix_path.sh'
[7.206s] INFO:colcon.colcon_core.shell:Skip shell extension 'powershell' for command environment: Not usable outside of PowerShell
[7.206s] DEBUG:colcon.colcon_core.shell:Skip shell extension 'dsv' for command environment
[7.284s] DEBUG:colcon.colcon_core.event_handler.log_command:Invoked command in '/home/rsl/pioneerbase_ws/src/bs_launch' returned '0': PYTHONPATH=/home/rsl/pioneerbase_ws/src/build/bs_launch/prefix_override:/home/rsl/pioneerbase_ws/src/install/bs_launch/lib/python3.10/site-packages:${PYTHONPATH} /usr/bin/python3 setup.py egg_info --egg-base ../build/bs_launch build --build-base /home/rsl/pioneerbase_ws/src/build/bs_launch/build install --record /home/rsl/pioneerbase_ws/src/build/bs_launch/install.log --single-version-externally-managed
[7.308s] Level 1:colcon.colcon_core.environment:checking '/home/rsl/pioneerbase_ws/src/install/bs_launch' for CMake module files
[7.309s] Level 1:colcon.colcon_core.environment:checking '/home/rsl/pioneerbase_ws/src/install/bs_launch' for CMake config files
[7.310s] Level 1:colcon.colcon_core.environment:checking '/home/rsl/pioneerbase_ws/src/install/bs_launch/lib'
[7.310s] Level 1:colcon.colcon_core.environment:checking '/home/rsl/pioneerbase_ws/src/install/bs_launch/bin'
[7.310s] Level 1:colcon.colcon_core.environment:checking '/home/rsl/pioneerbase_ws/src/install/bs_launch/lib/pkgconfig/bs_launch.pc'
[7.310s] Level 1:colcon.colcon_core.environment:checking '/home/rsl/pioneerbase_ws/src/install/bs_launch/lib/python3.10/site-packages'
[7.310s] Level 1:colcon.colcon_core.shell:create_environment_hook('bs_launch', 'pythonpath')
[7.334s] INFO:colcon.colcon_core.shell:Creating environment hook '/home/rsl/pioneerbase_ws/src/install/bs_launch/share/bs_launch/hook/pythonpath.ps1'
[7.335s] INFO:colcon.colcon_core.shell:Creating environment descriptor '/home/rsl/pioneerbase_ws/src/install/bs_launch/share/bs_launch/hook/pythonpath.dsv'
[7.335s] INFO:colcon.colcon_core.shell:Creating environment hook '/home/rsl/pioneerbase_ws/src/install/bs_launch/share/bs_launch/hook/pythonpath.sh'
[7.336s] Level 1:colcon.colcon_core.environment:checking '/home/rsl/pioneerbase_ws/src/install/bs_launch/bin'
[7.336s] Level 1:colcon.colcon_core.environment:create_environment_scripts_only(bs_launch)
[7.360s] INFO:colcon.colcon_core.shell:Creating package script '/home/rsl/pioneerbase_ws/src/install/bs_launch/share/bs_launch/package.ps1'
[7.362s] INFO:colcon.colcon_core.shell:Creating package descriptor '/home/rsl/pioneerbase_ws/src/install/bs_launch/share/bs_launch/package.dsv'
[7.362s] INFO:colcon.colcon_core.shell:Creating package script '/home/rsl/pioneerbase_ws/src/install/bs_launch/share/bs_launch/package.sh'
[7.363s] INFO:colcon.colcon_core.shell:Creating package script '/home/rsl/pioneerbase_ws/src/install/bs_launch/share/bs_launch/package.bash'
[7.363s] INFO:colcon.colcon_core.shell:Creating package script '/home/rsl/pioneerbase_ws/src/install/bs_launch/share/bs_launch/package.zsh'
[7.364s] Level 1:colcon.colcon_core.environment:create_file_with_runtime_dependencies(/home/rsl/pioneerbase_ws/src/install/bs_launch/share/colcon-core/packages/bs_launch)
[7.367s] DEBUG:colcon.colcon_core.event_handler.log_command:Invoked command in '/home/rsl/pioneerbase_ws/src/mode_select' returned '0': PYTHONPATH=/home/rsl/pioneerbase_ws/src/build/mode_select/prefix_override:/home/rsl/pioneerbase_ws/src/install/mode_select/lib/python3.10/site-packages:${PYTHONPATH} /usr/bin/python3 setup.py egg_info --egg-base ../build/mode_select build --build-base /home/rsl/pioneerbase_ws/src/build/mode_select/build install --record /home/rsl/pioneerbase_ws/src/build/mode_select/install.log --single-version-externally-managed
[7.391s] Level 1:colcon.colcon_core.environment:checking '/home/rsl/pioneerbase_ws/src/install/mode_select' for CMake module files
[7.391s] Level 1:colcon.colcon_core.environment:checking '/home/rsl/pioneerbase_ws/src/install/mode_select' for CMake config files
[7.392s] Level 1:colcon.colcon_core.environment:checking '/home/rsl/pioneerbase_ws/src/install/mode_select/lib'
[7.392s] Level 1:colcon.colcon_core.environment:checking '/home/rsl/pioneerbase_ws/src/install/mode_select/bin'
[7.392s] Level 1:colcon.colcon_core.environment:checking '/home/rsl/pioneerbase_ws/src/install/mode_select/lib/pkgconfig/mode_select.pc'
[7.393s] Level 1:colcon.colcon_core.environment:checking '/home/rsl/pioneerbase_ws/src/install/mode_select/lib/python3.10/site-packages'
[7.393s] Level 1:colcon.colcon_core.shell:create_environment_hook('mode_select', 'pythonpath')
[7.417s] INFO:colcon.colcon_core.shell:Creating environment hook '/home/rsl/pioneerbase_ws/src/install/mode_select/share/mode_select/hook/pythonpath.ps1'
[7.417s] INFO:colcon.colcon_core.shell:Creating environment descriptor '/home/rsl/pioneerbase_ws/src/install/mode_select/share/mode_select/hook/pythonpath.dsv'
[7.418s] INFO:colcon.colcon_core.shell:Creating environment hook '/home/rsl/pioneerbase_ws/src/install/mode_select/share/mode_select/hook/pythonpath.sh'
[7.419s] Level 1:colcon.colcon_core.environment:checking '/home/rsl/pioneerbase_ws/src/install/mode_select/bin'
[7.419s] Level 1:colcon.colcon_core.environment:create_environment_scripts_only(mode_select)
[7.443s] INFO:colcon.colcon_core.shell:Creating package script '/home/rsl/pioneerbase_ws/src/install/mode_select/share/mode_select/package.ps1'
[7.444s] INFO:colcon.colcon_core.shell:Creating package descriptor '/home/rsl/pioneerbase_ws/src/install/mode_select/share/mode_select/package.dsv'
[7.444s] INFO:colcon.colcon_core.shell:Creating package script '/home/rsl/pioneerbase_ws/src/install/mode_select/share/mode_select/package.sh'
[7.445s] INFO:colcon.colcon_core.shell:Creating package script '/home/rsl/pioneerbase_ws/src/install/mode_select/share/mode_select/package.bash'
[7.445s] INFO:colcon.colcon_core.shell:Creating package script '/home/rsl/pioneerbase_ws/src/install/mode_select/share/mode_select/package.zsh'
[7.446s] Level 1:colcon.colcon_core.environment:create_file_with_runtime_dependencies(/home/rsl/pioneerbase_ws/src/install/mode_select/share/colcon-core/packages/mode_select)
[7.449s] DEBUG:colcon.colcon_core.event_handler.log_command:Invoked command in '/home/rsl/pioneerbase_ws/src/navigation_core1' returned '0': PYTHONPATH=/home/rsl/pioneerbase_ws/src/build/navigation_core1/prefix_override:/home/rsl/pioneerbase_ws/src/install/navigation_core1/lib/python3.10/site-packages:${PYTHONPATH} /usr/bin/python3 setup.py egg_info --egg-base ../build/navigation_core1 build --build-base /home/rsl/pioneerbase_ws/src/build/navigation_core1/build install --record /home/rsl/pioneerbase_ws/src/build/navigation_core1/install.log --single-version-externally-managed
[7.473s] Level 1:colcon.colcon_core.environment:checking '/home/rsl/pioneerbase_ws/src/install/navigation_core1' for CMake module files
[7.474s] Level 1:colcon.colcon_core.environment:checking '/home/rsl/pioneerbase_ws/src/install/navigation_core1' for CMake config files
[7.475s] Level 1:colcon.colcon_core.environment:checking '/home/rsl/pioneerbase_ws/src/install/navigation_core1/lib'
[7.475s] Level 1:colcon.colcon_core.environment:checking '/home/rsl/pioneerbase_ws/src/install/navigation_core1/bin'
[7.475s] Level 1:colcon.colcon_core.environment:checking '/home/rsl/pioneerbase_ws/src/install/navigation_core1/lib/pkgconfig/navigation_core1.pc'
[7.475s] Level 1:colcon.colcon_core.environment:checking '/home/rsl/pioneerbase_ws/src/install/navigation_core1/lib/python3.10/site-packages'
[7.475s] Level 1:colcon.colcon_core.shell:create_environment_hook('navigation_core1', 'pythonpath')
[7.499s] INFO:colcon.colcon_core.shell:Creating environment hook '/home/rsl/pioneerbase_ws/src/install/navigation_core1/share/navigation_core1/hook/pythonpath.ps1'
[7.500s] INFO:colcon.colcon_core.shell:Creating environment descriptor '/home/rsl/pioneerbase_ws/src/install/navigation_core1/share/navigation_core1/hook/pythonpath.dsv'
[7.500s] INFO:colcon.colcon_core.shell:Creating environment hook '/home/rsl/pioneerbase_ws/src/install/navigation_core1/share/navigation_core1/hook/pythonpath.sh'
[7.501s] Level 1:colcon.colcon_core.environment:checking '/home/rsl/pioneerbase_ws/src/install/navigation_core1/bin'
[7.501s] Level 1:colcon.colcon_core.environment:create_environment_scripts_only(navigation_core1)
[7.539s] INFO:colcon.colcon_core.shell:Creating package script '/home/rsl/pioneerbase_ws/src/install/navigation_core1/share/navigation_core1/package.ps1'
[7.540s] INFO:colcon.colcon_core.shell:Creating package descriptor '/home/rsl/pioneerbase_ws/src/install/navigation_core1/share/navigation_core1/package.dsv'
[7.541s] INFO:colcon.colcon_core.shell:Creating package script '/home/rsl/pioneerbase_ws/src/install/navigation_core1/share/navigation_core1/package.sh'
[7.541s] INFO:colcon.colcon_core.shell:Creating package script '/home/rsl/pioneerbase_ws/src/install/navigation_core1/share/navigation_core1/package.bash'
[7.542s] INFO:colcon.colcon_core.shell:Creating package script '/home/rsl/pioneerbase_ws/src/install/navigation_core1/share/navigation_core1/package.zsh'
[7.542s] Level 1:colcon.colcon_core.environment:create_file_with_runtime_dependencies(/home/rsl/pioneerbase_ws/src/install/navigation_core1/share/colcon-core/packages/navigation_core1)
[7.544s] INFO:colcon.colcon_ros.task.ament_python.build:Building ROS package in '/home/rsl/pioneerbase_ws/src/navigation_core3' with build type 'ament_python'
[7.544s] Level 1:colcon.colcon_core.shell:create_environment_hook('navigation_core3', 'ament_prefix_path')
[7.571s] INFO:colcon.colcon_core.shell:Creating environment hook '/home/rsl/pioneerbase_ws/src/install/navigation_core3/share/navigation_core3/hook/ament_prefix_path.ps1'
[7.571s] INFO:colcon.colcon_core.shell:Creating environment descriptor '/home/rsl/pioneerbase_ws/src/install/navigation_core3/share/navigation_core3/hook/ament_prefix_path.dsv'
[7.572s] INFO:colcon.colcon_core.shell:Creating environment hook '/home/rsl/pioneerbase_ws/src/install/navigation_core3/share/navigation_core3/hook/ament_prefix_path.sh'
[7.598s] INFO:colcon.colcon_core.shell:Skip shell extension 'powershell' for command environment: Not usable outside of PowerShell
[7.599s] DEBUG:colcon.colcon_core.shell:Skip shell extension 'dsv' for command environment
[7.675s] INFO:colcon.colcon_ros.task.ament_python.build:Building ROS package in '/home/rsl/pioneerbase_ws/src/rover_teleop_joy' with build type 'ament_python'
[7.675s] Level 1:colcon.colcon_core.shell:create_environment_hook('rover_teleop_joy', 'ament_prefix_path')
[7.700s] INFO:colcon.colcon_core.shell:Creating environment hook '/home/rsl/pioneerbase_ws/src/install/rover_teleop_joy/share/rover_teleop_joy/hook/ament_prefix_path.ps1'
[7.701s] INFO:colcon.colcon_core.shell:Creating environment descriptor '/home/rsl/pioneerbase_ws/src/install/rover_teleop_joy/share/rover_teleop_joy/hook/ament_prefix_path.dsv'
[7.701s] INFO:colcon.colcon_core.shell:Creating environment hook '/home/rsl/pioneerbase_ws/src/install/rover_teleop_joy/share/rover_teleop_joy/hook/ament_prefix_path.sh'
[7.726s] INFO:colcon.colcon_core.shell:Skip shell extension 'powershell' for command environment: Not usable outside of PowerShell
[7.726s] DEBUG:colcon.colcon_core.shell:Skip shell extension 'dsv' for command environment
[8.195s] INFO:colcon.colcon_core.task.python.build:Building Python package in '/home/rsl/pioneerbase_ws/src/navigation_core2'
[8.220s] INFO:colcon.colcon_core.shell:Skip shell extension 'powershell' for command environment: Not usable outside of PowerShell
[8.221s] DEBUG:colcon.colcon_core.shell:Skip shell extension 'dsv' for command environment
[8.687s] INFO:colcon.colcon_core.task.python.build:Building Python package in '/home/rsl/pioneerbase_ws/src/navigation_core3'
[8.715s] INFO:colcon.colcon_core.shell:Skip shell extension 'powershell' for command environment: Not usable outside of PowerShell
[8.716s] DEBUG:colcon.colcon_core.shell:Skip shell extension 'dsv' for command environment
[9.203s] INFO:colcon.colcon_core.task.python.build:Building Python package in '/home/rsl/pioneerbase_ws/src/rover_teleop_joy'
[9.235s] INFO:colcon.colcon_core.shell:Skip shell extension 'powershell' for command environment: Not usable outside of PowerShell
[9.235s] DEBUG:colcon.colcon_core.shell:Skip shell extension 'dsv' for command environment
[9.922s] DEBUG:colcon.colcon_core.event_handler.log_command:Invoking command in '/home/rsl/pioneerbase_ws/src/navigation_core3': PYTHONPATH=/home/rsl/pioneerbase_ws/src/build/navigation_core3/prefix_override:/home/rsl/pioneerbase_ws/src/install/navigation_core3/lib/python3.10/site-packages:${PYTHONPATH} /usr/bin/python3 setup.py egg_info --egg-base ../build/navigation_core3 build --build-base /home/rsl/pioneerbase_ws/src/build/navigation_core3/build install --record /home/rsl/pioneerbase_ws/src/build/navigation_core3/install.log --single-version-externally-managed
[10.126s] DEBUG:colcon.colcon_core.event_handler.log_command:Invoking command in '/home/rsl/pioneerbase_ws/src/navigation_core2': PYTHONPATH=/home/rsl/pioneerbase_ws/src/build/navigation_core2/prefix_override:/home/rsl/pioneerbase_ws/src/install/navigation_core2/lib/python3.10/site-packages:${PYTHONPATH} /usr/bin/python3 setup.py egg_info --egg-base ../build/navigation_core2 build --build-base /home/rsl/pioneerbase_ws/src/build/navigation_core2/build install --record /home/rsl/pioneerbase_ws/src/build/navigation_core2/install.log --single-version-externally-managed
[10.237s] DEBUG:colcon.colcon_core.event_handler.log_command:Invoking command in '/home/rsl/pioneerbase_ws/src/rover_teleop_joy': PYTHONPATH=/home/rsl/pioneerbase_ws/src/build/rover_teleop_joy/prefix_override:/home/rsl/pioneerbase_ws/src/install/rover_teleop_joy/lib/python3.10/site-packages:${PYTHONPATH} /usr/bin/python3 setup.py egg_info --egg-base ../build/rover_teleop_joy build --build-base /home/rsl/pioneerbase_ws/src/build/rover_teleop_joy/build install --record /home/rsl/pioneerbase_ws/src/build/rover_teleop_joy/install.log --single-version-externally-managed
[10.605s] DEBUG:colcon.colcon_core.event_handler.log_command:Invoked command in '/home/rsl/pioneerbase_ws/src/navigation_core3' returned '0': PYTHONPATH=/home/rsl/pioneerbase_ws/src/build/navigation_core3/prefix_override:/home/rsl/pioneerbase_ws/src/install/navigation_core3/lib/python3.10/site-packages:${PYTHONPATH} /usr/bin/python3 setup.py egg_info --egg-base ../build/navigation_core3 build --build-base /home/rsl/pioneerbase_ws/src/build/navigation_core3/build install --record /home/rsl/pioneerbase_ws/src/build/navigation_core3/install.log --single-version-externally-managed
[10.640s] Level 1:colcon.colcon_core.environment:checking '/home/rsl/pioneerbase_ws/src/install/navigation_core3' for CMake module files
[10.642s] Level 1:colcon.colcon_core.environment:checking '/home/rsl/pioneerbase_ws/src/install/navigation_core3' for CMake config files
[10.642s] Level 1:colcon.colcon_core.environment:checking '/home/rsl/pioneerbase_ws/src/install/navigation_core3/lib'
[10.642s] Level 1:colcon.colcon_core.environment:checking '/home/rsl/pioneerbase_ws/src/install/navigation_core3/bin'
[10.643s] Level 1:colcon.colcon_core.environment:checking '/home/rsl/pioneerbase_ws/src/install/navigation_core3/lib/pkgconfig/navigation_core3.pc'
[10.643s] Level 1:colcon.colcon_core.environment:checking '/home/rsl/pioneerbase_ws/src/install/navigation_core3/lib/python3.10/site-packages'
[10.643s] Level 1:colcon.colcon_core.shell:create_environment_hook('navigation_core3', 'pythonpath')
[10.677s] INFO:colcon.colcon_core.shell:Creating environment hook '/home/rsl/pioneerbase_ws/src/install/navigation_core3/share/navigation_core3/hook/pythonpath.ps1'
[10.678s] INFO:colcon.colcon_core.shell:Creating environment descriptor '/home/rsl/pioneerbase_ws/src/install/navigation_core3/share/navigation_core3/hook/pythonpath.dsv'
[10.678s] INFO:colcon.colcon_core.shell:Creating environment hook '/home/rsl/pioneerbase_ws/src/install/navigation_core3/share/navigation_core3/hook/pythonpath.sh'
[10.679s] Level 1:colcon.colcon_core.environment:checking '/home/rsl/pioneerbase_ws/src/install/navigation_core3/bin'
[10.679s] Level 1:colcon.colcon_core.environment:create_environment_scripts_only(navigation_core3)
[10.714s] INFO:colcon.colcon_core.shell:Creating package script '/home/rsl/pioneerbase_ws/src/install/navigation_core3/share/navigation_core3/package.ps1'
[10.715s] INFO:colcon.colcon_core.shell:Creating package descriptor '/home/rsl/pioneerbase_ws/src/install/navigation_core3/share/navigation_core3/package.dsv'
[10.716s] INFO:colcon.colcon_core.shell:Creating package script '/home/rsl/pioneerbase_ws/src/install/navigation_core3/share/navigation_core3/package.sh'
[10.717s] INFO:colcon.colcon_core.shell:Creating package script '/home/rsl/pioneerbase_ws/src/install/navigation_core3/share/navigation_core3/package.bash'
[10.718s] INFO:colcon.colcon_core.shell:Creating package script '/home/rsl/pioneerbase_ws/src/install/navigation_core3/share/navigation_core3/package.zsh'
[10.719s] Level 1:colcon.colcon_core.environment:create_file_with_runtime_dependencies(/home/rsl/pioneerbase_ws/src/install/navigation_core3/share/colcon-core/packages/navigation_core3)
[10.915s] DEBUG:colcon.colcon_core.event_handler.log_command:Invoked command in '/home/rsl/pioneerbase_ws/src/navigation_core2' returned '0': PYTHONPATH=/home/rsl/pioneerbase_ws/src/build/navigation_core2/prefix_override:/home/rsl/pioneerbase_ws/src/install/navigation_core2/lib/python3.10/site-packages:${PYTHONPATH} /usr/bin/python3 setup.py egg_info --egg-base ../build/navigation_core2 build --build-base /home/rsl/pioneerbase_ws/src/build/navigation_core2/build install --record /home/rsl/pioneerbase_ws/src/build/navigation_core2/install.log --single-version-externally-managed
[10.960s] Level 1:colcon.colcon_core.environment:checking '/home/rsl/pioneerbase_ws/src/install/navigation_core2' for CMake module files
[10.962s] Level 1:colcon.colcon_core.environment:checking '/home/rsl/pioneerbase_ws/src/install/navigation_core2' for CMake config files
[10.963s] Level 1:colcon.colcon_core.environment:checking '/home/rsl/pioneerbase_ws/src/install/navigation_core2/lib'
[10.963s] Level 1:colcon.colcon_core.environment:checking '/home/rsl/pioneerbase_ws/src/install/navigation_core2/bin'
[10.963s] Level 1:colcon.colcon_core.environment:checking '/home/rsl/pioneerbase_ws/src/install/navigation_core2/lib/pkgconfig/navigation_core2.pc'
[10.963s] Level 1:colcon.colcon_core.environment:checking '/home/rsl/pioneerbase_ws/src/install/navigation_core2/lib/python3.10/site-packages'
[10.964s] Level 1:colcon.colcon_core.shell:create_environment_hook('navigation_core2', 'pythonpath')
[11.005s] INFO:colcon.colcon_core.shell:Creating environment hook '/home/rsl/pioneerbase_ws/src/install/navigation_core2/share/navigation_core2/hook/pythonpath.ps1'
[11.006s] INFO:colcon.colcon_core.shell:Creating environment descriptor '/home/rsl/pioneerbase_ws/src/install/navigation_core2/share/navigation_core2/hook/pythonpath.dsv'
[11.007s] INFO:colcon.colcon_core.shell:Creating environment hook '/home/rsl/pioneerbase_ws/src/install/navigation_core2/share/navigation_core2/hook/pythonpath.sh'
[11.008s] Level 1:colcon.colcon_core.environment:checking '/home/rsl/pioneerbase_ws/src/install/navigation_core2/bin'
[11.008s] Level 1:colcon.colcon_core.environment:create_environment_scripts_only(navigation_core2)
[11.040s] INFO:colcon.colcon_core.shell:Creating package script '/home/rsl/pioneerbase_ws/src/install/navigation_core2/share/navigation_core2/package.ps1'
[11.041s] INFO:colcon.colcon_core.shell:Creating package descriptor '/home/rsl/pioneerbase_ws/src/install/navigation_core2/share/navigation_core2/package.dsv'
[11.041s] INFO:colcon.colcon_core.shell:Creating package script '/home/rsl/pioneerbase_ws/src/install/navigation_core2/share/navigation_core2/package.sh'
[11.042s] INFO:colcon.colcon_core.shell:Creating package script '/home/rsl/pioneerbase_ws/src/install/navigation_core2/share/navigation_core2/package.bash'
[11.043s] INFO:colcon.colcon_core.shell:Creating package script '/home/rsl/pioneerbase_ws/src/install/navigation_core2/share/navigation_core2/package.zsh'
[11.043s] Level 1:colcon.colcon_core.environment:create_file_with_runtime_dependencies(/home/rsl/pioneerbase_ws/src/install/navigation_core2/share/colcon-core/packages/navigation_core2)
[11.046s] DEBUG:colcon.colcon_core.event_handler.log_command:Invoked command in '/home/rsl/pioneerbase_ws/src/rover_teleop_joy' returned '0': PYTHONPATH=/home/rsl/pioneerbase_ws/src/build/rover_teleop_joy/prefix_override:/home/rsl/pioneerbase_ws/src/install/rover_teleop_joy/lib/python3.10/site-packages:${PYTHONPATH} /usr/bin/python3 setup.py egg_info --egg-base ../build/rover_teleop_joy build --build-base /home/rsl/pioneerbase_ws/src/build/rover_teleop_joy/build install --record /home/rsl/pioneerbase_ws/src/build/rover_teleop_joy/install.log --single-version-externally-managed
[11.071s] Level 1:colcon.colcon_core.environment:checking '/home/rsl/pioneerbase_ws/src/install/rover_teleop_joy' for CMake module files
[11.071s] Level 1:colcon.colcon_core.environment:checking '/home/rsl/pioneerbase_ws/src/install/rover_teleop_joy' for CMake config files
[11.072s] Level 1:colcon.colcon_core.environment:checking '/home/rsl/pioneerbase_ws/src/install/rover_teleop_joy/lib'
[11.072s] Level 1:colcon.colcon_core.environment:checking '/home/rsl/pioneerbase_ws/src/install/rover_teleop_joy/bin'
[11.072s] Level 1:colcon.colcon_core.environment:checking '/home/rsl/pioneerbase_ws/src/install/rover_teleop_joy/lib/pkgconfig/rover_teleop_joy.pc'
[11.073s] Level 1:colcon.colcon_core.environment:checking '/home/rsl/pioneerbase_ws/src/install/rover_teleop_joy/lib/python3.10/site-packages'
[11.073s] Level 1:colcon.colcon_core.shell:create_environment_hook('rover_teleop_joy', 'pythonpath')
[11.098s] INFO:colcon.colcon_core.shell:Creating environment hook '/home/rsl/pioneerbase_ws/src/install/rover_teleop_joy/share/rover_teleop_joy/hook/pythonpath.ps1'
[11.098s] INFO:colcon.colcon_core.shell:Creating environment descriptor '/home/rsl/pioneerbase_ws/src/install/rover_teleop_joy/share/rover_teleop_joy/hook/pythonpath.dsv'
[11.099s] INFO:colcon.colcon_core.shell:Creating environment hook '/home/rsl/pioneerbase_ws/src/install/rover_teleop_joy/share/rover_teleop_joy/hook/pythonpath.sh'
[11.099s] Level 1:colcon.colcon_core.environment:checking '/home/rsl/pioneerbase_ws/src/install/rover_teleop_joy/bin'
[11.100s] Level 1:colcon.colcon_core.environment:create_environment_scripts_only(rover_teleop_joy)
[11.124s] INFO:colcon.colcon_core.shell:Creating package script '/home/rsl/pioneerbase_ws/src/install/rover_teleop_joy/share/rover_teleop_joy/package.ps1'
[11.125s] INFO:colcon.colcon_core.shell:Creating package descriptor '/home/rsl/pioneerbase_ws/src/install/rover_teleop_joy/share/rover_teleop_joy/package.dsv'
[11.125s] INFO:colcon.colcon_core.shell:Creating package script '/home/rsl/pioneerbase_ws/src/install/rover_teleop_joy/share/rover_teleop_joy/package.sh'
[11.126s] INFO:colcon.colcon_core.shell:Creating package script '/home/rsl/pioneerbase_ws/src/install/rover_teleop_joy/share/rover_teleop_joy/package.bash'
[11.126s] INFO:colcon.colcon_core.shell:Creating package script '/home/rsl/pioneerbase_ws/src/install/rover_teleop_joy/share/rover_teleop_joy/package.zsh'
[11.127s] Level 1:colcon.colcon_core.environment:create_file_with_runtime_dependencies(/home/rsl/pioneerbase_ws/src/install/rover_teleop_joy/share/colcon-core/packages/rover_teleop_joy)
[11.127s] DEBUG:colcon.colcon_parallel_executor.executor.parallel:closing loop
[11.128s] DEBUG:colcon.colcon_parallel_executor.executor.parallel:loop closed
[11.128s] DEBUG:colcon.colcon_parallel_executor.executor.parallel:run_until_complete finished with '0'
[11.128s] DEBUG:colcon.colcon_core.event_reactor:joining thread
[11.226s] INFO:colcon.colcon_core.plugin_system:Skipping extension 'colcon_notification.desktop_notification.terminal_notifier': Not used on non-Darwin systems
[11.226s] INFO:colcon.colcon_core.plugin_system:Skipping extension 'colcon_notification.desktop_notification.win32': Not used on non-Windows systems
[11.226s] INFO:colcon.colcon_notification.desktop_notification:Sending desktop notification using 'notify2'
[11.263s] DEBUG:colcon.colcon_core.event_reactor:joined thread
[11.301s] INFO:colcon.colcon_core.shell:Creating prefix script '/home/rsl/pioneerbase_ws/src/install/local_setup.ps1'
[11.303s] INFO:colcon.colcon_core.shell:Creating prefix util module '/home/rsl/pioneerbase_ws/src/install/_local_setup_util_ps1.py'
[11.304s] INFO:colcon.colcon_core.shell:Creating prefix chain script '/home/rsl/pioneerbase_ws/src/install/setup.ps1'
[11.337s] INFO:colcon.colcon_core.shell:Creating prefix script '/home/rsl/pioneerbase_ws/src/install/local_setup.sh'
[11.337s] INFO:colcon.colcon_core.shell:Creating prefix util module '/home/rsl/pioneerbase_ws/src/install/_local_setup_util_sh.py'
[11.338s] INFO:colcon.colcon_core.shell:Creating prefix chain script '/home/rsl/pioneerbase_ws/src/install/setup.sh'
[11.368s] INFO:colcon.colcon_core.shell:Creating prefix script '/home/rsl/pioneerbase_ws/src/install/local_setup.bash'
[11.369s] INFO:colcon.colcon_core.shell:Creating prefix chain script '/home/rsl/pioneerbase_ws/src/install/setup.bash'
[11.399s] INFO:colcon.colcon_core.shell:Creating prefix script '/home/rsl/pioneerbase_ws/src/install/local_setup.zsh'
[11.400s] INFO:colcon.colcon_core.shell:Creating prefix chain script '/home/rsl/pioneerbase_ws/src/install/setup.zsh'
