[3.521s] Invoking command in '/home/rsl/pioneerbase_ws/src/bs_launch': PYTHONPATH=/home/rsl/pioneerbase_ws/src/build/bs_launch/prefix_override:/home/rsl/pioneerbase_ws/src/install/bs_launch/lib/python3.10/site-packages:${PYTHONPATH} /usr/bin/python3 setup.py egg_info --egg-base ../build/bs_launch build --build-base /home/rsl/pioneerbase_ws/src/build/bs_launch/build install --record /home/rsl/pioneerbase_ws/src/build/bs_launch/install.log --single-version-externally-managed
[4.230s] running egg_info
[4.231s] creating ../build/bs_launch/UNKNOWN.egg-info
[4.231s] writing ../build/bs_launch/UNKNOWN.egg-info/PKG-INFO
[4.232s] writing dependency_links to ../build/bs_launch/UNKNOWN.egg-info/dependency_links.txt
[4.232s] writing top-level names to ../build/bs_launch/UNKNOWN.egg-info/top_level.txt
[4.233s] writing manifest file '../build/bs_launch/UNKNOWN.egg-info/SOURCES.txt'
[4.234s] reading manifest file '../build/bs_launch/UNKNOWN.egg-info/SOURCES.txt'
[4.236s] writing manifest file '../build/bs_launch/UNKNOWN.egg-info/SOURCES.txt'
[4.237s] running build
[4.237s] running install
[4.238s] /usr/lib/python3/dist-packages/setuptools/command/install.py:34: SetuptoolsDeprecationWarning: setup.py install is deprecated. Use build and pip and other standards-based tools.
[4.238s]   warnings.warn(
[4.238s] running install_data
[4.239s] creating /home/rsl/pioneerbase_ws/src/install/bs_launch/share/bs_launch/launch
[4.239s] copying launch/station.launch.py -> /home/rsl/pioneerbase_ws/src/install/bs_launch/share/bs_launch/launch
[4.239s] running install_egg_info
[4.247s] Copying ../build/bs_launch/UNKNOWN.egg-info to /home/rsl/pioneerbase_ws/src/install/bs_launch/lib/python3.10/site-packages/UNKNOWN-0.0.0-py3.10.egg-info
[4.248s] running install_scripts
[4.297s] writing list of installed files to '/home/rsl/pioneerbase_ws/src/build/bs_launch/install.log'
[4.373s] Invoked command in '/home/rsl/pioneerbase_ws/src/bs_launch' returned '0': PYTHONPATH=/home/rsl/pioneerbase_ws/src/build/bs_launch/prefix_override:/home/rsl/pioneerbase_ws/src/install/bs_launch/lib/python3.10/site-packages:${PYTHONPATH} /usr/bin/python3 setup.py egg_info --egg-base ../build/bs_launch build --build-base /home/rsl/pioneerbase_ws/src/build/bs_launch/build install --record /home/rsl/pioneerbase_ws/src/build/bs_launch/install.log --single-version-externally-managed
