running egg_info
creating ../build/bs_launch/bs_launch.egg-info
writing ../build/bs_launch/bs_launch.egg-info/PKG-INFO
writing dependency_links to ../build/bs_launch/bs_launch.egg-info/dependency_links.txt
writing entry points to ../build/bs_launch/bs_launch.egg-info/entry_points.txt
writing requirements to ../build/bs_launch/bs_launch.egg-info/requires.txt
writing top-level names to ../build/bs_launch/bs_launch.egg-info/top_level.txt
writing manifest file '../build/bs_launch/bs_launch.egg-info/SOURCES.txt'
reading manifest file '../build/bs_launch/bs_launch.egg-info/SOURCES.txt'
writing manifest file '../build/bs_launch/bs_launch.egg-info/SOURCES.txt'
running build
running build_py
creating /home/rsl/pioneerbase_ws/src/build/bs_launch/build
creating /home/rsl/pioneerbase_ws/src/build/bs_launch/build/lib
creating /home/rsl/pioneerbase_ws/src/build/bs_launch/build/lib/bs_launch
copying bs_launch/launch.py -> /home/rsl/pioneerbase_ws/src/build/bs_launch/build/lib/bs_launch
copying bs_launch/__init__.py -> /home/rsl/pioneerbase_ws/src/build/bs_launch/build/lib/bs_launch
running install
running install_lib
creating /home/rsl/pioneerbase_ws/src/install/bs_launch/lib/python3.10/site-packages/bs_launch
copying /home/rsl/pioneerbase_ws/src/build/bs_launch/build/lib/bs_launch/launch.py -> /home/rsl/pioneerbase_ws/src/install/bs_launch/lib/python3.10/site-packages/bs_launch
copying /home/rsl/pioneerbase_ws/src/build/bs_launch/build/lib/bs_launch/__init__.py -> /home/rsl/pioneerbase_ws/src/install/bs_launch/lib/python3.10/site-packages/bs_launch
byte-compiling /home/rsl/pioneerbase_ws/src/install/bs_launch/lib/python3.10/site-packages/bs_launch/launch.py to launch.cpython-310.pyc
byte-compiling /home/rsl/pioneerbase_ws/src/install/bs_launch/lib/python3.10/site-packages/bs_launch/__init__.py to __init__.cpython-310.pyc
running install_data
creating /home/rsl/pioneerbase_ws/src/install/bs_launch/share/ament_index
creating /home/rsl/pioneerbase_ws/src/install/bs_launch/share/ament_index/resource_index
creating /home/rsl/pioneerbase_ws/src/install/bs_launch/share/ament_index/resource_index/packages
copying resource/bs_launch -> /home/rsl/pioneerbase_ws/src/install/bs_launch/share/ament_index/resource_index/packages
copying package.xml -> /home/rsl/pioneerbase_ws/src/install/bs_launch/share/bs_launch
running install_egg_info
Copying ../build/bs_launch/bs_launch.egg-info to /home/rsl/pioneerbase_ws/src/install/bs_launch/lib/python3.10/site-packages/bs_launch-0.0.0-py3.10.egg-info
running install_scripts
writing list of installed files to '/home/rsl/pioneerbase_ws/src/build/bs_launch/install.log'
