[4.481s] Invoking command in '/home/rsl/pioneerbase_ws/src/bs_launch': PYTHONPATH=/home/rsl/pioneerbase_ws/src/build/bs_launch/prefix_override:/home/rsl/pioneerbase_ws/src/install/bs_launch/lib/python3.10/site-packages:${PYTHONPATH} /usr/bin/python3 setup.py egg_info --egg-base ../build/bs_launch build --build-base /home/rsl/pioneerbase_ws/src/build/bs_launch/build install --record /home/rsl/pioneerbase_ws/src/build/bs_launch/install.log --single-version-externally-managed
[5.166s] running egg_info
[5.168s] creating ../build/bs_launch/bs_launch.egg-info
[5.168s] writing ../build/bs_launch/bs_launch.egg-info/PKG-INFO
[5.169s] writing dependency_links to ../build/bs_launch/bs_launch.egg-info/dependency_links.txt
[5.169s] writing entry points to ../build/bs_launch/bs_launch.egg-info/entry_points.txt
[5.169s] writing requirements to ../build/bs_launch/bs_launch.egg-info/requires.txt
[5.169s] writing top-level names to ../build/bs_launch/bs_launch.egg-info/top_level.txt
[5.170s] writing manifest file '../build/bs_launch/bs_launch.egg-info/SOURCES.txt'
[5.173s] reading manifest file '../build/bs_launch/bs_launch.egg-info/SOURCES.txt'
[5.174s] writing manifest file '../build/bs_launch/bs_launch.egg-info/SOURCES.txt'
[5.174s] running build
[5.174s] running build_py
[5.174s] creating /home/rsl/pioneerbase_ws/src/build/bs_launch/build
[5.175s] creating /home/rsl/pioneerbase_ws/src/build/bs_launch/build/lib
[5.175s] creating /home/rsl/pioneerbase_ws/src/build/bs_launch/build/lib/bs_launch
[5.175s] copying bs_launch/launch.py -> /home/rsl/pioneerbase_ws/src/build/bs_launch/build/lib/bs_launch
[5.175s] copying bs_launch/__init__.py -> /home/rsl/pioneerbase_ws/src/build/bs_launch/build/lib/bs_launch
[5.175s] running install
[5.208s] /usr/lib/python3/dist-packages/setuptools/command/install.py:34: SetuptoolsDeprecationWarning: setup.py install is deprecated. Use build and pip and other standards-based tools.
[5.208s]   warnings.warn(
[5.209s] running install_lib
[5.210s] creating /home/rsl/pioneerbase_ws/src/install/bs_launch/lib/python3.10/site-packages/bs_launch
[5.211s] copying /home/rsl/pioneerbase_ws/src/build/bs_launch/build/lib/bs_launch/launch.py -> /home/rsl/pioneerbase_ws/src/install/bs_launch/lib/python3.10/site-packages/bs_launch
[5.211s] copying /home/rsl/pioneerbase_ws/src/build/bs_launch/build/lib/bs_launch/__init__.py -> /home/rsl/pioneerbase_ws/src/install/bs_launch/lib/python3.10/site-packages/bs_launch
[5.213s] byte-compiling /home/rsl/pioneerbase_ws/src/install/bs_launch/lib/python3.10/site-packages/bs_launch/launch.py to launch.cpython-310.pyc
[5.213s] byte-compiling /home/rsl/pioneerbase_ws/src/install/bs_launch/lib/python3.10/site-packages/bs_launch/__init__.py to __init__.cpython-310.pyc
[5.214s] running install_data
[5.214s] creating /home/rsl/pioneerbase_ws/src/install/bs_launch/share/ament_index
[5.214s] creating /home/rsl/pioneerbase_ws/src/install/bs_launch/share/ament_index/resource_index
[5.215s] creating /home/rsl/pioneerbase_ws/src/install/bs_launch/share/ament_index/resource_index/packages
[5.215s] copying resource/bs_launch -> /home/rsl/pioneerbase_ws/src/install/bs_launch/share/ament_index/resource_index/packages
[5.215s] copying package.xml -> /home/rsl/pioneerbase_ws/src/install/bs_launch/share/bs_launch
[5.217s] running install_egg_info
[5.217s] Copying ../build/bs_launch/bs_launch.egg-info to /home/rsl/pioneerbase_ws/src/install/bs_launch/lib/python3.10/site-packages/bs_launch-0.0.0-py3.10.egg-info
[5.218s] running install_scripts
[5.256s] writing list of installed files to '/home/rsl/pioneerbase_ws/src/build/bs_launch/install.log'
[5.997s] Invoked command in '/home/rsl/pioneerbase_ws/src/bs_launch' returned '0': PYTHONPATH=/home/rsl/pioneerbase_ws/src/build/bs_launch/prefix_override:/home/rsl/pioneerbase_ws/src/install/bs_launch/lib/python3.10/site-packages:${PYTHONPATH} /usr/bin/python3 setup.py egg_info --egg-base ../build/bs_launch build --build-base /home/rsl/pioneerbase_ws/src/build/bs_launch/build install --record /home/rsl/pioneerbase_ws/src/build/bs_launch/install.log --single-version-externally-managed
