[3.908s] Invoking command in '/home/rsl/pioneerbase_ws/src/mode_select': PYTHONPATH=/home/rsl/pioneerbase_ws/build/mode_select/prefix_override:/home/rsl/pioneerbase_ws/install/mode_select/lib/python3.10/site-packages:${PYTHONPATH} /usr/bin/python3 setup.py egg_info --egg-base ../../build/mode_select build --build-base /home/rsl/pioneerbase_ws/build/mode_select/build install --record /home/rsl/pioneerbase_ws/build/mode_select/install.log --single-version-externally-managed
[4.561s] running egg_info
[4.563s] writing ../../build/mode_select/mode_select.egg-info/PKG-INFO
[4.731s] writing dependency_links to ../../build/mode_select/mode_select.egg-info/dependency_links.txt
[4.749s] writing entry points to ../../build/mode_select/mode_select.egg-info/entry_points.txt
[4.779s] writing requirements to ../../build/mode_select/mode_select.egg-info/requires.txt
[4.849s] writing top-level names to ../../build/mode_select/mode_select.egg-info/top_level.txt
[4.879s] reading manifest file '../../build/mode_select/mode_select.egg-info/SOURCES.txt'
[4.920s] writing manifest file '../../build/mode_select/mode_select.egg-info/SOURCES.txt'
[4.920s] running build
[4.920s] running build_py
[4.923s] running install
[4.985s] /usr/lib/python3/dist-packages/setuptools/command/install.py:34: SetuptoolsDeprecationWarning: setup.py install is deprecated. Use build and pip and other standards-based tools.
[4.985s]   warnings.warn(
[4.985s] running install_lib
[4.986s] running install_data
[4.987s] running install_egg_info
[4.988s] removing '/home/rsl/pioneerbase_ws/install/mode_select/lib/python3.10/site-packages/mode_select-0.0.0-py3.10.egg-info' (and everything under it)
[4.988s] Copying ../../build/mode_select/mode_select.egg-info to /home/rsl/pioneerbase_ws/install/mode_select/lib/python3.10/site-packages/mode_select-0.0.0-py3.10.egg-info
[5.026s] running install_scripts
[5.080s] Installing mode_select script to /home/rsl/pioneerbase_ws/install/mode_select/lib/mode_select
[5.080s] writing list of installed files to '/home/rsl/pioneerbase_ws/build/mode_select/install.log'
[5.413s] Invoked command in '/home/rsl/pioneerbase_ws/src/mode_select' returned '0': PYTHONPATH=/home/rsl/pioneerbase_ws/build/mode_select/prefix_override:/home/rsl/pioneerbase_ws/install/mode_select/lib/python3.10/site-packages:${PYTHONPATH} /usr/bin/python3 setup.py egg_info --egg-base ../../build/mode_select build --build-base /home/rsl/pioneerbase_ws/build/mode_select/build install --record /home/rsl/pioneerbase_ws/build/mode_select/install.log --single-version-externally-managed
