[1.664s] DEBUG:colcon:Command line arguments: ['/usr/bin/colcon', 'build']
[1.664s] DEBUG:colcon:Parsed command line arguments: Namespace(log_base=None, log_level=None, verb_name='build', build_base='build', install_base='install', merge_install=False, symlink_install=False, test_result_base=None, continue_on_error=False, executor='parallel', parallel_workers=4, event_handlers=None, ignore_user_meta=False, metas=['./colcon.meta'], base_paths=['.'], packages_ignore=None, packages_ignore_regex=None, paths=None, packages_up_to=None, packages_up_to_regex=None, packages_above=None, packages_above_and_dependencies=None, packages_above_depth=None, packages_select_by_dep=None, packages_skip_by_dep=None, packages_skip_up_to=None, packages_select_build_failed=False, packages_skip_build_finished=False, packages_select_test_failures=False, packages_skip_test_passed=False, packages_select=None, packages_skip=None, packages_select_regex=None, packages_skip_regex=None, packages_start=None, packages_end=None, allow_overriding=[], cmake_args=None, cmake_target=None, cmake_target_skip_unavailable=False, cmake_clean_cache=False, cmake_clean_first=False, cmake_force_configure=False, ament_cmake_args=None, catkin_cmake_args=None, catkin_skip_building_tests=False, verb_parser=<colcon_defaults.argument_parser.defaults.DefaultArgumentsDecorator object at 0x7f4399023bb0>, verb_extension=<colcon_core.verb.build.BuildVerb object at 0x7f43994c3d30>, main=<bound method BuildVerb.main of <colcon_core.verb.build.BuildVerb object at 0x7f43994c3d30>>)
[1.737s] Level 1:colcon.colcon_core.package_discovery:discover_packages(colcon_meta) check parameters
[1.738s] Level 1:colcon.colcon_core.package_discovery:discover_packages(recursive) check parameters
[1.738s] Level 1:colcon.colcon_core.package_discovery:discover_packages(ignore) check parameters
[1.738s] Level 1:colcon.colcon_core.package_discovery:discover_packages(path) check parameters
[1.738s] Level 1:colcon.colcon_core.package_discovery:discover_packages(colcon_meta) discover
[1.738s] Level 1:colcon.colcon_core.package_discovery:discover_packages(recursive) discover
[1.738s] INFO:colcon.colcon_core.package_discovery:Crawling recursively for packages in '/home/rsl/pioneerbase_ws'
[1.738s] Level 1:colcon.colcon_core.package_identification:_identify(.) by extensions ['ignore', 'ignore_ament_install']
[1.738s] Level 1:colcon.colcon_core.package_identification:_identify(.) by extension 'ignore'
[1.738s] Level 1:colcon.colcon_core.package_identification:_identify(.) by extension 'ignore_ament_install'
[1.738s] Level 1:colcon.colcon_core.package_identification:_identify(.) by extensions ['colcon_pkg']
[1.739s] Level 1:colcon.colcon_core.package_identification:_identify(.) by extension 'colcon_pkg'
[1.739s] Level 1:colcon.colcon_core.package_identification:_identify(.) by extensions ['colcon_meta']
[1.739s] Level 1:colcon.colcon_core.package_identification:_identify(.) by extension 'colcon_meta'
[1.739s] Level 1:colcon.colcon_core.package_identification:_identify(.) by extensions ['ros']
[1.739s] Level 1:colcon.colcon_core.package_identification:_identify(.) by extension 'ros'
[1.755s] Level 1:colcon.colcon_core.package_identification:_identify(.) by extensions ['cmake', 'python']
[1.755s] Level 1:colcon.colcon_core.package_identification:_identify(.) by extension 'cmake'
[1.755s] Level 1:colcon.colcon_core.package_identification:_identify(.) by extension 'python'
[1.755s] Level 1:colcon.colcon_core.package_identification:_identify(.) by extensions ['python_setup_py']
[1.755s] Level 1:colcon.colcon_core.package_identification:_identify(.) by extension 'python_setup_py'
[1.755s] Level 1:colcon.colcon_core.package_identification:_identify(build) by extensions ['ignore', 'ignore_ament_install']
[1.756s] Level 1:colcon.colcon_core.package_identification:_identify(build) by extension 'ignore'
[1.756s] Level 1:colcon.colcon_core.package_identification:_identify(build) ignored
[1.756s] Level 1:colcon.colcon_core.package_identification:_identify(install) by extensions ['ignore', 'ignore_ament_install']
[1.756s] Level 1:colcon.colcon_core.package_identification:_identify(install) by extension 'ignore'
[1.756s] Level 1:colcon.colcon_core.package_identification:_identify(install) ignored
[1.756s] Level 1:colcon.colcon_core.package_identification:_identify(log) by extensions ['ignore', 'ignore_ament_install']
[1.756s] Level 1:colcon.colcon_core.package_identification:_identify(log) by extension 'ignore'
[1.756s] Level 1:colcon.colcon_core.package_identification:_identify(log) ignored
[1.757s] Level 1:colcon.colcon_core.package_identification:_identify(navMar8) by extensions ['ignore', 'ignore_ament_install']
[1.757s] Level 1:colcon.colcon_core.package_identification:_identify(navMar8) by extension 'ignore'
[1.757s] Level 1:colcon.colcon_core.package_identification:_identify(navMar8) by extension 'ignore_ament_install'
[1.757s] Level 1:colcon.colcon_core.package_identification:_identify(navMar8) by extensions ['colcon_pkg']
[1.757s] Level 1:colcon.colcon_core.package_identification:_identify(navMar8) by extension 'colcon_pkg'
[1.757s] Level 1:colcon.colcon_core.package_identification:_identify(navMar8) by extensions ['colcon_meta']
[1.757s] Level 1:colcon.colcon_core.package_identification:_identify(navMar8) by extension 'colcon_meta'
[1.757s] Level 1:colcon.colcon_core.package_identification:_identify(navMar8) by extensions ['ros']
[1.757s] Level 1:colcon.colcon_core.package_identification:_identify(navMar8) by extension 'ros'
[1.757s] Level 1:colcon.colcon_core.package_identification:_identify(navMar8) by extensions ['cmake', 'python']
[1.757s] Level 1:colcon.colcon_core.package_identification:_identify(navMar8) by extension 'cmake'
[1.757s] Level 1:colcon.colcon_core.package_identification:_identify(navMar8) by extension 'python'
[1.757s] Level 1:colcon.colcon_core.package_identification:_identify(navMar8) by extensions ['python_setup_py']
[1.757s] Level 1:colcon.colcon_core.package_identification:_identify(navMar8) by extension 'python_setup_py'
[1.758s] Level 1:colcon.colcon_core.package_identification:_identify(src) by extensions ['ignore', 'ignore_ament_install']
[1.758s] Level 1:colcon.colcon_core.package_identification:_identify(src) by extension 'ignore'
[1.758s] Level 1:colcon.colcon_core.package_identification:_identify(src) by extension 'ignore_ament_install'
[1.758s] Level 1:colcon.colcon_core.package_identification:_identify(src) by extensions ['colcon_pkg']
[1.758s] Level 1:colcon.colcon_core.package_identification:_identify(src) by extension 'colcon_pkg'
[1.758s] Level 1:colcon.colcon_core.package_identification:_identify(src) by extensions ['colcon_meta']
[1.758s] Level 1:colcon.colcon_core.package_identification:_identify(src) by extension 'colcon_meta'
[1.758s] Level 1:colcon.colcon_core.package_identification:_identify(src) by extensions ['ros']
[1.758s] Level 1:colcon.colcon_core.package_identification:_identify(src) by extension 'ros'
[1.758s] Level 1:colcon.colcon_core.package_identification:_identify(src) by extensions ['cmake', 'python']
[1.758s] Level 1:colcon.colcon_core.package_identification:_identify(src) by extension 'cmake'
[1.758s] Level 1:colcon.colcon_core.package_identification:_identify(src) by extension 'python'
[1.759s] Level 1:colcon.colcon_core.package_identification:_identify(src) by extensions ['python_setup_py']
[1.759s] Level 1:colcon.colcon_core.package_identification:_identify(src) by extension 'python_setup_py'
[1.759s] Level 1:colcon.colcon_core.package_identification:_identify(src/bs_launch) by extensions ['ignore', 'ignore_ament_install']
[1.759s] Level 1:colcon.colcon_core.package_identification:_identify(src/bs_launch) by extension 'ignore'
[1.759s] Level 1:colcon.colcon_core.package_identification:_identify(src/bs_launch) by extension 'ignore_ament_install'
[1.759s] Level 1:colcon.colcon_core.package_identification:_identify(src/bs_launch) by extensions ['colcon_pkg']
[1.759s] Level 1:colcon.colcon_core.package_identification:_identify(src/bs_launch) by extension 'colcon_pkg'
[1.759s] Level 1:colcon.colcon_core.package_identification:_identify(src/bs_launch) by extensions ['colcon_meta']
[1.759s] Level 1:colcon.colcon_core.package_identification:_identify(src/bs_launch) by extension 'colcon_meta'
[1.759s] Level 1:colcon.colcon_core.package_identification:_identify(src/bs_launch) by extensions ['ros']
[1.759s] Level 1:colcon.colcon_core.package_identification:_identify(src/bs_launch) by extension 'ros'
[1.762s] DEBUG:colcon.colcon_core.package_identification:Package 'src/bs_launch' with type 'ros.ament_cmake' and name 'bs_launch'
[1.763s] Level 1:colcon.colcon_core.package_identification:_identify(src/build) by extensions ['ignore', 'ignore_ament_install']
[1.763s] Level 1:colcon.colcon_core.package_identification:_identify(src/build) by extension 'ignore'
[1.763s] Level 1:colcon.colcon_core.package_identification:_identify(src/build) ignored
[1.763s] Level 1:colcon.colcon_core.package_identification:_identify(src/gps_target_push) by extensions ['ignore', 'ignore_ament_install']
[1.763s] Level 1:colcon.colcon_core.package_identification:_identify(src/gps_target_push) by extension 'ignore'
[1.763s] Level 1:colcon.colcon_core.package_identification:_identify(src/gps_target_push) by extension 'ignore_ament_install'
[1.763s] Level 1:colcon.colcon_core.package_identification:_identify(src/gps_target_push) by extensions ['colcon_pkg']
[1.763s] Level 1:colcon.colcon_core.package_identification:_identify(src/gps_target_push) by extension 'colcon_pkg'
[1.763s] Level 1:colcon.colcon_core.package_identification:_identify(src/gps_target_push) by extensions ['colcon_meta']
[1.763s] Level 1:colcon.colcon_core.package_identification:_identify(src/gps_target_push) by extension 'colcon_meta'
[1.764s] Level 1:colcon.colcon_core.package_identification:_identify(src/gps_target_push) by extensions ['ros']
[1.764s] Level 1:colcon.colcon_core.package_identification:_identify(src/gps_target_push) by extension 'ros'
[1.764s] DEBUG:colcon.colcon_core.package_identification:Package 'src/gps_target_push' with type 'ros.ament_python' and name 'gps_target_push'
[1.764s] Level 1:colcon.colcon_core.package_identification:_identify(src/install) by extensions ['ignore', 'ignore_ament_install']
[1.764s] Level 1:colcon.colcon_core.package_identification:_identify(src/install) by extension 'ignore'
[1.764s] Level 1:colcon.colcon_core.package_identification:_identify(src/install) ignored
[1.765s] Level 1:colcon.colcon_core.package_identification:_identify(src/log) by extensions ['ignore', 'ignore_ament_install']
[1.765s] Level 1:colcon.colcon_core.package_identification:_identify(src/log) by extension 'ignore'
[1.765s] Level 1:colcon.colcon_core.package_identification:_identify(src/log) ignored
[1.765s] Level 1:colcon.colcon_core.package_identification:_identify(src/mode_select) by extensions ['ignore', 'ignore_ament_install']
[1.765s] Level 1:colcon.colcon_core.package_identification:_identify(src/mode_select) by extension 'ignore'
[1.765s] Level 1:colcon.colcon_core.package_identification:_identify(src/mode_select) by extension 'ignore_ament_install'
[1.765s] Level 1:colcon.colcon_core.package_identification:_identify(src/mode_select) by extensions ['colcon_pkg']
[1.765s] Level 1:colcon.colcon_core.package_identification:_identify(src/mode_select) by extension 'colcon_pkg'
[1.765s] Level 1:colcon.colcon_core.package_identification:_identify(src/mode_select) by extensions ['colcon_meta']
[1.765s] Level 1:colcon.colcon_core.package_identification:_identify(src/mode_select) by extension 'colcon_meta'
[1.765s] Level 1:colcon.colcon_core.package_identification:_identify(src/mode_select) by extensions ['ros']
[1.765s] Level 1:colcon.colcon_core.package_identification:_identify(src/mode_select) by extension 'ros'
[1.766s] DEBUG:colcon.colcon_core.package_identification:Package 'src/mode_select' with type 'ros.ament_python' and name 'mode_select'
[1.766s] Level 1:colcon.colcon_core.package_identification:_identify(src/navigation_core1) by extensions ['ignore', 'ignore_ament_install']
[1.766s] Level 1:colcon.colcon_core.package_identification:_identify(src/navigation_core1) by extension 'ignore'
[1.766s] Level 1:colcon.colcon_core.package_identification:_identify(src/navigation_core1) by extension 'ignore_ament_install'
[1.766s] Level 1:colcon.colcon_core.package_identification:_identify(src/navigation_core1) by extensions ['colcon_pkg']
[1.767s] Level 1:colcon.colcon_core.package_identification:_identify(src/navigation_core1) by extension 'colcon_pkg'
[1.767s] Level 1:colcon.colcon_core.package_identification:_identify(src/navigation_core1) by extensions ['colcon_meta']
[1.767s] Level 1:colcon.colcon_core.package_identification:_identify(src/navigation_core1) by extension 'colcon_meta'
[1.767s] Level 1:colcon.colcon_core.package_identification:_identify(src/navigation_core1) by extensions ['ros']
[1.767s] Level 1:colcon.colcon_core.package_identification:_identify(src/navigation_core1) by extension 'ros'
[1.767s] DEBUG:colcon.colcon_core.package_identification:Package 'src/navigation_core1' with type 'ros.ament_python' and name 'navigation_core1'
[1.767s] Level 1:colcon.colcon_core.package_identification:_identify(src/navigation_core2) by extensions ['ignore', 'ignore_ament_install']
[1.768s] Level 1:colcon.colcon_core.package_identification:_identify(src/navigation_core2) by extension 'ignore'
[1.768s] Level 1:colcon.colcon_core.package_identification:_identify(src/navigation_core2) by extension 'ignore_ament_install'
[1.768s] Level 1:colcon.colcon_core.package_identification:_identify(src/navigation_core2) by extensions ['colcon_pkg']
[1.768s] Level 1:colcon.colcon_core.package_identification:_identify(src/navigation_core2) by extension 'colcon_pkg'
[1.768s] Level 1:colcon.colcon_core.package_identification:_identify(src/navigation_core2) by extensions ['colcon_meta']
[1.768s] Level 1:colcon.colcon_core.package_identification:_identify(src/navigation_core2) by extension 'colcon_meta'
[1.768s] Level 1:colcon.colcon_core.package_identification:_identify(src/navigation_core2) by extensions ['ros']
[1.768s] Level 1:colcon.colcon_core.package_identification:_identify(src/navigation_core2) by extension 'ros'
[1.769s] DEBUG:colcon.colcon_core.package_identification:Package 'src/navigation_core2' with type 'ros.ament_python' and name 'navigation_core2'
[1.769s] Level 1:colcon.colcon_core.package_identification:_identify(src/navigation_core3) by extensions ['ignore', 'ignore_ament_install']
[1.769s] Level 1:colcon.colcon_core.package_identification:_identify(src/navigation_core3) by extension 'ignore'
[1.769s] Level 1:colcon.colcon_core.package_identification:_identify(src/navigation_core3) by extension 'ignore_ament_install'
[1.769s] Level 1:colcon.colcon_core.package_identification:_identify(src/navigation_core3) by extensions ['colcon_pkg']
[1.769s] Level 1:colcon.colcon_core.package_identification:_identify(src/navigation_core3) by extension 'colcon_pkg'
[1.769s] Level 1:colcon.colcon_core.package_identification:_identify(src/navigation_core3) by extensions ['colcon_meta']
[1.769s] Level 1:colcon.colcon_core.package_identification:_identify(src/navigation_core3) by extension 'colcon_meta'
[1.769s] Level 1:colcon.colcon_core.package_identification:_identify(src/navigation_core3) by extensions ['ros']
[1.769s] Level 1:colcon.colcon_core.package_identification:_identify(src/navigation_core3) by extension 'ros'
[1.770s] DEBUG:colcon.colcon_core.package_identification:Package 'src/navigation_core3' with type 'ros.ament_python' and name 'navigation_core3'
[1.770s] Level 1:colcon.colcon_core.package_identification:_identify(src/rover_teleop_joy) by extensions ['ignore', 'ignore_ament_install']
[1.770s] Level 1:colcon.colcon_core.package_identification:_identify(src/rover_teleop_joy) by extension 'ignore'
[1.770s] Level 1:colcon.colcon_core.package_identification:_identify(src/rover_teleop_joy) by extension 'ignore_ament_install'
[1.770s] Level 1:colcon.colcon_core.package_identification:_identify(src/rover_teleop_joy) by extensions ['colcon_pkg']
[1.770s] Level 1:colcon.colcon_core.package_identification:_identify(src/rover_teleop_joy) by extension 'colcon_pkg'
[1.770s] Level 1:colcon.colcon_core.package_identification:_identify(src/rover_teleop_joy) by extensions ['colcon_meta']
[1.770s] Level 1:colcon.colcon_core.package_identification:_identify(src/rover_teleop_joy) by extension 'colcon_meta'
[1.770s] Level 1:colcon.colcon_core.package_identification:_identify(src/rover_teleop_joy) by extensions ['ros']
[1.771s] Level 1:colcon.colcon_core.package_identification:_identify(src/rover_teleop_joy) by extension 'ros'
[1.771s] DEBUG:colcon.colcon_core.package_identification:Package 'src/rover_teleop_joy' with type 'ros.ament_python' and name 'rover_teleop_joy'
[1.771s] Level 1:colcon.colcon_core.package_identification:_identify(testing) by extensions ['ignore', 'ignore_ament_install']
[1.771s] Level 1:colcon.colcon_core.package_identification:_identify(testing) by extension 'ignore'
[1.771s] Level 1:colcon.colcon_core.package_identification:_identify(testing) by extension 'ignore_ament_install'
[1.772s] Level 1:colcon.colcon_core.package_identification:_identify(testing) by extensions ['colcon_pkg']
[1.772s] Level 1:colcon.colcon_core.package_identification:_identify(testing) by extension 'colcon_pkg'
[1.772s] Level 1:colcon.colcon_core.package_identification:_identify(testing) by extensions ['colcon_meta']
[1.772s] Level 1:colcon.colcon_core.package_identification:_identify(testing) by extension 'colcon_meta'
[1.772s] Level 1:colcon.colcon_core.package_identification:_identify(testing) by extensions ['ros']
[1.772s] Level 1:colcon.colcon_core.package_identification:_identify(testing) by extension 'ros'
[1.772s] Level 1:colcon.colcon_core.package_identification:_identify(testing) by extensions ['cmake', 'python']
[1.772s] Level 1:colcon.colcon_core.package_identification:_identify(testing) by extension 'cmake'
[1.772s] Level 1:colcon.colcon_core.package_identification:_identify(testing) by extension 'python'
[1.772s] Level 1:colcon.colcon_core.package_identification:_identify(testing) by extensions ['python_setup_py']
[1.772s] Level 1:colcon.colcon_core.package_identification:_identify(testing) by extension 'python_setup_py'
[1.772s] Level 1:colcon.colcon_core.package_identification:_identify(testing/testing2) by extensions ['ignore', 'ignore_ament_install']
[1.772s] Level 1:colcon.colcon_core.package_identification:_identify(testing/testing2) by extension 'ignore'
[1.773s] Level 1:colcon.colcon_core.package_identification:_identify(testing/testing2) by extension 'ignore_ament_install'
[1.773s] Level 1:colcon.colcon_core.package_identification:_identify(testing/testing2) by extensions ['colcon_pkg']
[1.773s] Level 1:colcon.colcon_core.package_identification:_identify(testing/testing2) by extension 'colcon_pkg'
[1.773s] Level 1:colcon.colcon_core.package_identification:_identify(testing/testing2) by extensions ['colcon_meta']
[1.773s] Level 1:colcon.colcon_core.package_identification:_identify(testing/testing2) by extension 'colcon_meta'
[1.773s] Level 1:colcon.colcon_core.package_identification:_identify(testing/testing2) by extensions ['ros']
[1.773s] Level 1:colcon.colcon_core.package_identification:_identify(testing/testing2) by extension 'ros'
[1.773s] Level 1:colcon.colcon_core.package_identification:_identify(testing/testing2) by extensions ['cmake', 'python']
[1.773s] Level 1:colcon.colcon_core.package_identification:_identify(testing/testing2) by extension 'cmake'
[1.773s] Level 1:colcon.colcon_core.package_identification:_identify(testing/testing2) by extension 'python'
[1.773s] Level 1:colcon.colcon_core.package_identification:_identify(testing/testing2) by extensions ['python_setup_py']
[1.773s] Level 1:colcon.colcon_core.package_identification:_identify(testing/testing2) by extension 'python_setup_py'
[1.773s] Level 1:colcon.colcon_core.package_discovery:discover_packages(recursive) using defaults
[1.773s] Level 1:colcon.colcon_core.package_discovery:discover_packages(ignore) discover
[1.773s] Level 1:colcon.colcon_core.package_discovery:discover_packages(ignore) using defaults
[1.773s] Level 1:colcon.colcon_core.package_discovery:discover_packages(path) discover
[1.773s] Level 1:colcon.colcon_core.package_discovery:discover_packages(path) using defaults
[1.920s] Level 1:colcon.colcon_core.package_discovery:discover_packages(prefix_path) check parameters
[1.920s] Level 1:colcon.colcon_core.package_discovery:discover_packages(prefix_path) discover
[1.972s] DEBUG:colcon.colcon_installed_package_information.package_discovery:Found 7 installed packages in /home/rsl/pioneerbase_ws/install
[1.998s] DEBUG:colcon.colcon_installed_package_information.package_discovery:Found 270 installed packages in /opt/ros/humble
[2.000s] Level 1:colcon.colcon_core.package_discovery:discover_packages(prefix_path) using defaults
[2.164s] Level 5:colcon.colcon_core.verb:set package 'bs_launch' build argument 'cmake_args' from command line to 'None'
[2.164s] Level 5:colcon.colcon_core.verb:set package 'bs_launch' build argument 'cmake_target' from command line to 'None'
[2.164s] Level 5:colcon.colcon_core.verb:set package 'bs_launch' build argument 'cmake_target_skip_unavailable' from command line to 'False'
[2.164s] Level 5:colcon.colcon_core.verb:set package 'bs_launch' build argument 'cmake_clean_cache' from command line to 'False'
[2.164s] Level 5:colcon.colcon_core.verb:set package 'bs_launch' build argument 'cmake_clean_first' from command line to 'False'
[2.164s] Level 5:colcon.colcon_core.verb:set package 'bs_launch' build argument 'cmake_force_configure' from command line to 'False'
[2.164s] Level 5:colcon.colcon_core.verb:set package 'bs_launch' build argument 'ament_cmake_args' from command line to 'None'
[2.164s] Level 5:colcon.colcon_core.verb:set package 'bs_launch' build argument 'catkin_cmake_args' from command line to 'None'
[2.164s] Level 5:colcon.colcon_core.verb:set package 'bs_launch' build argument 'catkin_skip_building_tests' from command line to 'False'
[2.164s] DEBUG:colcon.colcon_core.verb:Building package 'bs_launch' with the following arguments: {'ament_cmake_args': None, 'build_base': '/home/rsl/pioneerbase_ws/build/bs_launch', 'catkin_cmake_args': None, 'catkin_skip_building_tests': False, 'cmake_args': None, 'cmake_clean_cache': False, 'cmake_clean_first': False, 'cmake_force_configure': False, 'cmake_target': None, 'cmake_target_skip_unavailable': False, 'install_base': '/home/rsl/pioneerbase_ws/install/bs_launch', 'merge_install': False, 'path': '/home/rsl/pioneerbase_ws/src/bs_launch', 'symlink_install': False, 'test_result_base': None}
[2.188s] Level 5:colcon.colcon_core.verb:set package 'gps_target_push' build argument 'cmake_args' from command line to 'None'
[2.188s] Level 5:colcon.colcon_core.verb:set package 'gps_target_push' build argument 'cmake_target' from command line to 'None'
[2.188s] Level 5:colcon.colcon_core.verb:set package 'gps_target_push' build argument 'cmake_target_skip_unavailable' from command line to 'False'
[2.189s] Level 5:colcon.colcon_core.verb:set package 'gps_target_push' build argument 'cmake_clean_cache' from command line to 'False'
[2.189s] Level 5:colcon.colcon_core.verb:set package 'gps_target_push' build argument 'cmake_clean_first' from command line to 'False'
[2.189s] Level 5:colcon.colcon_core.verb:set package 'gps_target_push' build argument 'cmake_force_configure' from command line to 'False'
[2.189s] Level 5:colcon.colcon_core.verb:set package 'gps_target_push' build argument 'ament_cmake_args' from command line to 'None'
[2.189s] Level 5:colcon.colcon_core.verb:set package 'gps_target_push' build argument 'catkin_cmake_args' from command line to 'None'
[2.189s] Level 5:colcon.colcon_core.verb:set package 'gps_target_push' build argument 'catkin_skip_building_tests' from command line to 'False'
[2.189s] DEBUG:colcon.colcon_core.verb:Building package 'gps_target_push' with the following arguments: {'ament_cmake_args': None, 'build_base': '/home/rsl/pioneerbase_ws/build/gps_target_push', 'catkin_cmake_args': None, 'catkin_skip_building_tests': False, 'cmake_args': None, 'cmake_clean_cache': False, 'cmake_clean_first': False, 'cmake_force_configure': False, 'cmake_target': None, 'cmake_target_skip_unavailable': False, 'install_base': '/home/rsl/pioneerbase_ws/install/gps_target_push', 'merge_install': False, 'path': '/home/rsl/pioneerbase_ws/src/gps_target_push', 'symlink_install': False, 'test_result_base': None}
[2.214s] Level 5:colcon.colcon_core.verb:set package 'mode_select' build argument 'cmake_args' from command line to 'None'
[2.214s] Level 5:colcon.colcon_core.verb:set package 'mode_select' build argument 'cmake_target' from command line to 'None'
[2.214s] Level 5:colcon.colcon_core.verb:set package 'mode_select' build argument 'cmake_target_skip_unavailable' from command line to 'False'
[2.214s] Level 5:colcon.colcon_core.verb:set package 'mode_select' build argument 'cmake_clean_cache' from command line to 'False'
[2.214s] Level 5:colcon.colcon_core.verb:set package 'mode_select' build argument 'cmake_clean_first' from command line to 'False'
[2.214s] Level 5:colcon.colcon_core.verb:set package 'mode_select' build argument 'cmake_force_configure' from command line to 'False'
[2.214s] Level 5:colcon.colcon_core.verb:set package 'mode_select' build argument 'ament_cmake_args' from command line to 'None'
[2.214s] Level 5:colcon.colcon_core.verb:set package 'mode_select' build argument 'catkin_cmake_args' from command line to 'None'
[2.214s] Level 5:colcon.colcon_core.verb:set package 'mode_select' build argument 'catkin_skip_building_tests' from command line to 'False'
[2.214s] DEBUG:colcon.colcon_core.verb:Building package 'mode_select' with the following arguments: {'ament_cmake_args': None, 'build_base': '/home/rsl/pioneerbase_ws/build/mode_select', 'catkin_cmake_args': None, 'catkin_skip_building_tests': False, 'cmake_args': None, 'cmake_clean_cache': False, 'cmake_clean_first': False, 'cmake_force_configure': False, 'cmake_target': None, 'cmake_target_skip_unavailable': False, 'install_base': '/home/rsl/pioneerbase_ws/install/mode_select', 'merge_install': False, 'path': '/home/rsl/pioneerbase_ws/src/mode_select', 'symlink_install': False, 'test_result_base': None}
[2.238s] Level 5:colcon.colcon_core.verb:set package 'navigation_core1' build argument 'cmake_args' from command line to 'None'
[2.239s] Level 5:colcon.colcon_core.verb:set package 'navigation_core1' build argument 'cmake_target' from command line to 'None'
[2.239s] Level 5:colcon.colcon_core.verb:set package 'navigation_core1' build argument 'cmake_target_skip_unavailable' from command line to 'False'
[2.239s] Level 5:colcon.colcon_core.verb:set package 'navigation_core1' build argument 'cmake_clean_cache' from command line to 'False'
[2.239s] Level 5:colcon.colcon_core.verb:set package 'navigation_core1' build argument 'cmake_clean_first' from command line to 'False'
[2.239s] Level 5:colcon.colcon_core.verb:set package 'navigation_core1' build argument 'cmake_force_configure' from command line to 'False'
[2.239s] Level 5:colcon.colcon_core.verb:set package 'navigation_core1' build argument 'ament_cmake_args' from command line to 'None'
[2.239s] Level 5:colcon.colcon_core.verb:set package 'navigation_core1' build argument 'catkin_cmake_args' from command line to 'None'
[2.239s] Level 5:colcon.colcon_core.verb:set package 'navigation_core1' build argument 'catkin_skip_building_tests' from command line to 'False'
[2.239s] DEBUG:colcon.colcon_core.verb:Building package 'navigation_core1' with the following arguments: {'ament_cmake_args': None, 'build_base': '/home/rsl/pioneerbase_ws/build/navigation_core1', 'catkin_cmake_args': None, 'catkin_skip_building_tests': False, 'cmake_args': None, 'cmake_clean_cache': False, 'cmake_clean_first': False, 'cmake_force_configure': False, 'cmake_target': None, 'cmake_target_skip_unavailable': False, 'install_base': '/home/rsl/pioneerbase_ws/install/navigation_core1', 'merge_install': False, 'path': '/home/rsl/pioneerbase_ws/src/navigation_core1', 'symlink_install': False, 'test_result_base': None}
[2.263s] Level 5:colcon.colcon_core.verb:set package 'navigation_core2' build argument 'cmake_args' from command line to 'None'
[2.263s] Level 5:colcon.colcon_core.verb:set package 'navigation_core2' build argument 'cmake_target' from command line to 'None'
[2.263s] Level 5:colcon.colcon_core.verb:set package 'navigation_core2' build argument 'cmake_target_skip_unavailable' from command line to 'False'
[2.263s] Level 5:colcon.colcon_core.verb:set package 'navigation_core2' build argument 'cmake_clean_cache' from command line to 'False'
[2.263s] Level 5:colcon.colcon_core.verb:set package 'navigation_core2' build argument 'cmake_clean_first' from command line to 'False'
[2.263s] Level 5:colcon.colcon_core.verb:set package 'navigation_core2' build argument 'cmake_force_configure' from command line to 'False'
[2.263s] Level 5:colcon.colcon_core.verb:set package 'navigation_core2' build argument 'ament_cmake_args' from command line to 'None'
[2.263s] Level 5:colcon.colcon_core.verb:set package 'navigation_core2' build argument 'catkin_cmake_args' from command line to 'None'
[2.263s] Level 5:colcon.colcon_core.verb:set package 'navigation_core2' build argument 'catkin_skip_building_tests' from command line to 'False'
[2.263s] DEBUG:colcon.colcon_core.verb:Building package 'navigation_core2' with the following arguments: {'ament_cmake_args': None, 'build_base': '/home/rsl/pioneerbase_ws/build/navigation_core2', 'catkin_cmake_args': None, 'catkin_skip_building_tests': False, 'cmake_args': None, 'cmake_clean_cache': False, 'cmake_clean_first': False, 'cmake_force_configure': False, 'cmake_target': None, 'cmake_target_skip_unavailable': False, 'install_base': '/home/rsl/pioneerbase_ws/install/navigation_core2', 'merge_install': False, 'path': '/home/rsl/pioneerbase_ws/src/navigation_core2', 'symlink_install': False, 'test_result_base': None}
[2.288s] Level 5:colcon.colcon_core.verb:set package 'navigation_core3' build argument 'cmake_args' from command line to 'None'
[2.288s] Level 5:colcon.colcon_core.verb:set package 'navigation_core3' build argument 'cmake_target' from command line to 'None'
[2.288s] Level 5:colcon.colcon_core.verb:set package 'navigation_core3' build argument 'cmake_target_skip_unavailable' from command line to 'False'
[2.288s] Level 5:colcon.colcon_core.verb:set package 'navigation_core3' build argument 'cmake_clean_cache' from command line to 'False'
[2.288s] Level 5:colcon.colcon_core.verb:set package 'navigation_core3' build argument 'cmake_clean_first' from command line to 'False'
[2.288s] Level 5:colcon.colcon_core.verb:set package 'navigation_core3' build argument 'cmake_force_configure' from command line to 'False'
[2.288s] Level 5:colcon.colcon_core.verb:set package 'navigation_core3' build argument 'ament_cmake_args' from command line to 'None'
[2.288s] Level 5:colcon.colcon_core.verb:set package 'navigation_core3' build argument 'catkin_cmake_args' from command line to 'None'
[2.288s] Level 5:colcon.colcon_core.verb:set package 'navigation_core3' build argument 'catkin_skip_building_tests' from command line to 'False'
[2.288s] DEBUG:colcon.colcon_core.verb:Building package 'navigation_core3' with the following arguments: {'ament_cmake_args': None, 'build_base': '/home/rsl/pioneerbase_ws/build/navigation_core3', 'catkin_cmake_args': None, 'catkin_skip_building_tests': False, 'cmake_args': None, 'cmake_clean_cache': False, 'cmake_clean_first': False, 'cmake_force_configure': False, 'cmake_target': None, 'cmake_target_skip_unavailable': False, 'install_base': '/home/rsl/pioneerbase_ws/install/navigation_core3', 'merge_install': False, 'path': '/home/rsl/pioneerbase_ws/src/navigation_core3', 'symlink_install': False, 'test_result_base': None}
[2.312s] Level 5:colcon.colcon_core.verb:set package 'rover_teleop_joy' build argument 'cmake_args' from command line to 'None'
[2.312s] Level 5:colcon.colcon_core.verb:set package 'rover_teleop_joy' build argument 'cmake_target' from command line to 'None'
[2.313s] Level 5:colcon.colcon_core.verb:set package 'rover_teleop_joy' build argument 'cmake_target_skip_unavailable' from command line to 'False'
[2.313s] Level 5:colcon.colcon_core.verb:set package 'rover_teleop_joy' build argument 'cmake_clean_cache' from command line to 'False'
[2.313s] Level 5:colcon.colcon_core.verb:set package 'rover_teleop_joy' build argument 'cmake_clean_first' from command line to 'False'
[2.313s] Level 5:colcon.colcon_core.verb:set package 'rover_teleop_joy' build argument 'cmake_force_configure' from command line to 'False'
[2.313s] Level 5:colcon.colcon_core.verb:set package 'rover_teleop_joy' build argument 'ament_cmake_args' from command line to 'None'
[2.313s] Level 5:colcon.colcon_core.verb:set package 'rover_teleop_joy' build argument 'catkin_cmake_args' from command line to 'None'
[2.313s] Level 5:colcon.colcon_core.verb:set package 'rover_teleop_joy' build argument 'catkin_skip_building_tests' from command line to 'False'
[2.313s] DEBUG:colcon.colcon_core.verb:Building package 'rover_teleop_joy' with the following arguments: {'ament_cmake_args': None, 'build_base': '/home/rsl/pioneerbase_ws/build/rover_teleop_joy', 'catkin_cmake_args': None, 'catkin_skip_building_tests': False, 'cmake_args': None, 'cmake_clean_cache': False, 'cmake_clean_first': False, 'cmake_force_configure': False, 'cmake_target': None, 'cmake_target_skip_unavailable': False, 'install_base': '/home/rsl/pioneerbase_ws/install/rover_teleop_joy', 'merge_install': False, 'path': '/home/rsl/pioneerbase_ws/src/rover_teleop_joy', 'symlink_install': False, 'test_result_base': None}
[2.337s] INFO:colcon.colcon_core.executor:Executing jobs using 'parallel' executor
[2.363s] DEBUG:colcon.colcon_parallel_executor.executor.parallel:run_until_complete
[2.363s] INFO:colcon.colcon_ros.task.ament_cmake.build:Building ROS package in '/home/rsl/pioneerbase_ws/src/bs_launch' with build type 'ament_cmake'
[2.364s] INFO:colcon.colcon_cmake.task.cmake.build:Building CMake package in '/home/rsl/pioneerbase_ws/src/bs_launch'
[2.394s] INFO:colcon.colcon_core.plugin_system:Skipping extension 'colcon_core.shell.bat': Not used on non-Windows systems
[2.395s] INFO:colcon.colcon_core.shell:Skip shell extension 'powershell' for command environment: Not usable outside of PowerShell
[2.395s] DEBUG:colcon.colcon_core.shell:Skip shell extension 'dsv' for command environment
[2.477s] INFO:colcon.colcon_ros.task.ament_python.build:Building ROS package in '/home/rsl/pioneerbase_ws/src/gps_target_push' with build type 'ament_python'
[2.478s] Level 1:colcon.colcon_core.shell:create_environment_hook('gps_target_push', 'ament_prefix_path')
[2.505s] INFO:colcon.colcon_core.shell:Creating environment hook '/home/rsl/pioneerbase_ws/install/gps_target_push/share/gps_target_push/hook/ament_prefix_path.ps1'
[2.506s] INFO:colcon.colcon_core.shell:Creating environment descriptor '/home/rsl/pioneerbase_ws/install/gps_target_push/share/gps_target_push/hook/ament_prefix_path.dsv'
[2.506s] INFO:colcon.colcon_core.shell:Creating environment hook '/home/rsl/pioneerbase_ws/install/gps_target_push/share/gps_target_push/hook/ament_prefix_path.sh'
[2.532s] INFO:colcon.colcon_core.shell:Skip shell extension 'powershell' for command environment: Not usable outside of PowerShell
[2.532s] DEBUG:colcon.colcon_core.shell:Skip shell extension 'dsv' for command environment
[2.612s] INFO:colcon.colcon_ros.task.ament_python.build:Building ROS package in '/home/rsl/pioneerbase_ws/src/mode_select' with build type 'ament_python'
[2.612s] Level 1:colcon.colcon_core.shell:create_environment_hook('mode_select', 'ament_prefix_path')
[2.639s] INFO:colcon.colcon_core.shell:Creating environment hook '/home/rsl/pioneerbase_ws/install/mode_select/share/mode_select/hook/ament_prefix_path.ps1'
[2.640s] INFO:colcon.colcon_core.shell:Creating environment descriptor '/home/rsl/pioneerbase_ws/install/mode_select/share/mode_select/hook/ament_prefix_path.dsv'
[2.640s] INFO:colcon.colcon_core.shell:Creating environment hook '/home/rsl/pioneerbase_ws/install/mode_select/share/mode_select/hook/ament_prefix_path.sh'
[2.666s] INFO:colcon.colcon_core.shell:Skip shell extension 'powershell' for command environment: Not usable outside of PowerShell
[2.666s] DEBUG:colcon.colcon_core.shell:Skip shell extension 'dsv' for command environment
[2.750s] INFO:colcon.colcon_ros.task.ament_python.build:Building ROS package in '/home/rsl/pioneerbase_ws/src/navigation_core1' with build type 'ament_python'
[2.751s] Level 1:colcon.colcon_core.shell:create_environment_hook('navigation_core1', 'ament_prefix_path')
[2.779s] INFO:colcon.colcon_core.shell:Creating environment hook '/home/rsl/pioneerbase_ws/install/navigation_core1/share/navigation_core1/hook/ament_prefix_path.ps1'
[2.779s] INFO:colcon.colcon_core.shell:Creating environment descriptor '/home/rsl/pioneerbase_ws/install/navigation_core1/share/navigation_core1/hook/ament_prefix_path.dsv'
[2.779s] INFO:colcon.colcon_core.shell:Creating environment hook '/home/rsl/pioneerbase_ws/install/navigation_core1/share/navigation_core1/hook/ament_prefix_path.sh'
[2.808s] INFO:colcon.colcon_core.shell:Skip shell extension 'powershell' for command environment: Not usable outside of PowerShell
[2.809s] DEBUG:colcon.colcon_core.shell:Skip shell extension 'dsv' for command environment
[2.896s] DEBUG:colcon.colcon_core.event_handler.log_command:Invoking command in '/home/rsl/pioneerbase_ws/build/bs_launch': CMAKE_PREFIX_PATH=${CMAKE_PREFIX_PATH}:/home/rsl/pioneerbase_ws/install/rover_teleop_joy:/home/rsl/pioneerbase_ws/install/navigation_core3:/home/rsl/pioneerbase_ws/install/navigation_core2:/home/rsl/pioneerbase_ws/install/navigation_core1:/home/rsl/pioneerbase_ws/install/mode_select:/home/rsl/pioneerbase_ws/install/gps_target_push:/opt/ros/humble /usr/bin/cmake --build /home/rsl/pioneerbase_ws/build/bs_launch -- -j4 -l4
[3.299s] INFO:colcon.colcon_core.task.python.build:Building Python package in '/home/rsl/pioneerbase_ws/src/gps_target_push'
[3.327s] INFO:colcon.colcon_core.shell:Skip shell extension 'powershell' for command environment: Not usable outside of PowerShell
[3.327s] DEBUG:colcon.colcon_core.shell:Skip shell extension 'dsv' for command environment
[3.828s] INFO:colcon.colcon_core.task.python.build:Building Python package in '/home/rsl/pioneerbase_ws/src/mode_select'
[3.856s] INFO:colcon.colcon_core.shell:Skip shell extension 'powershell' for command environment: Not usable outside of PowerShell
[3.856s] DEBUG:colcon.colcon_core.shell:Skip shell extension 'dsv' for command environment
[4.335s] INFO:colcon.colcon_core.task.python.build:Building Python package in '/home/rsl/pioneerbase_ws/src/navigation_core1'
[4.367s] INFO:colcon.colcon_core.shell:Skip shell extension 'powershell' for command environment: Not usable outside of PowerShell
[4.367s] DEBUG:colcon.colcon_core.shell:Skip shell extension 'dsv' for command environment
[4.456s] DEBUG:colcon.colcon_core.event_handler.log_command:Invoked command in '/home/rsl/pioneerbase_ws/build/bs_launch' returned '0': CMAKE_PREFIX_PATH=${CMAKE_PREFIX_PATH}:/home/rsl/pioneerbase_ws/install/rover_teleop_joy:/home/rsl/pioneerbase_ws/install/navigation_core3:/home/rsl/pioneerbase_ws/install/navigation_core2:/home/rsl/pioneerbase_ws/install/navigation_core1:/home/rsl/pioneerbase_ws/install/mode_select:/home/rsl/pioneerbase_ws/install/gps_target_push:/opt/ros/humble /usr/bin/cmake --build /home/rsl/pioneerbase_ws/build/bs_launch -- -j4 -l4
[4.523s] DEBUG:colcon.colcon_core.event_handler.log_command:Invoking command in '/home/rsl/pioneerbase_ws/build/bs_launch': CMAKE_PREFIX_PATH=${CMAKE_PREFIX_PATH}:/home/rsl/pioneerbase_ws/install/rover_teleop_joy:/home/rsl/pioneerbase_ws/install/navigation_core3:/home/rsl/pioneerbase_ws/install/navigation_core2:/home/rsl/pioneerbase_ws/install/navigation_core1:/home/rsl/pioneerbase_ws/install/mode_select:/home/rsl/pioneerbase_ws/install/gps_target_push:/opt/ros/humble /usr/bin/cmake --install /home/rsl/pioneerbase_ws/build/bs_launch
[4.545s] Level 1:colcon.colcon_core.environment:create_environment_scripts_only(bs_launch)
[4.555s] DEBUG:colcon.colcon_core.event_handler.log_command:Invoked command in '/home/rsl/pioneerbase_ws/build/bs_launch' returned '0': CMAKE_PREFIX_PATH=${CMAKE_PREFIX_PATH}:/home/rsl/pioneerbase_ws/install/rover_teleop_joy:/home/rsl/pioneerbase_ws/install/navigation_core3:/home/rsl/pioneerbase_ws/install/navigation_core2:/home/rsl/pioneerbase_ws/install/navigation_core1:/home/rsl/pioneerbase_ws/install/mode_select:/home/rsl/pioneerbase_ws/install/gps_target_push:/opt/ros/humble /usr/bin/cmake --install /home/rsl/pioneerbase_ws/build/bs_launch
[4.596s] Level 1:colcon.colcon_core.environment:checking '/home/rsl/pioneerbase_ws/install/bs_launch' for CMake module files
[4.598s] Level 1:colcon.colcon_core.environment:checking '/home/rsl/pioneerbase_ws/install/bs_launch' for CMake config files
[4.599s] Level 1:colcon.colcon_core.shell:create_environment_hook('bs_launch', 'cmake_prefix_path')
[4.645s] INFO:colcon.colcon_core.shell:Creating environment hook '/home/rsl/pioneerbase_ws/install/bs_launch/share/bs_launch/hook/cmake_prefix_path.ps1'
[4.646s] INFO:colcon.colcon_core.shell:Creating environment descriptor '/home/rsl/pioneerbase_ws/install/bs_launch/share/bs_launch/hook/cmake_prefix_path.dsv'
[4.646s] INFO:colcon.colcon_core.shell:Creating environment hook '/home/rsl/pioneerbase_ws/install/bs_launch/share/bs_launch/hook/cmake_prefix_path.sh'
[4.648s] Level 1:colcon.colcon_core.environment:checking '/home/rsl/pioneerbase_ws/install/bs_launch/bin'
[4.648s] Level 1:colcon.colcon_core.environment:checking '/home/rsl/pioneerbase_ws/install/bs_launch/lib/pkgconfig/bs_launch.pc'
[4.649s] Level 1:colcon.colcon_core.environment:checking '/home/rsl/pioneerbase_ws/install/bs_launch/lib/python3.10/site-packages'
[4.649s] Level 1:colcon.colcon_core.environment:checking '/home/rsl/pioneerbase_ws/install/bs_launch/bin'
[4.694s] INFO:colcon.colcon_core.shell:Creating package script '/home/rsl/pioneerbase_ws/install/bs_launch/share/bs_launch/package.ps1'
[4.696s] INFO:colcon.colcon_core.shell:Creating package descriptor '/home/rsl/pioneerbase_ws/install/bs_launch/share/bs_launch/package.dsv'
[4.697s] INFO:colcon.colcon_core.shell:Creating package script '/home/rsl/pioneerbase_ws/install/bs_launch/share/bs_launch/package.sh'
[4.700s] INFO:colcon.colcon_core.shell:Creating package script '/home/rsl/pioneerbase_ws/install/bs_launch/share/bs_launch/package.bash'
[4.702s] INFO:colcon.colcon_core.shell:Creating package script '/home/rsl/pioneerbase_ws/install/bs_launch/share/bs_launch/package.zsh'
[4.704s] Level 1:colcon.colcon_core.environment:create_file_with_runtime_dependencies(/home/rsl/pioneerbase_ws/install/bs_launch/share/colcon-core/packages/bs_launch)
[4.798s] Level 1:colcon.colcon_core.environment:create_environment_scripts_only(bs_launch)
[4.848s] Level 1:colcon.colcon_core.environment:checking '/home/rsl/pioneerbase_ws/install/bs_launch' for CMake module files
[4.849s] Level 1:colcon.colcon_core.environment:checking '/home/rsl/pioneerbase_ws/install/bs_launch' for CMake config files
[4.850s] Level 1:colcon.colcon_core.shell:create_environment_hook('bs_launch', 'cmake_prefix_path')
[4.896s] INFO:colcon.colcon_core.shell:Creating environment hook '/home/rsl/pioneerbase_ws/install/bs_launch/share/bs_launch/hook/cmake_prefix_path.ps1'
[4.897s] INFO:colcon.colcon_core.shell:Creating environment descriptor '/home/rsl/pioneerbase_ws/install/bs_launch/share/bs_launch/hook/cmake_prefix_path.dsv'
[4.897s] INFO:colcon.colcon_core.shell:Creating environment hook '/home/rsl/pioneerbase_ws/install/bs_launch/share/bs_launch/hook/cmake_prefix_path.sh'
[4.898s] Level 1:colcon.colcon_core.environment:checking '/home/rsl/pioneerbase_ws/install/bs_launch/bin'
[4.899s] Level 1:colcon.colcon_core.environment:checking '/home/rsl/pioneerbase_ws/install/bs_launch/lib/pkgconfig/bs_launch.pc'
[4.899s] Level 1:colcon.colcon_core.environment:checking '/home/rsl/pioneerbase_ws/install/bs_launch/lib/python3.10/site-packages'
[4.900s] Level 1:colcon.colcon_core.environment:checking '/home/rsl/pioneerbase_ws/install/bs_launch/bin'
[4.946s] INFO:colcon.colcon_core.shell:Creating package script '/home/rsl/pioneerbase_ws/install/bs_launch/share/bs_launch/package.ps1'
[4.947s] INFO:colcon.colcon_core.shell:Creating package descriptor '/home/rsl/pioneerbase_ws/install/bs_launch/share/bs_launch/package.dsv'
[4.949s] INFO:colcon.colcon_core.shell:Creating package script '/home/rsl/pioneerbase_ws/install/bs_launch/share/bs_launch/package.sh'
[4.950s] INFO:colcon.colcon_core.shell:Creating package script '/home/rsl/pioneerbase_ws/install/bs_launch/share/bs_launch/package.bash'
[4.951s] INFO:colcon.colcon_core.shell:Creating package script '/home/rsl/pioneerbase_ws/install/bs_launch/share/bs_launch/package.zsh'
[4.952s] Level 1:colcon.colcon_core.environment:create_file_with_runtime_dependencies(/home/rsl/pioneerbase_ws/install/bs_launch/share/colcon-core/packages/bs_launch)
[4.953s] INFO:colcon.colcon_ros.task.ament_python.build:Building ROS package in '/home/rsl/pioneerbase_ws/src/navigation_core2' with build type 'ament_python'
[4.954s] Level 1:colcon.colcon_core.shell:create_environment_hook('navigation_core2', 'ament_prefix_path')
[5.005s] INFO:colcon.colcon_core.shell:Creating environment hook '/home/rsl/pioneerbase_ws/install/navigation_core2/share/navigation_core2/hook/ament_prefix_path.ps1'
[5.005s] INFO:colcon.colcon_core.shell:Creating environment descriptor '/home/rsl/pioneerbase_ws/install/navigation_core2/share/navigation_core2/hook/ament_prefix_path.dsv'
[5.006s] INFO:colcon.colcon_core.shell:Creating environment hook '/home/rsl/pioneerbase_ws/install/navigation_core2/share/navigation_core2/hook/ament_prefix_path.sh'
[5.054s] INFO:colcon.colcon_core.shell:Skip shell extension 'powershell' for command environment: Not usable outside of PowerShell
[5.054s] DEBUG:colcon.colcon_core.shell:Skip shell extension 'dsv' for command environment
[5.683s] INFO:colcon.colcon_core.task.python.build:Building Python package in '/home/rsl/pioneerbase_ws/src/navigation_core2'
[5.712s] INFO:colcon.colcon_core.shell:Skip shell extension 'powershell' for command environment: Not usable outside of PowerShell
[5.712s] DEBUG:colcon.colcon_core.shell:Skip shell extension 'dsv' for command environment
[5.802s] DEBUG:colcon.colcon_core.event_handler.log_command:Invoking command in '/home/rsl/pioneerbase_ws/src/navigation_core1': PYTHONPATH=/home/rsl/pioneerbase_ws/build/navigation_core1/prefix_override:/home/rsl/pioneerbase_ws/install/navigation_core1/lib/python3.10/site-packages:${PYTHONPATH} /usr/bin/python3 setup.py egg_info --egg-base ../../build/navigation_core1 build --build-base /home/rsl/pioneerbase_ws/build/navigation_core1/build install --record /home/rsl/pioneerbase_ws/build/navigation_core1/install.log --single-version-externally-managed
[5.809s] DEBUG:colcon.colcon_core.event_handler.log_command:Invoking command in '/home/rsl/pioneerbase_ws/src/mode_select': PYTHONPATH=/home/rsl/pioneerbase_ws/build/mode_select/prefix_override:/home/rsl/pioneerbase_ws/install/mode_select/lib/python3.10/site-packages:${PYTHONPATH} /usr/bin/python3 setup.py egg_info --egg-base ../../build/mode_select build --build-base /home/rsl/pioneerbase_ws/build/mode_select/build install --record /home/rsl/pioneerbase_ws/build/mode_select/install.log --single-version-externally-managed
[5.810s] DEBUG:colcon.colcon_core.event_handler.log_command:Invoking command in '/home/rsl/pioneerbase_ws/src/gps_target_push': PYTHONPATH=/home/rsl/pioneerbase_ws/build/gps_target_push/prefix_override:/home/rsl/pioneerbase_ws/install/gps_target_push/lib/python3.10/site-packages:${PYTHONPATH} /usr/bin/python3 setup.py egg_info --egg-base ../../build/gps_target_push build --build-base /home/rsl/pioneerbase_ws/build/gps_target_push/build install --record /home/rsl/pioneerbase_ws/build/gps_target_push/install.log --single-version-externally-managed
[6.641s] DEBUG:colcon.colcon_core.event_handler.log_command:Invoked command in '/home/rsl/pioneerbase_ws/src/gps_target_push' returned '0': PYTHONPATH=/home/rsl/pioneerbase_ws/build/gps_target_push/prefix_override:/home/rsl/pioneerbase_ws/install/gps_target_push/lib/python3.10/site-packages:${PYTHONPATH} /usr/bin/python3 setup.py egg_info --egg-base ../../build/gps_target_push build --build-base /home/rsl/pioneerbase_ws/build/gps_target_push/build install --record /home/rsl/pioneerbase_ws/build/gps_target_push/install.log --single-version-externally-managed
[6.670s] Level 1:colcon.colcon_core.environment:checking '/home/rsl/pioneerbase_ws/install/gps_target_push' for CMake module files
[6.670s] Level 1:colcon.colcon_core.environment:checking '/home/rsl/pioneerbase_ws/install/gps_target_push' for CMake config files
[6.671s] Level 1:colcon.colcon_core.environment:checking '/home/rsl/pioneerbase_ws/install/gps_target_push/lib'
[6.672s] Level 1:colcon.colcon_core.environment:checking '/home/rsl/pioneerbase_ws/install/gps_target_push/bin'
[6.672s] Level 1:colcon.colcon_core.environment:checking '/home/rsl/pioneerbase_ws/install/gps_target_push/lib/pkgconfig/gps_target_push.pc'
[6.672s] Level 1:colcon.colcon_core.environment:checking '/home/rsl/pioneerbase_ws/install/gps_target_push/lib/python3.10/site-packages'
[6.672s] Level 1:colcon.colcon_core.shell:create_environment_hook('gps_target_push', 'pythonpath')
[6.698s] INFO:colcon.colcon_core.shell:Creating environment hook '/home/rsl/pioneerbase_ws/install/gps_target_push/share/gps_target_push/hook/pythonpath.ps1'
[6.699s] INFO:colcon.colcon_core.shell:Creating environment descriptor '/home/rsl/pioneerbase_ws/install/gps_target_push/share/gps_target_push/hook/pythonpath.dsv'
[6.699s] INFO:colcon.colcon_core.shell:Creating environment hook '/home/rsl/pioneerbase_ws/install/gps_target_push/share/gps_target_push/hook/pythonpath.sh'
[6.700s] Level 1:colcon.colcon_core.environment:checking '/home/rsl/pioneerbase_ws/install/gps_target_push/bin'
[6.700s] Level 1:colcon.colcon_core.environment:create_environment_scripts_only(gps_target_push)
[6.727s] INFO:colcon.colcon_core.shell:Creating package script '/home/rsl/pioneerbase_ws/install/gps_target_push/share/gps_target_push/package.ps1'
[6.728s] INFO:colcon.colcon_core.shell:Creating package descriptor '/home/rsl/pioneerbase_ws/install/gps_target_push/share/gps_target_push/package.dsv'
[6.728s] INFO:colcon.colcon_core.shell:Creating package script '/home/rsl/pioneerbase_ws/install/gps_target_push/share/gps_target_push/package.sh'
[6.729s] INFO:colcon.colcon_core.shell:Creating package script '/home/rsl/pioneerbase_ws/install/gps_target_push/share/gps_target_push/package.bash'
[6.729s] INFO:colcon.colcon_core.shell:Creating package script '/home/rsl/pioneerbase_ws/install/gps_target_push/share/gps_target_push/package.zsh'
[6.730s] Level 1:colcon.colcon_core.environment:create_file_with_runtime_dependencies(/home/rsl/pioneerbase_ws/install/gps_target_push/share/colcon-core/packages/gps_target_push)
[6.731s] INFO:colcon.colcon_ros.task.ament_python.build:Building ROS package in '/home/rsl/pioneerbase_ws/src/navigation_core3' with build type 'ament_python'
[6.731s] Level 1:colcon.colcon_core.shell:create_environment_hook('navigation_core3', 'ament_prefix_path')
[6.757s] INFO:colcon.colcon_core.shell:Creating environment hook '/home/rsl/pioneerbase_ws/install/navigation_core3/share/navigation_core3/hook/ament_prefix_path.ps1'
[6.758s] INFO:colcon.colcon_core.shell:Creating environment descriptor '/home/rsl/pioneerbase_ws/install/navigation_core3/share/navigation_core3/hook/ament_prefix_path.dsv'
[6.759s] INFO:colcon.colcon_core.shell:Creating environment hook '/home/rsl/pioneerbase_ws/install/navigation_core3/share/navigation_core3/hook/ament_prefix_path.sh'
[6.784s] INFO:colcon.colcon_core.shell:Skip shell extension 'powershell' for command environment: Not usable outside of PowerShell
[6.784s] DEBUG:colcon.colcon_core.shell:Skip shell extension 'dsv' for command environment
[6.869s] DEBUG:colcon.colcon_core.event_handler.log_command:Invoking command in '/home/rsl/pioneerbase_ws/src/navigation_core2': PYTHONPATH=/home/rsl/pioneerbase_ws/build/navigation_core2/prefix_override:/home/rsl/pioneerbase_ws/install/navigation_core2/lib/python3.10/site-packages:${PYTHONPATH} /usr/bin/python3 setup.py egg_info --egg-base ../../build/navigation_core2 build --build-base /home/rsl/pioneerbase_ws/build/navigation_core2/build install --record /home/rsl/pioneerbase_ws/build/navigation_core2/install.log --single-version-externally-managed
[6.869s] DEBUG:colcon.colcon_core.event_handler.log_command:Invoked command in '/home/rsl/pioneerbase_ws/src/mode_select' returned '0': PYTHONPATH=/home/rsl/pioneerbase_ws/build/mode_select/prefix_override:/home/rsl/pioneerbase_ws/install/mode_select/lib/python3.10/site-packages:${PYTHONPATH} /usr/bin/python3 setup.py egg_info --egg-base ../../build/mode_select build --build-base /home/rsl/pioneerbase_ws/build/mode_select/build install --record /home/rsl/pioneerbase_ws/build/mode_select/install.log --single-version-externally-managed
[6.935s] Level 1:colcon.colcon_core.environment:checking '/home/rsl/pioneerbase_ws/install/mode_select' for CMake module files
[6.936s] Level 1:colcon.colcon_core.environment:checking '/home/rsl/pioneerbase_ws/install/mode_select' for CMake config files
[6.937s] Level 1:colcon.colcon_core.environment:checking '/home/rsl/pioneerbase_ws/install/mode_select/lib'
[6.937s] Level 1:colcon.colcon_core.environment:checking '/home/rsl/pioneerbase_ws/install/mode_select/bin'
[6.937s] Level 1:colcon.colcon_core.environment:checking '/home/rsl/pioneerbase_ws/install/mode_select/lib/pkgconfig/mode_select.pc'
[6.938s] Level 1:colcon.colcon_core.environment:checking '/home/rsl/pioneerbase_ws/install/mode_select/lib/python3.10/site-packages'
[6.938s] Level 1:colcon.colcon_core.shell:create_environment_hook('mode_select', 'pythonpath')
[6.981s] INFO:colcon.colcon_core.shell:Creating environment hook '/home/rsl/pioneerbase_ws/install/mode_select/share/mode_select/hook/pythonpath.ps1'
[6.983s] INFO:colcon.colcon_core.shell:Creating environment descriptor '/home/rsl/pioneerbase_ws/install/mode_select/share/mode_select/hook/pythonpath.dsv'
[6.983s] INFO:colcon.colcon_core.shell:Creating environment hook '/home/rsl/pioneerbase_ws/install/mode_select/share/mode_select/hook/pythonpath.sh'
[6.984s] Level 1:colcon.colcon_core.environment:checking '/home/rsl/pioneerbase_ws/install/mode_select/bin'
[6.985s] Level 1:colcon.colcon_core.environment:create_environment_scripts_only(mode_select)
[7.029s] INFO:colcon.colcon_core.shell:Creating package script '/home/rsl/pioneerbase_ws/install/mode_select/share/mode_select/package.ps1'
[7.030s] INFO:colcon.colcon_core.shell:Creating package descriptor '/home/rsl/pioneerbase_ws/install/mode_select/share/mode_select/package.dsv'
[7.031s] INFO:colcon.colcon_core.shell:Creating package script '/home/rsl/pioneerbase_ws/install/mode_select/share/mode_select/package.sh'
[7.032s] INFO:colcon.colcon_core.shell:Creating package script '/home/rsl/pioneerbase_ws/install/mode_select/share/mode_select/package.bash'
[7.033s] INFO:colcon.colcon_core.shell:Creating package script '/home/rsl/pioneerbase_ws/install/mode_select/share/mode_select/package.zsh'
[7.033s] Level 1:colcon.colcon_core.environment:create_file_with_runtime_dependencies(/home/rsl/pioneerbase_ws/install/mode_select/share/colcon-core/packages/mode_select)
[7.035s] DEBUG:colcon.colcon_core.event_handler.log_command:Invoked command in '/home/rsl/pioneerbase_ws/src/navigation_core1' returned '0': PYTHONPATH=/home/rsl/pioneerbase_ws/build/navigation_core1/prefix_override:/home/rsl/pioneerbase_ws/install/navigation_core1/lib/python3.10/site-packages:${PYTHONPATH} /usr/bin/python3 setup.py egg_info --egg-base ../../build/navigation_core1 build --build-base /home/rsl/pioneerbase_ws/build/navigation_core1/build install --record /home/rsl/pioneerbase_ws/build/navigation_core1/install.log --single-version-externally-managed
[7.063s] Level 1:colcon.colcon_core.environment:checking '/home/rsl/pioneerbase_ws/install/navigation_core1' for CMake module files
[7.064s] Level 1:colcon.colcon_core.environment:checking '/home/rsl/pioneerbase_ws/install/navigation_core1' for CMake config files
[7.065s] Level 1:colcon.colcon_core.environment:checking '/home/rsl/pioneerbase_ws/install/navigation_core1/lib'
[7.065s] Level 1:colcon.colcon_core.environment:checking '/home/rsl/pioneerbase_ws/install/navigation_core1/bin'
[7.065s] Level 1:colcon.colcon_core.environment:checking '/home/rsl/pioneerbase_ws/install/navigation_core1/lib/pkgconfig/navigation_core1.pc'
[7.065s] Level 1:colcon.colcon_core.environment:checking '/home/rsl/pioneerbase_ws/install/navigation_core1/lib/python3.10/site-packages'
[7.066s] Level 1:colcon.colcon_core.shell:create_environment_hook('navigation_core1', 'pythonpath')
[7.100s] INFO:colcon.colcon_core.shell:Creating environment hook '/home/rsl/pioneerbase_ws/install/navigation_core1/share/navigation_core1/hook/pythonpath.ps1'
[7.101s] INFO:colcon.colcon_core.shell:Creating environment descriptor '/home/rsl/pioneerbase_ws/install/navigation_core1/share/navigation_core1/hook/pythonpath.dsv'
[7.101s] INFO:colcon.colcon_core.shell:Creating environment hook '/home/rsl/pioneerbase_ws/install/navigation_core1/share/navigation_core1/hook/pythonpath.sh'
[7.102s] Level 1:colcon.colcon_core.environment:checking '/home/rsl/pioneerbase_ws/install/navigation_core1/bin'
[7.103s] Level 1:colcon.colcon_core.environment:create_environment_scripts_only(navigation_core1)
[7.147s] INFO:colcon.colcon_core.shell:Creating package script '/home/rsl/pioneerbase_ws/install/navigation_core1/share/navigation_core1/package.ps1'
[7.148s] INFO:colcon.colcon_core.shell:Creating package descriptor '/home/rsl/pioneerbase_ws/install/navigation_core1/share/navigation_core1/package.dsv'
[7.149s] INFO:colcon.colcon_core.shell:Creating package script '/home/rsl/pioneerbase_ws/install/navigation_core1/share/navigation_core1/package.sh'
[7.150s] INFO:colcon.colcon_core.shell:Creating package script '/home/rsl/pioneerbase_ws/install/navigation_core1/share/navigation_core1/package.bash'
[7.151s] INFO:colcon.colcon_core.shell:Creating package script '/home/rsl/pioneerbase_ws/install/navigation_core1/share/navigation_core1/package.zsh'
[7.151s] Level 1:colcon.colcon_core.environment:create_file_with_runtime_dependencies(/home/rsl/pioneerbase_ws/install/navigation_core1/share/colcon-core/packages/navigation_core1)
[7.152s] INFO:colcon.colcon_ros.task.ament_python.build:Building ROS package in '/home/rsl/pioneerbase_ws/src/rover_teleop_joy' with build type 'ament_python'
[7.152s] Level 1:colcon.colcon_core.shell:create_environment_hook('rover_teleop_joy', 'ament_prefix_path')
[7.184s] INFO:colcon.colcon_core.shell:Creating environment hook '/home/rsl/pioneerbase_ws/install/rover_teleop_joy/share/rover_teleop_joy/hook/ament_prefix_path.ps1'
[7.185s] INFO:colcon.colcon_core.shell:Creating environment descriptor '/home/rsl/pioneerbase_ws/install/rover_teleop_joy/share/rover_teleop_joy/hook/ament_prefix_path.dsv'
[7.185s] INFO:colcon.colcon_core.shell:Creating environment hook '/home/rsl/pioneerbase_ws/install/rover_teleop_joy/share/rover_teleop_joy/hook/ament_prefix_path.sh'
[7.216s] INFO:colcon.colcon_core.shell:Skip shell extension 'powershell' for command environment: Not usable outside of PowerShell
[7.216s] DEBUG:colcon.colcon_core.shell:Skip shell extension 'dsv' for command environment
[7.709s] INFO:colcon.colcon_core.task.python.build:Building Python package in '/home/rsl/pioneerbase_ws/src/navigation_core3'
[7.736s] INFO:colcon.colcon_core.shell:Skip shell extension 'powershell' for command environment: Not usable outside of PowerShell
[7.736s] DEBUG:colcon.colcon_core.shell:Skip shell extension 'dsv' for command environment
[7.818s] DEBUG:colcon.colcon_core.event_handler.log_command:Invoked command in '/home/rsl/pioneerbase_ws/src/navigation_core2' returned '0': PYTHONPATH=/home/rsl/pioneerbase_ws/build/navigation_core2/prefix_override:/home/rsl/pioneerbase_ws/install/navigation_core2/lib/python3.10/site-packages:${PYTHONPATH} /usr/bin/python3 setup.py egg_info --egg-base ../../build/navigation_core2 build --build-base /home/rsl/pioneerbase_ws/build/navigation_core2/build install --record /home/rsl/pioneerbase_ws/build/navigation_core2/install.log --single-version-externally-managed
[7.844s] Level 1:colcon.colcon_core.environment:checking '/home/rsl/pioneerbase_ws/install/navigation_core2' for CMake module files
[7.845s] Level 1:colcon.colcon_core.environment:checking '/home/rsl/pioneerbase_ws/install/navigation_core2' for CMake config files
[7.845s] Level 1:colcon.colcon_core.environment:checking '/home/rsl/pioneerbase_ws/install/navigation_core2/lib'
[7.846s] Level 1:colcon.colcon_core.environment:checking '/home/rsl/pioneerbase_ws/install/navigation_core2/bin'
[7.846s] Level 1:colcon.colcon_core.environment:checking '/home/rsl/pioneerbase_ws/install/navigation_core2/lib/pkgconfig/navigation_core2.pc'
[7.846s] Level 1:colcon.colcon_core.environment:checking '/home/rsl/pioneerbase_ws/install/navigation_core2/lib/python3.10/site-packages'
[7.846s] Level 1:colcon.colcon_core.shell:create_environment_hook('navigation_core2', 'pythonpath')
[7.870s] INFO:colcon.colcon_core.shell:Creating environment hook '/home/rsl/pioneerbase_ws/install/navigation_core2/share/navigation_core2/hook/pythonpath.ps1'
[7.871s] INFO:colcon.colcon_core.shell:Creating environment descriptor '/home/rsl/pioneerbase_ws/install/navigation_core2/share/navigation_core2/hook/pythonpath.dsv'
[7.871s] INFO:colcon.colcon_core.shell:Creating environment hook '/home/rsl/pioneerbase_ws/install/navigation_core2/share/navigation_core2/hook/pythonpath.sh'
[7.872s] Level 1:colcon.colcon_core.environment:checking '/home/rsl/pioneerbase_ws/install/navigation_core2/bin'
[7.872s] Level 1:colcon.colcon_core.environment:create_environment_scripts_only(navigation_core2)
[7.897s] INFO:colcon.colcon_core.shell:Creating package script '/home/rsl/pioneerbase_ws/install/navigation_core2/share/navigation_core2/package.ps1'
[7.898s] INFO:colcon.colcon_core.shell:Creating package descriptor '/home/rsl/pioneerbase_ws/install/navigation_core2/share/navigation_core2/package.dsv'
[7.899s] INFO:colcon.colcon_core.shell:Creating package script '/home/rsl/pioneerbase_ws/install/navigation_core2/share/navigation_core2/package.sh'
[7.899s] INFO:colcon.colcon_core.shell:Creating package script '/home/rsl/pioneerbase_ws/install/navigation_core2/share/navigation_core2/package.bash'
[7.899s] INFO:colcon.colcon_core.shell:Creating package script '/home/rsl/pioneerbase_ws/install/navigation_core2/share/navigation_core2/package.zsh'
[7.900s] Level 1:colcon.colcon_core.environment:create_file_with_runtime_dependencies(/home/rsl/pioneerbase_ws/install/navigation_core2/share/colcon-core/packages/navigation_core2)
[8.304s] INFO:colcon.colcon_core.task.python.build:Building Python package in '/home/rsl/pioneerbase_ws/src/rover_teleop_joy'
[8.333s] INFO:colcon.colcon_core.shell:Skip shell extension 'powershell' for command environment: Not usable outside of PowerShell
[8.333s] DEBUG:colcon.colcon_core.shell:Skip shell extension 'dsv' for command environment
[8.950s] DEBUG:colcon.colcon_core.event_handler.log_command:Invoking command in '/home/rsl/pioneerbase_ws/src/navigation_core3': PYTHONPATH=/home/rsl/pioneerbase_ws/build/navigation_core3/prefix_override:/home/rsl/pioneerbase_ws/install/navigation_core3/lib/python3.10/site-packages:${PYTHONPATH} /usr/bin/python3 setup.py egg_info --egg-base ../../build/navigation_core3 build --build-base /home/rsl/pioneerbase_ws/build/navigation_core3/build install --record /home/rsl/pioneerbase_ws/build/navigation_core3/install.log --single-version-externally-managed
[8.965s] DEBUG:colcon.colcon_core.event_handler.log_command:Invoking command in '/home/rsl/pioneerbase_ws/src/rover_teleop_joy': PYTHONPATH=/home/rsl/pioneerbase_ws/build/rover_teleop_joy/prefix_override:/home/rsl/pioneerbase_ws/install/rover_teleop_joy/lib/python3.10/site-packages:${PYTHONPATH} /usr/bin/python3 setup.py egg_info --egg-base ../../build/rover_teleop_joy build --build-base /home/rsl/pioneerbase_ws/build/rover_teleop_joy/build install --record /home/rsl/pioneerbase_ws/build/rover_teleop_joy/install.log --single-version-externally-managed
[9.440s] DEBUG:colcon.colcon_core.event_handler.log_command:Invoked command in '/home/rsl/pioneerbase_ws/src/navigation_core3' returned '0': PYTHONPATH=/home/rsl/pioneerbase_ws/build/navigation_core3/prefix_override:/home/rsl/pioneerbase_ws/install/navigation_core3/lib/python3.10/site-packages:${PYTHONPATH} /usr/bin/python3 setup.py egg_info --egg-base ../../build/navigation_core3 build --build-base /home/rsl/pioneerbase_ws/build/navigation_core3/build install --record /home/rsl/pioneerbase_ws/build/navigation_core3/install.log --single-version-externally-managed
[9.466s] Level 1:colcon.colcon_core.environment:checking '/home/rsl/pioneerbase_ws/install/navigation_core3' for CMake module files
[9.467s] Level 1:colcon.colcon_core.environment:checking '/home/rsl/pioneerbase_ws/install/navigation_core3' for CMake config files
[9.468s] Level 1:colcon.colcon_core.environment:checking '/home/rsl/pioneerbase_ws/install/navigation_core3/lib'
[9.468s] Level 1:colcon.colcon_core.environment:checking '/home/rsl/pioneerbase_ws/install/navigation_core3/bin'
[9.468s] Level 1:colcon.colcon_core.environment:checking '/home/rsl/pioneerbase_ws/install/navigation_core3/lib/pkgconfig/navigation_core3.pc'
[9.468s] Level 1:colcon.colcon_core.environment:checking '/home/rsl/pioneerbase_ws/install/navigation_core3/lib/python3.10/site-packages'
[9.468s] Level 1:colcon.colcon_core.shell:create_environment_hook('navigation_core3', 'pythonpath')
[9.492s] INFO:colcon.colcon_core.shell:Creating environment hook '/home/rsl/pioneerbase_ws/install/navigation_core3/share/navigation_core3/hook/pythonpath.ps1'
[9.493s] INFO:colcon.colcon_core.shell:Creating environment descriptor '/home/rsl/pioneerbase_ws/install/navigation_core3/share/navigation_core3/hook/pythonpath.dsv'
[9.494s] INFO:colcon.colcon_core.shell:Creating environment hook '/home/rsl/pioneerbase_ws/install/navigation_core3/share/navigation_core3/hook/pythonpath.sh'
[9.494s] Level 1:colcon.colcon_core.environment:checking '/home/rsl/pioneerbase_ws/install/navigation_core3/bin'
[9.494s] Level 1:colcon.colcon_core.environment:create_environment_scripts_only(navigation_core3)
[9.520s] INFO:colcon.colcon_core.shell:Creating package script '/home/rsl/pioneerbase_ws/install/navigation_core3/share/navigation_core3/package.ps1'
[9.522s] INFO:colcon.colcon_core.shell:Creating package descriptor '/home/rsl/pioneerbase_ws/install/navigation_core3/share/navigation_core3/package.dsv'
[9.523s] INFO:colcon.colcon_core.shell:Creating package script '/home/rsl/pioneerbase_ws/install/navigation_core3/share/navigation_core3/package.sh'
[9.524s] INFO:colcon.colcon_core.shell:Creating package script '/home/rsl/pioneerbase_ws/install/navigation_core3/share/navigation_core3/package.bash'
[9.524s] INFO:colcon.colcon_core.shell:Creating package script '/home/rsl/pioneerbase_ws/install/navigation_core3/share/navigation_core3/package.zsh'
[9.525s] Level 1:colcon.colcon_core.environment:create_file_with_runtime_dependencies(/home/rsl/pioneerbase_ws/install/navigation_core3/share/colcon-core/packages/navigation_core3)
[9.528s] DEBUG:colcon.colcon_core.event_handler.log_command:Invoked command in '/home/rsl/pioneerbase_ws/src/rover_teleop_joy' returned '0': PYTHONPATH=/home/rsl/pioneerbase_ws/build/rover_teleop_joy/prefix_override:/home/rsl/pioneerbase_ws/install/rover_teleop_joy/lib/python3.10/site-packages:${PYTHONPATH} /usr/bin/python3 setup.py egg_info --egg-base ../../build/rover_teleop_joy build --build-base /home/rsl/pioneerbase_ws/build/rover_teleop_joy/build install --record /home/rsl/pioneerbase_ws/build/rover_teleop_joy/install.log --single-version-externally-managed
[9.554s] Level 1:colcon.colcon_core.environment:checking '/home/rsl/pioneerbase_ws/install/rover_teleop_joy' for CMake module files
[9.555s] Level 1:colcon.colcon_core.environment:checking '/home/rsl/pioneerbase_ws/install/rover_teleop_joy' for CMake config files
[9.556s] Level 1:colcon.colcon_core.environment:checking '/home/rsl/pioneerbase_ws/install/rover_teleop_joy/lib'
[9.556s] Level 1:colcon.colcon_core.environment:checking '/home/rsl/pioneerbase_ws/install/rover_teleop_joy/bin'
[9.556s] Level 1:colcon.colcon_core.environment:checking '/home/rsl/pioneerbase_ws/install/rover_teleop_joy/lib/pkgconfig/rover_teleop_joy.pc'
[9.556s] Level 1:colcon.colcon_core.environment:checking '/home/rsl/pioneerbase_ws/install/rover_teleop_joy/lib/python3.10/site-packages'
[9.556s] Level 1:colcon.colcon_core.shell:create_environment_hook('rover_teleop_joy', 'pythonpath')
[9.581s] INFO:colcon.colcon_core.shell:Creating environment hook '/home/rsl/pioneerbase_ws/install/rover_teleop_joy/share/rover_teleop_joy/hook/pythonpath.ps1'
[9.582s] INFO:colcon.colcon_core.shell:Creating environment descriptor '/home/rsl/pioneerbase_ws/install/rover_teleop_joy/share/rover_teleop_joy/hook/pythonpath.dsv'
[9.582s] INFO:colcon.colcon_core.shell:Creating environment hook '/home/rsl/pioneerbase_ws/install/rover_teleop_joy/share/rover_teleop_joy/hook/pythonpath.sh'
[9.583s] Level 1:colcon.colcon_core.environment:checking '/home/rsl/pioneerbase_ws/install/rover_teleop_joy/bin'
[9.583s] Level 1:colcon.colcon_core.environment:create_environment_scripts_only(rover_teleop_joy)
[9.611s] INFO:colcon.colcon_core.shell:Creating package script '/home/rsl/pioneerbase_ws/install/rover_teleop_joy/share/rover_teleop_joy/package.ps1'
[9.611s] INFO:colcon.colcon_core.shell:Creating package descriptor '/home/rsl/pioneerbase_ws/install/rover_teleop_joy/share/rover_teleop_joy/package.dsv'
[9.612s] INFO:colcon.colcon_core.shell:Creating package script '/home/rsl/pioneerbase_ws/install/rover_teleop_joy/share/rover_teleop_joy/package.sh'
[9.613s] INFO:colcon.colcon_core.shell:Creating package script '/home/rsl/pioneerbase_ws/install/rover_teleop_joy/share/rover_teleop_joy/package.bash'
[9.613s] INFO:colcon.colcon_core.shell:Creating package script '/home/rsl/pioneerbase_ws/install/rover_teleop_joy/share/rover_teleop_joy/package.zsh'
[9.613s] Level 1:colcon.colcon_core.environment:create_file_with_runtime_dependencies(/home/rsl/pioneerbase_ws/install/rover_teleop_joy/share/colcon-core/packages/rover_teleop_joy)
[9.614s] DEBUG:colcon.colcon_parallel_executor.executor.parallel:closing loop
[9.615s] DEBUG:colcon.colcon_parallel_executor.executor.parallel:loop closed
[9.615s] DEBUG:colcon.colcon_parallel_executor.executor.parallel:run_until_complete finished with '0'
[9.615s] DEBUG:colcon.colcon_core.event_reactor:joining thread
[9.712s] INFO:colcon.colcon_core.plugin_system:Skipping extension 'colcon_notification.desktop_notification.terminal_notifier': Not used on non-Darwin systems
[9.712s] INFO:colcon.colcon_core.plugin_system:Skipping extension 'colcon_notification.desktop_notification.win32': Not used on non-Windows systems
[9.712s] INFO:colcon.colcon_notification.desktop_notification:Sending desktop notification using 'notify2'
[9.759s] DEBUG:colcon.colcon_core.event_reactor:joined thread
[9.787s] INFO:colcon.colcon_core.shell:Creating prefix script '/home/rsl/pioneerbase_ws/install/local_setup.ps1'
[9.788s] INFO:colcon.colcon_core.shell:Creating prefix util module '/home/rsl/pioneerbase_ws/install/_local_setup_util_ps1.py'
[9.790s] INFO:colcon.colcon_core.shell:Creating prefix chain script '/home/rsl/pioneerbase_ws/install/setup.ps1'
[9.818s] INFO:colcon.colcon_core.shell:Creating prefix script '/home/rsl/pioneerbase_ws/install/local_setup.sh'
[9.819s] INFO:colcon.colcon_core.shell:Creating prefix util module '/home/rsl/pioneerbase_ws/install/_local_setup_util_sh.py'
[9.820s] INFO:colcon.colcon_core.shell:Creating prefix chain script '/home/rsl/pioneerbase_ws/install/setup.sh'
[9.849s] INFO:colcon.colcon_core.shell:Creating prefix script '/home/rsl/pioneerbase_ws/install/local_setup.bash'
[9.849s] INFO:colcon.colcon_core.shell:Creating prefix chain script '/home/rsl/pioneerbase_ws/install/setup.bash'
[9.878s] INFO:colcon.colcon_core.shell:Creating prefix script '/home/rsl/pioneerbase_ws/install/local_setup.zsh'
[9.879s] INFO:colcon.colcon_core.shell:Creating prefix chain script '/home/rsl/pioneerbase_ws/install/setup.zsh'
