[2.637s] Invoking command in '/home/rsl/pioneerbase_ws/src/navigation_core1': PYTHONPATH=/home/rsl/pioneerbase_ws/build/navigation_core1/prefix_override:/home/rsl/pioneerbase_ws/install/navigation_core1/lib/python3.10/site-packages:${PYTHONPATH} /usr/bin/python3 setup.py egg_info --egg-base ../../build/navigation_core1 build --build-base /home/rsl/pioneerbase_ws/build/navigation_core1/build install --record /home/rsl/pioneerbase_ws/build/navigation_core1/install.log --single-version-externally-managed
[3.187s] running egg_info
[3.188s] writing ../../build/navigation_core1/navigation_core1.egg-info/PKG-INFO
[3.189s] writing dependency_links to ../../build/navigation_core1/navigation_core1.egg-info/dependency_links.txt
[3.190s] writing entry points to ../../build/navigation_core1/navigation_core1.egg-info/entry_points.txt
[3.190s] writing requirements to ../../build/navigation_core1/navigation_core1.egg-info/requires.txt
[3.190s] writing top-level names to ../../build/navigation_core1/navigation_core1.egg-info/top_level.txt
[3.193s] reading manifest file '../../build/navigation_core1/navigation_core1.egg-info/SOURCES.txt'
[3.194s] writing manifest file '../../build/navigation_core1/navigation_core1.egg-info/SOURCES.txt'
[3.195s] running build
[3.195s] running build_py
[3.195s] copying navigation_core1/waypoint_controller.py -> /home/rsl/pioneerbase_ws/build/navigation_core1/build/lib/navigation_core1
[3.196s] copying navigation_core1/__init__.py -> /home/rsl/pioneerbase_ws/build/navigation_core1/build/lib/navigation_core1
[3.196s] running install
[3.196s] /usr/lib/python3/dist-packages/setuptools/command/install.py:34: SetuptoolsDeprecationWarning: setup.py install is deprecated. Use build and pip and other standards-based tools.
[3.196s]   warnings.warn(
[3.197s] running install_lib
[3.197s] copying /home/rsl/pioneerbase_ws/build/navigation_core1/build/lib/navigation_core1/waypoint_controller.py -> /home/rsl/pioneerbase_ws/install/navigation_core1/lib/python3.10/site-packages/navigation_core1
[3.198s] copying /home/rsl/pioneerbase_ws/build/navigation_core1/build/lib/navigation_core1/__init__.py -> /home/rsl/pioneerbase_ws/install/navigation_core1/lib/python3.10/site-packages/navigation_core1
[3.198s] byte-compiling /home/rsl/pioneerbase_ws/install/navigation_core1/lib/python3.10/site-packages/navigation_core1/waypoint_controller.py to waypoint_controller.cpython-310.pyc
[3.199s] byte-compiling /home/rsl/pioneerbase_ws/install/navigation_core1/lib/python3.10/site-packages/navigation_core1/__init__.py to __init__.cpython-310.pyc
[3.200s] running install_data
[3.201s] copying resource/navigation_core1 -> /home/rsl/pioneerbase_ws/install/navigation_core1/share/ament_index/resource_index/packages
[3.202s] copying package.xml -> /home/rsl/pioneerbase_ws/install/navigation_core1/share/navigation_core1
[3.202s] running install_egg_info
[3.204s] removing '/home/rsl/pioneerbase_ws/install/navigation_core1/lib/python3.10/site-packages/navigation_core1-0.0.0-py3.10.egg-info' (and everything under it)
[3.204s] Copying ../../build/navigation_core1/navigation_core1.egg-info to /home/rsl/pioneerbase_ws/install/navigation_core1/lib/python3.10/site-packages/navigation_core1-0.0.0-py3.10.egg-info
[3.205s] running install_scripts
[3.234s] Installing run_navigation1 script to /home/rsl/pioneerbase_ws/install/navigation_core1/lib/navigation_core1
[3.235s] writing list of installed files to '/home/rsl/pioneerbase_ws/build/navigation_core1/install.log'
[3.270s] Invoked command in '/home/rsl/pioneerbase_ws/src/navigation_core1' returned '0': PYTHONPATH=/home/rsl/pioneerbase_ws/build/navigation_core1/prefix_override:/home/rsl/pioneerbase_ws/install/navigation_core1/lib/python3.10/site-packages:${PYTHONPATH} /usr/bin/python3 setup.py egg_info --egg-base ../../build/navigation_core1 build --build-base /home/rsl/pioneerbase_ws/build/navigation_core1/build install --record /home/rsl/pioneerbase_ws/build/navigation_core1/install.log --single-version-externally-managed
