running egg_info
writing ../../build/navigation_core3/navigation_core3.egg-info/PKG-INFO
writing dependency_links to ../../build/navigation_core3/navigation_core3.egg-info/dependency_links.txt
writing entry points to ../../build/navigation_core3/navigation_core3.egg-info/entry_points.txt
writing requirements to ../../build/navigation_core3/navigation_core3.egg-info/requires.txt
writing top-level names to ../../build/navigation_core3/navigation_core3.egg-info/top_level.txt
reading manifest file '../../build/navigation_core3/navigation_core3.egg-info/SOURCES.txt'
writing manifest file '../../build/navigation_core3/navigation_core3.egg-info/SOURCES.txt'
running build
running build_py
/usr/lib/python3/dist-packages/setuptools/command/install.py:34: SetuptoolsDeprecationWarning: setup.py install is deprecated. Use build and pip and other standards-based tools.
  warnings.warn(
running install
running install_lib
running install_data
running install_egg_info
removing '/home/rsl/pioneerbase_ws/install/navigation_core3/lib/python3.10/site-packages/navigation_core3-0.0.0-py3.10.egg-info' (and everything under it)
Copying ../../build/navigation_core3/navigation_core3.egg-info to /home/rsl/pioneerbase_ws/install/navigation_core3/lib/python3.10/site-packages/navigation_core3-0.0.0-py3.10.egg-info
running install_scripts
Installing run_navigation script to /home/rsl/pioneerbase_ws/install/navigation_core3/lib/navigation_core3
writing list of installed files to '/home/rsl/pioneerbase_ws/build/navigation_core3/install.log'
