[3.150s] Invoking command in '/home/rsl/pioneerbase_ws/src/navigation_core1': PYTHONPATH=/home/rsl/pioneerbase_ws/src/build/navigation_core1/prefix_override:/home/rsl/pioneerbase_ws/src/install/navigation_core1/lib/python3.10/site-packages:${PYTHONPATH} /usr/bin/python3 setup.py egg_info --egg-base ../build/navigation_core1 build --build-base /home/rsl/pioneerbase_ws/src/build/navigation_core1/build install --record /home/rsl/pioneerbase_ws/src/build/navigation_core1/install.log --single-version-externally-managed
[3.831s] running egg_info
[3.833s] writing ../build/navigation_core1/navigation_core1.egg-info/PKG-INFO
[3.834s] writing dependency_links to ../build/navigation_core1/navigation_core1.egg-info/dependency_links.txt
[3.835s] writing entry points to ../build/navigation_core1/navigation_core1.egg-info/entry_points.txt
[3.837s] writing requirements to ../build/navigation_core1/navigation_core1.egg-info/requires.txt
[3.837s] writing top-level names to ../build/navigation_core1/navigation_core1.egg-info/top_level.txt
[3.845s] reading manifest file '../build/navigation_core1/navigation_core1.egg-info/SOURCES.txt'
[3.849s] writing manifest file '../build/navigation_core1/navigation_core1.egg-info/SOURCES.txt'
[3.850s] running build
[3.850s] running build_py
[3.852s] running install
[3.853s] /usr/lib/python3/dist-packages/setuptools/command/install.py:34: SetuptoolsDeprecationWarning: setup.py install is deprecated. Use build and pip and other standards-based tools.
[3.853s]   warnings.warn(
[3.856s] running install_lib
[3.861s] running install_data
[3.863s] running install_egg_info
[3.868s] removing '/home/rsl/pioneerbase_ws/src/install/navigation_core1/lib/python3.10/site-packages/navigation_core1-0.0.0-py3.10.egg-info' (and everything under it)
[3.870s] Copying ../build/navigation_core1/navigation_core1.egg-info to /home/rsl/pioneerbase_ws/src/install/navigation_core1/lib/python3.10/site-packages/navigation_core1-0.0.0-py3.10.egg-info
[3.872s] running install_scripts
[3.928s] Installing run_navigation script to /home/rsl/pioneerbase_ws/src/install/navigation_core1/lib/navigation_core1
[3.928s] writing list of installed files to '/home/rsl/pioneerbase_ws/src/build/navigation_core1/install.log'
[4.397s] Invoked command in '/home/rsl/pioneerbase_ws/src/navigation_core1' returned '0': PYTHONPATH=/home/rsl/pioneerbase_ws/src/build/navigation_core1/prefix_override:/home/rsl/pioneerbase_ws/src/install/navigation_core1/lib/python3.10/site-packages:${PYTHONPATH} /usr/bin/python3 setup.py egg_info --egg-base ../build/navigation_core1 build --build-base /home/rsl/pioneerbase_ws/src/build/navigation_core1/build install --record /home/rsl/pioneerbase_ws/src/build/navigation_core1/install.log --single-version-externally-managed
