running egg_info
writing ../../build/rover_teleop_joy/rover_teleop_joy.egg-info/PKG-INFO
writing dependency_links to ../../build/rover_teleop_joy/rover_teleop_joy.egg-info/dependency_links.txt
writing entry points to ../../build/rover_teleop_joy/rover_teleop_joy.egg-info/entry_points.txt
writing requirements to ../../build/rover_teleop_joy/rover_teleop_joy.egg-info/requires.txt
writing top-level names to ../../build/rover_teleop_joy/rover_teleop_joy.egg-info/top_level.txt
reading manifest file '../../build/rover_teleop_joy/rover_teleop_joy.egg-info/SOURCES.txt'
writing manifest file '../../build/rover_teleop_joy/rover_teleop_joy.egg-info/SOURCES.txt'
running build
running build_py
copying rover_teleop_joy/run_joy.py -> /home/rsl/pioneerbase_ws/build/rover_teleop_joy/build/lib/rover_teleop_joy
running install
running install_lib
copying /home/rsl/pioneerbase_ws/build/rover_teleop_joy/build/lib/rover_teleop_joy/run_joy.py -> /home/rsl/pioneerbase_ws/install/rover_teleop_joy/lib/python3.10/site-packages/rover_teleop_joy
byte-compiling /home/rsl/pioneerbase_ws/install/rover_teleop_joy/lib/python3.10/site-packages/rover_teleop_joy/run_joy.py to run_joy.cpython-310.pyc
running install_data
running install_egg_info
removing '/home/rsl/pioneerbase_ws/install/rover_teleop_joy/lib/python3.10/site-packages/rover_teleop_joy-0.0.0-py3.10.egg-info' (and everything under it)
Copying ../../build/rover_teleop_joy/rover_teleop_joy.egg-info to /home/rsl/pioneerbase_ws/install/rover_teleop_joy/lib/python3.10/site-packages/rover_teleop_joy-0.0.0-py3.10.egg-info
running install_scripts
Installing rover_joy script to /home/rsl/pioneerbase_ws/install/rover_teleop_joy/lib/rover_teleop_joy
writing list of installed files to '/home/rsl/pioneerbase_ws/build/rover_teleop_joy/install.log'
