running egg_info
creating ../build/navigation_core2/navigation_core2.egg-info
writing ../build/navigation_core2/navigation_core2.egg-info/PKG-INFO
writing dependency_links to ../build/navigation_core2/navigation_core2.egg-info/dependency_links.txt
writing entry points to ../build/navigation_core2/navigation_core2.egg-info/entry_points.txt
writing requirements to ../build/navigation_core2/navigation_core2.egg-info/requires.txt
writing top-level names to ../build/navigation_core2/navigation_core2.egg-info/top_level.txt
writing manifest file '../build/navigation_core2/navigation_core2.egg-info/SOURCES.txt'
reading manifest file '../build/navigation_core2/navigation_core2.egg-info/SOURCES.txt'
writing manifest file '../build/navigation_core2/navigation_core2.egg-info/SOURCES.txt'
running build
running build_py
creating /home/rsl/pioneerbase_ws/src/build/navigation_core2/build
creating /home/rsl/pioneerbase_ws/src/build/navigation_core2/build/lib
creating /home/rsl/pioneerbase_ws/src/build/navigation_core2/build/lib/navigation_core2
copying navigation_core2/waypoint_controller.py -> /home/rsl/pioneerbase_ws/src/build/navigation_core2/build/lib/navigation_core2
copying navigation_core2/__init__.py -> /home/rsl/pioneerbase_ws/src/build/navigation_core2/build/lib/navigation_core2
running install
running install_lib
creating /home/rsl/pioneerbase_ws/src/install/navigation_core2/lib/python3.10/site-packages/navigation_core2
copying /home/rsl/pioneerbase_ws/src/build/navigation_core2/build/lib/navigation_core2/waypoint_controller.py -> /home/rsl/pioneerbase_ws/src/install/navigation_core2/lib/python3.10/site-packages/navigation_core2
copying /home/rsl/pioneerbase_ws/src/build/navigation_core2/build/lib/navigation_core2/__init__.py -> /home/rsl/pioneerbase_ws/src/install/navigation_core2/lib/python3.10/site-packages/navigation_core2
byte-compiling /home/rsl/pioneerbase_ws/src/install/navigation_core2/lib/python3.10/site-packages/navigation_core2/waypoint_controller.py to waypoint_controller.cpython-310.pyc
byte-compiling /home/rsl/pioneerbase_ws/src/install/navigation_core2/lib/python3.10/site-packages/navigation_core2/__init__.py to __init__.cpython-310.pyc
running install_data
creating /home/rsl/pioneerbase_ws/src/install/navigation_core2/share/ament_index
creating /home/rsl/pioneerbase_ws/src/install/navigation_core2/share/ament_index/resource_index
creating /home/rsl/pioneerbase_ws/src/install/navigation_core2/share/ament_index/resource_index/packages
copying resource/navigation_core2 -> /home/rsl/pioneerbase_ws/src/install/navigation_core2/share/ament_index/resource_index/packages
copying package.xml -> /home/rsl/pioneerbase_ws/src/install/navigation_core2/share/navigation_core2
running install_egg_info
Copying ../build/navigation_core2/navigation_core2.egg-info to /home/rsl/pioneerbase_ws/src/install/navigation_core2/lib/python3.10/site-packages/navigation_core2-0.0.0-py3.10.egg-info
running install_scripts
Installing run_navigation script to /home/rsl/pioneerbase_ws/src/install/navigation_core2/lib/navigation_core2
writing list of installed files to '/home/rsl/pioneerbase_ws/src/build/navigation_core2/install.log'
