[2.847s] Invoking command in '/home/rsl/pioneerbase_ws/src/navigation_core2': PYTHONPATH=/home/rsl/pioneerbase_ws/src/build/navigation_core2/prefix_override:/home/rsl/pioneerbase_ws/src/install/navigation_core2/lib/python3.10/site-packages:${PYTHONPATH} /usr/bin/python3 setup.py egg_info --egg-base ../build/navigation_core2 build --build-base /home/rsl/pioneerbase_ws/src/build/navigation_core2/build install --record /home/rsl/pioneerbase_ws/src/build/navigation_core2/install.log --single-version-externally-managed
[3.405s] running egg_info
[3.406s] creating ../build/navigation_core2/navigation_core2.egg-info
[3.407s] writing ../build/navigation_core2/navigation_core2.egg-info/PKG-INFO
[3.407s] writing dependency_links to ../build/navigation_core2/navigation_core2.egg-info/dependency_links.txt
[3.407s] writing entry points to ../build/navigation_core2/navigation_core2.egg-info/entry_points.txt
[3.408s] writing requirements to ../build/navigation_core2/navigation_core2.egg-info/requires.txt
[3.408s] writing top-level names to ../build/navigation_core2/navigation_core2.egg-info/top_level.txt
[3.408s] writing manifest file '../build/navigation_core2/navigation_core2.egg-info/SOURCES.txt'
[3.412s] reading manifest file '../build/navigation_core2/navigation_core2.egg-info/SOURCES.txt'
[3.414s] writing manifest file '../build/navigation_core2/navigation_core2.egg-info/SOURCES.txt'
[3.414s] running build
[3.414s] running build_py
[3.414s] creating /home/rsl/pioneerbase_ws/src/build/navigation_core2/build
[3.414s] creating /home/rsl/pioneerbase_ws/src/build/navigation_core2/build/lib
[3.415s] creating /home/rsl/pioneerbase_ws/src/build/navigation_core2/build/lib/navigation_core2
[3.415s] copying navigation_core2/waypoint_controller.py -> /home/rsl/pioneerbase_ws/src/build/navigation_core2/build/lib/navigation_core2
[3.504s] copying navigation_core2/__init__.py -> /home/rsl/pioneerbase_ws/src/build/navigation_core2/build/lib/navigation_core2
[3.505s] running install
[3.505s] /usr/lib/python3/dist-packages/setuptools/command/install.py:34: SetuptoolsDeprecationWarning: setup.py install is deprecated. Use build and pip and other standards-based tools.
[3.505s]   warnings.warn(
[3.505s] running install_lib
[3.506s] creating /home/rsl/pioneerbase_ws/src/install/navigation_core2/lib/python3.10/site-packages/navigation_core2
[3.507s] copying /home/rsl/pioneerbase_ws/src/build/navigation_core2/build/lib/navigation_core2/waypoint_controller.py -> /home/rsl/pioneerbase_ws/src/install/navigation_core2/lib/python3.10/site-packages/navigation_core2
[3.507s] copying /home/rsl/pioneerbase_ws/src/build/navigation_core2/build/lib/navigation_core2/__init__.py -> /home/rsl/pioneerbase_ws/src/install/navigation_core2/lib/python3.10/site-packages/navigation_core2
[3.507s] byte-compiling /home/rsl/pioneerbase_ws/src/install/navigation_core2/lib/python3.10/site-packages/navigation_core2/waypoint_controller.py to waypoint_controller.cpython-310.pyc
[3.509s] byte-compiling /home/rsl/pioneerbase_ws/src/install/navigation_core2/lib/python3.10/site-packages/navigation_core2/__init__.py to __init__.cpython-310.pyc
[3.509s] running install_data
[3.511s] creating /home/rsl/pioneerbase_ws/src/install/navigation_core2/share/ament_index
[3.511s] creating /home/rsl/pioneerbase_ws/src/install/navigation_core2/share/ament_index/resource_index
[3.511s] creating /home/rsl/pioneerbase_ws/src/install/navigation_core2/share/ament_index/resource_index/packages
[3.511s] copying resource/navigation_core2 -> /home/rsl/pioneerbase_ws/src/install/navigation_core2/share/ament_index/resource_index/packages
[3.511s] copying package.xml -> /home/rsl/pioneerbase_ws/src/install/navigation_core2/share/navigation_core2
[3.511s] running install_egg_info
[3.515s] Copying ../build/navigation_core2/navigation_core2.egg-info to /home/rsl/pioneerbase_ws/src/install/navigation_core2/lib/python3.10/site-packages/navigation_core2-0.0.0-py3.10.egg-info
[3.517s] running install_scripts
[3.563s] Installing run_navigation script to /home/rsl/pioneerbase_ws/src/install/navigation_core2/lib/navigation_core2
[3.563s] writing list of installed files to '/home/rsl/pioneerbase_ws/src/build/navigation_core2/install.log'
[3.618s] Invoked command in '/home/rsl/pioneerbase_ws/src/navigation_core2' returned '0': PYTHONPATH=/home/rsl/pioneerbase_ws/src/build/navigation_core2/prefix_override:/home/rsl/pioneerbase_ws/src/install/navigation_core2/lib/python3.10/site-packages:${PYTHONPATH} /usr/bin/python3 setup.py egg_info --egg-base ../build/navigation_core2 build --build-base /home/rsl/pioneerbase_ws/src/build/navigation_core2/build install --record /home/rsl/pioneerbase_ws/src/build/navigation_core2/install.log --single-version-externally-managed
