running egg_info
writing ../build/bs_launch/bs_launch.egg-info/PKG-INFO
writing dependency_links to ../build/bs_launch/bs_launch.egg-info/dependency_links.txt
writing entry points to ../build/bs_launch/bs_launch.egg-info/entry_points.txt
writing requirements to ../build/bs_launch/bs_launch.egg-info/requires.txt
writing top-level names to ../build/bs_launch/bs_launch.egg-info/top_level.txt
reading manifest file '../build/bs_launch/bs_launch.egg-info/SOURCES.txt'
writing manifest file '../build/bs_launch/bs_launch.egg-info/SOURCES.txt'
running build
running build_py
creating /home/rsl/pioneerbase_ws/src/build/bs_launch/build/lib/launch
copying launch/launch.py -> /home/rsl/pioneerbase_ws/src/build/bs_launch/build/lib/launch
copying launch/__init__.py -> /home/rsl/pioneerbase_ws/src/build/bs_launch/build/lib/launch
running install
running install_lib
creating /home/rsl/pioneerbase_ws/src/install/bs_launch/lib/python3.10/site-packages/launch
copying /home/rsl/pioneerbase_ws/src/build/bs_launch/build/lib/launch/launch.py -> /home/rsl/pioneerbase_ws/src/install/bs_launch/lib/python3.10/site-packages/launch
copying /home/rsl/pioneerbase_ws/src/build/bs_launch/build/lib/launch/__init__.py -> /home/rsl/pioneerbase_ws/src/install/bs_launch/lib/python3.10/site-packages/launch
byte-compiling /home/rsl/pioneerbase_ws/src/install/bs_launch/lib/python3.10/site-packages/launch/launch.py to launch.cpython-310.pyc
byte-compiling /home/rsl/pioneerbase_ws/src/install/bs_launch/lib/python3.10/site-packages/launch/__init__.py to __init__.cpython-310.pyc
running install_data
running install_egg_info
removing '/home/rsl/pioneerbase_ws/src/install/bs_launch/lib/python3.10/site-packages/bs_launch-0.0.0-py3.10.egg-info' (and everything under it)
Copying ../build/bs_launch/bs_launch.egg-info to /home/rsl/pioneerbase_ws/src/install/bs_launch/lib/python3.10/site-packages/bs_launch-0.0.0-py3.10.egg-info
running install_scripts
writing list of installed files to '/home/rsl/pioneerbase_ws/src/build/bs_launch/install.log'
