[3.627s] Invoking command in '/home/rsl/pioneerbase_ws/src/bs_launch': PYTHONPATH=/home/rsl/pioneerbase_ws/src/build/bs_launch/prefix_override:/home/rsl/pioneerbase_ws/src/install/bs_launch/lib/python3.10/site-packages:${PYTHONPATH} /usr/bin/python3 setup.py egg_info --egg-base ../build/bs_launch build --build-base /home/rsl/pioneerbase_ws/src/build/bs_launch/build install --record /home/rsl/pioneerbase_ws/src/build/bs_launch/install.log --single-version-externally-managed
[4.354s] running egg_info
[4.356s] writing ../build/bs_launch/bs_launch.egg-info/PKG-INFO
[4.357s] writing dependency_links to ../build/bs_launch/bs_launch.egg-info/dependency_links.txt
[4.358s] writing entry points to ../build/bs_launch/bs_launch.egg-info/entry_points.txt
[4.359s] writing requirements to ../build/bs_launch/bs_launch.egg-info/requires.txt
[4.377s] writing top-level names to ../build/bs_launch/bs_launch.egg-info/top_level.txt
[4.382s] reading manifest file '../build/bs_launch/bs_launch.egg-info/SOURCES.txt'
[4.390s] writing manifest file '../build/bs_launch/bs_launch.egg-info/SOURCES.txt'
[4.390s] running build
[4.390s] running build_py
[4.391s] creating /home/rsl/pioneerbase_ws/src/build/bs_launch/build/lib/launch
[4.391s] copying launch/launch.py -> /home/rsl/pioneerbase_ws/src/build/bs_launch/build/lib/launch
[4.391s] copying launch/__init__.py -> /home/rsl/pioneerbase_ws/src/build/bs_launch/build/lib/launch
[4.391s] running install
[4.391s] /usr/lib/python3/dist-packages/setuptools/command/install.py:34: SetuptoolsDeprecationWarning: setup.py install is deprecated. Use build and pip and other standards-based tools.
[4.392s]   warnings.warn(
[4.392s] running install_lib
[4.393s] creating /home/rsl/pioneerbase_ws/src/install/bs_launch/lib/python3.10/site-packages/launch
[4.393s] copying /home/rsl/pioneerbase_ws/src/build/bs_launch/build/lib/launch/launch.py -> /home/rsl/pioneerbase_ws/src/install/bs_launch/lib/python3.10/site-packages/launch
[4.393s] copying /home/rsl/pioneerbase_ws/src/build/bs_launch/build/lib/launch/__init__.py -> /home/rsl/pioneerbase_ws/src/install/bs_launch/lib/python3.10/site-packages/launch
[4.395s] byte-compiling /home/rsl/pioneerbase_ws/src/install/bs_launch/lib/python3.10/site-packages/launch/launch.py to launch.cpython-310.pyc
[4.395s] byte-compiling /home/rsl/pioneerbase_ws/src/install/bs_launch/lib/python3.10/site-packages/launch/__init__.py to __init__.cpython-310.pyc
[4.397s] running install_data
[4.397s] running install_egg_info
[4.398s] removing '/home/rsl/pioneerbase_ws/src/install/bs_launch/lib/python3.10/site-packages/bs_launch-0.0.0-py3.10.egg-info' (and everything under it)
[4.402s] Copying ../build/bs_launch/bs_launch.egg-info to /home/rsl/pioneerbase_ws/src/install/bs_launch/lib/python3.10/site-packages/bs_launch-0.0.0-py3.10.egg-info
[4.402s] running install_scripts
[4.451s] writing list of installed files to '/home/rsl/pioneerbase_ws/src/build/bs_launch/install.log'
[4.749s] Invoked command in '/home/rsl/pioneerbase_ws/src/bs_launch' returned '0': PYTHONPATH=/home/rsl/pioneerbase_ws/src/build/bs_launch/prefix_override:/home/rsl/pioneerbase_ws/src/install/bs_launch/lib/python3.10/site-packages:${PYTHONPATH} /usr/bin/python3 setup.py egg_info --egg-base ../build/bs_launch build --build-base /home/rsl/pioneerbase_ws/src/build/bs_launch/build install --record /home/rsl/pioneerbase_ws/src/build/bs_launch/install.log --single-version-externally-managed
