[1.895s] Invoking command in '/home/rsl/pioneerbase_ws/src/navigation_core2': PYTHONPATH=/home/rsl/pioneerbase_ws/build/navigation_core2/prefix_override:/home/rsl/pioneerbase_ws/install/navigation_core2/lib/python3.10/site-packages:${PYTHONPATH} /usr/bin/python3 setup.py egg_info --egg-base ../../build/navigation_core2 build --build-base /home/rsl/pioneerbase_ws/build/navigation_core2/build install --record /home/rsl/pioneerbase_ws/build/navigation_core2/install.log --single-version-externally-managed
[2.293s] running egg_info
[2.294s] writing ../../build/navigation_core2/navigation_core2.egg-info/PKG-INFO
[2.295s] writing dependency_links to ../../build/navigation_core2/navigation_core2.egg-info/dependency_links.txt
[2.295s] writing entry points to ../../build/navigation_core2/navigation_core2.egg-info/entry_points.txt
[2.295s] writing requirements to ../../build/navigation_core2/navigation_core2.egg-info/requires.txt
[2.295s] writing top-level names to ../../build/navigation_core2/navigation_core2.egg-info/top_level.txt
[2.298s] reading manifest file '../../build/navigation_core2/navigation_core2.egg-info/SOURCES.txt'
[2.313s] writing manifest file '../../build/navigation_core2/navigation_core2.egg-info/SOURCES.txt'
[2.314s] running build
[2.314s] running build_py
[2.314s] running install
[2.314s] /usr/lib/python3/dist-packages/setuptools/command/install.py:34: SetuptoolsDeprecationWarning: setup.py install is deprecated. Use build and pip and other standards-based tools.
[2.315s]   warnings.warn(
[2.315s] running install_lib
[2.317s] running install_data
[2.318s] running install_egg_info
[2.320s] removing '/home/rsl/pioneerbase_ws/install/navigation_core2/lib/python3.10/site-packages/navigation_core2-0.0.0-py3.10.egg-info' (and everything under it)
[2.321s] Copying ../../build/navigation_core2/navigation_core2.egg-info to /home/rsl/pioneerbase_ws/install/navigation_core2/lib/python3.10/site-packages/navigation_core2-0.0.0-py3.10.egg-info
[2.326s] running install_scripts
[2.359s] Installing run_navigation script to /home/rsl/pioneerbase_ws/install/navigation_core2/lib/navigation_core2
[2.359s] writing list of installed files to '/home/rsl/pioneerbase_ws/build/navigation_core2/install.log'
[3.256s] Invoked command in '/home/rsl/pioneerbase_ws/src/navigation_core2' returned '0': PYTHONPATH=/home/rsl/pioneerbase_ws/build/navigation_core2/prefix_override:/home/rsl/pioneerbase_ws/install/navigation_core2/lib/python3.10/site-packages:${PYTHONPATH} /usr/bin/python3 setup.py egg_info --egg-base ../../build/navigation_core2 build --build-base /home/rsl/pioneerbase_ws/build/navigation_core2/build install --record /home/rsl/pioneerbase_ws/build/navigation_core2/install.log --single-version-externally-managed
