[1.635s] DEBUG:colcon:Command line arguments: ['/usr/bin/colcon', 'build']
[1.635s] DEBUG:colcon:Parsed command line arguments: Namespace(log_base=None, log_level=None, verb_name='build', build_base='build', install_base='install', merge_install=False, symlink_install=False, test_result_base=None, continue_on_error=False, executor='parallel', parallel_workers=4, event_handlers=None, ignore_user_meta=False, metas=['./colcon.meta'], base_paths=['.'], packages_ignore=None, packages_ignore_regex=None, paths=None, packages_up_to=None, packages_up_to_regex=None, packages_above=None, packages_above_and_dependencies=None, packages_above_depth=None, packages_select_by_dep=None, packages_skip_by_dep=None, packages_skip_up_to=None, packages_select_build_failed=False, packages_skip_build_finished=False, packages_select_test_failures=False, packages_skip_test_passed=False, packages_select=None, packages_skip=None, packages_select_regex=None, packages_skip_regex=None, packages_start=None, packages_end=None, allow_overriding=[], cmake_args=None, cmake_target=None, cmake_target_skip_unavailable=False, cmake_clean_cache=False, cmake_clean_first=False, cmake_force_configure=False, ament_cmake_args=None, catkin_cmake_args=None, catkin_skip_building_tests=False, verb_parser=<colcon_defaults.argument_parser.defaults.DefaultArgumentsDecorator object at 0x7feb7ed6c820>, verb_extension=<colcon_core.verb.build.BuildVerb object at 0x7feb7f1b72b0>, main=<bound method BuildVerb.main of <colcon_core.verb.build.BuildVerb object at 0x7feb7f1b72b0>>)
[1.708s] Level 1:colcon.colcon_core.package_discovery:discover_packages(colcon_meta) check parameters
[1.708s] Level 1:colcon.colcon_core.package_discovery:discover_packages(recursive) check parameters
[1.708s] Level 1:colcon.colcon_core.package_discovery:discover_packages(ignore) check parameters
[1.708s] Level 1:colcon.colcon_core.package_discovery:discover_packages(path) check parameters
[1.708s] Level 1:colcon.colcon_core.package_discovery:discover_packages(colcon_meta) discover
[1.709s] Level 1:colcon.colcon_core.package_discovery:discover_packages(recursive) discover
[1.709s] INFO:colcon.colcon_core.package_discovery:Crawling recursively for packages in '/home/rsl/pioneerbase_ws/src'
[1.709s] Level 1:colcon.colcon_core.package_identification:_identify(.) by extensions ['ignore', 'ignore_ament_install']
[1.709s] Level 1:colcon.colcon_core.package_identification:_identify(.) by extension 'ignore'
[1.709s] Level 1:colcon.colcon_core.package_identification:_identify(.) by extension 'ignore_ament_install'
[1.709s] Level 1:colcon.colcon_core.package_identification:_identify(.) by extensions ['colcon_pkg']
[1.709s] Level 1:colcon.colcon_core.package_identification:_identify(.) by extension 'colcon_pkg'
[1.709s] Level 1:colcon.colcon_core.package_identification:_identify(.) by extensions ['colcon_meta']
[1.709s] Level 1:colcon.colcon_core.package_identification:_identify(.) by extension 'colcon_meta'
[1.709s] Level 1:colcon.colcon_core.package_identification:_identify(.) by extensions ['ros']
[1.709s] Level 1:colcon.colcon_core.package_identification:_identify(.) by extension 'ros'
[1.726s] Level 1:colcon.colcon_core.package_identification:_identify(.) by extensions ['cmake', 'python']
[1.726s] Level 1:colcon.colcon_core.package_identification:_identify(.) by extension 'cmake'
[1.726s] Level 1:colcon.colcon_core.package_identification:_identify(.) by extension 'python'
[1.726s] Level 1:colcon.colcon_core.package_identification:_identify(.) by extensions ['python_setup_py']
[1.726s] Level 1:colcon.colcon_core.package_identification:_identify(.) by extension 'python_setup_py'
[1.727s] Level 1:colcon.colcon_core.package_identification:_identify(bs_launch) by extensions ['ignore', 'ignore_ament_install']
[1.727s] Level 1:colcon.colcon_core.package_identification:_identify(bs_launch) by extension 'ignore'
[1.727s] Level 1:colcon.colcon_core.package_identification:_identify(bs_launch) by extension 'ignore_ament_install'
[1.727s] Level 1:colcon.colcon_core.package_identification:_identify(bs_launch) by extensions ['colcon_pkg']
[1.727s] Level 1:colcon.colcon_core.package_identification:_identify(bs_launch) by extension 'colcon_pkg'
[1.727s] Level 1:colcon.colcon_core.package_identification:_identify(bs_launch) by extensions ['colcon_meta']
[1.727s] Level 1:colcon.colcon_core.package_identification:_identify(bs_launch) by extension 'colcon_meta'
[1.727s] Level 1:colcon.colcon_core.package_identification:_identify(bs_launch) by extensions ['ros']
[1.727s] Level 1:colcon.colcon_core.package_identification:_identify(bs_launch) by extension 'ros'
[1.731s] DEBUG:colcon.colcon_core.package_identification:Package 'bs_launch' with type 'ros.ament_cmake' and name 'bs_launch'
[1.731s] Level 1:colcon.colcon_core.package_identification:_identify(build) by extensions ['ignore', 'ignore_ament_install']
[1.731s] Level 1:colcon.colcon_core.package_identification:_identify(build) by extension 'ignore'
[1.731s] Level 1:colcon.colcon_core.package_identification:_identify(build) ignored
[1.731s] Level 1:colcon.colcon_core.package_identification:_identify(gps_target_push) by extensions ['ignore', 'ignore_ament_install']
[1.731s] Level 1:colcon.colcon_core.package_identification:_identify(gps_target_push) by extension 'ignore'
[1.731s] Level 1:colcon.colcon_core.package_identification:_identify(gps_target_push) by extension 'ignore_ament_install'
[1.731s] Level 1:colcon.colcon_core.package_identification:_identify(gps_target_push) by extensions ['colcon_pkg']
[1.731s] Level 1:colcon.colcon_core.package_identification:_identify(gps_target_push) by extension 'colcon_pkg'
[1.732s] Level 1:colcon.colcon_core.package_identification:_identify(gps_target_push) by extensions ['colcon_meta']
[1.732s] Level 1:colcon.colcon_core.package_identification:_identify(gps_target_push) by extension 'colcon_meta'
[1.732s] Level 1:colcon.colcon_core.package_identification:_identify(gps_target_push) by extensions ['ros']
[1.732s] Level 1:colcon.colcon_core.package_identification:_identify(gps_target_push) by extension 'ros'
[1.732s] DEBUG:colcon.colcon_core.package_identification:Package 'gps_target_push' with type 'ros.ament_python' and name 'gps_target_push'
[1.732s] Level 1:colcon.colcon_core.package_identification:_identify(install) by extensions ['ignore', 'ignore_ament_install']
[1.733s] Level 1:colcon.colcon_core.package_identification:_identify(install) by extension 'ignore'
[1.733s] Level 1:colcon.colcon_core.package_identification:_identify(install) ignored
[1.733s] Level 1:colcon.colcon_core.package_identification:_identify(log) by extensions ['ignore', 'ignore_ament_install']
[1.733s] Level 1:colcon.colcon_core.package_identification:_identify(log) by extension 'ignore'
[1.733s] Level 1:colcon.colcon_core.package_identification:_identify(log) ignored
[1.733s] Level 1:colcon.colcon_core.package_identification:_identify(mode_select) by extensions ['ignore', 'ignore_ament_install']
[1.733s] Level 1:colcon.colcon_core.package_identification:_identify(mode_select) by extension 'ignore'
[1.733s] Level 1:colcon.colcon_core.package_identification:_identify(mode_select) by extension 'ignore_ament_install'
[1.733s] Level 1:colcon.colcon_core.package_identification:_identify(mode_select) by extensions ['colcon_pkg']
[1.733s] Level 1:colcon.colcon_core.package_identification:_identify(mode_select) by extension 'colcon_pkg'
[1.733s] Level 1:colcon.colcon_core.package_identification:_identify(mode_select) by extensions ['colcon_meta']
[1.733s] Level 1:colcon.colcon_core.package_identification:_identify(mode_select) by extension 'colcon_meta'
[1.734s] Level 1:colcon.colcon_core.package_identification:_identify(mode_select) by extensions ['ros']
[1.734s] Level 1:colcon.colcon_core.package_identification:_identify(mode_select) by extension 'ros'
[1.734s] DEBUG:colcon.colcon_core.package_identification:Package 'mode_select' with type 'ros.ament_python' and name 'mode_select'
[1.734s] Level 1:colcon.colcon_core.package_identification:_identify(navigation_core1) by extensions ['ignore', 'ignore_ament_install']
[1.734s] Level 1:colcon.colcon_core.package_identification:_identify(navigation_core1) by extension 'ignore'
[1.734s] Level 1:colcon.colcon_core.package_identification:_identify(navigation_core1) by extension 'ignore_ament_install'
[1.735s] Level 1:colcon.colcon_core.package_identification:_identify(navigation_core1) by extensions ['colcon_pkg']
[1.735s] Level 1:colcon.colcon_core.package_identification:_identify(navigation_core1) by extension 'colcon_pkg'
[1.735s] Level 1:colcon.colcon_core.package_identification:_identify(navigation_core1) by extensions ['colcon_meta']
[1.735s] Level 1:colcon.colcon_core.package_identification:_identify(navigation_core1) by extension 'colcon_meta'
[1.735s] Level 1:colcon.colcon_core.package_identification:_identify(navigation_core1) by extensions ['ros']
[1.735s] Level 1:colcon.colcon_core.package_identification:_identify(navigation_core1) by extension 'ros'
[1.736s] DEBUG:colcon.colcon_core.package_identification:Package 'navigation_core1' with type 'ros.ament_python' and name 'navigation_core1'
[1.736s] Level 1:colcon.colcon_core.package_identification:_identify(navigation_core2) by extensions ['ignore', 'ignore_ament_install']
[1.736s] Level 1:colcon.colcon_core.package_identification:_identify(navigation_core2) by extension 'ignore'
[1.736s] Level 1:colcon.colcon_core.package_identification:_identify(navigation_core2) by extension 'ignore_ament_install'
[1.736s] Level 1:colcon.colcon_core.package_identification:_identify(navigation_core2) by extensions ['colcon_pkg']
[1.736s] Level 1:colcon.colcon_core.package_identification:_identify(navigation_core2) by extension 'colcon_pkg'
[1.736s] Level 1:colcon.colcon_core.package_identification:_identify(navigation_core2) by extensions ['colcon_meta']
[1.736s] Level 1:colcon.colcon_core.package_identification:_identify(navigation_core2) by extension 'colcon_meta'
[1.736s] Level 1:colcon.colcon_core.package_identification:_identify(navigation_core2) by extensions ['ros']
[1.736s] Level 1:colcon.colcon_core.package_identification:_identify(navigation_core2) by extension 'ros'
[1.737s] DEBUG:colcon.colcon_core.package_identification:Package 'navigation_core2' with type 'ros.ament_python' and name 'navigation_core2'
[1.737s] Level 1:colcon.colcon_core.package_identification:_identify(navigation_core3) by extensions ['ignore', 'ignore_ament_install']
[1.737s] Level 1:colcon.colcon_core.package_identification:_identify(navigation_core3) by extension 'ignore'
[1.737s] Level 1:colcon.colcon_core.package_identification:_identify(navigation_core3) by extension 'ignore_ament_install'
[1.737s] Level 1:colcon.colcon_core.package_identification:_identify(navigation_core3) by extensions ['colcon_pkg']
[1.737s] Level 1:colcon.colcon_core.package_identification:_identify(navigation_core3) by extension 'colcon_pkg'
[1.737s] Level 1:colcon.colcon_core.package_identification:_identify(navigation_core3) by extensions ['colcon_meta']
[1.737s] Level 1:colcon.colcon_core.package_identification:_identify(navigation_core3) by extension 'colcon_meta'
[1.737s] Level 1:colcon.colcon_core.package_identification:_identify(navigation_core3) by extensions ['ros']
[1.737s] Level 1:colcon.colcon_core.package_identification:_identify(navigation_core3) by extension 'ros'
[1.738s] DEBUG:colcon.colcon_core.package_identification:Package 'navigation_core3' with type 'ros.ament_python' and name 'navigation_core3'
[1.738s] Level 1:colcon.colcon_core.package_identification:_identify(rover_teleop_joy) by extensions ['ignore', 'ignore_ament_install']
[1.738s] Level 1:colcon.colcon_core.package_identification:_identify(rover_teleop_joy) by extension 'ignore'
[1.738s] Level 1:colcon.colcon_core.package_identification:_identify(rover_teleop_joy) by extension 'ignore_ament_install'
[1.738s] Level 1:colcon.colcon_core.package_identification:_identify(rover_teleop_joy) by extensions ['colcon_pkg']
[1.738s] Level 1:colcon.colcon_core.package_identification:_identify(rover_teleop_joy) by extension 'colcon_pkg'
[1.739s] Level 1:colcon.colcon_core.package_identification:_identify(rover_teleop_joy) by extensions ['colcon_meta']
[1.739s] Level 1:colcon.colcon_core.package_identification:_identify(rover_teleop_joy) by extension 'colcon_meta'
[1.739s] Level 1:colcon.colcon_core.package_identification:_identify(rover_teleop_joy) by extensions ['ros']
[1.739s] Level 1:colcon.colcon_core.package_identification:_identify(rover_teleop_joy) by extension 'ros'
[1.739s] DEBUG:colcon.colcon_core.package_identification:Package 'rover_teleop_joy' with type 'ros.ament_python' and name 'rover_teleop_joy'
[1.739s] Level 1:colcon.colcon_core.package_discovery:discover_packages(recursive) using defaults
[1.740s] Level 1:colcon.colcon_core.package_discovery:discover_packages(ignore) discover
[1.740s] Level 1:colcon.colcon_core.package_discovery:discover_packages(ignore) using defaults
[1.740s] Level 1:colcon.colcon_core.package_discovery:discover_packages(path) discover
[1.740s] Level 1:colcon.colcon_core.package_discovery:discover_packages(path) using defaults
[1.887s] Level 1:colcon.colcon_core.package_discovery:discover_packages(prefix_path) check parameters
[1.887s] Level 1:colcon.colcon_core.package_discovery:discover_packages(prefix_path) discover
[1.939s] DEBUG:colcon.colcon_installed_package_information.package_discovery:Found 7 installed packages in /home/rsl/pioneerbase_ws/src/install
[1.965s] DEBUG:colcon.colcon_installed_package_information.package_discovery:Found 270 installed packages in /opt/ros/humble
[1.968s] Level 1:colcon.colcon_core.package_discovery:discover_packages(prefix_path) using defaults
[2.124s] Level 5:colcon.colcon_core.verb:set package 'bs_launch' build argument 'cmake_args' from command line to 'None'
[2.124s] Level 5:colcon.colcon_core.verb:set package 'bs_launch' build argument 'cmake_target' from command line to 'None'
[2.124s] Level 5:colcon.colcon_core.verb:set package 'bs_launch' build argument 'cmake_target_skip_unavailable' from command line to 'False'
[2.124s] Level 5:colcon.colcon_core.verb:set package 'bs_launch' build argument 'cmake_clean_cache' from command line to 'False'
[2.124s] Level 5:colcon.colcon_core.verb:set package 'bs_launch' build argument 'cmake_clean_first' from command line to 'False'
[2.124s] Level 5:colcon.colcon_core.verb:set package 'bs_launch' build argument 'cmake_force_configure' from command line to 'False'
[2.124s] Level 5:colcon.colcon_core.verb:set package 'bs_launch' build argument 'ament_cmake_args' from command line to 'None'
[2.124s] Level 5:colcon.colcon_core.verb:set package 'bs_launch' build argument 'catkin_cmake_args' from command line to 'None'
[2.124s] Level 5:colcon.colcon_core.verb:set package 'bs_launch' build argument 'catkin_skip_building_tests' from command line to 'False'
[2.124s] DEBUG:colcon.colcon_core.verb:Building package 'bs_launch' with the following arguments: {'ament_cmake_args': None, 'build_base': '/home/rsl/pioneerbase_ws/src/build/bs_launch', 'catkin_cmake_args': None, 'catkin_skip_building_tests': False, 'cmake_args': None, 'cmake_clean_cache': False, 'cmake_clean_first': False, 'cmake_force_configure': False, 'cmake_target': None, 'cmake_target_skip_unavailable': False, 'install_base': '/home/rsl/pioneerbase_ws/src/install/bs_launch', 'merge_install': False, 'path': '/home/rsl/pioneerbase_ws/src/bs_launch', 'symlink_install': False, 'test_result_base': None}
[2.149s] Level 5:colcon.colcon_core.verb:set package 'gps_target_push' build argument 'cmake_args' from command line to 'None'
[2.149s] Level 5:colcon.colcon_core.verb:set package 'gps_target_push' build argument 'cmake_target' from command line to 'None'
[2.149s] Level 5:colcon.colcon_core.verb:set package 'gps_target_push' build argument 'cmake_target_skip_unavailable' from command line to 'False'
[2.149s] Level 5:colcon.colcon_core.verb:set package 'gps_target_push' build argument 'cmake_clean_cache' from command line to 'False'
[2.149s] Level 5:colcon.colcon_core.verb:set package 'gps_target_push' build argument 'cmake_clean_first' from command line to 'False'
[2.149s] Level 5:colcon.colcon_core.verb:set package 'gps_target_push' build argument 'cmake_force_configure' from command line to 'False'
[2.149s] Level 5:colcon.colcon_core.verb:set package 'gps_target_push' build argument 'ament_cmake_args' from command line to 'None'
[2.149s] Level 5:colcon.colcon_core.verb:set package 'gps_target_push' build argument 'catkin_cmake_args' from command line to 'None'
[2.149s] Level 5:colcon.colcon_core.verb:set package 'gps_target_push' build argument 'catkin_skip_building_tests' from command line to 'False'
[2.149s] DEBUG:colcon.colcon_core.verb:Building package 'gps_target_push' with the following arguments: {'ament_cmake_args': None, 'build_base': '/home/rsl/pioneerbase_ws/src/build/gps_target_push', 'catkin_cmake_args': None, 'catkin_skip_building_tests': False, 'cmake_args': None, 'cmake_clean_cache': False, 'cmake_clean_first': False, 'cmake_force_configure': False, 'cmake_target': None, 'cmake_target_skip_unavailable': False, 'install_base': '/home/rsl/pioneerbase_ws/src/install/gps_target_push', 'merge_install': False, 'path': '/home/rsl/pioneerbase_ws/src/gps_target_push', 'symlink_install': False, 'test_result_base': None}
[2.174s] Level 5:colcon.colcon_core.verb:set package 'mode_select' build argument 'cmake_args' from command line to 'None'
[2.174s] Level 5:colcon.colcon_core.verb:set package 'mode_select' build argument 'cmake_target' from command line to 'None'
[2.174s] Level 5:colcon.colcon_core.verb:set package 'mode_select' build argument 'cmake_target_skip_unavailable' from command line to 'False'
[2.174s] Level 5:colcon.colcon_core.verb:set package 'mode_select' build argument 'cmake_clean_cache' from command line to 'False'
[2.174s] Level 5:colcon.colcon_core.verb:set package 'mode_select' build argument 'cmake_clean_first' from command line to 'False'
[2.174s] Level 5:colcon.colcon_core.verb:set package 'mode_select' build argument 'cmake_force_configure' from command line to 'False'
[2.174s] Level 5:colcon.colcon_core.verb:set package 'mode_select' build argument 'ament_cmake_args' from command line to 'None'
[2.174s] Level 5:colcon.colcon_core.verb:set package 'mode_select' build argument 'catkin_cmake_args' from command line to 'None'
[2.174s] Level 5:colcon.colcon_core.verb:set package 'mode_select' build argument 'catkin_skip_building_tests' from command line to 'False'
[2.175s] DEBUG:colcon.colcon_core.verb:Building package 'mode_select' with the following arguments: {'ament_cmake_args': None, 'build_base': '/home/rsl/pioneerbase_ws/src/build/mode_select', 'catkin_cmake_args': None, 'catkin_skip_building_tests': False, 'cmake_args': None, 'cmake_clean_cache': False, 'cmake_clean_first': False, 'cmake_force_configure': False, 'cmake_target': None, 'cmake_target_skip_unavailable': False, 'install_base': '/home/rsl/pioneerbase_ws/src/install/mode_select', 'merge_install': False, 'path': '/home/rsl/pioneerbase_ws/src/mode_select', 'symlink_install': False, 'test_result_base': None}
[2.199s] Level 5:colcon.colcon_core.verb:set package 'navigation_core1' build argument 'cmake_args' from command line to 'None'
[2.199s] Level 5:colcon.colcon_core.verb:set package 'navigation_core1' build argument 'cmake_target' from command line to 'None'
[2.199s] Level 5:colcon.colcon_core.verb:set package 'navigation_core1' build argument 'cmake_target_skip_unavailable' from command line to 'False'
[2.199s] Level 5:colcon.colcon_core.verb:set package 'navigation_core1' build argument 'cmake_clean_cache' from command line to 'False'
[2.199s] Level 5:colcon.colcon_core.verb:set package 'navigation_core1' build argument 'cmake_clean_first' from command line to 'False'
[2.199s] Level 5:colcon.colcon_core.verb:set package 'navigation_core1' build argument 'cmake_force_configure' from command line to 'False'
[2.199s] Level 5:colcon.colcon_core.verb:set package 'navigation_core1' build argument 'ament_cmake_args' from command line to 'None'
[2.199s] Level 5:colcon.colcon_core.verb:set package 'navigation_core1' build argument 'catkin_cmake_args' from command line to 'None'
[2.199s] Level 5:colcon.colcon_core.verb:set package 'navigation_core1' build argument 'catkin_skip_building_tests' from command line to 'False'
[2.200s] DEBUG:colcon.colcon_core.verb:Building package 'navigation_core1' with the following arguments: {'ament_cmake_args': None, 'build_base': '/home/rsl/pioneerbase_ws/src/build/navigation_core1', 'catkin_cmake_args': None, 'catkin_skip_building_tests': False, 'cmake_args': None, 'cmake_clean_cache': False, 'cmake_clean_first': False, 'cmake_force_configure': False, 'cmake_target': None, 'cmake_target_skip_unavailable': False, 'install_base': '/home/rsl/pioneerbase_ws/src/install/navigation_core1', 'merge_install': False, 'path': '/home/rsl/pioneerbase_ws/src/navigation_core1', 'symlink_install': False, 'test_result_base': None}
[2.224s] Level 5:colcon.colcon_core.verb:set package 'navigation_core2' build argument 'cmake_args' from command line to 'None'
[2.224s] Level 5:colcon.colcon_core.verb:set package 'navigation_core2' build argument 'cmake_target' from command line to 'None'
[2.224s] Level 5:colcon.colcon_core.verb:set package 'navigation_core2' build argument 'cmake_target_skip_unavailable' from command line to 'False'
[2.224s] Level 5:colcon.colcon_core.verb:set package 'navigation_core2' build argument 'cmake_clean_cache' from command line to 'False'
[2.224s] Level 5:colcon.colcon_core.verb:set package 'navigation_core2' build argument 'cmake_clean_first' from command line to 'False'
[2.224s] Level 5:colcon.colcon_core.verb:set package 'navigation_core2' build argument 'cmake_force_configure' from command line to 'False'
[2.224s] Level 5:colcon.colcon_core.verb:set package 'navigation_core2' build argument 'ament_cmake_args' from command line to 'None'
[2.224s] Level 5:colcon.colcon_core.verb:set package 'navigation_core2' build argument 'catkin_cmake_args' from command line to 'None'
[2.224s] Level 5:colcon.colcon_core.verb:set package 'navigation_core2' build argument 'catkin_skip_building_tests' from command line to 'False'
[2.224s] DEBUG:colcon.colcon_core.verb:Building package 'navigation_core2' with the following arguments: {'ament_cmake_args': None, 'build_base': '/home/rsl/pioneerbase_ws/src/build/navigation_core2', 'catkin_cmake_args': None, 'catkin_skip_building_tests': False, 'cmake_args': None, 'cmake_clean_cache': False, 'cmake_clean_first': False, 'cmake_force_configure': False, 'cmake_target': None, 'cmake_target_skip_unavailable': False, 'install_base': '/home/rsl/pioneerbase_ws/src/install/navigation_core2', 'merge_install': False, 'path': '/home/rsl/pioneerbase_ws/src/navigation_core2', 'symlink_install': False, 'test_result_base': None}
[2.249s] Level 5:colcon.colcon_core.verb:set package 'navigation_core3' build argument 'cmake_args' from command line to 'None'
[2.249s] Level 5:colcon.colcon_core.verb:set package 'navigation_core3' build argument 'cmake_target' from command line to 'None'
[2.249s] Level 5:colcon.colcon_core.verb:set package 'navigation_core3' build argument 'cmake_target_skip_unavailable' from command line to 'False'
[2.249s] Level 5:colcon.colcon_core.verb:set package 'navigation_core3' build argument 'cmake_clean_cache' from command line to 'False'
[2.249s] Level 5:colcon.colcon_core.verb:set package 'navigation_core3' build argument 'cmake_clean_first' from command line to 'False'
[2.249s] Level 5:colcon.colcon_core.verb:set package 'navigation_core3' build argument 'cmake_force_configure' from command line to 'False'
[2.249s] Level 5:colcon.colcon_core.verb:set package 'navigation_core3' build argument 'ament_cmake_args' from command line to 'None'
[2.249s] Level 5:colcon.colcon_core.verb:set package 'navigation_core3' build argument 'catkin_cmake_args' from command line to 'None'
[2.249s] Level 5:colcon.colcon_core.verb:set package 'navigation_core3' build argument 'catkin_skip_building_tests' from command line to 'False'
[2.249s] DEBUG:colcon.colcon_core.verb:Building package 'navigation_core3' with the following arguments: {'ament_cmake_args': None, 'build_base': '/home/rsl/pioneerbase_ws/src/build/navigation_core3', 'catkin_cmake_args': None, 'catkin_skip_building_tests': False, 'cmake_args': None, 'cmake_clean_cache': False, 'cmake_clean_first': False, 'cmake_force_configure': False, 'cmake_target': None, 'cmake_target_skip_unavailable': False, 'install_base': '/home/rsl/pioneerbase_ws/src/install/navigation_core3', 'merge_install': False, 'path': '/home/rsl/pioneerbase_ws/src/navigation_core3', 'symlink_install': False, 'test_result_base': None}
[2.274s] Level 5:colcon.colcon_core.verb:set package 'rover_teleop_joy' build argument 'cmake_args' from command line to 'None'
[2.274s] Level 5:colcon.colcon_core.verb:set package 'rover_teleop_joy' build argument 'cmake_target' from command line to 'None'
[2.274s] Level 5:colcon.colcon_core.verb:set package 'rover_teleop_joy' build argument 'cmake_target_skip_unavailable' from command line to 'False'
[2.274s] Level 5:colcon.colcon_core.verb:set package 'rover_teleop_joy' build argument 'cmake_clean_cache' from command line to 'False'
[2.274s] Level 5:colcon.colcon_core.verb:set package 'rover_teleop_joy' build argument 'cmake_clean_first' from command line to 'False'
[2.274s] Level 5:colcon.colcon_core.verb:set package 'rover_teleop_joy' build argument 'cmake_force_configure' from command line to 'False'
[2.274s] Level 5:colcon.colcon_core.verb:set package 'rover_teleop_joy' build argument 'ament_cmake_args' from command line to 'None'
[2.274s] Level 5:colcon.colcon_core.verb:set package 'rover_teleop_joy' build argument 'catkin_cmake_args' from command line to 'None'
[2.274s] Level 5:colcon.colcon_core.verb:set package 'rover_teleop_joy' build argument 'catkin_skip_building_tests' from command line to 'False'
[2.274s] DEBUG:colcon.colcon_core.verb:Building package 'rover_teleop_joy' with the following arguments: {'ament_cmake_args': None, 'build_base': '/home/rsl/pioneerbase_ws/src/build/rover_teleop_joy', 'catkin_cmake_args': None, 'catkin_skip_building_tests': False, 'cmake_args': None, 'cmake_clean_cache': False, 'cmake_clean_first': False, 'cmake_force_configure': False, 'cmake_target': None, 'cmake_target_skip_unavailable': False, 'install_base': '/home/rsl/pioneerbase_ws/src/install/rover_teleop_joy', 'merge_install': False, 'path': '/home/rsl/pioneerbase_ws/src/rover_teleop_joy', 'symlink_install': False, 'test_result_base': None}
[2.298s] INFO:colcon.colcon_core.executor:Executing jobs using 'parallel' executor
[2.324s] DEBUG:colcon.colcon_parallel_executor.executor.parallel:run_until_complete
[2.325s] INFO:colcon.colcon_ros.task.ament_cmake.build:Building ROS package in '/home/rsl/pioneerbase_ws/src/bs_launch' with build type 'ament_cmake'
[2.326s] INFO:colcon.colcon_cmake.task.cmake.build:Building CMake package in '/home/rsl/pioneerbase_ws/src/bs_launch'
[2.355s] INFO:colcon.colcon_core.plugin_system:Skipping extension 'colcon_core.shell.bat': Not used on non-Windows systems
[2.356s] INFO:colcon.colcon_core.shell:Skip shell extension 'powershell' for command environment: Not usable outside of PowerShell
[2.356s] DEBUG:colcon.colcon_core.shell:Skip shell extension 'dsv' for command environment
[2.434s] INFO:colcon.colcon_ros.task.ament_python.build:Building ROS package in '/home/rsl/pioneerbase_ws/src/gps_target_push' with build type 'ament_python'
[2.434s] Level 1:colcon.colcon_core.shell:create_environment_hook('gps_target_push', 'ament_prefix_path')
[2.461s] INFO:colcon.colcon_core.shell:Creating environment hook '/home/rsl/pioneerbase_ws/src/install/gps_target_push/share/gps_target_push/hook/ament_prefix_path.ps1'
[2.462s] INFO:colcon.colcon_core.shell:Creating environment descriptor '/home/rsl/pioneerbase_ws/src/install/gps_target_push/share/gps_target_push/hook/ament_prefix_path.dsv'
[2.463s] INFO:colcon.colcon_core.shell:Creating environment hook '/home/rsl/pioneerbase_ws/src/install/gps_target_push/share/gps_target_push/hook/ament_prefix_path.sh'
[2.488s] INFO:colcon.colcon_core.shell:Skip shell extension 'powershell' for command environment: Not usable outside of PowerShell
[2.489s] DEBUG:colcon.colcon_core.shell:Skip shell extension 'dsv' for command environment
[2.571s] INFO:colcon.colcon_ros.task.ament_python.build:Building ROS package in '/home/rsl/pioneerbase_ws/src/mode_select' with build type 'ament_python'
[2.571s] Level 1:colcon.colcon_core.shell:create_environment_hook('mode_select', 'ament_prefix_path')
[2.599s] INFO:colcon.colcon_core.shell:Creating environment hook '/home/rsl/pioneerbase_ws/src/install/mode_select/share/mode_select/hook/ament_prefix_path.ps1'
[2.599s] INFO:colcon.colcon_core.shell:Creating environment descriptor '/home/rsl/pioneerbase_ws/src/install/mode_select/share/mode_select/hook/ament_prefix_path.dsv'
[2.600s] INFO:colcon.colcon_core.shell:Creating environment hook '/home/rsl/pioneerbase_ws/src/install/mode_select/share/mode_select/hook/ament_prefix_path.sh'
[2.625s] INFO:colcon.colcon_core.shell:Skip shell extension 'powershell' for command environment: Not usable outside of PowerShell
[2.625s] DEBUG:colcon.colcon_core.shell:Skip shell extension 'dsv' for command environment
[2.706s] INFO:colcon.colcon_ros.task.ament_python.build:Building ROS package in '/home/rsl/pioneerbase_ws/src/navigation_core1' with build type 'ament_python'
[2.707s] Level 1:colcon.colcon_core.shell:create_environment_hook('navigation_core1', 'ament_prefix_path')
[2.734s] INFO:colcon.colcon_core.shell:Creating environment hook '/home/rsl/pioneerbase_ws/src/install/navigation_core1/share/navigation_core1/hook/ament_prefix_path.ps1'
[2.735s] INFO:colcon.colcon_core.shell:Creating environment descriptor '/home/rsl/pioneerbase_ws/src/install/navigation_core1/share/navigation_core1/hook/ament_prefix_path.dsv'
[2.736s] INFO:colcon.colcon_core.shell:Creating environment hook '/home/rsl/pioneerbase_ws/src/install/navigation_core1/share/navigation_core1/hook/ament_prefix_path.sh'
[2.762s] INFO:colcon.colcon_core.shell:Skip shell extension 'powershell' for command environment: Not usable outside of PowerShell
[2.762s] DEBUG:colcon.colcon_core.shell:Skip shell extension 'dsv' for command environment
[2.875s] DEBUG:colcon.colcon_core.event_handler.log_command:Invoking command in '/home/rsl/pioneerbase_ws/src/build/bs_launch': CMAKE_PREFIX_PATH=/home/rsl/pioneerbase_ws/src/install/rover_teleop_joy:/home/rsl/pioneerbase_ws/src/install/navigation_core3:/home/rsl/pioneerbase_ws/src/install/navigation_core2:/home/rsl/pioneerbase_ws/src/install/navigation_core1:/home/rsl/pioneerbase_ws/src/install/mode_select:/home/rsl/pioneerbase_ws/src/install/gps_target_push:/home/rsl/pioneerbase_ws/src/install/bs_launch:/opt/ros/humble /usr/bin/cmake /home/rsl/pioneerbase_ws/src/bs_launch -DCMAKE_INSTALL_PREFIX=/home/rsl/pioneerbase_ws/src/install/bs_launch
[3.262s] INFO:colcon.colcon_core.task.python.build:Building Python package in '/home/rsl/pioneerbase_ws/src/gps_target_push'
[3.298s] INFO:colcon.colcon_core.shell:Skip shell extension 'powershell' for command environment: Not usable outside of PowerShell
[3.299s] DEBUG:colcon.colcon_core.shell:Skip shell extension 'dsv' for command environment
[3.817s] INFO:colcon.colcon_core.task.python.build:Building Python package in '/home/rsl/pioneerbase_ws/src/mode_select'
[3.844s] INFO:colcon.colcon_core.shell:Skip shell extension 'powershell' for command environment: Not usable outside of PowerShell
[3.844s] DEBUG:colcon.colcon_core.shell:Skip shell extension 'dsv' for command environment
[4.313s] INFO:colcon.colcon_core.task.python.build:Building Python package in '/home/rsl/pioneerbase_ws/src/navigation_core1'
[4.344s] INFO:colcon.colcon_core.shell:Skip shell extension 'powershell' for command environment: Not usable outside of PowerShell
[4.344s] DEBUG:colcon.colcon_core.shell:Skip shell extension 'dsv' for command environment
[5.080s] DEBUG:colcon.colcon_core.event_handler.log_command:Invoking command in '/home/rsl/pioneerbase_ws/src/gps_target_push': PYTHONPATH=/home/rsl/pioneerbase_ws/src/build/gps_target_push/prefix_override:/home/rsl/pioneerbase_ws/src/install/gps_target_push/lib/python3.10/site-packages:${PYTHONPATH} /usr/bin/python3 setup.py egg_info --egg-base ../build/gps_target_push build --build-base /home/rsl/pioneerbase_ws/src/build/gps_target_push/build install --record /home/rsl/pioneerbase_ws/src/build/gps_target_push/install.log --single-version-externally-managed
[5.166s] DEBUG:colcon.colcon_core.event_handler.log_command:Invoking command in '/home/rsl/pioneerbase_ws/src/navigation_core1': PYTHONPATH=/home/rsl/pioneerbase_ws/src/build/navigation_core1/prefix_override:/home/rsl/pioneerbase_ws/src/install/navigation_core1/lib/python3.10/site-packages:${PYTHONPATH} /usr/bin/python3 setup.py egg_info --egg-base ../build/navigation_core1 build --build-base /home/rsl/pioneerbase_ws/src/build/navigation_core1/build install --record /home/rsl/pioneerbase_ws/src/build/navigation_core1/install.log --single-version-externally-managed
[5.279s] DEBUG:colcon.colcon_core.event_handler.log_command:Invoking command in '/home/rsl/pioneerbase_ws/src/mode_select': PYTHONPATH=/home/rsl/pioneerbase_ws/src/build/mode_select/prefix_override:/home/rsl/pioneerbase_ws/src/install/mode_select/lib/python3.10/site-packages:${PYTHONPATH} /usr/bin/python3 setup.py egg_info --egg-base ../build/mode_select build --build-base /home/rsl/pioneerbase_ws/src/build/mode_select/build install --record /home/rsl/pioneerbase_ws/src/build/mode_select/install.log --single-version-externally-managed
[5.770s] DEBUG:colcon.colcon_core.event_handler.log_command:Invoked command in '/home/rsl/pioneerbase_ws/src/gps_target_push' returned '0': PYTHONPATH=/home/rsl/pioneerbase_ws/src/build/gps_target_push/prefix_override:/home/rsl/pioneerbase_ws/src/install/gps_target_push/lib/python3.10/site-packages:${PYTHONPATH} /usr/bin/python3 setup.py egg_info --egg-base ../build/gps_target_push build --build-base /home/rsl/pioneerbase_ws/src/build/gps_target_push/build install --record /home/rsl/pioneerbase_ws/src/build/gps_target_push/install.log --single-version-externally-managed
[5.821s] Level 1:colcon.colcon_core.environment:checking '/home/rsl/pioneerbase_ws/src/install/gps_target_push' for CMake module files
[5.823s] Level 1:colcon.colcon_core.environment:checking '/home/rsl/pioneerbase_ws/src/install/gps_target_push' for CMake config files
[5.826s] Level 1:colcon.colcon_core.environment:checking '/home/rsl/pioneerbase_ws/src/install/gps_target_push/lib'
[5.826s] Level 1:colcon.colcon_core.environment:checking '/home/rsl/pioneerbase_ws/src/install/gps_target_push/bin'
[5.826s] Level 1:colcon.colcon_core.environment:checking '/home/rsl/pioneerbase_ws/src/install/gps_target_push/lib/pkgconfig/gps_target_push.pc'
[5.827s] Level 1:colcon.colcon_core.environment:checking '/home/rsl/pioneerbase_ws/src/install/gps_target_push/lib/python3.10/site-packages'
[5.828s] Level 1:colcon.colcon_core.shell:create_environment_hook('gps_target_push', 'pythonpath')
[5.873s] INFO:colcon.colcon_core.shell:Creating environment hook '/home/rsl/pioneerbase_ws/src/install/gps_target_push/share/gps_target_push/hook/pythonpath.ps1'
[5.874s] INFO:colcon.colcon_core.shell:Creating environment descriptor '/home/rsl/pioneerbase_ws/src/install/gps_target_push/share/gps_target_push/hook/pythonpath.dsv'
[5.875s] INFO:colcon.colcon_core.shell:Creating environment hook '/home/rsl/pioneerbase_ws/src/install/gps_target_push/share/gps_target_push/hook/pythonpath.sh'
[5.877s] Level 1:colcon.colcon_core.environment:checking '/home/rsl/pioneerbase_ws/src/install/gps_target_push/bin'
[5.877s] Level 1:colcon.colcon_core.environment:create_environment_scripts_only(gps_target_push)
[5.917s] INFO:colcon.colcon_core.shell:Creating package script '/home/rsl/pioneerbase_ws/src/install/gps_target_push/share/gps_target_push/package.ps1'
[5.919s] INFO:colcon.colcon_core.shell:Creating package descriptor '/home/rsl/pioneerbase_ws/src/install/gps_target_push/share/gps_target_push/package.dsv'
[5.920s] INFO:colcon.colcon_core.shell:Creating package script '/home/rsl/pioneerbase_ws/src/install/gps_target_push/share/gps_target_push/package.sh'
[5.922s] INFO:colcon.colcon_core.shell:Creating package script '/home/rsl/pioneerbase_ws/src/install/gps_target_push/share/gps_target_push/package.bash'
[5.924s] INFO:colcon.colcon_core.shell:Creating package script '/home/rsl/pioneerbase_ws/src/install/gps_target_push/share/gps_target_push/package.zsh'
[5.926s] Level 1:colcon.colcon_core.environment:create_file_with_runtime_dependencies(/home/rsl/pioneerbase_ws/src/install/gps_target_push/share/colcon-core/packages/gps_target_push)
[5.927s] INFO:colcon.colcon_ros.task.ament_python.build:Building ROS package in '/home/rsl/pioneerbase_ws/src/navigation_core2' with build type 'ament_python'
[5.927s] Level 1:colcon.colcon_core.shell:create_environment_hook('navigation_core2', 'ament_prefix_path')
[5.956s] INFO:colcon.colcon_core.shell:Creating environment hook '/home/rsl/pioneerbase_ws/src/install/navigation_core2/share/navigation_core2/hook/ament_prefix_path.ps1'
[5.957s] INFO:colcon.colcon_core.shell:Creating environment descriptor '/home/rsl/pioneerbase_ws/src/install/navigation_core2/share/navigation_core2/hook/ament_prefix_path.dsv'
[5.957s] INFO:colcon.colcon_core.shell:Creating environment hook '/home/rsl/pioneerbase_ws/src/install/navigation_core2/share/navigation_core2/hook/ament_prefix_path.sh'
[5.986s] INFO:colcon.colcon_core.shell:Skip shell extension 'powershell' for command environment: Not usable outside of PowerShell
[5.986s] DEBUG:colcon.colcon_core.shell:Skip shell extension 'dsv' for command environment
[6.067s] DEBUG:colcon.colcon_core.event_handler.log_command:Invoked command in '/home/rsl/pioneerbase_ws/src/navigation_core1' returned '0': PYTHONPATH=/home/rsl/pioneerbase_ws/src/build/navigation_core1/prefix_override:/home/rsl/pioneerbase_ws/src/install/navigation_core1/lib/python3.10/site-packages:${PYTHONPATH} /usr/bin/python3 setup.py egg_info --egg-base ../build/navigation_core1 build --build-base /home/rsl/pioneerbase_ws/src/build/navigation_core1/build install --record /home/rsl/pioneerbase_ws/src/build/navigation_core1/install.log --single-version-externally-managed
[6.093s] Level 1:colcon.colcon_core.environment:checking '/home/rsl/pioneerbase_ws/src/install/navigation_core1' for CMake module files
[6.093s] Level 1:colcon.colcon_core.environment:checking '/home/rsl/pioneerbase_ws/src/install/navigation_core1' for CMake config files
[6.094s] Level 1:colcon.colcon_core.environment:checking '/home/rsl/pioneerbase_ws/src/install/navigation_core1/lib'
[6.094s] Level 1:colcon.colcon_core.environment:checking '/home/rsl/pioneerbase_ws/src/install/navigation_core1/bin'
[6.094s] Level 1:colcon.colcon_core.environment:checking '/home/rsl/pioneerbase_ws/src/install/navigation_core1/lib/pkgconfig/navigation_core1.pc'
[6.095s] Level 1:colcon.colcon_core.environment:checking '/home/rsl/pioneerbase_ws/src/install/navigation_core1/lib/python3.10/site-packages'
[6.095s] Level 1:colcon.colcon_core.shell:create_environment_hook('navigation_core1', 'pythonpath')
[6.119s] INFO:colcon.colcon_core.shell:Creating environment hook '/home/rsl/pioneerbase_ws/src/install/navigation_core1/share/navigation_core1/hook/pythonpath.ps1'
[6.120s] INFO:colcon.colcon_core.shell:Creating environment descriptor '/home/rsl/pioneerbase_ws/src/install/navigation_core1/share/navigation_core1/hook/pythonpath.dsv'
[6.120s] INFO:colcon.colcon_core.shell:Creating environment hook '/home/rsl/pioneerbase_ws/src/install/navigation_core1/share/navigation_core1/hook/pythonpath.sh'
[6.121s] Level 1:colcon.colcon_core.environment:checking '/home/rsl/pioneerbase_ws/src/install/navigation_core1/bin'
[6.121s] Level 1:colcon.colcon_core.environment:create_environment_scripts_only(navigation_core1)
[6.147s] INFO:colcon.colcon_core.shell:Creating package script '/home/rsl/pioneerbase_ws/src/install/navigation_core1/share/navigation_core1/package.ps1'
[6.148s] INFO:colcon.colcon_core.shell:Creating package descriptor '/home/rsl/pioneerbase_ws/src/install/navigation_core1/share/navigation_core1/package.dsv'
[6.148s] INFO:colcon.colcon_core.shell:Creating package script '/home/rsl/pioneerbase_ws/src/install/navigation_core1/share/navigation_core1/package.sh'
[6.149s] INFO:colcon.colcon_core.shell:Creating package script '/home/rsl/pioneerbase_ws/src/install/navigation_core1/share/navigation_core1/package.bash'
[6.149s] INFO:colcon.colcon_core.shell:Creating package script '/home/rsl/pioneerbase_ws/src/install/navigation_core1/share/navigation_core1/package.zsh'
[6.150s] Level 1:colcon.colcon_core.environment:create_file_with_runtime_dependencies(/home/rsl/pioneerbase_ws/src/install/navigation_core1/share/colcon-core/packages/navigation_core1)
[6.153s] DEBUG:colcon.colcon_core.event_handler.log_command:Invoked command in '/home/rsl/pioneerbase_ws/src/mode_select' returned '0': PYTHONPATH=/home/rsl/pioneerbase_ws/src/build/mode_select/prefix_override:/home/rsl/pioneerbase_ws/src/install/mode_select/lib/python3.10/site-packages:${PYTHONPATH} /usr/bin/python3 setup.py egg_info --egg-base ../build/mode_select build --build-base /home/rsl/pioneerbase_ws/src/build/mode_select/build install --record /home/rsl/pioneerbase_ws/src/build/mode_select/install.log --single-version-externally-managed
[6.180s] Level 1:colcon.colcon_core.environment:checking '/home/rsl/pioneerbase_ws/src/install/mode_select' for CMake module files
[6.180s] Level 1:colcon.colcon_core.environment:checking '/home/rsl/pioneerbase_ws/src/install/mode_select' for CMake config files
[6.181s] Level 1:colcon.colcon_core.environment:checking '/home/rsl/pioneerbase_ws/src/install/mode_select/lib'
[6.181s] Level 1:colcon.colcon_core.environment:checking '/home/rsl/pioneerbase_ws/src/install/mode_select/bin'
[6.181s] Level 1:colcon.colcon_core.environment:checking '/home/rsl/pioneerbase_ws/src/install/mode_select/lib/pkgconfig/mode_select.pc'
[6.181s] Level 1:colcon.colcon_core.environment:checking '/home/rsl/pioneerbase_ws/src/install/mode_select/lib/python3.10/site-packages'
[6.182s] Level 1:colcon.colcon_core.shell:create_environment_hook('mode_select', 'pythonpath')
[6.209s] INFO:colcon.colcon_core.shell:Creating environment hook '/home/rsl/pioneerbase_ws/src/install/mode_select/share/mode_select/hook/pythonpath.ps1'
[6.210s] INFO:colcon.colcon_core.shell:Creating environment descriptor '/home/rsl/pioneerbase_ws/src/install/mode_select/share/mode_select/hook/pythonpath.dsv'
[6.211s] INFO:colcon.colcon_core.shell:Creating environment hook '/home/rsl/pioneerbase_ws/src/install/mode_select/share/mode_select/hook/pythonpath.sh'
[6.212s] Level 1:colcon.colcon_core.environment:checking '/home/rsl/pioneerbase_ws/src/install/mode_select/bin'
[6.212s] Level 1:colcon.colcon_core.environment:create_environment_scripts_only(mode_select)
[6.237s] INFO:colcon.colcon_core.shell:Creating package script '/home/rsl/pioneerbase_ws/src/install/mode_select/share/mode_select/package.ps1'
[6.238s] INFO:colcon.colcon_core.shell:Creating package descriptor '/home/rsl/pioneerbase_ws/src/install/mode_select/share/mode_select/package.dsv'
[6.239s] INFO:colcon.colcon_core.shell:Creating package script '/home/rsl/pioneerbase_ws/src/install/mode_select/share/mode_select/package.sh'
[6.239s] INFO:colcon.colcon_core.shell:Creating package script '/home/rsl/pioneerbase_ws/src/install/mode_select/share/mode_select/package.bash'
[6.240s] INFO:colcon.colcon_core.shell:Creating package script '/home/rsl/pioneerbase_ws/src/install/mode_select/share/mode_select/package.zsh'
[6.240s] Level 1:colcon.colcon_core.environment:create_file_with_runtime_dependencies(/home/rsl/pioneerbase_ws/src/install/mode_select/share/colcon-core/packages/mode_select)
[6.242s] INFO:colcon.colcon_ros.task.ament_python.build:Building ROS package in '/home/rsl/pioneerbase_ws/src/navigation_core3' with build type 'ament_python'
[6.242s] Level 1:colcon.colcon_core.shell:create_environment_hook('navigation_core3', 'ament_prefix_path')
[6.271s] INFO:colcon.colcon_core.shell:Creating environment hook '/home/rsl/pioneerbase_ws/src/install/navigation_core3/share/navigation_core3/hook/ament_prefix_path.ps1'
[6.272s] INFO:colcon.colcon_core.shell:Creating environment descriptor '/home/rsl/pioneerbase_ws/src/install/navigation_core3/share/navigation_core3/hook/ament_prefix_path.dsv'
[6.272s] INFO:colcon.colcon_core.shell:Creating environment hook '/home/rsl/pioneerbase_ws/src/install/navigation_core3/share/navigation_core3/hook/ament_prefix_path.sh'
[6.300s] INFO:colcon.colcon_core.shell:Skip shell extension 'powershell' for command environment: Not usable outside of PowerShell
[6.300s] DEBUG:colcon.colcon_core.shell:Skip shell extension 'dsv' for command environment
[6.384s] INFO:colcon.colcon_ros.task.ament_python.build:Building ROS package in '/home/rsl/pioneerbase_ws/src/rover_teleop_joy' with build type 'ament_python'
[6.384s] Level 1:colcon.colcon_core.shell:create_environment_hook('rover_teleop_joy', 'ament_prefix_path')
[6.413s] INFO:colcon.colcon_core.shell:Creating environment hook '/home/rsl/pioneerbase_ws/src/install/rover_teleop_joy/share/rover_teleop_joy/hook/ament_prefix_path.ps1'
[6.414s] INFO:colcon.colcon_core.shell:Creating environment descriptor '/home/rsl/pioneerbase_ws/src/install/rover_teleop_joy/share/rover_teleop_joy/hook/ament_prefix_path.dsv'
[6.414s] INFO:colcon.colcon_core.shell:Creating environment hook '/home/rsl/pioneerbase_ws/src/install/rover_teleop_joy/share/rover_teleop_joy/hook/ament_prefix_path.sh'
[6.439s] INFO:colcon.colcon_core.shell:Skip shell extension 'powershell' for command environment: Not usable outside of PowerShell
[6.439s] DEBUG:colcon.colcon_core.shell:Skip shell extension 'dsv' for command environment
[6.947s] INFO:colcon.colcon_core.task.python.build:Building Python package in '/home/rsl/pioneerbase_ws/src/navigation_core2'
[6.974s] INFO:colcon.colcon_core.shell:Skip shell extension 'powershell' for command environment: Not usable outside of PowerShell
[6.974s] DEBUG:colcon.colcon_core.shell:Skip shell extension 'dsv' for command environment
[7.469s] INFO:colcon.colcon_core.task.python.build:Building Python package in '/home/rsl/pioneerbase_ws/src/navigation_core3'
[7.498s] INFO:colcon.colcon_core.shell:Skip shell extension 'powershell' for command environment: Not usable outside of PowerShell
[7.498s] DEBUG:colcon.colcon_core.shell:Skip shell extension 'dsv' for command environment
[7.991s] INFO:colcon.colcon_core.task.python.build:Building Python package in '/home/rsl/pioneerbase_ws/src/rover_teleop_joy'
[8.021s] INFO:colcon.colcon_core.shell:Skip shell extension 'powershell' for command environment: Not usable outside of PowerShell
[8.022s] DEBUG:colcon.colcon_core.shell:Skip shell extension 'dsv' for command environment
[8.901s] DEBUG:colcon.colcon_core.event_handler.log_command:Invoking command in '/home/rsl/pioneerbase_ws/src/navigation_core2': PYTHONPATH=/home/rsl/pioneerbase_ws/src/build/navigation_core2/prefix_override:/home/rsl/pioneerbase_ws/src/install/navigation_core2/lib/python3.10/site-packages:${PYTHONPATH} /usr/bin/python3 setup.py egg_info --egg-base ../build/navigation_core2 build --build-base /home/rsl/pioneerbase_ws/src/build/navigation_core2/build install --record /home/rsl/pioneerbase_ws/src/build/navigation_core2/install.log --single-version-externally-managed
[8.933s] DEBUG:colcon.colcon_core.event_handler.log_command:Invoking command in '/home/rsl/pioneerbase_ws/src/navigation_core3': PYTHONPATH=/home/rsl/pioneerbase_ws/src/build/navigation_core3/prefix_override:/home/rsl/pioneerbase_ws/src/install/navigation_core3/lib/python3.10/site-packages:${PYTHONPATH} /usr/bin/python3 setup.py egg_info --egg-base ../build/navigation_core3 build --build-base /home/rsl/pioneerbase_ws/src/build/navigation_core3/build install --record /home/rsl/pioneerbase_ws/src/build/navigation_core3/install.log --single-version-externally-managed
[9.009s] DEBUG:colcon.colcon_core.event_handler.log_command:Invoking command in '/home/rsl/pioneerbase_ws/src/rover_teleop_joy': PYTHONPATH=/home/rsl/pioneerbase_ws/src/build/rover_teleop_joy/prefix_override:/home/rsl/pioneerbase_ws/src/install/rover_teleop_joy/lib/python3.10/site-packages:${PYTHONPATH} /usr/bin/python3 setup.py egg_info --egg-base ../build/rover_teleop_joy build --build-base /home/rsl/pioneerbase_ws/src/build/rover_teleop_joy/build install --record /home/rsl/pioneerbase_ws/src/build/rover_teleop_joy/install.log --single-version-externally-managed
[9.618s] DEBUG:colcon.colcon_core.event_handler.log_command:Invoked command in '/home/rsl/pioneerbase_ws/src/rover_teleop_joy' returned '0': PYTHONPATH=/home/rsl/pioneerbase_ws/src/build/rover_teleop_joy/prefix_override:/home/rsl/pioneerbase_ws/src/install/rover_teleop_joy/lib/python3.10/site-packages:${PYTHONPATH} /usr/bin/python3 setup.py egg_info --egg-base ../build/rover_teleop_joy build --build-base /home/rsl/pioneerbase_ws/src/build/rover_teleop_joy/build install --record /home/rsl/pioneerbase_ws/src/build/rover_teleop_joy/install.log --single-version-externally-managed
[9.663s] Level 1:colcon.colcon_core.environment:checking '/home/rsl/pioneerbase_ws/src/install/rover_teleop_joy' for CMake module files
[9.664s] Level 1:colcon.colcon_core.environment:checking '/home/rsl/pioneerbase_ws/src/install/rover_teleop_joy' for CMake config files
[9.665s] Level 1:colcon.colcon_core.environment:checking '/home/rsl/pioneerbase_ws/src/install/rover_teleop_joy/lib'
[9.665s] Level 1:colcon.colcon_core.environment:checking '/home/rsl/pioneerbase_ws/src/install/rover_teleop_joy/bin'
[9.665s] Level 1:colcon.colcon_core.environment:checking '/home/rsl/pioneerbase_ws/src/install/rover_teleop_joy/lib/pkgconfig/rover_teleop_joy.pc'
[9.666s] Level 1:colcon.colcon_core.environment:checking '/home/rsl/pioneerbase_ws/src/install/rover_teleop_joy/lib/python3.10/site-packages'
[9.666s] Level 1:colcon.colcon_core.shell:create_environment_hook('rover_teleop_joy', 'pythonpath')
[9.694s] INFO:colcon.colcon_core.shell:Creating environment hook '/home/rsl/pioneerbase_ws/src/install/rover_teleop_joy/share/rover_teleop_joy/hook/pythonpath.ps1'
[9.697s] INFO:colcon.colcon_core.shell:Creating environment descriptor '/home/rsl/pioneerbase_ws/src/install/rover_teleop_joy/share/rover_teleop_joy/hook/pythonpath.dsv'
[9.698s] INFO:colcon.colcon_core.shell:Creating environment hook '/home/rsl/pioneerbase_ws/src/install/rover_teleop_joy/share/rover_teleop_joy/hook/pythonpath.sh'
[9.699s] Level 1:colcon.colcon_core.environment:checking '/home/rsl/pioneerbase_ws/src/install/rover_teleop_joy/bin'
[9.699s] Level 1:colcon.colcon_core.environment:create_environment_scripts_only(rover_teleop_joy)
[9.727s] INFO:colcon.colcon_core.shell:Creating package script '/home/rsl/pioneerbase_ws/src/install/rover_teleop_joy/share/rover_teleop_joy/package.ps1'
[9.728s] INFO:colcon.colcon_core.shell:Creating package descriptor '/home/rsl/pioneerbase_ws/src/install/rover_teleop_joy/share/rover_teleop_joy/package.dsv'
[9.729s] INFO:colcon.colcon_core.shell:Creating package script '/home/rsl/pioneerbase_ws/src/install/rover_teleop_joy/share/rover_teleop_joy/package.sh'
[9.730s] INFO:colcon.colcon_core.shell:Creating package script '/home/rsl/pioneerbase_ws/src/install/rover_teleop_joy/share/rover_teleop_joy/package.bash'
[9.730s] INFO:colcon.colcon_core.shell:Creating package script '/home/rsl/pioneerbase_ws/src/install/rover_teleop_joy/share/rover_teleop_joy/package.zsh'
[9.731s] Level 1:colcon.colcon_core.environment:create_file_with_runtime_dependencies(/home/rsl/pioneerbase_ws/src/install/rover_teleop_joy/share/colcon-core/packages/rover_teleop_joy)
[9.734s] DEBUG:colcon.colcon_core.event_handler.log_command:Invoked command in '/home/rsl/pioneerbase_ws/src/build/bs_launch' returned '0': CMAKE_PREFIX_PATH=/home/rsl/pioneerbase_ws/src/install/rover_teleop_joy:/home/rsl/pioneerbase_ws/src/install/navigation_core3:/home/rsl/pioneerbase_ws/src/install/navigation_core2:/home/rsl/pioneerbase_ws/src/install/navigation_core1:/home/rsl/pioneerbase_ws/src/install/mode_select:/home/rsl/pioneerbase_ws/src/install/gps_target_push:/home/rsl/pioneerbase_ws/src/install/bs_launch:/opt/ros/humble /usr/bin/cmake /home/rsl/pioneerbase_ws/src/bs_launch -DCMAKE_INSTALL_PREFIX=/home/rsl/pioneerbase_ws/src/install/bs_launch
[9.736s] DEBUG:colcon.colcon_core.event_handler.log_command:Invoking command in '/home/rsl/pioneerbase_ws/src/build/bs_launch': CMAKE_PREFIX_PATH=/home/rsl/pioneerbase_ws/src/install/rover_teleop_joy:/home/rsl/pioneerbase_ws/src/install/navigation_core3:/home/rsl/pioneerbase_ws/src/install/navigation_core2:/home/rsl/pioneerbase_ws/src/install/navigation_core1:/home/rsl/pioneerbase_ws/src/install/mode_select:/home/rsl/pioneerbase_ws/src/install/gps_target_push:/home/rsl/pioneerbase_ws/src/install/bs_launch:/opt/ros/humble /usr/bin/cmake --build /home/rsl/pioneerbase_ws/src/build/bs_launch -- -j4 -l4
[9.739s] DEBUG:colcon.colcon_core.event_handler.log_command:Invoked command in '/home/rsl/pioneerbase_ws/src/navigation_core2' returned '0': PYTHONPATH=/home/rsl/pioneerbase_ws/src/build/navigation_core2/prefix_override:/home/rsl/pioneerbase_ws/src/install/navigation_core2/lib/python3.10/site-packages:${PYTHONPATH} /usr/bin/python3 setup.py egg_info --egg-base ../build/navigation_core2 build --build-base /home/rsl/pioneerbase_ws/src/build/navigation_core2/build install --record /home/rsl/pioneerbase_ws/src/build/navigation_core2/install.log --single-version-externally-managed
[9.768s] Level 1:colcon.colcon_core.environment:checking '/home/rsl/pioneerbase_ws/src/install/navigation_core2' for CMake module files
[9.769s] Level 1:colcon.colcon_core.environment:checking '/home/rsl/pioneerbase_ws/src/install/navigation_core2' for CMake config files
[9.770s] Level 1:colcon.colcon_core.environment:checking '/home/rsl/pioneerbase_ws/src/install/navigation_core2/lib'
[9.770s] Level 1:colcon.colcon_core.environment:checking '/home/rsl/pioneerbase_ws/src/install/navigation_core2/bin'
[9.770s] Level 1:colcon.colcon_core.environment:checking '/home/rsl/pioneerbase_ws/src/install/navigation_core2/lib/pkgconfig/navigation_core2.pc'
[9.771s] Level 1:colcon.colcon_core.environment:checking '/home/rsl/pioneerbase_ws/src/install/navigation_core2/lib/python3.10/site-packages'
[9.771s] Level 1:colcon.colcon_core.shell:create_environment_hook('navigation_core2', 'pythonpath')
[9.800s] INFO:colcon.colcon_core.shell:Creating environment hook '/home/rsl/pioneerbase_ws/src/install/navigation_core2/share/navigation_core2/hook/pythonpath.ps1'
[9.801s] INFO:colcon.colcon_core.shell:Creating environment descriptor '/home/rsl/pioneerbase_ws/src/install/navigation_core2/share/navigation_core2/hook/pythonpath.dsv'
[9.801s] INFO:colcon.colcon_core.shell:Creating environment hook '/home/rsl/pioneerbase_ws/src/install/navigation_core2/share/navigation_core2/hook/pythonpath.sh'
[9.802s] Level 1:colcon.colcon_core.environment:checking '/home/rsl/pioneerbase_ws/src/install/navigation_core2/bin'
[9.802s] Level 1:colcon.colcon_core.environment:create_environment_scripts_only(navigation_core2)
[9.827s] INFO:colcon.colcon_core.shell:Creating package script '/home/rsl/pioneerbase_ws/src/install/navigation_core2/share/navigation_core2/package.ps1'
[9.828s] INFO:colcon.colcon_core.shell:Creating package descriptor '/home/rsl/pioneerbase_ws/src/install/navigation_core2/share/navigation_core2/package.dsv'
[9.828s] INFO:colcon.colcon_core.shell:Creating package script '/home/rsl/pioneerbase_ws/src/install/navigation_core2/share/navigation_core2/package.sh'
[9.829s] INFO:colcon.colcon_core.shell:Creating package script '/home/rsl/pioneerbase_ws/src/install/navigation_core2/share/navigation_core2/package.bash'
[9.829s] INFO:colcon.colcon_core.shell:Creating package script '/home/rsl/pioneerbase_ws/src/install/navigation_core2/share/navigation_core2/package.zsh'
[9.830s] Level 1:colcon.colcon_core.environment:create_file_with_runtime_dependencies(/home/rsl/pioneerbase_ws/src/install/navigation_core2/share/colcon-core/packages/navigation_core2)
[9.833s] DEBUG:colcon.colcon_core.event_handler.log_command:Invoked command in '/home/rsl/pioneerbase_ws/src/navigation_core3' returned '0': PYTHONPATH=/home/rsl/pioneerbase_ws/src/build/navigation_core3/prefix_override:/home/rsl/pioneerbase_ws/src/install/navigation_core3/lib/python3.10/site-packages:${PYTHONPATH} /usr/bin/python3 setup.py egg_info --egg-base ../build/navigation_core3 build --build-base /home/rsl/pioneerbase_ws/src/build/navigation_core3/build install --record /home/rsl/pioneerbase_ws/src/build/navigation_core3/install.log --single-version-externally-managed
[9.861s] Level 1:colcon.colcon_core.environment:checking '/home/rsl/pioneerbase_ws/src/install/navigation_core3' for CMake module files
[9.861s] Level 1:colcon.colcon_core.environment:checking '/home/rsl/pioneerbase_ws/src/install/navigation_core3' for CMake config files
[9.862s] Level 1:colcon.colcon_core.environment:checking '/home/rsl/pioneerbase_ws/src/install/navigation_core3/lib'
[9.862s] Level 1:colcon.colcon_core.environment:checking '/home/rsl/pioneerbase_ws/src/install/navigation_core3/bin'
[9.862s] Level 1:colcon.colcon_core.environment:checking '/home/rsl/pioneerbase_ws/src/install/navigation_core3/lib/pkgconfig/navigation_core3.pc'
[9.863s] Level 1:colcon.colcon_core.environment:checking '/home/rsl/pioneerbase_ws/src/install/navigation_core3/lib/python3.10/site-packages'
[9.863s] Level 1:colcon.colcon_core.shell:create_environment_hook('navigation_core3', 'pythonpath')
[9.889s] INFO:colcon.colcon_core.shell:Creating environment hook '/home/rsl/pioneerbase_ws/src/install/navigation_core3/share/navigation_core3/hook/pythonpath.ps1'
[9.890s] INFO:colcon.colcon_core.shell:Creating environment descriptor '/home/rsl/pioneerbase_ws/src/install/navigation_core3/share/navigation_core3/hook/pythonpath.dsv'
[9.891s] INFO:colcon.colcon_core.shell:Creating environment hook '/home/rsl/pioneerbase_ws/src/install/navigation_core3/share/navigation_core3/hook/pythonpath.sh'
[9.892s] Level 1:colcon.colcon_core.environment:checking '/home/rsl/pioneerbase_ws/src/install/navigation_core3/bin'
[9.893s] Level 1:colcon.colcon_core.environment:create_environment_scripts_only(navigation_core3)
[9.918s] INFO:colcon.colcon_core.shell:Creating package script '/home/rsl/pioneerbase_ws/src/install/navigation_core3/share/navigation_core3/package.ps1'
[9.919s] INFO:colcon.colcon_core.shell:Creating package descriptor '/home/rsl/pioneerbase_ws/src/install/navigation_core3/share/navigation_core3/package.dsv'
[9.920s] INFO:colcon.colcon_core.shell:Creating package script '/home/rsl/pioneerbase_ws/src/install/navigation_core3/share/navigation_core3/package.sh'
[9.920s] INFO:colcon.colcon_core.shell:Creating package script '/home/rsl/pioneerbase_ws/src/install/navigation_core3/share/navigation_core3/package.bash'
[9.921s] INFO:colcon.colcon_core.shell:Creating package script '/home/rsl/pioneerbase_ws/src/install/navigation_core3/share/navigation_core3/package.zsh'
[9.921s] Level 1:colcon.colcon_core.environment:create_file_with_runtime_dependencies(/home/rsl/pioneerbase_ws/src/install/navigation_core3/share/colcon-core/packages/navigation_core3)
[9.926s] DEBUG:colcon.colcon_core.event_handler.log_command:Invoked command in '/home/rsl/pioneerbase_ws/src/build/bs_launch' returned '0': CMAKE_PREFIX_PATH=/home/rsl/pioneerbase_ws/src/install/rover_teleop_joy:/home/rsl/pioneerbase_ws/src/install/navigation_core3:/home/rsl/pioneerbase_ws/src/install/navigation_core2:/home/rsl/pioneerbase_ws/src/install/navigation_core1:/home/rsl/pioneerbase_ws/src/install/mode_select:/home/rsl/pioneerbase_ws/src/install/gps_target_push:/home/rsl/pioneerbase_ws/src/install/bs_launch:/opt/ros/humble /usr/bin/cmake --build /home/rsl/pioneerbase_ws/src/build/bs_launch -- -j4 -l4
[9.967s] DEBUG:colcon.colcon_core.event_handler.log_command:Invoking command in '/home/rsl/pioneerbase_ws/src/build/bs_launch': CMAKE_PREFIX_PATH=/home/rsl/pioneerbase_ws/src/install/rover_teleop_joy:/home/rsl/pioneerbase_ws/src/install/navigation_core3:/home/rsl/pioneerbase_ws/src/install/navigation_core2:/home/rsl/pioneerbase_ws/src/install/navigation_core1:/home/rsl/pioneerbase_ws/src/install/mode_select:/home/rsl/pioneerbase_ws/src/install/gps_target_push:/home/rsl/pioneerbase_ws/src/install/bs_launch:/opt/ros/humble /usr/bin/cmake --install /home/rsl/pioneerbase_ws/src/build/bs_launch
[9.985s] Level 1:colcon.colcon_core.environment:create_environment_scripts_only(bs_launch)
[9.986s] DEBUG:colcon.colcon_core.event_handler.log_command:Invoked command in '/home/rsl/pioneerbase_ws/src/build/bs_launch' returned '0': CMAKE_PREFIX_PATH=/home/rsl/pioneerbase_ws/src/install/rover_teleop_joy:/home/rsl/pioneerbase_ws/src/install/navigation_core3:/home/rsl/pioneerbase_ws/src/install/navigation_core2:/home/rsl/pioneerbase_ws/src/install/navigation_core1:/home/rsl/pioneerbase_ws/src/install/mode_select:/home/rsl/pioneerbase_ws/src/install/gps_target_push:/home/rsl/pioneerbase_ws/src/install/bs_launch:/opt/ros/humble /usr/bin/cmake --install /home/rsl/pioneerbase_ws/src/build/bs_launch
[10.012s] Level 1:colcon.colcon_core.environment:checking '/home/rsl/pioneerbase_ws/src/install/bs_launch' for CMake module files
[10.012s] Level 1:colcon.colcon_core.environment:checking '/home/rsl/pioneerbase_ws/src/install/bs_launch' for CMake config files
[10.013s] Level 1:colcon.colcon_core.shell:create_environment_hook('bs_launch', 'cmake_prefix_path')
[10.038s] INFO:colcon.colcon_core.shell:Creating environment hook '/home/rsl/pioneerbase_ws/src/install/bs_launch/share/bs_launch/hook/cmake_prefix_path.ps1'
[10.039s] INFO:colcon.colcon_core.shell:Creating environment descriptor '/home/rsl/pioneerbase_ws/src/install/bs_launch/share/bs_launch/hook/cmake_prefix_path.dsv'
[10.039s] INFO:colcon.colcon_core.shell:Creating environment hook '/home/rsl/pioneerbase_ws/src/install/bs_launch/share/bs_launch/hook/cmake_prefix_path.sh'
[10.040s] Level 1:colcon.colcon_core.environment:checking '/home/rsl/pioneerbase_ws/src/install/bs_launch/lib'
[10.040s] Level 1:colcon.colcon_core.environment:checking '/home/rsl/pioneerbase_ws/src/install/bs_launch/bin'
[10.040s] Level 1:colcon.colcon_core.environment:checking '/home/rsl/pioneerbase_ws/src/install/bs_launch/lib/pkgconfig/bs_launch.pc'
[10.040s] Level 1:colcon.colcon_core.environment:checking '/home/rsl/pioneerbase_ws/src/install/bs_launch/lib/python3.10/site-packages'
[10.040s] Level 1:colcon.colcon_core.shell:create_environment_hook('bs_launch', 'pythonpath')
[10.065s] INFO:colcon.colcon_core.shell:Creating environment hook '/home/rsl/pioneerbase_ws/src/install/bs_launch/share/bs_launch/hook/pythonpath.ps1'
[10.065s] INFO:colcon.colcon_core.shell:Creating environment descriptor '/home/rsl/pioneerbase_ws/src/install/bs_launch/share/bs_launch/hook/pythonpath.dsv'
[10.066s] INFO:colcon.colcon_core.shell:Creating environment hook '/home/rsl/pioneerbase_ws/src/install/bs_launch/share/bs_launch/hook/pythonpath.sh'
[10.066s] Level 1:colcon.colcon_core.environment:checking '/home/rsl/pioneerbase_ws/src/install/bs_launch/bin'
[10.092s] INFO:colcon.colcon_core.shell:Creating package script '/home/rsl/pioneerbase_ws/src/install/bs_launch/share/bs_launch/package.ps1'
[10.093s] INFO:colcon.colcon_core.shell:Creating package descriptor '/home/rsl/pioneerbase_ws/src/install/bs_launch/share/bs_launch/package.dsv'
[10.093s] INFO:colcon.colcon_core.shell:Creating package script '/home/rsl/pioneerbase_ws/src/install/bs_launch/share/bs_launch/package.sh'
[10.094s] INFO:colcon.colcon_core.shell:Creating package script '/home/rsl/pioneerbase_ws/src/install/bs_launch/share/bs_launch/package.bash'
[10.094s] INFO:colcon.colcon_core.shell:Creating package script '/home/rsl/pioneerbase_ws/src/install/bs_launch/share/bs_launch/package.zsh'
[10.095s] Level 1:colcon.colcon_core.environment:create_file_with_runtime_dependencies(/home/rsl/pioneerbase_ws/src/install/bs_launch/share/colcon-core/packages/bs_launch)
[10.151s] Level 1:colcon.colcon_core.environment:create_environment_scripts_only(bs_launch)
[10.176s] Level 1:colcon.colcon_core.environment:checking '/home/rsl/pioneerbase_ws/src/install/bs_launch' for CMake module files
[10.177s] Level 1:colcon.colcon_core.environment:checking '/home/rsl/pioneerbase_ws/src/install/bs_launch' for CMake config files
[10.177s] Level 1:colcon.colcon_core.shell:create_environment_hook('bs_launch', 'cmake_prefix_path')
[10.202s] INFO:colcon.colcon_core.shell:Creating environment hook '/home/rsl/pioneerbase_ws/src/install/bs_launch/share/bs_launch/hook/cmake_prefix_path.ps1'
[10.203s] INFO:colcon.colcon_core.shell:Creating environment descriptor '/home/rsl/pioneerbase_ws/src/install/bs_launch/share/bs_launch/hook/cmake_prefix_path.dsv'
[10.203s] INFO:colcon.colcon_core.shell:Creating environment hook '/home/rsl/pioneerbase_ws/src/install/bs_launch/share/bs_launch/hook/cmake_prefix_path.sh'
[10.204s] Level 1:colcon.colcon_core.environment:checking '/home/rsl/pioneerbase_ws/src/install/bs_launch/lib'
[10.204s] Level 1:colcon.colcon_core.environment:checking '/home/rsl/pioneerbase_ws/src/install/bs_launch/bin'
[10.204s] Level 1:colcon.colcon_core.environment:checking '/home/rsl/pioneerbase_ws/src/install/bs_launch/lib/pkgconfig/bs_launch.pc'
[10.205s] Level 1:colcon.colcon_core.environment:checking '/home/rsl/pioneerbase_ws/src/install/bs_launch/lib/python3.10/site-packages'
[10.205s] Level 1:colcon.colcon_core.shell:create_environment_hook('bs_launch', 'pythonpath')
[10.230s] INFO:colcon.colcon_core.shell:Creating environment hook '/home/rsl/pioneerbase_ws/src/install/bs_launch/share/bs_launch/hook/pythonpath.ps1'
[10.231s] INFO:colcon.colcon_core.shell:Creating environment descriptor '/home/rsl/pioneerbase_ws/src/install/bs_launch/share/bs_launch/hook/pythonpath.dsv'
[10.231s] INFO:colcon.colcon_core.shell:Creating environment hook '/home/rsl/pioneerbase_ws/src/install/bs_launch/share/bs_launch/hook/pythonpath.sh'
[10.232s] Level 1:colcon.colcon_core.environment:checking '/home/rsl/pioneerbase_ws/src/install/bs_launch/bin'
[10.256s] INFO:colcon.colcon_core.shell:Creating package script '/home/rsl/pioneerbase_ws/src/install/bs_launch/share/bs_launch/package.ps1'
[10.257s] INFO:colcon.colcon_core.shell:Creating package descriptor '/home/rsl/pioneerbase_ws/src/install/bs_launch/share/bs_launch/package.dsv'
[10.258s] INFO:colcon.colcon_core.shell:Creating package script '/home/rsl/pioneerbase_ws/src/install/bs_launch/share/bs_launch/package.sh'
[10.259s] INFO:colcon.colcon_core.shell:Creating package script '/home/rsl/pioneerbase_ws/src/install/bs_launch/share/bs_launch/package.bash'
[10.259s] INFO:colcon.colcon_core.shell:Creating package script '/home/rsl/pioneerbase_ws/src/install/bs_launch/share/bs_launch/package.zsh'
[10.260s] Level 1:colcon.colcon_core.environment:create_file_with_runtime_dependencies(/home/rsl/pioneerbase_ws/src/install/bs_launch/share/colcon-core/packages/bs_launch)
[10.260s] DEBUG:colcon.colcon_parallel_executor.executor.parallel:closing loop
[10.261s] DEBUG:colcon.colcon_parallel_executor.executor.parallel:loop closed
[10.261s] DEBUG:colcon.colcon_parallel_executor.executor.parallel:run_until_complete finished with '0'
[10.261s] DEBUG:colcon.colcon_core.event_reactor:joining thread
[10.327s] INFO:colcon.colcon_core.plugin_system:Skipping extension 'colcon_notification.desktop_notification.terminal_notifier': Not used on non-Darwin systems
[10.327s] INFO:colcon.colcon_core.plugin_system:Skipping extension 'colcon_notification.desktop_notification.win32': Not used on non-Windows systems
[10.327s] INFO:colcon.colcon_notification.desktop_notification:Sending desktop notification using 'notify2'
[10.384s] DEBUG:colcon.colcon_core.event_reactor:joined thread
[10.417s] INFO:colcon.colcon_core.shell:Creating prefix script '/home/rsl/pioneerbase_ws/src/install/local_setup.ps1'
[10.418s] INFO:colcon.colcon_core.shell:Creating prefix util module '/home/rsl/pioneerbase_ws/src/install/_local_setup_util_ps1.py'
[10.421s] INFO:colcon.colcon_core.shell:Creating prefix chain script '/home/rsl/pioneerbase_ws/src/install/setup.ps1'
[10.449s] INFO:colcon.colcon_core.shell:Creating prefix script '/home/rsl/pioneerbase_ws/src/install/local_setup.sh'
[10.450s] INFO:colcon.colcon_core.shell:Creating prefix util module '/home/rsl/pioneerbase_ws/src/install/_local_setup_util_sh.py'
[10.451s] INFO:colcon.colcon_core.shell:Creating prefix chain script '/home/rsl/pioneerbase_ws/src/install/setup.sh'
[10.479s] INFO:colcon.colcon_core.shell:Creating prefix script '/home/rsl/pioneerbase_ws/src/install/local_setup.bash'
[10.480s] INFO:colcon.colcon_core.shell:Creating prefix chain script '/home/rsl/pioneerbase_ws/src/install/setup.bash'
[10.509s] INFO:colcon.colcon_core.shell:Creating prefix script '/home/rsl/pioneerbase_ws/src/install/local_setup.zsh'
[10.510s] INFO:colcon.colcon_core.shell:Creating prefix chain script '/home/rsl/pioneerbase_ws/src/install/setup.zsh'
