[2.397s] Invoking command in '/home/rsl/pioneerbase_ws/src/navigation_core3': PYTHONPATH=/home/rsl/pioneerbase_ws/build/navigation_core3/prefix_override:/home/rsl/pioneerbase_ws/install/navigation_core3/lib/python3.10/site-packages:${PYTHONPATH} /usr/bin/python3 setup.py egg_info --egg-base ../../build/navigation_core3 build --build-base /home/rsl/pioneerbase_ws/build/navigation_core3/build install --record /home/rsl/pioneerbase_ws/build/navigation_core3/install.log --single-version-externally-managed
[2.778s] running egg_info
[2.779s] creating ../../build/navigation_core3/navigation_core3.egg-info
[2.780s] writing ../../build/navigation_core3/navigation_core3.egg-info/PKG-INFO
[2.780s] writing dependency_links to ../../build/navigation_core3/navigation_core3.egg-info/dependency_links.txt
[2.781s] writing entry points to ../../build/navigation_core3/navigation_core3.egg-info/entry_points.txt
[2.782s] writing requirements to ../../build/navigation_core3/navigation_core3.egg-info/requires.txt
[2.782s] writing top-level names to ../../build/navigation_core3/navigation_core3.egg-info/top_level.txt
[2.784s] writing manifest file '../../build/navigation_core3/navigation_core3.egg-info/SOURCES.txt'
[2.786s] reading manifest file '../../build/navigation_core3/navigation_core3.egg-info/SOURCES.txt'
[2.787s] writing manifest file '../../build/navigation_core3/navigation_core3.egg-info/SOURCES.txt'
[2.787s] running build
[2.787s] running build_py
[2.788s] creating /home/rsl/pioneerbase_ws/build/navigation_core3/build
[2.789s] creating /home/rsl/pioneerbase_ws/build/navigation_core3/build/lib
[2.789s] creating /home/rsl/pioneerbase_ws/build/navigation_core3/build/lib/navigation_core3
[2.789s] copying navigation_core3/__init__.py -> /home/rsl/pioneerbase_ws/build/navigation_core3/build/lib/navigation_core3
[2.790s] running install
[2.790s] /usr/lib/python3/dist-packages/setuptools/command/install.py:34: SetuptoolsDeprecationWarning: setup.py install is deprecated. Use build and pip and other standards-based tools.
[2.791s]   warnings.warn(
[2.794s] running install_lib
[2.795s] creating /home/rsl/pioneerbase_ws/install/navigation_core3/lib/python3.10/site-packages/navigation_core3
[2.796s] copying /home/rsl/pioneerbase_ws/build/navigation_core3/build/lib/navigation_core3/__init__.py -> /home/rsl/pioneerbase_ws/install/navigation_core3/lib/python3.10/site-packages/navigation_core3
[2.796s] byte-compiling /home/rsl/pioneerbase_ws/install/navigation_core3/lib/python3.10/site-packages/navigation_core3/__init__.py to __init__.cpython-310.pyc
[2.797s] running install_data
[2.797s] creating /home/rsl/pioneerbase_ws/install/navigation_core3/share/ament_index
[2.798s] creating /home/rsl/pioneerbase_ws/install/navigation_core3/share/ament_index/resource_index
[2.799s] creating /home/rsl/pioneerbase_ws/install/navigation_core3/share/ament_index/resource_index/packages
[2.799s] copying resource/navigation_core3 -> /home/rsl/pioneerbase_ws/install/navigation_core3/share/ament_index/resource_index/packages
[2.800s] copying package.xml -> /home/rsl/pioneerbase_ws/install/navigation_core3/share/navigation_core3
[2.800s] running install_egg_info
[2.801s] Copying ../../build/navigation_core3/navigation_core3.egg-info to /home/rsl/pioneerbase_ws/install/navigation_core3/lib/python3.10/site-packages/navigation_core3-0.0.0-py3.10.egg-info
[2.801s] running install_scripts
[2.833s] writing list of installed files to '/home/rsl/pioneerbase_ws/build/navigation_core3/install.log'
[2.875s] Invoked command in '/home/rsl/pioneerbase_ws/src/navigation_core3' returned '0': PYTHONPATH=/home/rsl/pioneerbase_ws/build/navigation_core3/prefix_override:/home/rsl/pioneerbase_ws/install/navigation_core3/lib/python3.10/site-packages:${PYTHONPATH} /usr/bin/python3 setup.py egg_info --egg-base ../../build/navigation_core3 build --build-base /home/rsl/pioneerbase_ws/build/navigation_core3/build install --record /home/rsl/pioneerbase_ws/build/navigation_core3/install.log --single-version-externally-managed
