[3.481s] Invoking command in '/home/rsl/pioneerbase_ws/src/navigation_core1': PYTHONPATH=/home/rsl/pioneerbase_ws/build/navigation_core1/prefix_override:/home/rsl/pioneerbase_ws/install/navigation_core1/lib/python3.10/site-packages:${PYTHONPATH} /usr/bin/python3 setup.py egg_info --egg-base ../../build/navigation_core1 build --build-base /home/rsl/pioneerbase_ws/build/navigation_core1/build install --record /home/rsl/pioneerbase_ws/build/navigation_core1/install.log --single-version-externally-managed
[4.105s] running egg_info
[4.107s] writing ../../build/navigation_core1/navigation_core1.egg-info/PKG-INFO
[4.191s] writing dependency_links to ../../build/navigation_core1/navigation_core1.egg-info/dependency_links.txt
[4.191s] writing entry points to ../../build/navigation_core1/navigation_core1.egg-info/entry_points.txt
[4.191s] writing requirements to ../../build/navigation_core1/navigation_core1.egg-info/requires.txt
[4.191s] writing top-level names to ../../build/navigation_core1/navigation_core1.egg-info/top_level.txt
[4.194s] reading manifest file '../../build/navigation_core1/navigation_core1.egg-info/SOURCES.txt'
[4.203s] writing manifest file '../../build/navigation_core1/navigation_core1.egg-info/SOURCES.txt'
[4.203s] running build
[4.203s] running build_py
[4.214s] copying navigation_core1/waypoint_controller.py -> /home/rsl/pioneerbase_ws/build/navigation_core1/build/lib/navigation_core1
[4.215s] running install
[4.255s] /usr/lib/python3/dist-packages/setuptools/command/install.py:34: SetuptoolsDeprecationWarning: setup.py install is deprecated. Use build and pip and other standards-based tools.
[4.255s]   warnings.warn(
[4.257s] running install_lib
[4.261s] copying /home/rsl/pioneerbase_ws/build/navigation_core1/build/lib/navigation_core1/waypoint_controller.py -> /home/rsl/pioneerbase_ws/install/navigation_core1/lib/python3.10/site-packages/navigation_core1
[4.268s] byte-compiling /home/rsl/pioneerbase_ws/install/navigation_core1/lib/python3.10/site-packages/navigation_core1/waypoint_controller.py to waypoint_controller.cpython-310.pyc
[4.273s] running install_data
[4.276s] running install_egg_info
[4.282s] removing '/home/rsl/pioneerbase_ws/install/navigation_core1/lib/python3.10/site-packages/navigation_core1-0.0.0-py3.10.egg-info' (and everything under it)
[4.284s] Copying ../../build/navigation_core1/navigation_core1.egg-info to /home/rsl/pioneerbase_ws/install/navigation_core1/lib/python3.10/site-packages/navigation_core1-0.0.0-py3.10.egg-info
[4.307s] running install_scripts
[4.349s] Installing run_navigation script to /home/rsl/pioneerbase_ws/install/navigation_core1/lib/navigation_core1
[4.350s] writing list of installed files to '/home/rsl/pioneerbase_ws/build/navigation_core1/install.log'
[5.154s] Invoked command in '/home/rsl/pioneerbase_ws/src/navigation_core1' returned '0': PYTHONPATH=/home/rsl/pioneerbase_ws/build/navigation_core1/prefix_override:/home/rsl/pioneerbase_ws/install/navigation_core1/lib/python3.10/site-packages:${PYTHONPATH} /usr/bin/python3 setup.py egg_info --egg-base ../../build/navigation_core1 build --build-base /home/rsl/pioneerbase_ws/build/navigation_core1/build install --record /home/rsl/pioneerbase_ws/build/navigation_core1/install.log --single-version-externally-managed
