[3.120s] Invoking command in '/home/rsl/pioneerbase_ws/src/mode_select': PYTHONPATH=/home/rsl/pioneerbase_ws/build/mode_select/prefix_override:/home/rsl/pioneerbase_ws/install/mode_select/lib/python3.10/site-packages:${PYTHONPATH} /usr/bin/python3 setup.py egg_info --egg-base ../../build/mode_select build --build-base /home/rsl/pioneerbase_ws/build/mode_select/build install --record /home/rsl/pioneerbase_ws/build/mode_select/install.log --single-version-externally-managed
[3.819s] running egg_info
[3.821s] writing ../../build/mode_select/mode_select.egg-info/PKG-INFO
[3.821s] writing dependency_links to ../../build/mode_select/mode_select.egg-info/dependency_links.txt
[3.822s] writing entry points to ../../build/mode_select/mode_select.egg-info/entry_points.txt
[3.823s] writing requirements to ../../build/mode_select/mode_select.egg-info/requires.txt
[3.823s] writing top-level names to ../../build/mode_select/mode_select.egg-info/top_level.txt
[3.828s] reading manifest file '../../build/mode_select/mode_select.egg-info/SOURCES.txt'
[3.830s] writing manifest file '../../build/mode_select/mode_select.egg-info/SOURCES.txt'
[3.831s] running build
[3.831s] running build_py
[3.832s] running install
[3.833s] /usr/lib/python3/dist-packages/setuptools/command/install.py:34: SetuptoolsDeprecationWarning: setup.py install is deprecated. Use build and pip and other standards-based tools.
[3.833s]   warnings.warn(
[3.834s] running install_lib
[3.839s] running install_data
[3.841s] running install_egg_info
[3.846s] removing '/home/rsl/pioneerbase_ws/install/mode_select/lib/python3.10/site-packages/mode_select-0.0.0-py3.10.egg-info' (and everything under it)
[3.847s] Copying ../../build/mode_select/mode_select.egg-info to /home/rsl/pioneerbase_ws/install/mode_select/lib/python3.10/site-packages/mode_select-0.0.0-py3.10.egg-info
[3.849s] running install_scripts
[3.905s] Installing mode_select script to /home/rsl/pioneerbase_ws/install/mode_select/lib/mode_select
[3.906s] writing list of installed files to '/home/rsl/pioneerbase_ws/build/mode_select/install.log'
[4.182s] Invoked command in '/home/rsl/pioneerbase_ws/src/mode_select' returned '0': PYTHONPATH=/home/rsl/pioneerbase_ws/build/mode_select/prefix_override:/home/rsl/pioneerbase_ws/install/mode_select/lib/python3.10/site-packages:${PYTHONPATH} /usr/bin/python3 setup.py egg_info --egg-base ../../build/mode_select build --build-base /home/rsl/pioneerbase_ws/build/mode_select/build install --record /home/rsl/pioneerbase_ws/build/mode_select/install.log --single-version-externally-managed
