[3.231s] Invoking command in '/home/rsl/pioneerbase_ws/src/navigation_core1': PYTHONPATH=/home/rsl/pioneerbase_ws/src/build/navigation_core1/prefix_override:/home/rsl/pioneerbase_ws/src/install/navigation_core1/lib/python3.10/site-packages:${PYTHONPATH} /usr/bin/python3 setup.py egg_info --egg-base ../build/navigation_core1 build --build-base /home/rsl/pioneerbase_ws/src/build/navigation_core1/build install --record /home/rsl/pioneerbase_ws/src/build/navigation_core1/install.log --single-version-externally-managed
[3.973s] running egg_info
[3.975s] writing ../build/navigation_core1/navigation_core1.egg-info/PKG-INFO
[3.986s] writing dependency_links to ../build/navigation_core1/navigation_core1.egg-info/dependency_links.txt
[3.987s] writing entry points to ../build/navigation_core1/navigation_core1.egg-info/entry_points.txt
[3.987s] writing requirements to ../build/navigation_core1/navigation_core1.egg-info/requires.txt
[3.992s] writing top-level names to ../build/navigation_core1/navigation_core1.egg-info/top_level.txt
[4.002s] reading manifest file '../build/navigation_core1/navigation_core1.egg-info/SOURCES.txt'
[4.003s] writing manifest file '../build/navigation_core1/navigation_core1.egg-info/SOURCES.txt'
[4.004s] running build
[4.004s] running build_py
[4.005s] running install
[4.005s] /usr/lib/python3/dist-packages/setuptools/command/install.py:34: SetuptoolsDeprecationWarning: setup.py install is deprecated. Use build and pip and other standards-based tools.
[4.006s]   warnings.warn(
[4.012s] running install_lib
[4.013s] running install_data
[4.015s] running install_egg_info
[4.019s] removing '/home/rsl/pioneerbase_ws/src/install/navigation_core1/lib/python3.10/site-packages/navigation_core1-0.0.0-py3.10.egg-info' (and everything under it)
[4.020s] Copying ../build/navigation_core1/navigation_core1.egg-info to /home/rsl/pioneerbase_ws/src/install/navigation_core1/lib/python3.10/site-packages/navigation_core1-0.0.0-py3.10.egg-info
[4.022s] running install_scripts
[4.081s] Installing run_navigation script to /home/rsl/pioneerbase_ws/src/install/navigation_core1/lib/navigation_core1
[4.082s] writing list of installed files to '/home/rsl/pioneerbase_ws/src/build/navigation_core1/install.log'
[4.523s] Invoked command in '/home/rsl/pioneerbase_ws/src/navigation_core1' returned '0': PYTHONPATH=/home/rsl/pioneerbase_ws/src/build/navigation_core1/prefix_override:/home/rsl/pioneerbase_ws/src/install/navigation_core1/lib/python3.10/site-packages:${PYTHONPATH} /usr/bin/python3 setup.py egg_info --egg-base ../build/navigation_core1 build --build-base /home/rsl/pioneerbase_ws/src/build/navigation_core1/build install --record /home/rsl/pioneerbase_ws/src/build/navigation_core1/install.log --single-version-externally-managed
