[3.390s] Invoking command in '/home/rsl/pioneerbase_ws/src/gps_target_push': PYTHONPATH=/home/rsl/pioneerbase_ws/src/build/gps_target_push/prefix_override:/home/rsl/pioneerbase_ws/src/install/gps_target_push/lib/python3.10/site-packages:${PYTHONPATH} /usr/bin/python3 setup.py egg_info --egg-base ../build/gps_target_push build --build-base /home/rsl/pioneerbase_ws/src/build/gps_target_push/build install --record /home/rsl/pioneerbase_ws/src/build/gps_target_push/install.log --single-version-externally-managed
[4.058s] running egg_info
[4.060s] writing ../build/gps_target_push/gps_target_push.egg-info/PKG-INFO
[4.060s] writing dependency_links to ../build/gps_target_push/gps_target_push.egg-info/dependency_links.txt
[4.061s] writing entry points to ../build/gps_target_push/gps_target_push.egg-info/entry_points.txt
[4.061s] writing requirements to ../build/gps_target_push/gps_target_push.egg-info/requires.txt
[4.061s] writing top-level names to ../build/gps_target_push/gps_target_push.egg-info/top_level.txt
[4.065s] reading manifest file '../build/gps_target_push/gps_target_push.egg-info/SOURCES.txt'
[4.068s] writing manifest file '../build/gps_target_push/gps_target_push.egg-info/SOURCES.txt'
[4.069s] running build
[4.069s] running build_py
[4.070s] running install
[4.070s] /usr/lib/python3/dist-packages/setuptools/command/install.py:34: SetuptoolsDeprecationWarning: setup.py install is deprecated. Use build and pip and other standards-based tools.
[4.071s]   warnings.warn(
[4.071s] running install_lib
[4.072s] running install_data
[4.074s] running install_egg_info
[4.078s] removing '/home/rsl/pioneerbase_ws/src/install/gps_target_push/lib/python3.10/site-packages/gps_target_push-0.0.0-py3.10.egg-info' (and everything under it)
[4.078s] Copying ../build/gps_target_push/gps_target_push.egg-info to /home/rsl/pioneerbase_ws/src/install/gps_target_push/lib/python3.10/site-packages/gps_target_push-0.0.0-py3.10.egg-info
[4.080s] running install_scripts
[4.138s] Installing push_target script to /home/rsl/pioneerbase_ws/src/install/gps_target_push/lib/gps_target_push
[4.139s] writing list of installed files to '/home/rsl/pioneerbase_ws/src/build/gps_target_push/install.log'
[4.593s] Invoked command in '/home/rsl/pioneerbase_ws/src/gps_target_push' returned '0': PYTHONPATH=/home/rsl/pioneerbase_ws/src/build/gps_target_push/prefix_override:/home/rsl/pioneerbase_ws/src/install/gps_target_push/lib/python3.10/site-packages:${PYTHONPATH} /usr/bin/python3 setup.py egg_info --egg-base ../build/gps_target_push build --build-base /home/rsl/pioneerbase_ws/src/build/gps_target_push/build install --record /home/rsl/pioneerbase_ws/src/build/gps_target_push/install.log --single-version-externally-managed
