[2.987s] Invoking command in '/home/rsl/pioneerbase_ws/src/navigation_core3': PYTHONPATH=/home/rsl/pioneerbase_ws/src/build/navigation_core3/prefix_override:/home/rsl/pioneerbase_ws/src/install/navigation_core3/lib/python3.10/site-packages:${PYTHONPATH} /usr/bin/python3 setup.py egg_info --egg-base ../build/navigation_core3 build --build-base /home/rsl/pioneerbase_ws/src/build/navigation_core3/build install --record /home/rsl/pioneerbase_ws/src/build/navigation_core3/install.log --single-version-externally-managed
[3.633s] running egg_info
[3.635s] writing ../build/navigation_core3/navigation_core3.egg-info/PKG-INFO
[3.635s] writing dependency_links to ../build/navigation_core3/navigation_core3.egg-info/dependency_links.txt
[3.636s] writing entry points to ../build/navigation_core3/navigation_core3.egg-info/entry_points.txt
[3.636s] writing requirements to ../build/navigation_core3/navigation_core3.egg-info/requires.txt
[3.636s] writing top-level names to ../build/navigation_core3/navigation_core3.egg-info/top_level.txt
[3.640s] reading manifest file '../build/navigation_core3/navigation_core3.egg-info/SOURCES.txt'
[3.642s] writing manifest file '../build/navigation_core3/navigation_core3.egg-info/SOURCES.txt'
[3.642s] running build
[3.642s] running build_py
[3.643s] running install
[3.643s] /usr/lib/python3/dist-packages/setuptools/command/install.py:34: SetuptoolsDeprecationWarning: setup.py install is deprecated. Use build and pip and other standards-based tools.
[3.643s]   warnings.warn(
[3.644s] running install_lib
[3.647s] running install_data
[3.648s] running install_egg_info
[3.652s] removing '/home/rsl/pioneerbase_ws/src/install/navigation_core3/lib/python3.10/site-packages/navigation_core3-0.0.0-py3.10.egg-info' (and everything under it)
[3.653s] Copying ../build/navigation_core3/navigation_core3.egg-info to /home/rsl/pioneerbase_ws/src/install/navigation_core3/lib/python3.10/site-packages/navigation_core3-0.0.0-py3.10.egg-info
[3.654s] running install_scripts
[3.703s] Installing run_navigation script to /home/rsl/pioneerbase_ws/src/install/navigation_core3/lib/navigation_core3
[3.704s] writing list of installed files to '/home/rsl/pioneerbase_ws/src/build/navigation_core3/install.log'
[3.763s] Invoked command in '/home/rsl/pioneerbase_ws/src/navigation_core3' returned '0': PYTHONPATH=/home/rsl/pioneerbase_ws/src/build/navigation_core3/prefix_override:/home/rsl/pioneerbase_ws/src/install/navigation_core3/lib/python3.10/site-packages:${PYTHONPATH} /usr/bin/python3 setup.py egg_info --egg-base ../build/navigation_core3 build --build-base /home/rsl/pioneerbase_ws/src/build/navigation_core3/build install --record /home/rsl/pioneerbase_ws/src/build/navigation_core3/install.log --single-version-externally-managed
