[3.615s] Invoking command in '/home/rsl/pioneerbase_ws/src/mode_select': PYTHONPATH=/home/rsl/pioneerbase_ws/build/mode_select/prefix_override:/home/rsl/pioneerbase_ws/install/mode_select/lib/python3.10/site-packages:${PYTHONPATH} /usr/bin/python3 setup.py egg_info --egg-base ../../build/mode_select build --build-base /home/rsl/pioneerbase_ws/build/mode_select/build install --record /home/rsl/pioneerbase_ws/build/mode_select/install.log --single-version-externally-managed
[4.132s] running egg_info
[4.133s] writing ../../build/mode_select/mode_select.egg-info/PKG-INFO
[4.268s] writing dependency_links to ../../build/mode_select/mode_select.egg-info/dependency_links.txt
[4.269s] writing entry points to ../../build/mode_select/mode_select.egg-info/entry_points.txt
[4.269s] writing requirements to ../../build/mode_select/mode_select.egg-info/requires.txt
[4.269s] writing top-level names to ../../build/mode_select/mode_select.egg-info/top_level.txt
[4.272s] reading manifest file '../../build/mode_select/mode_select.egg-info/SOURCES.txt'
[4.300s] writing manifest file '../../build/mode_select/mode_select.egg-info/SOURCES.txt'
[4.300s] running build
[4.301s] running build_py
[4.305s] copying mode_select/mode_select.py -> /home/rsl/pioneerbase_ws/build/mode_select/build/lib/mode_select
[4.305s] running install
[4.360s] /usr/lib/python3/dist-packages/setuptools/command/install.py:34: SetuptoolsDeprecationWarning: setup.py install is deprecated. Use build and pip and other standards-based tools.
[4.360s]   warnings.warn(
[4.361s] running install_lib
[4.365s] copying /home/rsl/pioneerbase_ws/build/mode_select/build/lib/mode_select/mode_select.py -> /home/rsl/pioneerbase_ws/install/mode_select/lib/python3.10/site-packages/mode_select
[4.373s] byte-compiling /home/rsl/pioneerbase_ws/install/mode_select/lib/python3.10/site-packages/mode_select/mode_select.py to mode_select.cpython-310.pyc
[4.378s] running install_data
[4.382s] running install_egg_info
[4.387s] removing '/home/rsl/pioneerbase_ws/install/mode_select/lib/python3.10/site-packages/mode_select-0.0.0-py3.10.egg-info' (and everything under it)
[4.389s] Copying ../../build/mode_select/mode_select.egg-info to /home/rsl/pioneerbase_ws/install/mode_select/lib/python3.10/site-packages/mode_select-0.0.0-py3.10.egg-info
[4.392s] running install_scripts
[4.437s] Installing mode_select script to /home/rsl/pioneerbase_ws/install/mode_select/lib/mode_select
[4.437s] writing list of installed files to '/home/rsl/pioneerbase_ws/build/mode_select/install.log'
[4.489s] Invoked command in '/home/rsl/pioneerbase_ws/src/mode_select' returned '0': PYTHONPATH=/home/rsl/pioneerbase_ws/build/mode_select/prefix_override:/home/rsl/pioneerbase_ws/install/mode_select/lib/python3.10/site-packages:${PYTHONPATH} /usr/bin/python3 setup.py egg_info --egg-base ../../build/mode_select build --build-base /home/rsl/pioneerbase_ws/build/mode_select/build install --record /home/rsl/pioneerbase_ws/build/mode_select/install.log --single-version-externally-managed
