[3.338s] Invoking command in '/home/rsl/pioneerbase_ws/src/gps_target_push': PYTHONPATH=/home/rsl/pioneerbase_ws/build/gps_target_push/prefix_override:/home/rsl/pioneerbase_ws/install/gps_target_push/lib/python3.10/site-packages:${PYTHONPATH} /usr/bin/python3 setup.py egg_info --egg-base ../../build/gps_target_push build --build-base /home/rsl/pioneerbase_ws/build/gps_target_push/build install --record /home/rsl/pioneerbase_ws/build/gps_target_push/install.log --single-version-externally-managed
[3.991s] running egg_info
[3.992s] writing ../../build/gps_target_push/gps_target_push.egg-info/PKG-INFO
[3.993s] writing dependency_links to ../../build/gps_target_push/gps_target_push.egg-info/dependency_links.txt
[3.993s] writing entry points to ../../build/gps_target_push/gps_target_push.egg-info/entry_points.txt
[3.993s] writing requirements to ../../build/gps_target_push/gps_target_push.egg-info/requires.txt
[3.994s] writing top-level names to ../../build/gps_target_push/gps_target_push.egg-info/top_level.txt
[3.998s] reading manifest file '../../build/gps_target_push/gps_target_push.egg-info/SOURCES.txt'
[4.000s] writing manifest file '../../build/gps_target_push/gps_target_push.egg-info/SOURCES.txt'
[4.000s] running build
[4.000s] running build_py
[4.001s] running install
[4.001s] /usr/lib/python3/dist-packages/setuptools/command/install.py:34: SetuptoolsDeprecationWarning: setup.py install is deprecated. Use build and pip and other standards-based tools.
[4.001s]   warnings.warn(
[4.002s] running install_lib
[4.005s] running install_data
[4.006s] running install_egg_info
[4.010s] removing '/home/rsl/pioneerbase_ws/install/gps_target_push/lib/python3.10/site-packages/gps_target_push-0.0.0-py3.10.egg-info' (and everything under it)
[4.010s] Copying ../../build/gps_target_push/gps_target_push.egg-info to /home/rsl/pioneerbase_ws/install/gps_target_push/lib/python3.10/site-packages/gps_target_push-0.0.0-py3.10.egg-info
[4.012s] running install_scripts
[4.065s] Installing push_target script to /home/rsl/pioneerbase_ws/install/gps_target_push/lib/gps_target_push
[4.066s] writing list of installed files to '/home/rsl/pioneerbase_ws/build/gps_target_push/install.log'
[4.142s] Invoked command in '/home/rsl/pioneerbase_ws/src/gps_target_push' returned '0': PYTHONPATH=/home/rsl/pioneerbase_ws/build/gps_target_push/prefix_override:/home/rsl/pioneerbase_ws/install/gps_target_push/lib/python3.10/site-packages:${PYTHONPATH} /usr/bin/python3 setup.py egg_info --egg-base ../../build/gps_target_push build --build-base /home/rsl/pioneerbase_ws/build/gps_target_push/build install --record /home/rsl/pioneerbase_ws/build/gps_target_push/install.log --single-version-externally-managed
