[4.725s] Invoking command in '/home/rsl/pioneerbase_ws/src/gps_target_push': PYTHONPATH=/home/rsl/pioneerbase_ws/build/gps_target_push/prefix_override:/home/rsl/pioneerbase_ws/install/gps_target_push/lib/python3.10/site-packages:${PYTHONPATH} /usr/bin/python3 setup.py egg_info --egg-base ../../build/gps_target_push build --build-base /home/rsl/pioneerbase_ws/build/gps_target_push/build install --record /home/rsl/pioneerbase_ws/build/gps_target_push/install.log --single-version-externally-managed
[5.394s] running egg_info
[5.396s] writing ../../build/gps_target_push/gps_target_push.egg-info/PKG-INFO
[5.462s] writing dependency_links to ../../build/gps_target_push/gps_target_push.egg-info/dependency_links.txt
[5.462s] writing entry points to ../../build/gps_target_push/gps_target_push.egg-info/entry_points.txt
[5.463s] writing requirements to ../../build/gps_target_push/gps_target_push.egg-info/requires.txt
[5.463s] writing top-level names to ../../build/gps_target_push/gps_target_push.egg-info/top_level.txt
[5.467s] reading manifest file '../../build/gps_target_push/gps_target_push.egg-info/SOURCES.txt'
[5.481s] writing manifest file '../../build/gps_target_push/gps_target_push.egg-info/SOURCES.txt'
[5.481s] running build
[5.481s] running build_py
[5.483s] running install
[5.484s] /usr/lib/python3/dist-packages/setuptools/command/install.py:34: SetuptoolsDeprecationWarning: setup.py install is deprecated. Use build and pip and other standards-based tools.
[5.484s]   warnings.warn(
[5.486s] running install_lib
[5.488s] running install_data
[5.489s] running install_egg_info
[5.492s] removing '/home/rsl/pioneerbase_ws/install/gps_target_push/lib/python3.10/site-packages/gps_target_push-0.0.0-py3.10.egg-info' (and everything under it)
[5.492s] Copying ../../build/gps_target_push/gps_target_push.egg-info to /home/rsl/pioneerbase_ws/install/gps_target_push/lib/python3.10/site-packages/gps_target_push-0.0.0-py3.10.egg-info
[5.503s] running install_scripts
[5.562s] Installing push_target script to /home/rsl/pioneerbase_ws/install/gps_target_push/lib/gps_target_push
[5.563s] writing list of installed files to '/home/rsl/pioneerbase_ws/build/gps_target_push/install.log'
[6.080s] Invoked command in '/home/rsl/pioneerbase_ws/src/gps_target_push' returned '0': PYTHONPATH=/home/rsl/pioneerbase_ws/build/gps_target_push/prefix_override:/home/rsl/pioneerbase_ws/install/gps_target_push/lib/python3.10/site-packages:${PYTHONPATH} /usr/bin/python3 setup.py egg_info --egg-base ../../build/gps_target_push build --build-base /home/rsl/pioneerbase_ws/build/gps_target_push/build install --record /home/rsl/pioneerbase_ws/build/gps_target_push/install.log --single-version-externally-managed
