[4.491s] Invoking command in '/home/rsl/pioneerbase_ws/src/mode_select': PYTHONPATH=/home/rsl/pioneerbase_ws/build/mode_select/prefix_override:/home/rsl/pioneerbase_ws/install/mode_select/lib/python3.10/site-packages:${PYTHONPATH} /usr/bin/python3 setup.py egg_info --egg-base ../../build/mode_select build --build-base /home/rsl/pioneerbase_ws/build/mode_select/build install --record /home/rsl/pioneerbase_ws/build/mode_select/install.log --single-version-externally-managed
[5.134s] running egg_info
[5.136s] writing ../../build/mode_select/mode_select.egg-info/PKG-INFO
[5.136s] writing dependency_links to ../../build/mode_select/mode_select.egg-info/dependency_links.txt
[5.136s] writing entry points to ../../build/mode_select/mode_select.egg-info/entry_points.txt
[5.136s] writing requirements to ../../build/mode_select/mode_select.egg-info/requires.txt
[5.136s] writing top-level names to ../../build/mode_select/mode_select.egg-info/top_level.txt
[5.140s] reading manifest file '../../build/mode_select/mode_select.egg-info/SOURCES.txt'
[5.157s] writing manifest file '../../build/mode_select/mode_select.egg-info/SOURCES.txt'
[5.157s] running build
[5.158s] running build_py
[5.160s] running install
[5.196s] /usr/lib/python3/dist-packages/setuptools/command/install.py:34: SetuptoolsDeprecationWarning: setup.py install is deprecated. Use build and pip and other standards-based tools.
[5.196s]   warnings.warn(
[5.197s] running install_lib
[5.199s] running install_data
[5.201s] running install_egg_info
[5.204s] removing '/home/rsl/pioneerbase_ws/install/mode_select/lib/python3.10/site-packages/mode_select-0.0.0-py3.10.egg-info' (and everything under it)
[5.205s] Copying ../../build/mode_select/mode_select.egg-info to /home/rsl/pioneerbase_ws/install/mode_select/lib/python3.10/site-packages/mode_select-0.0.0-py3.10.egg-info
[5.238s] running install_scripts
[5.289s] Installing mode_select script to /home/rsl/pioneerbase_ws/install/mode_select/lib/mode_select
[5.290s] writing list of installed files to '/home/rsl/pioneerbase_ws/build/mode_select/install.log'
[5.392s] Invoked command in '/home/rsl/pioneerbase_ws/src/mode_select' returned '0': PYTHONPATH=/home/rsl/pioneerbase_ws/build/mode_select/prefix_override:/home/rsl/pioneerbase_ws/install/mode_select/lib/python3.10/site-packages:${PYTHONPATH} /usr/bin/python3 setup.py egg_info --egg-base ../../build/mode_select build --build-base /home/rsl/pioneerbase_ws/build/mode_select/build install --record /home/rsl/pioneerbase_ws/build/mode_select/install.log --single-version-externally-managed
