[3.391s] Invoking command in '/home/rsl/pioneerbase_ws/src/gps_target_push': PYTHONPATH=/home/rsl/pioneerbase_ws/build/gps_target_push/prefix_override:/home/rsl/pioneerbase_ws/install/gps_target_push/lib/python3.10/site-packages:${PYTHONPATH} /usr/bin/python3 setup.py egg_info --egg-base ../../build/gps_target_push build --build-base /home/rsl/pioneerbase_ws/build/gps_target_push/build install --record /home/rsl/pioneerbase_ws/build/gps_target_push/install.log --single-version-externally-managed
[4.063s] running egg_info
[4.065s] writing ../../build/gps_target_push/gps_target_push.egg-info/PKG-INFO
[4.066s] writing dependency_links to ../../build/gps_target_push/gps_target_push.egg-info/dependency_links.txt
[4.066s] writing entry points to ../../build/gps_target_push/gps_target_push.egg-info/entry_points.txt
[4.067s] writing requirements to ../../build/gps_target_push/gps_target_push.egg-info/requires.txt
[4.067s] writing top-level names to ../../build/gps_target_push/gps_target_push.egg-info/top_level.txt
[4.071s] reading manifest file '../../build/gps_target_push/gps_target_push.egg-info/SOURCES.txt'
[4.073s] writing manifest file '../../build/gps_target_push/gps_target_push.egg-info/SOURCES.txt'
[4.074s] running build
[4.074s] running build_py
[4.075s] running install
[4.075s] /usr/lib/python3/dist-packages/setuptools/command/install.py:34: SetuptoolsDeprecationWarning: setup.py install is deprecated. Use build and pip and other standards-based tools.
[4.075s]   warnings.warn(
[4.076s] running install_lib
[4.079s] running install_data
[4.080s] running install_egg_info
[4.084s] removing '/home/rsl/pioneerbase_ws/install/gps_target_push/lib/python3.10/site-packages/gps_target_push-0.0.0-py3.10.egg-info' (and everything under it)
[4.085s] Copying ../../build/gps_target_push/gps_target_push.egg-info to /home/rsl/pioneerbase_ws/install/gps_target_push/lib/python3.10/site-packages/gps_target_push-0.0.0-py3.10.egg-info
[4.087s] running install_scripts
[4.142s] Installing push_target script to /home/rsl/pioneerbase_ws/install/gps_target_push/lib/gps_target_push
[4.143s] writing list of installed files to '/home/rsl/pioneerbase_ws/build/gps_target_push/install.log'
[4.210s] Invoked command in '/home/rsl/pioneerbase_ws/src/gps_target_push' returned '0': PYTHONPATH=/home/rsl/pioneerbase_ws/build/gps_target_push/prefix_override:/home/rsl/pioneerbase_ws/install/gps_target_push/lib/python3.10/site-packages:${PYTHONPATH} /usr/bin/python3 setup.py egg_info --egg-base ../../build/gps_target_push build --build-base /home/rsl/pioneerbase_ws/build/gps_target_push/build install --record /home/rsl/pioneerbase_ws/build/gps_target_push/install.log --single-version-externally-managed
