running egg_info
writing ../../build/gps_target_push/gps_target_push.egg-info/PKG-INFO
writing dependency_links to ../../build/gps_target_push/gps_target_push.egg-info/dependency_links.txt
writing entry points to ../../build/gps_target_push/gps_target_push.egg-info/entry_points.txt
writing requirements to ../../build/gps_target_push/gps_target_push.egg-info/requires.txt
writing top-level names to ../../build/gps_target_push/gps_target_push.egg-info/top_level.txt
reading manifest file '../../build/gps_target_push/gps_target_push.egg-info/SOURCES.txt'
writing manifest file '../../build/gps_target_push/gps_target_push.egg-info/SOURCES.txt'
running build
running build_py
running install
running install_lib
/usr/lib/python3/dist-packages/setuptools/command/install.py:34: SetuptoolsDeprecationWarning: setup.py install is deprecated. Use build and pip and other standards-based tools.
  warnings.warn(
running install_data
running install_egg_info
removing '/home/rsl/pioneerbase_ws/install/gps_target_push/lib/python3.10/site-packages/gps_target_push-0.0.0-py3.10.egg-info' (and everything under it)
Copying ../../build/gps_target_push/gps_target_push.egg-info to /home/rsl/pioneerbase_ws/install/gps_target_push/lib/python3.10/site-packages/gps_target_push-0.0.0-py3.10.egg-info
running install_scripts
Installing push_target script to /home/rsl/pioneerbase_ws/install/gps_target_push/lib/gps_target_push
writing list of installed files to '/home/rsl/pioneerbase_ws/build/gps_target_push/install.log'
