[1.918s] Invoking command in '/home/rsl/pioneerbase_ws/src/navigation_core2': PYTHONPATH=/home/rsl/pioneerbase_ws/build/navigation_core2/prefix_override:/home/rsl/pioneerbase_ws/install/navigation_core2/lib/python3.10/site-packages:${PYTHONPATH} /usr/bin/python3 setup.py egg_info --egg-base ../../build/navigation_core2 build --build-base /home/rsl/pioneerbase_ws/build/navigation_core2/build install --record /home/rsl/pioneerbase_ws/build/navigation_core2/install.log --single-version-externally-managed
[2.373s] running egg_info
[2.374s] writing ../../build/navigation_core2/navigation_core2.egg-info/PKG-INFO
[2.375s] writing dependency_links to ../../build/navigation_core2/navigation_core2.egg-info/dependency_links.txt
[2.375s] writing entry points to ../../build/navigation_core2/navigation_core2.egg-info/entry_points.txt
[2.375s] writing requirements to ../../build/navigation_core2/navigation_core2.egg-info/requires.txt
[2.375s] writing top-level names to ../../build/navigation_core2/navigation_core2.egg-info/top_level.txt
[2.378s] reading manifest file '../../build/navigation_core2/navigation_core2.egg-info/SOURCES.txt'
[2.379s] writing manifest file '../../build/navigation_core2/navigation_core2.egg-info/SOURCES.txt'
[2.379s] running build
[2.380s] running build_py
[2.380s] copying navigation_core2/waypoint_controller.py -> /home/rsl/pioneerbase_ws/build/navigation_core2/build/lib/navigation_core2
[2.380s] running install
[2.380s] /usr/lib/python3/dist-packages/setuptools/command/install.py:34: SetuptoolsDeprecationWarning: setup.py install is deprecated. Use build and pip and other standards-based tools.
[2.381s]   warnings.warn(
[2.381s] running install_lib
[2.382s] copying /home/rsl/pioneerbase_ws/build/navigation_core2/build/lib/navigation_core2/waypoint_controller.py -> /home/rsl/pioneerbase_ws/install/navigation_core2/lib/python3.10/site-packages/navigation_core2
[2.383s] byte-compiling /home/rsl/pioneerbase_ws/install/navigation_core2/lib/python3.10/site-packages/navigation_core2/waypoint_controller.py to waypoint_controller.cpython-310.pyc
[2.385s] running install_data
[2.385s] running install_egg_info
[2.389s] removing '/home/rsl/pioneerbase_ws/install/navigation_core2/lib/python3.10/site-packages/navigation_core2-0.0.0-py3.10.egg-info' (and everything under it)
[2.389s] Copying ../../build/navigation_core2/navigation_core2.egg-info to /home/rsl/pioneerbase_ws/install/navigation_core2/lib/python3.10/site-packages/navigation_core2-0.0.0-py3.10.egg-info
[2.392s] running install_scripts
[2.424s] Installing run_navigation script to /home/rsl/pioneerbase_ws/install/navigation_core2/lib/navigation_core2
[2.424s] writing list of installed files to '/home/rsl/pioneerbase_ws/build/navigation_core2/install.log'
[3.329s] Invoked command in '/home/rsl/pioneerbase_ws/src/navigation_core2' returned '0': PYTHONPATH=/home/rsl/pioneerbase_ws/build/navigation_core2/prefix_override:/home/rsl/pioneerbase_ws/install/navigation_core2/lib/python3.10/site-packages:${PYTHONPATH} /usr/bin/python3 setup.py egg_info --egg-base ../../build/navigation_core2 build --build-base /home/rsl/pioneerbase_ws/build/navigation_core2/build install --record /home/rsl/pioneerbase_ws/build/navigation_core2/install.log --single-version-externally-managed
