[3.948s] Invoking command in '/home/rsl/pioneerbase_ws/src/mode_select': PYTHONPATH=/home/rsl/pioneerbase_ws/src/build/mode_select/prefix_override:/home/rsl/pioneerbase_ws/src/install/mode_select/lib/python3.10/site-packages:${PYTHONPATH} /usr/bin/python3 setup.py egg_info --egg-base ../build/mode_select build --build-base /home/rsl/pioneerbase_ws/src/build/mode_select/build install --record /home/rsl/pioneerbase_ws/src/build/mode_select/install.log --single-version-externally-managed
[4.639s] running egg_info
[4.640s] creating ../build/mode_select/mode_select.egg-info
[4.640s] writing ../build/mode_select/mode_select.egg-info/PKG-INFO
[4.640s] writing dependency_links to ../build/mode_select/mode_select.egg-info/dependency_links.txt
[4.640s] writing entry points to ../build/mode_select/mode_select.egg-info/entry_points.txt
[4.640s] writing requirements to ../build/mode_select/mode_select.egg-info/requires.txt
[4.640s] writing top-level names to ../build/mode_select/mode_select.egg-info/top_level.txt
[4.641s] writing manifest file '../build/mode_select/mode_select.egg-info/SOURCES.txt'
[4.644s] reading manifest file '../build/mode_select/mode_select.egg-info/SOURCES.txt'
[4.646s] writing manifest file '../build/mode_select/mode_select.egg-info/SOURCES.txt'
[4.646s] running build
[4.646s] running build_py
[4.647s] creating /home/rsl/pioneerbase_ws/src/build/mode_select/build
[4.647s] creating /home/rsl/pioneerbase_ws/src/build/mode_select/build/lib
[4.647s] creating /home/rsl/pioneerbase_ws/src/build/mode_select/build/lib/mode_select
[4.647s] copying mode_select/__init__.py -> /home/rsl/pioneerbase_ws/src/build/mode_select/build/lib/mode_select
[4.647s] copying mode_select/mode_select.py -> /home/rsl/pioneerbase_ws/src/build/mode_select/build/lib/mode_select
[4.648s] running install
[4.684s] /usr/lib/python3/dist-packages/setuptools/command/install.py:34: SetuptoolsDeprecationWarning: setup.py install is deprecated. Use build and pip and other standards-based tools.
[4.684s]   warnings.warn(
[4.685s] running install_lib
[4.686s] creating /home/rsl/pioneerbase_ws/src/install/mode_select/lib/python3.10/site-packages/mode_select
[4.687s] copying /home/rsl/pioneerbase_ws/src/build/mode_select/build/lib/mode_select/__init__.py -> /home/rsl/pioneerbase_ws/src/install/mode_select/lib/python3.10/site-packages/mode_select
[4.687s] copying /home/rsl/pioneerbase_ws/src/build/mode_select/build/lib/mode_select/mode_select.py -> /home/rsl/pioneerbase_ws/src/install/mode_select/lib/python3.10/site-packages/mode_select
[4.688s] byte-compiling /home/rsl/pioneerbase_ws/src/install/mode_select/lib/python3.10/site-packages/mode_select/__init__.py to __init__.cpython-310.pyc
[4.688s] byte-compiling /home/rsl/pioneerbase_ws/src/install/mode_select/lib/python3.10/site-packages/mode_select/mode_select.py to mode_select.cpython-310.pyc
[4.693s] running install_data
[4.693s] creating /home/rsl/pioneerbase_ws/src/install/mode_select/share/ament_index
[4.693s] creating /home/rsl/pioneerbase_ws/src/install/mode_select/share/ament_index/resource_index
[4.694s] creating /home/rsl/pioneerbase_ws/src/install/mode_select/share/ament_index/resource_index/packages
[4.694s] copying resource/mode_select -> /home/rsl/pioneerbase_ws/src/install/mode_select/share/ament_index/resource_index/packages
[4.694s] copying package.xml -> /home/rsl/pioneerbase_ws/src/install/mode_select/share/mode_select
[4.694s] running install_egg_info
[4.694s] Copying ../build/mode_select/mode_select.egg-info to /home/rsl/pioneerbase_ws/src/install/mode_select/lib/python3.10/site-packages/mode_select-0.0.0-py3.10.egg-info
[4.696s] running install_scripts
[4.734s] Installing mode_select script to /home/rsl/pioneerbase_ws/src/install/mode_select/lib/mode_select
[4.735s] writing list of installed files to '/home/rsl/pioneerbase_ws/src/build/mode_select/install.log'
[4.813s] Invoked command in '/home/rsl/pioneerbase_ws/src/mode_select' returned '0': PYTHONPATH=/home/rsl/pioneerbase_ws/src/build/mode_select/prefix_override:/home/rsl/pioneerbase_ws/src/install/mode_select/lib/python3.10/site-packages:${PYTHONPATH} /usr/bin/python3 setup.py egg_info --egg-base ../build/mode_select build --build-base /home/rsl/pioneerbase_ws/src/build/mode_select/build install --record /home/rsl/pioneerbase_ws/src/build/mode_select/install.log --single-version-externally-managed
