running egg_info
creating ../build/navigation_core3/navigation_core3.egg-info
writing ../build/navigation_core3/navigation_core3.egg-info/PKG-INFO
writing dependency_links to ../build/navigation_core3/navigation_core3.egg-info/dependency_links.txt
writing entry points to ../build/navigation_core3/navigation_core3.egg-info/entry_points.txt
writing requirements to ../build/navigation_core3/navigation_core3.egg-info/requires.txt
writing top-level names to ../build/navigation_core3/navigation_core3.egg-info/top_level.txt
writing manifest file '../build/navigation_core3/navigation_core3.egg-info/SOURCES.txt'
reading manifest file '../build/navigation_core3/navigation_core3.egg-info/SOURCES.txt'
writing manifest file '../build/navigation_core3/navigation_core3.egg-info/SOURCES.txt'
running build
running build_py
creating /home/rsl/pioneerbase_ws/src/build/navigation_core3/build
creating /home/rsl/pioneerbase_ws/src/build/navigation_core3/build/lib
creating /home/rsl/pioneerbase_ws/src/build/navigation_core3/build/lib/navigation_core3
copying navigation_core3/waypoint_controller.py -> /home/rsl/pioneerbase_ws/src/build/navigation_core3/build/lib/navigation_core3
copying navigation_core3/__init__.py -> /home/rsl/pioneerbase_ws/src/build/navigation_core3/build/lib/navigation_core3
running install
/usr/lib/python3/dist-packages/setuptools/command/install.py:34: SetuptoolsDeprecationWarning: setup.py install is deprecated. Use build and pip and other standards-based tools.
  warnings.warn(
running install_lib
creating /home/rsl/pioneerbase_ws/src/install/navigation_core3/lib/python3.10/site-packages/navigation_core3
copying /home/rsl/pioneerbase_ws/src/build/navigation_core3/build/lib/navigation_core3/waypoint_controller.py -> /home/rsl/pioneerbase_ws/src/install/navigation_core3/lib/python3.10/site-packages/navigation_core3
copying /home/rsl/pioneerbase_ws/src/build/navigation_core3/build/lib/navigation_core3/__init__.py -> /home/rsl/pioneerbase_ws/src/install/navigation_core3/lib/python3.10/site-packages/navigation_core3
byte-compiling /home/rsl/pioneerbase_ws/src/install/navigation_core3/lib/python3.10/site-packages/navigation_core3/waypoint_controller.py to waypoint_controller.cpython-310.pyc
byte-compiling /home/rsl/pioneerbase_ws/src/install/navigation_core3/lib/python3.10/site-packages/navigation_core3/__init__.py to __init__.cpython-310.pyc
running install_data
creating /home/rsl/pioneerbase_ws/src/install/navigation_core3/share/ament_index
creating /home/rsl/pioneerbase_ws/src/install/navigation_core3/share/ament_index/resource_index
creating /home/rsl/pioneerbase_ws/src/install/navigation_core3/share/ament_index/resource_index/packages
copying resource/navigation_core3 -> /home/rsl/pioneerbase_ws/src/install/navigation_core3/share/ament_index/resource_index/packages
copying package.xml -> /home/rsl/pioneerbase_ws/src/install/navigation_core3/share/navigation_core3
running install_egg_info
Copying ../build/navigation_core3/navigation_core3.egg-info to /home/rsl/pioneerbase_ws/src/install/navigation_core3/lib/python3.10/site-packages/navigation_core3-0.0.0-py3.10.egg-info
running install_scripts
Installing run_navigation script to /home/rsl/pioneerbase_ws/src/install/navigation_core3/lib/navigation_core3
writing list of installed files to '/home/rsl/pioneerbase_ws/src/build/navigation_core3/install.log'
