[2.522s] Invoking command in '/home/rsl/pioneerbase_ws/src/navigation_core3': PYTHONPATH=/home/rsl/pioneerbase_ws/src/build/navigation_core3/prefix_override:/home/rsl/pioneerbase_ws/src/install/navigation_core3/lib/python3.10/site-packages:${PYTHONPATH} /usr/bin/python3 setup.py egg_info --egg-base ../build/navigation_core3 build --build-base /home/rsl/pioneerbase_ws/src/build/navigation_core3/build install --record /home/rsl/pioneerbase_ws/src/build/navigation_core3/install.log --single-version-externally-managed
[3.114s] running egg_info
[3.115s] creating ../build/navigation_core3/navigation_core3.egg-info
[3.116s] writing ../build/navigation_core3/navigation_core3.egg-info/PKG-INFO
[3.116s] writing dependency_links to ../build/navigation_core3/navigation_core3.egg-info/dependency_links.txt
[3.116s] writing entry points to ../build/navigation_core3/navigation_core3.egg-info/entry_points.txt
[3.116s] writing requirements to ../build/navigation_core3/navigation_core3.egg-info/requires.txt
[3.117s] writing top-level names to ../build/navigation_core3/navigation_core3.egg-info/top_level.txt
[3.117s] writing manifest file '../build/navigation_core3/navigation_core3.egg-info/SOURCES.txt'
[3.119s] reading manifest file '../build/navigation_core3/navigation_core3.egg-info/SOURCES.txt'
[3.120s] writing manifest file '../build/navigation_core3/navigation_core3.egg-info/SOURCES.txt'
[3.120s] running build
[3.120s] running build_py
[3.121s] creating /home/rsl/pioneerbase_ws/src/build/navigation_core3/build
[3.121s] creating /home/rsl/pioneerbase_ws/src/build/navigation_core3/build/lib
[3.121s] creating /home/rsl/pioneerbase_ws/src/build/navigation_core3/build/lib/navigation_core3
[3.122s] copying navigation_core3/waypoint_controller.py -> /home/rsl/pioneerbase_ws/src/build/navigation_core3/build/lib/navigation_core3
[3.182s] copying navigation_core3/__init__.py -> /home/rsl/pioneerbase_ws/src/build/navigation_core3/build/lib/navigation_core3
[3.183s] running install
[3.183s] /usr/lib/python3/dist-packages/setuptools/command/install.py:34: SetuptoolsDeprecationWarning: setup.py install is deprecated. Use build and pip and other standards-based tools.
[3.183s]   warnings.warn(
[3.184s] running install_lib
[3.185s] creating /home/rsl/pioneerbase_ws/src/install/navigation_core3/lib/python3.10/site-packages/navigation_core3
[3.185s] copying /home/rsl/pioneerbase_ws/src/build/navigation_core3/build/lib/navigation_core3/waypoint_controller.py -> /home/rsl/pioneerbase_ws/src/install/navigation_core3/lib/python3.10/site-packages/navigation_core3
[3.185s] copying /home/rsl/pioneerbase_ws/src/build/navigation_core3/build/lib/navigation_core3/__init__.py -> /home/rsl/pioneerbase_ws/src/install/navigation_core3/lib/python3.10/site-packages/navigation_core3
[3.187s] byte-compiling /home/rsl/pioneerbase_ws/src/install/navigation_core3/lib/python3.10/site-packages/navigation_core3/waypoint_controller.py to waypoint_controller.cpython-310.pyc
[3.189s] byte-compiling /home/rsl/pioneerbase_ws/src/install/navigation_core3/lib/python3.10/site-packages/navigation_core3/__init__.py to __init__.cpython-310.pyc
[3.189s] running install_data
[3.190s] creating /home/rsl/pioneerbase_ws/src/install/navigation_core3/share/ament_index
[3.191s] creating /home/rsl/pioneerbase_ws/src/install/navigation_core3/share/ament_index/resource_index
[3.191s] creating /home/rsl/pioneerbase_ws/src/install/navigation_core3/share/ament_index/resource_index/packages
[3.191s] copying resource/navigation_core3 -> /home/rsl/pioneerbase_ws/src/install/navigation_core3/share/ament_index/resource_index/packages
[3.191s] copying package.xml -> /home/rsl/pioneerbase_ws/src/install/navigation_core3/share/navigation_core3
[3.191s] running install_egg_info
[3.195s] Copying ../build/navigation_core3/navigation_core3.egg-info to /home/rsl/pioneerbase_ws/src/install/navigation_core3/lib/python3.10/site-packages/navigation_core3-0.0.0-py3.10.egg-info
[3.196s] running install_scripts
[3.242s] Installing run_navigation script to /home/rsl/pioneerbase_ws/src/install/navigation_core3/lib/navigation_core3
[3.243s] writing list of installed files to '/home/rsl/pioneerbase_ws/src/build/navigation_core3/install.log'
[3.372s] Invoked command in '/home/rsl/pioneerbase_ws/src/navigation_core3' returned '0': PYTHONPATH=/home/rsl/pioneerbase_ws/src/build/navigation_core3/prefix_override:/home/rsl/pioneerbase_ws/src/install/navigation_core3/lib/python3.10/site-packages:${PYTHONPATH} /usr/bin/python3 setup.py egg_info --egg-base ../build/navigation_core3 build --build-base /home/rsl/pioneerbase_ws/src/build/navigation_core3/build install --record /home/rsl/pioneerbase_ws/src/build/navigation_core3/install.log --single-version-externally-managed
