[3.818s] Invoking command in '/home/rsl/pioneerbase_ws/src/mode_select': PYTHONPATH=/home/rsl/pioneerbase_ws/build/mode_select/prefix_override:/home/rsl/pioneerbase_ws/install/mode_select/lib/python3.10/site-packages:${PYTHONPATH} /usr/bin/python3 setup.py egg_info --egg-base ../../build/mode_select build --build-base /home/rsl/pioneerbase_ws/build/mode_select/build install --record /home/rsl/pioneerbase_ws/build/mode_select/install.log --single-version-externally-managed
[4.507s] running egg_info
[4.509s] writing ../../build/mode_select/mode_select.egg-info/PKG-INFO
[4.511s] writing dependency_links to ../../build/mode_select/mode_select.egg-info/dependency_links.txt
[4.511s] writing entry points to ../../build/mode_select/mode_select.egg-info/entry_points.txt
[4.511s] writing requirements to ../../build/mode_select/mode_select.egg-info/requires.txt
[4.511s] writing top-level names to ../../build/mode_select/mode_select.egg-info/top_level.txt
[4.519s] reading manifest file '../../build/mode_select/mode_select.egg-info/SOURCES.txt'
[4.537s] writing manifest file '../../build/mode_select/mode_select.egg-info/SOURCES.txt'
[4.537s] running build
[4.537s] running build_py
[4.540s] running install
[4.572s] /usr/lib/python3/dist-packages/setuptools/command/install.py:34: SetuptoolsDeprecationWarning: setup.py install is deprecated. Use build and pip and other standards-based tools.
[4.572s]   warnings.warn(
[4.572s] running install_lib
[4.574s] running install_data
[4.576s] running install_egg_info
[4.581s] removing '/home/rsl/pioneerbase_ws/install/mode_select/lib/python3.10/site-packages/mode_select-0.0.0-py3.10.egg-info' (and everything under it)
[4.581s] Copying ../../build/mode_select/mode_select.egg-info to /home/rsl/pioneerbase_ws/install/mode_select/lib/python3.10/site-packages/mode_select-0.0.0-py3.10.egg-info
[4.627s] running install_scripts
[4.685s] Installing mode_select script to /home/rsl/pioneerbase_ws/install/mode_select/lib/mode_select
[4.686s] writing list of installed files to '/home/rsl/pioneerbase_ws/build/mode_select/install.log'
[5.064s] Invoked command in '/home/rsl/pioneerbase_ws/src/mode_select' returned '0': PYTHONPATH=/home/rsl/pioneerbase_ws/build/mode_select/prefix_override:/home/rsl/pioneerbase_ws/install/mode_select/lib/python3.10/site-packages:${PYTHONPATH} /usr/bin/python3 setup.py egg_info --egg-base ../../build/mode_select build --build-base /home/rsl/pioneerbase_ws/build/mode_select/build install --record /home/rsl/pioneerbase_ws/build/mode_select/install.log --single-version-externally-managed
