[3.257s] Invoking command in '/home/rsl/pioneerbase_ws/src/gps_target_push': PYTHONPATH=/home/rsl/pioneerbase_ws/build/gps_target_push/prefix_override:/home/rsl/pioneerbase_ws/install/gps_target_push/lib/python3.10/site-packages:${PYTHONPATH} /usr/bin/python3 setup.py egg_info --egg-base ../../build/gps_target_push build --build-base /home/rsl/pioneerbase_ws/build/gps_target_push/build install --record /home/rsl/pioneerbase_ws/build/gps_target_push/install.log --single-version-externally-managed
[3.906s] running egg_info
[3.908s] writing ../../build/gps_target_push/gps_target_push.egg-info/PKG-INFO
[3.908s] writing dependency_links to ../../build/gps_target_push/gps_target_push.egg-info/dependency_links.txt
[3.908s] writing entry points to ../../build/gps_target_push/gps_target_push.egg-info/entry_points.txt
[3.909s] writing requirements to ../../build/gps_target_push/gps_target_push.egg-info/requires.txt
[3.909s] writing top-level names to ../../build/gps_target_push/gps_target_push.egg-info/top_level.txt
[3.913s] reading manifest file '../../build/gps_target_push/gps_target_push.egg-info/SOURCES.txt'
[3.915s] writing manifest file '../../build/gps_target_push/gps_target_push.egg-info/SOURCES.txt'
[3.916s] running build
[3.916s] running build_py
[3.916s] running install
[3.916s] /usr/lib/python3/dist-packages/setuptools/command/install.py:34: SetuptoolsDeprecationWarning: setup.py install is deprecated. Use build and pip and other standards-based tools.
[3.917s]   warnings.warn(
[3.917s] running install_lib
[3.920s] running install_data
[3.921s] running install_egg_info
[3.925s] removing '/home/rsl/pioneerbase_ws/install/gps_target_push/lib/python3.10/site-packages/gps_target_push-0.0.0-py3.10.egg-info' (and everything under it)
[3.926s] Copying ../../build/gps_target_push/gps_target_push.egg-info to /home/rsl/pioneerbase_ws/install/gps_target_push/lib/python3.10/site-packages/gps_target_push-0.0.0-py3.10.egg-info
[3.928s] running install_scripts
[3.980s] Installing push_target script to /home/rsl/pioneerbase_ws/install/gps_target_push/lib/gps_target_push
[3.981s] writing list of installed files to '/home/rsl/pioneerbase_ws/build/gps_target_push/install.log'
[4.050s] Invoked command in '/home/rsl/pioneerbase_ws/src/gps_target_push' returned '0': PYTHONPATH=/home/rsl/pioneerbase_ws/build/gps_target_push/prefix_override:/home/rsl/pioneerbase_ws/install/gps_target_push/lib/python3.10/site-packages:${PYTHONPATH} /usr/bin/python3 setup.py egg_info --egg-base ../../build/gps_target_push build --build-base /home/rsl/pioneerbase_ws/build/gps_target_push/build install --record /home/rsl/pioneerbase_ws/build/gps_target_push/install.log --single-version-externally-managed
