[3.100s] Invoking command in '/home/rsl/pioneerbase_ws/src/mode_select': PYTHONPATH=/home/rsl/pioneerbase_ws/build/mode_select/prefix_override:/home/rsl/pioneerbase_ws/install/mode_select/lib/python3.10/site-packages:${PYTHONPATH} /usr/bin/python3 setup.py egg_info --egg-base ../../build/mode_select build --build-base /home/rsl/pioneerbase_ws/build/mode_select/build install --record /home/rsl/pioneerbase_ws/build/mode_select/install.log --single-version-externally-managed
[3.762s] running egg_info
[3.764s] writing ../../build/mode_select/mode_select.egg-info/PKG-INFO
[3.765s] writing dependency_links to ../../build/mode_select/mode_select.egg-info/dependency_links.txt
[3.766s] writing entry points to ../../build/mode_select/mode_select.egg-info/entry_points.txt
[3.766s] writing requirements to ../../build/mode_select/mode_select.egg-info/requires.txt
[3.767s] writing top-level names to ../../build/mode_select/mode_select.egg-info/top_level.txt
[3.773s] reading manifest file '../../build/mode_select/mode_select.egg-info/SOURCES.txt'
[3.775s] writing manifest file '../../build/mode_select/mode_select.egg-info/SOURCES.txt'
[3.776s] running build
[3.776s] running build_py
[3.777s] running install
[3.778s] /usr/lib/python3/dist-packages/setuptools/command/install.py:34: SetuptoolsDeprecationWarning: setup.py install is deprecated. Use build and pip and other standards-based tools.
[3.778s]   warnings.warn(
[3.779s] running install_lib
[3.783s] running install_data
[3.785s] running install_egg_info
[3.788s] removing '/home/rsl/pioneerbase_ws/install/mode_select/lib/python3.10/site-packages/mode_select-0.0.0-py3.10.egg-info' (and everything under it)
[3.789s] Copying ../../build/mode_select/mode_select.egg-info to /home/rsl/pioneerbase_ws/install/mode_select/lib/python3.10/site-packages/mode_select-0.0.0-py3.10.egg-info
[3.791s] running install_scripts
[3.842s] Installing mode_select script to /home/rsl/pioneerbase_ws/install/mode_select/lib/mode_select
[3.843s] writing list of installed files to '/home/rsl/pioneerbase_ws/build/mode_select/install.log'
[4.246s] Invoked command in '/home/rsl/pioneerbase_ws/src/mode_select' returned '0': PYTHONPATH=/home/rsl/pioneerbase_ws/build/mode_select/prefix_override:/home/rsl/pioneerbase_ws/install/mode_select/lib/python3.10/site-packages:${PYTHONPATH} /usr/bin/python3 setup.py egg_info --egg-base ../../build/mode_select build --build-base /home/rsl/pioneerbase_ws/build/mode_select/build install --record /home/rsl/pioneerbase_ws/build/mode_select/install.log --single-version-externally-managed
