[1.642s] DEBUG:colcon:Command line arguments: ['/usr/bin/colcon', 'build']
[1.643s] DEBUG:colcon:Parsed command line arguments: Namespace(log_base=None, log_level=None, verb_name='build', build_base='build', install_base='install', merge_install=False, symlink_install=False, test_result_base=None, continue_on_error=False, executor='parallel', parallel_workers=4, event_handlers=None, ignore_user_meta=False, metas=['./colcon.meta'], base_paths=['.'], packages_ignore=None, packages_ignore_regex=None, paths=None, packages_up_to=None, packages_up_to_regex=None, packages_above=None, packages_above_and_dependencies=None, packages_above_depth=None, packages_select_by_dep=None, packages_skip_by_dep=None, packages_skip_up_to=None, packages_select_build_failed=False, packages_skip_build_finished=False, packages_select_test_failures=False, packages_skip_test_passed=False, packages_select=None, packages_skip=None, packages_select_regex=None, packages_skip_regex=None, packages_start=None, packages_end=None, allow_overriding=[], cmake_args=None, cmake_target=None, cmake_target_skip_unavailable=False, cmake_clean_cache=False, cmake_clean_first=False, cmake_force_configure=False, ament_cmake_args=None, catkin_cmake_args=None, catkin_skip_building_tests=False, verb_parser=<colcon_defaults.argument_parser.defaults.DefaultArgumentsDecorator object at 0x7f7357bb0730>, verb_extension=<colcon_core.verb.build.BuildVerb object at 0x7f7357fcb2b0>, main=<bound method BuildVerb.main of <colcon_core.verb.build.BuildVerb object at 0x7f7357fcb2b0>>)
[1.716s] Level 1:colcon.colcon_core.package_discovery:discover_packages(colcon_meta) check parameters
[1.717s] Level 1:colcon.colcon_core.package_discovery:discover_packages(recursive) check parameters
[1.717s] Level 1:colcon.colcon_core.package_discovery:discover_packages(ignore) check parameters
[1.717s] Level 1:colcon.colcon_core.package_discovery:discover_packages(path) check parameters
[1.717s] Level 1:colcon.colcon_core.package_discovery:discover_packages(colcon_meta) discover
[1.717s] Level 1:colcon.colcon_core.package_discovery:discover_packages(recursive) discover
[1.717s] INFO:colcon.colcon_core.package_discovery:Crawling recursively for packages in '/home/rsl/pioneerbase_ws/src'
[1.717s] Level 1:colcon.colcon_core.package_identification:_identify(.) by extensions ['ignore', 'ignore_ament_install']
[1.717s] Level 1:colcon.colcon_core.package_identification:_identify(.) by extension 'ignore'
[1.717s] Level 1:colcon.colcon_core.package_identification:_identify(.) by extension 'ignore_ament_install'
[1.717s] Level 1:colcon.colcon_core.package_identification:_identify(.) by extensions ['colcon_pkg']
[1.717s] Level 1:colcon.colcon_core.package_identification:_identify(.) by extension 'colcon_pkg'
[1.718s] Level 1:colcon.colcon_core.package_identification:_identify(.) by extensions ['colcon_meta']
[1.718s] Level 1:colcon.colcon_core.package_identification:_identify(.) by extension 'colcon_meta'
[1.718s] Level 1:colcon.colcon_core.package_identification:_identify(.) by extensions ['ros']
[1.718s] Level 1:colcon.colcon_core.package_identification:_identify(.) by extension 'ros'
[1.735s] Level 1:colcon.colcon_core.package_identification:_identify(.) by extensions ['cmake', 'python']
[1.735s] Level 1:colcon.colcon_core.package_identification:_identify(.) by extension 'cmake'
[1.735s] Level 1:colcon.colcon_core.package_identification:_identify(.) by extension 'python'
[1.735s] Level 1:colcon.colcon_core.package_identification:_identify(.) by extensions ['python_setup_py']
[1.735s] Level 1:colcon.colcon_core.package_identification:_identify(.) by extension 'python_setup_py'
[1.736s] Level 1:colcon.colcon_core.package_identification:_identify(bs_launch) by extensions ['ignore', 'ignore_ament_install']
[1.736s] Level 1:colcon.colcon_core.package_identification:_identify(bs_launch) by extension 'ignore'
[1.736s] Level 1:colcon.colcon_core.package_identification:_identify(bs_launch) by extension 'ignore_ament_install'
[1.736s] Level 1:colcon.colcon_core.package_identification:_identify(bs_launch) by extensions ['colcon_pkg']
[1.736s] Level 1:colcon.colcon_core.package_identification:_identify(bs_launch) by extension 'colcon_pkg'
[1.736s] Level 1:colcon.colcon_core.package_identification:_identify(bs_launch) by extensions ['colcon_meta']
[1.736s] Level 1:colcon.colcon_core.package_identification:_identify(bs_launch) by extension 'colcon_meta'
[1.736s] Level 1:colcon.colcon_core.package_identification:_identify(bs_launch) by extensions ['ros']
[1.736s] Level 1:colcon.colcon_core.package_identification:_identify(bs_launch) by extension 'ros'
[1.739s] DEBUG:colcon.colcon_core.package_identification:Package 'bs_launch' with type 'ros.ament_python' and name 'bs_launch'
[1.740s] Level 1:colcon.colcon_core.package_identification:_identify(build) by extensions ['ignore', 'ignore_ament_install']
[1.740s] Level 1:colcon.colcon_core.package_identification:_identify(build) by extension 'ignore'
[1.740s] Level 1:colcon.colcon_core.package_identification:_identify(build) ignored
[1.740s] Level 1:colcon.colcon_core.package_identification:_identify(gps_target_push) by extensions ['ignore', 'ignore_ament_install']
[1.740s] Level 1:colcon.colcon_core.package_identification:_identify(gps_target_push) by extension 'ignore'
[1.740s] Level 1:colcon.colcon_core.package_identification:_identify(gps_target_push) by extension 'ignore_ament_install'
[1.740s] Level 1:colcon.colcon_core.package_identification:_identify(gps_target_push) by extensions ['colcon_pkg']
[1.740s] Level 1:colcon.colcon_core.package_identification:_identify(gps_target_push) by extension 'colcon_pkg'
[1.740s] Level 1:colcon.colcon_core.package_identification:_identify(gps_target_push) by extensions ['colcon_meta']
[1.740s] Level 1:colcon.colcon_core.package_identification:_identify(gps_target_push) by extension 'colcon_meta'
[1.741s] Level 1:colcon.colcon_core.package_identification:_identify(gps_target_push) by extensions ['ros']
[1.741s] Level 1:colcon.colcon_core.package_identification:_identify(gps_target_push) by extension 'ros'
[1.741s] DEBUG:colcon.colcon_core.package_identification:Package 'gps_target_push' with type 'ros.ament_python' and name 'gps_target_push'
[1.741s] Level 1:colcon.colcon_core.package_identification:_identify(install) by extensions ['ignore', 'ignore_ament_install']
[1.741s] Level 1:colcon.colcon_core.package_identification:_identify(install) by extension 'ignore'
[1.742s] Level 1:colcon.colcon_core.package_identification:_identify(install) ignored
[1.742s] Level 1:colcon.colcon_core.package_identification:_identify(log) by extensions ['ignore', 'ignore_ament_install']
[1.742s] Level 1:colcon.colcon_core.package_identification:_identify(log) by extension 'ignore'
[1.742s] Level 1:colcon.colcon_core.package_identification:_identify(log) ignored
[1.742s] Level 1:colcon.colcon_core.package_identification:_identify(mode_select) by extensions ['ignore', 'ignore_ament_install']
[1.742s] Level 1:colcon.colcon_core.package_identification:_identify(mode_select) by extension 'ignore'
[1.742s] Level 1:colcon.colcon_core.package_identification:_identify(mode_select) by extension 'ignore_ament_install'
[1.742s] Level 1:colcon.colcon_core.package_identification:_identify(mode_select) by extensions ['colcon_pkg']
[1.742s] Level 1:colcon.colcon_core.package_identification:_identify(mode_select) by extension 'colcon_pkg'
[1.742s] Level 1:colcon.colcon_core.package_identification:_identify(mode_select) by extensions ['colcon_meta']
[1.742s] Level 1:colcon.colcon_core.package_identification:_identify(mode_select) by extension 'colcon_meta'
[1.742s] Level 1:colcon.colcon_core.package_identification:_identify(mode_select) by extensions ['ros']
[1.743s] Level 1:colcon.colcon_core.package_identification:_identify(mode_select) by extension 'ros'
[1.743s] DEBUG:colcon.colcon_core.package_identification:Package 'mode_select' with type 'ros.ament_python' and name 'mode_select'
[1.743s] Level 1:colcon.colcon_core.package_identification:_identify(navigation_core1) by extensions ['ignore', 'ignore_ament_install']
[1.743s] Level 1:colcon.colcon_core.package_identification:_identify(navigation_core1) by extension 'ignore'
[1.743s] Level 1:colcon.colcon_core.package_identification:_identify(navigation_core1) by extension 'ignore_ament_install'
[1.744s] Level 1:colcon.colcon_core.package_identification:_identify(navigation_core1) by extensions ['colcon_pkg']
[1.744s] Level 1:colcon.colcon_core.package_identification:_identify(navigation_core1) by extension 'colcon_pkg'
[1.744s] Level 1:colcon.colcon_core.package_identification:_identify(navigation_core1) by extensions ['colcon_meta']
[1.744s] Level 1:colcon.colcon_core.package_identification:_identify(navigation_core1) by extension 'colcon_meta'
[1.744s] Level 1:colcon.colcon_core.package_identification:_identify(navigation_core1) by extensions ['ros']
[1.744s] Level 1:colcon.colcon_core.package_identification:_identify(navigation_core1) by extension 'ros'
[1.744s] DEBUG:colcon.colcon_core.package_identification:Package 'navigation_core1' with type 'ros.ament_python' and name 'navigation_core1'
[1.744s] Level 1:colcon.colcon_core.package_identification:_identify(navigation_core2) by extensions ['ignore', 'ignore_ament_install']
[1.745s] Level 1:colcon.colcon_core.package_identification:_identify(navigation_core2) by extension 'ignore'
[1.745s] Level 1:colcon.colcon_core.package_identification:_identify(navigation_core2) by extension 'ignore_ament_install'
[1.745s] Level 1:colcon.colcon_core.package_identification:_identify(navigation_core2) by extensions ['colcon_pkg']
[1.745s] Level 1:colcon.colcon_core.package_identification:_identify(navigation_core2) by extension 'colcon_pkg'
[1.745s] Level 1:colcon.colcon_core.package_identification:_identify(navigation_core2) by extensions ['colcon_meta']
[1.745s] Level 1:colcon.colcon_core.package_identification:_identify(navigation_core2) by extension 'colcon_meta'
[1.745s] Level 1:colcon.colcon_core.package_identification:_identify(navigation_core2) by extensions ['ros']
[1.745s] Level 1:colcon.colcon_core.package_identification:_identify(navigation_core2) by extension 'ros'
[1.746s] DEBUG:colcon.colcon_core.package_identification:Package 'navigation_core2' with type 'ros.ament_python' and name 'navigation_core2'
[1.746s] Level 1:colcon.colcon_core.package_identification:_identify(navigation_core3) by extensions ['ignore', 'ignore_ament_install']
[1.746s] Level 1:colcon.colcon_core.package_identification:_identify(navigation_core3) by extension 'ignore'
[1.746s] Level 1:colcon.colcon_core.package_identification:_identify(navigation_core3) by extension 'ignore_ament_install'
[1.746s] Level 1:colcon.colcon_core.package_identification:_identify(navigation_core3) by extensions ['colcon_pkg']
[1.746s] Level 1:colcon.colcon_core.package_identification:_identify(navigation_core3) by extension 'colcon_pkg'
[1.746s] Level 1:colcon.colcon_core.package_identification:_identify(navigation_core3) by extensions ['colcon_meta']
[1.746s] Level 1:colcon.colcon_core.package_identification:_identify(navigation_core3) by extension 'colcon_meta'
[1.746s] Level 1:colcon.colcon_core.package_identification:_identify(navigation_core3) by extensions ['ros']
[1.746s] Level 1:colcon.colcon_core.package_identification:_identify(navigation_core3) by extension 'ros'
[1.747s] DEBUG:colcon.colcon_core.package_identification:Package 'navigation_core3' with type 'ros.ament_python' and name 'navigation_core3'
[1.747s] Level 1:colcon.colcon_core.package_identification:_identify(rover_teleop_joy) by extensions ['ignore', 'ignore_ament_install']
[1.747s] Level 1:colcon.colcon_core.package_identification:_identify(rover_teleop_joy) by extension 'ignore'
[1.747s] Level 1:colcon.colcon_core.package_identification:_identify(rover_teleop_joy) by extension 'ignore_ament_install'
[1.747s] Level 1:colcon.colcon_core.package_identification:_identify(rover_teleop_joy) by extensions ['colcon_pkg']
[1.747s] Level 1:colcon.colcon_core.package_identification:_identify(rover_teleop_joy) by extension 'colcon_pkg'
[1.747s] Level 1:colcon.colcon_core.package_identification:_identify(rover_teleop_joy) by extensions ['colcon_meta']
[1.747s] Level 1:colcon.colcon_core.package_identification:_identify(rover_teleop_joy) by extension 'colcon_meta'
[1.748s] Level 1:colcon.colcon_core.package_identification:_identify(rover_teleop_joy) by extensions ['ros']
[1.748s] Level 1:colcon.colcon_core.package_identification:_identify(rover_teleop_joy) by extension 'ros'
[1.748s] DEBUG:colcon.colcon_core.package_identification:Package 'rover_teleop_joy' with type 'ros.ament_python' and name 'rover_teleop_joy'
[1.748s] Level 1:colcon.colcon_core.package_discovery:discover_packages(recursive) using defaults
[1.748s] Level 1:colcon.colcon_core.package_discovery:discover_packages(ignore) discover
[1.748s] Level 1:colcon.colcon_core.package_discovery:discover_packages(ignore) using defaults
[1.749s] Level 1:colcon.colcon_core.package_discovery:discover_packages(path) discover
[1.749s] Level 1:colcon.colcon_core.package_discovery:discover_packages(path) using defaults
[1.898s] Level 1:colcon.colcon_core.package_discovery:discover_packages(prefix_path) check parameters
[1.898s] Level 1:colcon.colcon_core.package_discovery:discover_packages(prefix_path) discover
[1.950s] DEBUG:colcon.colcon_installed_package_information.package_discovery:Found 7 installed packages in /home/rsl/pioneerbase_ws/src/install
[1.976s] DEBUG:colcon.colcon_installed_package_information.package_discovery:Found 270 installed packages in /opt/ros/humble
[1.978s] Level 1:colcon.colcon_core.package_discovery:discover_packages(prefix_path) using defaults
[2.134s] Level 5:colcon.colcon_core.verb:set package 'bs_launch' build argument 'cmake_args' from command line to 'None'
[2.134s] Level 5:colcon.colcon_core.verb:set package 'bs_launch' build argument 'cmake_target' from command line to 'None'
[2.134s] Level 5:colcon.colcon_core.verb:set package 'bs_launch' build argument 'cmake_target_skip_unavailable' from command line to 'False'
[2.134s] Level 5:colcon.colcon_core.verb:set package 'bs_launch' build argument 'cmake_clean_cache' from command line to 'False'
[2.134s] Level 5:colcon.colcon_core.verb:set package 'bs_launch' build argument 'cmake_clean_first' from command line to 'False'
[2.134s] Level 5:colcon.colcon_core.verb:set package 'bs_launch' build argument 'cmake_force_configure' from command line to 'False'
[2.135s] Level 5:colcon.colcon_core.verb:set package 'bs_launch' build argument 'ament_cmake_args' from command line to 'None'
[2.135s] Level 5:colcon.colcon_core.verb:set package 'bs_launch' build argument 'catkin_cmake_args' from command line to 'None'
[2.135s] Level 5:colcon.colcon_core.verb:set package 'bs_launch' build argument 'catkin_skip_building_tests' from command line to 'False'
[2.135s] DEBUG:colcon.colcon_core.verb:Building package 'bs_launch' with the following arguments: {'ament_cmake_args': None, 'build_base': '/home/rsl/pioneerbase_ws/src/build/bs_launch', 'catkin_cmake_args': None, 'catkin_skip_building_tests': False, 'cmake_args': None, 'cmake_clean_cache': False, 'cmake_clean_first': False, 'cmake_force_configure': False, 'cmake_target': None, 'cmake_target_skip_unavailable': False, 'install_base': '/home/rsl/pioneerbase_ws/src/install/bs_launch', 'merge_install': False, 'path': '/home/rsl/pioneerbase_ws/src/bs_launch', 'symlink_install': False, 'test_result_base': None}
[2.160s] Level 5:colcon.colcon_core.verb:set package 'gps_target_push' build argument 'cmake_args' from command line to 'None'
[2.160s] Level 5:colcon.colcon_core.verb:set package 'gps_target_push' build argument 'cmake_target' from command line to 'None'
[2.160s] Level 5:colcon.colcon_core.verb:set package 'gps_target_push' build argument 'cmake_target_skip_unavailable' from command line to 'False'
[2.160s] Level 5:colcon.colcon_core.verb:set package 'gps_target_push' build argument 'cmake_clean_cache' from command line to 'False'
[2.160s] Level 5:colcon.colcon_core.verb:set package 'gps_target_push' build argument 'cmake_clean_first' from command line to 'False'
[2.160s] Level 5:colcon.colcon_core.verb:set package 'gps_target_push' build argument 'cmake_force_configure' from command line to 'False'
[2.160s] Level 5:colcon.colcon_core.verb:set package 'gps_target_push' build argument 'ament_cmake_args' from command line to 'None'
[2.160s] Level 5:colcon.colcon_core.verb:set package 'gps_target_push' build argument 'catkin_cmake_args' from command line to 'None'
[2.160s] Level 5:colcon.colcon_core.verb:set package 'gps_target_push' build argument 'catkin_skip_building_tests' from command line to 'False'
[2.160s] DEBUG:colcon.colcon_core.verb:Building package 'gps_target_push' with the following arguments: {'ament_cmake_args': None, 'build_base': '/home/rsl/pioneerbase_ws/src/build/gps_target_push', 'catkin_cmake_args': None, 'catkin_skip_building_tests': False, 'cmake_args': None, 'cmake_clean_cache': False, 'cmake_clean_first': False, 'cmake_force_configure': False, 'cmake_target': None, 'cmake_target_skip_unavailable': False, 'install_base': '/home/rsl/pioneerbase_ws/src/install/gps_target_push', 'merge_install': False, 'path': '/home/rsl/pioneerbase_ws/src/gps_target_push', 'symlink_install': False, 'test_result_base': None}
[2.185s] Level 5:colcon.colcon_core.verb:set package 'mode_select' build argument 'cmake_args' from command line to 'None'
[2.185s] Level 5:colcon.colcon_core.verb:set package 'mode_select' build argument 'cmake_target' from command line to 'None'
[2.185s] Level 5:colcon.colcon_core.verb:set package 'mode_select' build argument 'cmake_target_skip_unavailable' from command line to 'False'
[2.185s] Level 5:colcon.colcon_core.verb:set package 'mode_select' build argument 'cmake_clean_cache' from command line to 'False'
[2.185s] Level 5:colcon.colcon_core.verb:set package 'mode_select' build argument 'cmake_clean_first' from command line to 'False'
[2.185s] Level 5:colcon.colcon_core.verb:set package 'mode_select' build argument 'cmake_force_configure' from command line to 'False'
[2.185s] Level 5:colcon.colcon_core.verb:set package 'mode_select' build argument 'ament_cmake_args' from command line to 'None'
[2.185s] Level 5:colcon.colcon_core.verb:set package 'mode_select' build argument 'catkin_cmake_args' from command line to 'None'
[2.185s] Level 5:colcon.colcon_core.verb:set package 'mode_select' build argument 'catkin_skip_building_tests' from command line to 'False'
[2.185s] DEBUG:colcon.colcon_core.verb:Building package 'mode_select' with the following arguments: {'ament_cmake_args': None, 'build_base': '/home/rsl/pioneerbase_ws/src/build/mode_select', 'catkin_cmake_args': None, 'catkin_skip_building_tests': False, 'cmake_args': None, 'cmake_clean_cache': False, 'cmake_clean_first': False, 'cmake_force_configure': False, 'cmake_target': None, 'cmake_target_skip_unavailable': False, 'install_base': '/home/rsl/pioneerbase_ws/src/install/mode_select', 'merge_install': False, 'path': '/home/rsl/pioneerbase_ws/src/mode_select', 'symlink_install': False, 'test_result_base': None}
[2.210s] Level 5:colcon.colcon_core.verb:set package 'navigation_core1' build argument 'cmake_args' from command line to 'None'
[2.210s] Level 5:colcon.colcon_core.verb:set package 'navigation_core1' build argument 'cmake_target' from command line to 'None'
[2.210s] Level 5:colcon.colcon_core.verb:set package 'navigation_core1' build argument 'cmake_target_skip_unavailable' from command line to 'False'
[2.210s] Level 5:colcon.colcon_core.verb:set package 'navigation_core1' build argument 'cmake_clean_cache' from command line to 'False'
[2.210s] Level 5:colcon.colcon_core.verb:set package 'navigation_core1' build argument 'cmake_clean_first' from command line to 'False'
[2.210s] Level 5:colcon.colcon_core.verb:set package 'navigation_core1' build argument 'cmake_force_configure' from command line to 'False'
[2.210s] Level 5:colcon.colcon_core.verb:set package 'navigation_core1' build argument 'ament_cmake_args' from command line to 'None'
[2.211s] Level 5:colcon.colcon_core.verb:set package 'navigation_core1' build argument 'catkin_cmake_args' from command line to 'None'
[2.211s] Level 5:colcon.colcon_core.verb:set package 'navigation_core1' build argument 'catkin_skip_building_tests' from command line to 'False'
[2.211s] DEBUG:colcon.colcon_core.verb:Building package 'navigation_core1' with the following arguments: {'ament_cmake_args': None, 'build_base': '/home/rsl/pioneerbase_ws/src/build/navigation_core1', 'catkin_cmake_args': None, 'catkin_skip_building_tests': False, 'cmake_args': None, 'cmake_clean_cache': False, 'cmake_clean_first': False, 'cmake_force_configure': False, 'cmake_target': None, 'cmake_target_skip_unavailable': False, 'install_base': '/home/rsl/pioneerbase_ws/src/install/navigation_core1', 'merge_install': False, 'path': '/home/rsl/pioneerbase_ws/src/navigation_core1', 'symlink_install': False, 'test_result_base': None}
[2.235s] Level 5:colcon.colcon_core.verb:set package 'navigation_core2' build argument 'cmake_args' from command line to 'None'
[2.235s] Level 5:colcon.colcon_core.verb:set package 'navigation_core2' build argument 'cmake_target' from command line to 'None'
[2.235s] Level 5:colcon.colcon_core.verb:set package 'navigation_core2' build argument 'cmake_target_skip_unavailable' from command line to 'False'
[2.235s] Level 5:colcon.colcon_core.verb:set package 'navigation_core2' build argument 'cmake_clean_cache' from command line to 'False'
[2.235s] Level 5:colcon.colcon_core.verb:set package 'navigation_core2' build argument 'cmake_clean_first' from command line to 'False'
[2.235s] Level 5:colcon.colcon_core.verb:set package 'navigation_core2' build argument 'cmake_force_configure' from command line to 'False'
[2.236s] Level 5:colcon.colcon_core.verb:set package 'navigation_core2' build argument 'ament_cmake_args' from command line to 'None'
[2.236s] Level 5:colcon.colcon_core.verb:set package 'navigation_core2' build argument 'catkin_cmake_args' from command line to 'None'
[2.236s] Level 5:colcon.colcon_core.verb:set package 'navigation_core2' build argument 'catkin_skip_building_tests' from command line to 'False'
[2.236s] DEBUG:colcon.colcon_core.verb:Building package 'navigation_core2' with the following arguments: {'ament_cmake_args': None, 'build_base': '/home/rsl/pioneerbase_ws/src/build/navigation_core2', 'catkin_cmake_args': None, 'catkin_skip_building_tests': False, 'cmake_args': None, 'cmake_clean_cache': False, 'cmake_clean_first': False, 'cmake_force_configure': False, 'cmake_target': None, 'cmake_target_skip_unavailable': False, 'install_base': '/home/rsl/pioneerbase_ws/src/install/navigation_core2', 'merge_install': False, 'path': '/home/rsl/pioneerbase_ws/src/navigation_core2', 'symlink_install': False, 'test_result_base': None}
[2.260s] Level 5:colcon.colcon_core.verb:set package 'navigation_core3' build argument 'cmake_args' from command line to 'None'
[2.260s] Level 5:colcon.colcon_core.verb:set package 'navigation_core3' build argument 'cmake_target' from command line to 'None'
[2.260s] Level 5:colcon.colcon_core.verb:set package 'navigation_core3' build argument 'cmake_target_skip_unavailable' from command line to 'False'
[2.260s] Level 5:colcon.colcon_core.verb:set package 'navigation_core3' build argument 'cmake_clean_cache' from command line to 'False'
[2.260s] Level 5:colcon.colcon_core.verb:set package 'navigation_core3' build argument 'cmake_clean_first' from command line to 'False'
[2.260s] Level 5:colcon.colcon_core.verb:set package 'navigation_core3' build argument 'cmake_force_configure' from command line to 'False'
[2.260s] Level 5:colcon.colcon_core.verb:set package 'navigation_core3' build argument 'ament_cmake_args' from command line to 'None'
[2.260s] Level 5:colcon.colcon_core.verb:set package 'navigation_core3' build argument 'catkin_cmake_args' from command line to 'None'
[2.261s] Level 5:colcon.colcon_core.verb:set package 'navigation_core3' build argument 'catkin_skip_building_tests' from command line to 'False'
[2.261s] DEBUG:colcon.colcon_core.verb:Building package 'navigation_core3' with the following arguments: {'ament_cmake_args': None, 'build_base': '/home/rsl/pioneerbase_ws/src/build/navigation_core3', 'catkin_cmake_args': None, 'catkin_skip_building_tests': False, 'cmake_args': None, 'cmake_clean_cache': False, 'cmake_clean_first': False, 'cmake_force_configure': False, 'cmake_target': None, 'cmake_target_skip_unavailable': False, 'install_base': '/home/rsl/pioneerbase_ws/src/install/navigation_core3', 'merge_install': False, 'path': '/home/rsl/pioneerbase_ws/src/navigation_core3', 'symlink_install': False, 'test_result_base': None}
[2.285s] Level 5:colcon.colcon_core.verb:set package 'rover_teleop_joy' build argument 'cmake_args' from command line to 'None'
[2.285s] Level 5:colcon.colcon_core.verb:set package 'rover_teleop_joy' build argument 'cmake_target' from command line to 'None'
[2.286s] Level 5:colcon.colcon_core.verb:set package 'rover_teleop_joy' build argument 'cmake_target_skip_unavailable' from command line to 'False'
[2.286s] Level 5:colcon.colcon_core.verb:set package 'rover_teleop_joy' build argument 'cmake_clean_cache' from command line to 'False'
[2.286s] Level 5:colcon.colcon_core.verb:set package 'rover_teleop_joy' build argument 'cmake_clean_first' from command line to 'False'
[2.286s] Level 5:colcon.colcon_core.verb:set package 'rover_teleop_joy' build argument 'cmake_force_configure' from command line to 'False'
[2.286s] Level 5:colcon.colcon_core.verb:set package 'rover_teleop_joy' build argument 'ament_cmake_args' from command line to 'None'
[2.286s] Level 5:colcon.colcon_core.verb:set package 'rover_teleop_joy' build argument 'catkin_cmake_args' from command line to 'None'
[2.286s] Level 5:colcon.colcon_core.verb:set package 'rover_teleop_joy' build argument 'catkin_skip_building_tests' from command line to 'False'
[2.286s] DEBUG:colcon.colcon_core.verb:Building package 'rover_teleop_joy' with the following arguments: {'ament_cmake_args': None, 'build_base': '/home/rsl/pioneerbase_ws/src/build/rover_teleop_joy', 'catkin_cmake_args': None, 'catkin_skip_building_tests': False, 'cmake_args': None, 'cmake_clean_cache': False, 'cmake_clean_first': False, 'cmake_force_configure': False, 'cmake_target': None, 'cmake_target_skip_unavailable': False, 'install_base': '/home/rsl/pioneerbase_ws/src/install/rover_teleop_joy', 'merge_install': False, 'path': '/home/rsl/pioneerbase_ws/src/rover_teleop_joy', 'symlink_install': False, 'test_result_base': None}
[2.310s] INFO:colcon.colcon_core.executor:Executing jobs using 'parallel' executor
[2.337s] DEBUG:colcon.colcon_parallel_executor.executor.parallel:run_until_complete
[2.338s] INFO:colcon.colcon_ros.task.ament_python.build:Building ROS package in '/home/rsl/pioneerbase_ws/src/bs_launch' with build type 'ament_python'
[2.338s] Level 1:colcon.colcon_core.shell:create_environment_hook('bs_launch', 'ament_prefix_path')
[2.368s] INFO:colcon.colcon_core.plugin_system:Skipping extension 'colcon_core.shell.bat': Not used on non-Windows systems
[2.369s] INFO:colcon.colcon_core.shell:Creating environment hook '/home/rsl/pioneerbase_ws/src/install/bs_launch/share/bs_launch/hook/ament_prefix_path.ps1'
[2.371s] INFO:colcon.colcon_core.shell:Creating environment descriptor '/home/rsl/pioneerbase_ws/src/install/bs_launch/share/bs_launch/hook/ament_prefix_path.dsv'
[2.372s] INFO:colcon.colcon_core.shell:Creating environment hook '/home/rsl/pioneerbase_ws/src/install/bs_launch/share/bs_launch/hook/ament_prefix_path.sh'
[2.398s] INFO:colcon.colcon_core.shell:Skip shell extension 'powershell' for command environment: Not usable outside of PowerShell
[2.398s] DEBUG:colcon.colcon_core.shell:Skip shell extension 'dsv' for command environment
[2.481s] INFO:colcon.colcon_ros.task.ament_python.build:Building ROS package in '/home/rsl/pioneerbase_ws/src/gps_target_push' with build type 'ament_python'
[2.481s] Level 1:colcon.colcon_core.shell:create_environment_hook('gps_target_push', 'ament_prefix_path')
[2.509s] INFO:colcon.colcon_core.shell:Creating environment hook '/home/rsl/pioneerbase_ws/src/install/gps_target_push/share/gps_target_push/hook/ament_prefix_path.ps1'
[2.510s] INFO:colcon.colcon_core.shell:Creating environment descriptor '/home/rsl/pioneerbase_ws/src/install/gps_target_push/share/gps_target_push/hook/ament_prefix_path.dsv'
[2.510s] INFO:colcon.colcon_core.shell:Creating environment hook '/home/rsl/pioneerbase_ws/src/install/gps_target_push/share/gps_target_push/hook/ament_prefix_path.sh'
[2.535s] INFO:colcon.colcon_core.shell:Skip shell extension 'powershell' for command environment: Not usable outside of PowerShell
[2.535s] DEBUG:colcon.colcon_core.shell:Skip shell extension 'dsv' for command environment
[2.617s] INFO:colcon.colcon_ros.task.ament_python.build:Building ROS package in '/home/rsl/pioneerbase_ws/src/mode_select' with build type 'ament_python'
[2.617s] Level 1:colcon.colcon_core.shell:create_environment_hook('mode_select', 'ament_prefix_path')
[2.648s] INFO:colcon.colcon_core.shell:Creating environment hook '/home/rsl/pioneerbase_ws/src/install/mode_select/share/mode_select/hook/ament_prefix_path.ps1'
[2.649s] INFO:colcon.colcon_core.shell:Creating environment descriptor '/home/rsl/pioneerbase_ws/src/install/mode_select/share/mode_select/hook/ament_prefix_path.dsv'
[2.650s] INFO:colcon.colcon_core.shell:Creating environment hook '/home/rsl/pioneerbase_ws/src/install/mode_select/share/mode_select/hook/ament_prefix_path.sh'
[2.675s] INFO:colcon.colcon_core.shell:Skip shell extension 'powershell' for command environment: Not usable outside of PowerShell
[2.675s] DEBUG:colcon.colcon_core.shell:Skip shell extension 'dsv' for command environment
[2.753s] INFO:colcon.colcon_ros.task.ament_python.build:Building ROS package in '/home/rsl/pioneerbase_ws/src/navigation_core1' with build type 'ament_python'
[2.753s] Level 1:colcon.colcon_core.shell:create_environment_hook('navigation_core1', 'ament_prefix_path')
[2.781s] INFO:colcon.colcon_core.shell:Creating environment hook '/home/rsl/pioneerbase_ws/src/install/navigation_core1/share/navigation_core1/hook/ament_prefix_path.ps1'
[2.782s] INFO:colcon.colcon_core.shell:Creating environment descriptor '/home/rsl/pioneerbase_ws/src/install/navigation_core1/share/navigation_core1/hook/ament_prefix_path.dsv'
[2.782s] INFO:colcon.colcon_core.shell:Creating environment hook '/home/rsl/pioneerbase_ws/src/install/navigation_core1/share/navigation_core1/hook/ament_prefix_path.sh'
[2.807s] INFO:colcon.colcon_core.shell:Skip shell extension 'powershell' for command environment: Not usable outside of PowerShell
[2.808s] DEBUG:colcon.colcon_core.shell:Skip shell extension 'dsv' for command environment
[3.286s] WARNING:colcon.colcon_ros.task.ament_python.build:Package 'bs_launch' doesn't explicitly install a marker in the package index (colcon-ros currently does it implicitly but that fallback will be removed in the future)
[3.286s] WARNING:colcon.colcon_ros.task.ament_python.build:Package 'bs_launch' doesn't explicitly install the 'package.xml' file (colcon-ros currently does it implicitly but that fallback will be removed in the future)
[3.287s] INFO:colcon.colcon_core.task.python.build:Building Python package in '/home/rsl/pioneerbase_ws/src/bs_launch'
[3.315s] INFO:colcon.colcon_core.shell:Skip shell extension 'powershell' for command environment: Not usable outside of PowerShell
[3.315s] DEBUG:colcon.colcon_core.shell:Skip shell extension 'dsv' for command environment
[3.785s] INFO:colcon.colcon_core.task.python.build:Building Python package in '/home/rsl/pioneerbase_ws/src/gps_target_push'
[3.810s] INFO:colcon.colcon_core.shell:Skip shell extension 'powershell' for command environment: Not usable outside of PowerShell
[3.811s] DEBUG:colcon.colcon_core.shell:Skip shell extension 'dsv' for command environment
[4.289s] INFO:colcon.colcon_core.task.python.build:Building Python package in '/home/rsl/pioneerbase_ws/src/mode_select'
[4.319s] INFO:colcon.colcon_core.shell:Skip shell extension 'powershell' for command environment: Not usable outside of PowerShell
[4.319s] DEBUG:colcon.colcon_core.shell:Skip shell extension 'dsv' for command environment
[4.801s] INFO:colcon.colcon_core.task.python.build:Building Python package in '/home/rsl/pioneerbase_ws/src/navigation_core1'
[4.831s] INFO:colcon.colcon_core.shell:Skip shell extension 'powershell' for command environment: Not usable outside of PowerShell
[4.831s] DEBUG:colcon.colcon_core.shell:Skip shell extension 'dsv' for command environment
[5.832s] DEBUG:colcon.colcon_core.event_handler.log_command:Invoking command in '/home/rsl/pioneerbase_ws/src/bs_launch': PYTHONPATH=/home/rsl/pioneerbase_ws/src/build/bs_launch/prefix_override:/home/rsl/pioneerbase_ws/src/install/bs_launch/lib/python3.10/site-packages:${PYTHONPATH} /usr/bin/python3 setup.py egg_info --egg-base ../build/bs_launch build --build-base /home/rsl/pioneerbase_ws/src/build/bs_launch/build install --record /home/rsl/pioneerbase_ws/src/build/bs_launch/install.log --single-version-externally-managed
[5.839s] DEBUG:colcon.colcon_core.event_handler.log_command:Invoking command in '/home/rsl/pioneerbase_ws/src/navigation_core1': PYTHONPATH=/home/rsl/pioneerbase_ws/src/build/navigation_core1/prefix_override:/home/rsl/pioneerbase_ws/src/install/navigation_core1/lib/python3.10/site-packages:${PYTHONPATH} /usr/bin/python3 setup.py egg_info --egg-base ../build/navigation_core1 build --build-base /home/rsl/pioneerbase_ws/src/build/navigation_core1/build install --record /home/rsl/pioneerbase_ws/src/build/navigation_core1/install.log --single-version-externally-managed
[5.866s] DEBUG:colcon.colcon_core.event_handler.log_command:Invoking command in '/home/rsl/pioneerbase_ws/src/mode_select': PYTHONPATH=/home/rsl/pioneerbase_ws/src/build/mode_select/prefix_override:/home/rsl/pioneerbase_ws/src/install/mode_select/lib/python3.10/site-packages:${PYTHONPATH} /usr/bin/python3 setup.py egg_info --egg-base ../build/mode_select build --build-base /home/rsl/pioneerbase_ws/src/build/mode_select/build install --record /home/rsl/pioneerbase_ws/src/build/mode_select/install.log --single-version-externally-managed
[5.872s] DEBUG:colcon.colcon_core.event_handler.log_command:Invoking command in '/home/rsl/pioneerbase_ws/src/gps_target_push': PYTHONPATH=/home/rsl/pioneerbase_ws/src/build/gps_target_push/prefix_override:/home/rsl/pioneerbase_ws/src/install/gps_target_push/lib/python3.10/site-packages:${PYTHONPATH} /usr/bin/python3 setup.py egg_info --egg-base ../build/gps_target_push build --build-base /home/rsl/pioneerbase_ws/src/build/gps_target_push/build install --record /home/rsl/pioneerbase_ws/src/build/gps_target_push/install.log --single-version-externally-managed
[6.663s] DEBUG:colcon.colcon_core.event_handler.log_command:Invoked command in '/home/rsl/pioneerbase_ws/src/navigation_core1' returned '0': PYTHONPATH=/home/rsl/pioneerbase_ws/src/build/navigation_core1/prefix_override:/home/rsl/pioneerbase_ws/src/install/navigation_core1/lib/python3.10/site-packages:${PYTHONPATH} /usr/bin/python3 setup.py egg_info --egg-base ../build/navigation_core1 build --build-base /home/rsl/pioneerbase_ws/src/build/navigation_core1/build install --record /home/rsl/pioneerbase_ws/src/build/navigation_core1/install.log --single-version-externally-managed
[6.702s] Level 1:colcon.colcon_core.environment:checking '/home/rsl/pioneerbase_ws/src/install/navigation_core1' for CMake module files
[6.703s] Level 1:colcon.colcon_core.environment:checking '/home/rsl/pioneerbase_ws/src/install/navigation_core1' for CMake config files
[6.704s] Level 1:colcon.colcon_core.environment:checking '/home/rsl/pioneerbase_ws/src/install/navigation_core1/lib'
[6.704s] Level 1:colcon.colcon_core.environment:checking '/home/rsl/pioneerbase_ws/src/install/navigation_core1/bin'
[6.704s] Level 1:colcon.colcon_core.environment:checking '/home/rsl/pioneerbase_ws/src/install/navigation_core1/lib/pkgconfig/navigation_core1.pc'
[6.704s] Level 1:colcon.colcon_core.environment:checking '/home/rsl/pioneerbase_ws/src/install/navigation_core1/lib/python3.10/site-packages'
[6.705s] Level 1:colcon.colcon_core.shell:create_environment_hook('navigation_core1', 'pythonpath')
[6.730s] INFO:colcon.colcon_core.shell:Creating environment hook '/home/rsl/pioneerbase_ws/src/install/navigation_core1/share/navigation_core1/hook/pythonpath.ps1'
[6.730s] INFO:colcon.colcon_core.shell:Creating environment descriptor '/home/rsl/pioneerbase_ws/src/install/navigation_core1/share/navigation_core1/hook/pythonpath.dsv'
[6.731s] INFO:colcon.colcon_core.shell:Creating environment hook '/home/rsl/pioneerbase_ws/src/install/navigation_core1/share/navigation_core1/hook/pythonpath.sh'
[6.731s] Level 1:colcon.colcon_core.environment:checking '/home/rsl/pioneerbase_ws/src/install/navigation_core1/bin'
[6.732s] Level 1:colcon.colcon_core.environment:create_environment_scripts_only(navigation_core1)
[6.756s] INFO:colcon.colcon_core.shell:Creating package script '/home/rsl/pioneerbase_ws/src/install/navigation_core1/share/navigation_core1/package.ps1'
[6.758s] INFO:colcon.colcon_core.shell:Creating package descriptor '/home/rsl/pioneerbase_ws/src/install/navigation_core1/share/navigation_core1/package.dsv'
[6.758s] INFO:colcon.colcon_core.shell:Creating package script '/home/rsl/pioneerbase_ws/src/install/navigation_core1/share/navigation_core1/package.sh'
[6.759s] INFO:colcon.colcon_core.shell:Creating package script '/home/rsl/pioneerbase_ws/src/install/navigation_core1/share/navigation_core1/package.bash'
[6.760s] INFO:colcon.colcon_core.shell:Creating package script '/home/rsl/pioneerbase_ws/src/install/navigation_core1/share/navigation_core1/package.zsh'
[6.761s] Level 1:colcon.colcon_core.environment:create_file_with_runtime_dependencies(/home/rsl/pioneerbase_ws/src/install/navigation_core1/share/colcon-core/packages/navigation_core1)
[6.762s] INFO:colcon.colcon_ros.task.ament_python.build:Building ROS package in '/home/rsl/pioneerbase_ws/src/navigation_core2' with build type 'ament_python'
[6.762s] Level 1:colcon.colcon_core.shell:create_environment_hook('navigation_core2', 'ament_prefix_path')
[6.794s] INFO:colcon.colcon_core.shell:Creating environment hook '/home/rsl/pioneerbase_ws/src/install/navigation_core2/share/navigation_core2/hook/ament_prefix_path.ps1'
[6.794s] INFO:colcon.colcon_core.shell:Creating environment descriptor '/home/rsl/pioneerbase_ws/src/install/navigation_core2/share/navigation_core2/hook/ament_prefix_path.dsv'
[6.795s] INFO:colcon.colcon_core.shell:Creating environment hook '/home/rsl/pioneerbase_ws/src/install/navigation_core2/share/navigation_core2/hook/ament_prefix_path.sh'
[6.820s] INFO:colcon.colcon_core.shell:Skip shell extension 'powershell' for command environment: Not usable outside of PowerShell
[6.820s] DEBUG:colcon.colcon_core.shell:Skip shell extension 'dsv' for command environment
[6.905s] DEBUG:colcon.colcon_core.event_handler.log_command:Invoked command in '/home/rsl/pioneerbase_ws/src/bs_launch' returned '0': PYTHONPATH=/home/rsl/pioneerbase_ws/src/build/bs_launch/prefix_override:/home/rsl/pioneerbase_ws/src/install/bs_launch/lib/python3.10/site-packages:${PYTHONPATH} /usr/bin/python3 setup.py egg_info --egg-base ../build/bs_launch build --build-base /home/rsl/pioneerbase_ws/src/build/bs_launch/build install --record /home/rsl/pioneerbase_ws/src/build/bs_launch/install.log --single-version-externally-managed
[6.930s] Level 1:colcon.colcon_core.environment:checking '/home/rsl/pioneerbase_ws/src/install/bs_launch' for CMake module files
[6.931s] Level 1:colcon.colcon_core.environment:checking '/home/rsl/pioneerbase_ws/src/install/bs_launch' for CMake config files
[6.932s] Level 1:colcon.colcon_core.environment:checking '/home/rsl/pioneerbase_ws/src/install/bs_launch/lib'
[6.932s] Level 1:colcon.colcon_core.environment:checking '/home/rsl/pioneerbase_ws/src/install/bs_launch/bin'
[6.932s] Level 1:colcon.colcon_core.environment:checking '/home/rsl/pioneerbase_ws/src/install/bs_launch/lib/pkgconfig/bs_launch.pc'
[6.932s] Level 1:colcon.colcon_core.environment:checking '/home/rsl/pioneerbase_ws/src/install/bs_launch/lib/python3.10/site-packages'
[6.932s] Level 1:colcon.colcon_core.shell:create_environment_hook('bs_launch', 'pythonpath')
[6.957s] INFO:colcon.colcon_core.shell:Creating environment hook '/home/rsl/pioneerbase_ws/src/install/bs_launch/share/bs_launch/hook/pythonpath.ps1'
[6.957s] INFO:colcon.colcon_core.shell:Creating environment descriptor '/home/rsl/pioneerbase_ws/src/install/bs_launch/share/bs_launch/hook/pythonpath.dsv'
[6.958s] INFO:colcon.colcon_core.shell:Creating environment hook '/home/rsl/pioneerbase_ws/src/install/bs_launch/share/bs_launch/hook/pythonpath.sh'
[6.959s] Level 1:colcon.colcon_core.environment:checking '/home/rsl/pioneerbase_ws/src/install/bs_launch/bin'
[6.959s] Level 1:colcon.colcon_core.environment:create_environment_scripts_only(bs_launch)
[6.984s] INFO:colcon.colcon_core.shell:Creating package script '/home/rsl/pioneerbase_ws/src/install/bs_launch/share/bs_launch/package.ps1'
[6.985s] INFO:colcon.colcon_core.shell:Creating package descriptor '/home/rsl/pioneerbase_ws/src/install/bs_launch/share/bs_launch/package.dsv'
[6.985s] INFO:colcon.colcon_core.shell:Creating package script '/home/rsl/pioneerbase_ws/src/install/bs_launch/share/bs_launch/package.sh'
[6.986s] INFO:colcon.colcon_core.shell:Creating package script '/home/rsl/pioneerbase_ws/src/install/bs_launch/share/bs_launch/package.bash'
[6.986s] INFO:colcon.colcon_core.shell:Creating package script '/home/rsl/pioneerbase_ws/src/install/bs_launch/share/bs_launch/package.zsh'
[6.987s] Level 1:colcon.colcon_core.environment:create_file_with_runtime_dependencies(/home/rsl/pioneerbase_ws/src/install/bs_launch/share/colcon-core/packages/bs_launch)
[6.990s] DEBUG:colcon.colcon_core.event_handler.log_command:Invoked command in '/home/rsl/pioneerbase_ws/src/mode_select' returned '0': PYTHONPATH=/home/rsl/pioneerbase_ws/src/build/mode_select/prefix_override:/home/rsl/pioneerbase_ws/src/install/mode_select/lib/python3.10/site-packages:${PYTHONPATH} /usr/bin/python3 setup.py egg_info --egg-base ../build/mode_select build --build-base /home/rsl/pioneerbase_ws/src/build/mode_select/build install --record /home/rsl/pioneerbase_ws/src/build/mode_select/install.log --single-version-externally-managed
[7.016s] Level 1:colcon.colcon_core.environment:checking '/home/rsl/pioneerbase_ws/src/install/mode_select' for CMake module files
[7.016s] Level 1:colcon.colcon_core.environment:checking '/home/rsl/pioneerbase_ws/src/install/mode_select' for CMake config files
[7.017s] Level 1:colcon.colcon_core.environment:checking '/home/rsl/pioneerbase_ws/src/install/mode_select/lib'
[7.017s] Level 1:colcon.colcon_core.environment:checking '/home/rsl/pioneerbase_ws/src/install/mode_select/bin'
[7.017s] Level 1:colcon.colcon_core.environment:checking '/home/rsl/pioneerbase_ws/src/install/mode_select/lib/pkgconfig/mode_select.pc'
[7.018s] Level 1:colcon.colcon_core.environment:checking '/home/rsl/pioneerbase_ws/src/install/mode_select/lib/python3.10/site-packages'
[7.018s] Level 1:colcon.colcon_core.shell:create_environment_hook('mode_select', 'pythonpath')
[7.042s] INFO:colcon.colcon_core.shell:Creating environment hook '/home/rsl/pioneerbase_ws/src/install/mode_select/share/mode_select/hook/pythonpath.ps1'
[7.043s] INFO:colcon.colcon_core.shell:Creating environment descriptor '/home/rsl/pioneerbase_ws/src/install/mode_select/share/mode_select/hook/pythonpath.dsv'
[7.043s] INFO:colcon.colcon_core.shell:Creating environment hook '/home/rsl/pioneerbase_ws/src/install/mode_select/share/mode_select/hook/pythonpath.sh'
[7.044s] Level 1:colcon.colcon_core.environment:checking '/home/rsl/pioneerbase_ws/src/install/mode_select/bin'
[7.044s] Level 1:colcon.colcon_core.environment:create_environment_scripts_only(mode_select)
[7.069s] INFO:colcon.colcon_core.shell:Creating package script '/home/rsl/pioneerbase_ws/src/install/mode_select/share/mode_select/package.ps1'
[7.070s] INFO:colcon.colcon_core.shell:Creating package descriptor '/home/rsl/pioneerbase_ws/src/install/mode_select/share/mode_select/package.dsv'
[7.071s] INFO:colcon.colcon_core.shell:Creating package script '/home/rsl/pioneerbase_ws/src/install/mode_select/share/mode_select/package.sh'
[7.071s] INFO:colcon.colcon_core.shell:Creating package script '/home/rsl/pioneerbase_ws/src/install/mode_select/share/mode_select/package.bash'
[7.072s] INFO:colcon.colcon_core.shell:Creating package script '/home/rsl/pioneerbase_ws/src/install/mode_select/share/mode_select/package.zsh'
[7.072s] Level 1:colcon.colcon_core.environment:create_file_with_runtime_dependencies(/home/rsl/pioneerbase_ws/src/install/mode_select/share/colcon-core/packages/mode_select)
[7.075s] DEBUG:colcon.colcon_core.event_handler.log_command:Invoked command in '/home/rsl/pioneerbase_ws/src/gps_target_push' returned '0': PYTHONPATH=/home/rsl/pioneerbase_ws/src/build/gps_target_push/prefix_override:/home/rsl/pioneerbase_ws/src/install/gps_target_push/lib/python3.10/site-packages:${PYTHONPATH} /usr/bin/python3 setup.py egg_info --egg-base ../build/gps_target_push build --build-base /home/rsl/pioneerbase_ws/src/build/gps_target_push/build install --record /home/rsl/pioneerbase_ws/src/build/gps_target_push/install.log --single-version-externally-managed
[7.103s] Level 1:colcon.colcon_core.environment:checking '/home/rsl/pioneerbase_ws/src/install/gps_target_push' for CMake module files
[7.104s] Level 1:colcon.colcon_core.environment:checking '/home/rsl/pioneerbase_ws/src/install/gps_target_push' for CMake config files
[7.105s] Level 1:colcon.colcon_core.environment:checking '/home/rsl/pioneerbase_ws/src/install/gps_target_push/lib'
[7.105s] Level 1:colcon.colcon_core.environment:checking '/home/rsl/pioneerbase_ws/src/install/gps_target_push/bin'
[7.105s] Level 1:colcon.colcon_core.environment:checking '/home/rsl/pioneerbase_ws/src/install/gps_target_push/lib/pkgconfig/gps_target_push.pc'
[7.105s] Level 1:colcon.colcon_core.environment:checking '/home/rsl/pioneerbase_ws/src/install/gps_target_push/lib/python3.10/site-packages'
[7.105s] Level 1:colcon.colcon_core.shell:create_environment_hook('gps_target_push', 'pythonpath')
[7.130s] INFO:colcon.colcon_core.shell:Creating environment hook '/home/rsl/pioneerbase_ws/src/install/gps_target_push/share/gps_target_push/hook/pythonpath.ps1'
[7.131s] INFO:colcon.colcon_core.shell:Creating environment descriptor '/home/rsl/pioneerbase_ws/src/install/gps_target_push/share/gps_target_push/hook/pythonpath.dsv'
[7.131s] INFO:colcon.colcon_core.shell:Creating environment hook '/home/rsl/pioneerbase_ws/src/install/gps_target_push/share/gps_target_push/hook/pythonpath.sh'
[7.132s] Level 1:colcon.colcon_core.environment:checking '/home/rsl/pioneerbase_ws/src/install/gps_target_push/bin'
[7.132s] Level 1:colcon.colcon_core.environment:create_environment_scripts_only(gps_target_push)
[7.158s] INFO:colcon.colcon_core.shell:Creating package script '/home/rsl/pioneerbase_ws/src/install/gps_target_push/share/gps_target_push/package.ps1'
[7.158s] INFO:colcon.colcon_core.shell:Creating package descriptor '/home/rsl/pioneerbase_ws/src/install/gps_target_push/share/gps_target_push/package.dsv'
[7.159s] INFO:colcon.colcon_core.shell:Creating package script '/home/rsl/pioneerbase_ws/src/install/gps_target_push/share/gps_target_push/package.sh'
[7.160s] INFO:colcon.colcon_core.shell:Creating package script '/home/rsl/pioneerbase_ws/src/install/gps_target_push/share/gps_target_push/package.bash'
[7.160s] INFO:colcon.colcon_core.shell:Creating package script '/home/rsl/pioneerbase_ws/src/install/gps_target_push/share/gps_target_push/package.zsh'
[7.160s] Level 1:colcon.colcon_core.environment:create_file_with_runtime_dependencies(/home/rsl/pioneerbase_ws/src/install/gps_target_push/share/colcon-core/packages/gps_target_push)
[7.162s] INFO:colcon.colcon_ros.task.ament_python.build:Building ROS package in '/home/rsl/pioneerbase_ws/src/navigation_core3' with build type 'ament_python'
[7.162s] Level 1:colcon.colcon_core.shell:create_environment_hook('navigation_core3', 'ament_prefix_path')
[7.206s] INFO:colcon.colcon_core.shell:Creating environment hook '/home/rsl/pioneerbase_ws/src/install/navigation_core3/share/navigation_core3/hook/ament_prefix_path.ps1'
[7.207s] INFO:colcon.colcon_core.shell:Creating environment descriptor '/home/rsl/pioneerbase_ws/src/install/navigation_core3/share/navigation_core3/hook/ament_prefix_path.dsv'
[7.207s] INFO:colcon.colcon_core.shell:Creating environment hook '/home/rsl/pioneerbase_ws/src/install/navigation_core3/share/navigation_core3/hook/ament_prefix_path.sh'
[7.233s] INFO:colcon.colcon_core.shell:Skip shell extension 'powershell' for command environment: Not usable outside of PowerShell
[7.233s] DEBUG:colcon.colcon_core.shell:Skip shell extension 'dsv' for command environment
[7.312s] INFO:colcon.colcon_ros.task.ament_python.build:Building ROS package in '/home/rsl/pioneerbase_ws/src/rover_teleop_joy' with build type 'ament_python'
[7.313s] Level 1:colcon.colcon_core.shell:create_environment_hook('rover_teleop_joy', 'ament_prefix_path')
[7.340s] INFO:colcon.colcon_core.shell:Creating environment hook '/home/rsl/pioneerbase_ws/src/install/rover_teleop_joy/share/rover_teleop_joy/hook/ament_prefix_path.ps1'
[7.341s] INFO:colcon.colcon_core.shell:Creating environment descriptor '/home/rsl/pioneerbase_ws/src/install/rover_teleop_joy/share/rover_teleop_joy/hook/ament_prefix_path.dsv'
[7.341s] INFO:colcon.colcon_core.shell:Creating environment hook '/home/rsl/pioneerbase_ws/src/install/rover_teleop_joy/share/rover_teleop_joy/hook/ament_prefix_path.sh'
[7.366s] INFO:colcon.colcon_core.shell:Skip shell extension 'powershell' for command environment: Not usable outside of PowerShell
[7.367s] DEBUG:colcon.colcon_core.shell:Skip shell extension 'dsv' for command environment
[7.845s] INFO:colcon.colcon_core.task.python.build:Building Python package in '/home/rsl/pioneerbase_ws/src/navigation_core2'
[7.872s] INFO:colcon.colcon_core.shell:Skip shell extension 'powershell' for command environment: Not usable outside of PowerShell
[7.872s] DEBUG:colcon.colcon_core.shell:Skip shell extension 'dsv' for command environment
[8.345s] INFO:colcon.colcon_core.task.python.build:Building Python package in '/home/rsl/pioneerbase_ws/src/navigation_core3'
[8.376s] INFO:colcon.colcon_core.shell:Skip shell extension 'powershell' for command environment: Not usable outside of PowerShell
[8.376s] DEBUG:colcon.colcon_core.shell:Skip shell extension 'dsv' for command environment
[8.849s] INFO:colcon.colcon_core.task.python.build:Building Python package in '/home/rsl/pioneerbase_ws/src/rover_teleop_joy'
[8.880s] INFO:colcon.colcon_core.shell:Skip shell extension 'powershell' for command environment: Not usable outside of PowerShell
[8.880s] DEBUG:colcon.colcon_core.shell:Skip shell extension 'dsv' for command environment
[9.515s] DEBUG:colcon.colcon_core.event_handler.log_command:Invoking command in '/home/rsl/pioneerbase_ws/src/navigation_core2': PYTHONPATH=/home/rsl/pioneerbase_ws/src/build/navigation_core2/prefix_override:/home/rsl/pioneerbase_ws/src/install/navigation_core2/lib/python3.10/site-packages:${PYTHONPATH} /usr/bin/python3 setup.py egg_info --egg-base ../build/navigation_core2 build --build-base /home/rsl/pioneerbase_ws/src/build/navigation_core2/build install --record /home/rsl/pioneerbase_ws/src/build/navigation_core2/install.log --single-version-externally-managed
[9.782s] DEBUG:colcon.colcon_core.event_handler.log_command:Invoking command in '/home/rsl/pioneerbase_ws/src/navigation_core3': PYTHONPATH=/home/rsl/pioneerbase_ws/src/build/navigation_core3/prefix_override:/home/rsl/pioneerbase_ws/src/install/navigation_core3/lib/python3.10/site-packages:${PYTHONPATH} /usr/bin/python3 setup.py egg_info --egg-base ../build/navigation_core3 build --build-base /home/rsl/pioneerbase_ws/src/build/navigation_core3/build install --record /home/rsl/pioneerbase_ws/src/build/navigation_core3/install.log --single-version-externally-managed
[9.861s] DEBUG:colcon.colcon_core.event_handler.log_command:Invoking command in '/home/rsl/pioneerbase_ws/src/rover_teleop_joy': PYTHONPATH=/home/rsl/pioneerbase_ws/src/build/rover_teleop_joy/prefix_override:/home/rsl/pioneerbase_ws/src/install/rover_teleop_joy/lib/python3.10/site-packages:${PYTHONPATH} /usr/bin/python3 setup.py egg_info --egg-base ../build/rover_teleop_joy build --build-base /home/rsl/pioneerbase_ws/src/build/rover_teleop_joy/build install --record /home/rsl/pioneerbase_ws/src/build/rover_teleop_joy/install.log --single-version-externally-managed
[10.187s] DEBUG:colcon.colcon_core.event_handler.log_command:Invoked command in '/home/rsl/pioneerbase_ws/src/navigation_core2' returned '0': PYTHONPATH=/home/rsl/pioneerbase_ws/src/build/navigation_core2/prefix_override:/home/rsl/pioneerbase_ws/src/install/navigation_core2/lib/python3.10/site-packages:${PYTHONPATH} /usr/bin/python3 setup.py egg_info --egg-base ../build/navigation_core2 build --build-base /home/rsl/pioneerbase_ws/src/build/navigation_core2/build install --record /home/rsl/pioneerbase_ws/src/build/navigation_core2/install.log --single-version-externally-managed
[10.241s] Level 1:colcon.colcon_core.environment:checking '/home/rsl/pioneerbase_ws/src/install/navigation_core2' for CMake module files
[10.242s] Level 1:colcon.colcon_core.environment:checking '/home/rsl/pioneerbase_ws/src/install/navigation_core2' for CMake config files
[10.243s] Level 1:colcon.colcon_core.environment:checking '/home/rsl/pioneerbase_ws/src/install/navigation_core2/lib'
[10.244s] Level 1:colcon.colcon_core.environment:checking '/home/rsl/pioneerbase_ws/src/install/navigation_core2/bin'
[10.244s] Level 1:colcon.colcon_core.environment:checking '/home/rsl/pioneerbase_ws/src/install/navigation_core2/lib/pkgconfig/navigation_core2.pc'
[10.244s] Level 1:colcon.colcon_core.environment:checking '/home/rsl/pioneerbase_ws/src/install/navigation_core2/lib/python3.10/site-packages'
[10.244s] Level 1:colcon.colcon_core.shell:create_environment_hook('navigation_core2', 'pythonpath')
[10.289s] INFO:colcon.colcon_core.shell:Creating environment hook '/home/rsl/pioneerbase_ws/src/install/navigation_core2/share/navigation_core2/hook/pythonpath.ps1'
[10.290s] INFO:colcon.colcon_core.shell:Creating environment descriptor '/home/rsl/pioneerbase_ws/src/install/navigation_core2/share/navigation_core2/hook/pythonpath.dsv'
[10.291s] INFO:colcon.colcon_core.shell:Creating environment hook '/home/rsl/pioneerbase_ws/src/install/navigation_core2/share/navigation_core2/hook/pythonpath.sh'
[10.292s] Level 1:colcon.colcon_core.environment:checking '/home/rsl/pioneerbase_ws/src/install/navigation_core2/bin'
[10.292s] Level 1:colcon.colcon_core.environment:create_environment_scripts_only(navigation_core2)
[10.340s] INFO:colcon.colcon_core.shell:Creating package script '/home/rsl/pioneerbase_ws/src/install/navigation_core2/share/navigation_core2/package.ps1'
[10.342s] INFO:colcon.colcon_core.shell:Creating package descriptor '/home/rsl/pioneerbase_ws/src/install/navigation_core2/share/navigation_core2/package.dsv'
[10.343s] INFO:colcon.colcon_core.shell:Creating package script '/home/rsl/pioneerbase_ws/src/install/navigation_core2/share/navigation_core2/package.sh'
[10.344s] INFO:colcon.colcon_core.shell:Creating package script '/home/rsl/pioneerbase_ws/src/install/navigation_core2/share/navigation_core2/package.bash'
[10.344s] INFO:colcon.colcon_core.shell:Creating package script '/home/rsl/pioneerbase_ws/src/install/navigation_core2/share/navigation_core2/package.zsh'
[10.345s] Level 1:colcon.colcon_core.environment:create_file_with_runtime_dependencies(/home/rsl/pioneerbase_ws/src/install/navigation_core2/share/colcon-core/packages/navigation_core2)
[10.349s] DEBUG:colcon.colcon_core.event_handler.log_command:Invoked command in '/home/rsl/pioneerbase_ws/src/navigation_core3' returned '0': PYTHONPATH=/home/rsl/pioneerbase_ws/src/build/navigation_core3/prefix_override:/home/rsl/pioneerbase_ws/src/install/navigation_core3/lib/python3.10/site-packages:${PYTHONPATH} /usr/bin/python3 setup.py egg_info --egg-base ../build/navigation_core3 build --build-base /home/rsl/pioneerbase_ws/src/build/navigation_core3/build install --record /home/rsl/pioneerbase_ws/src/build/navigation_core3/install.log --single-version-externally-managed
[10.377s] Level 1:colcon.colcon_core.environment:checking '/home/rsl/pioneerbase_ws/src/install/navigation_core3' for CMake module files
[10.378s] Level 1:colcon.colcon_core.environment:checking '/home/rsl/pioneerbase_ws/src/install/navigation_core3' for CMake config files
[10.379s] Level 1:colcon.colcon_core.environment:checking '/home/rsl/pioneerbase_ws/src/install/navigation_core3/lib'
[10.379s] Level 1:colcon.colcon_core.environment:checking '/home/rsl/pioneerbase_ws/src/install/navigation_core3/bin'
[10.379s] Level 1:colcon.colcon_core.environment:checking '/home/rsl/pioneerbase_ws/src/install/navigation_core3/lib/pkgconfig/navigation_core3.pc'
[10.380s] Level 1:colcon.colcon_core.environment:checking '/home/rsl/pioneerbase_ws/src/install/navigation_core3/lib/python3.10/site-packages'
[10.380s] Level 1:colcon.colcon_core.shell:create_environment_hook('navigation_core3', 'pythonpath')
[10.409s] INFO:colcon.colcon_core.shell:Creating environment hook '/home/rsl/pioneerbase_ws/src/install/navigation_core3/share/navigation_core3/hook/pythonpath.ps1'
[10.410s] INFO:colcon.colcon_core.shell:Creating environment descriptor '/home/rsl/pioneerbase_ws/src/install/navigation_core3/share/navigation_core3/hook/pythonpath.dsv'
[10.411s] INFO:colcon.colcon_core.shell:Creating environment hook '/home/rsl/pioneerbase_ws/src/install/navigation_core3/share/navigation_core3/hook/pythonpath.sh'
[10.412s] Level 1:colcon.colcon_core.environment:checking '/home/rsl/pioneerbase_ws/src/install/navigation_core3/bin'
[10.412s] Level 1:colcon.colcon_core.environment:create_environment_scripts_only(navigation_core3)
[10.459s] INFO:colcon.colcon_core.shell:Creating package script '/home/rsl/pioneerbase_ws/src/install/navigation_core3/share/navigation_core3/package.ps1'
[10.460s] INFO:colcon.colcon_core.shell:Creating package descriptor '/home/rsl/pioneerbase_ws/src/install/navigation_core3/share/navigation_core3/package.dsv'
[10.461s] INFO:colcon.colcon_core.shell:Creating package script '/home/rsl/pioneerbase_ws/src/install/navigation_core3/share/navigation_core3/package.sh'
[10.462s] INFO:colcon.colcon_core.shell:Creating package script '/home/rsl/pioneerbase_ws/src/install/navigation_core3/share/navigation_core3/package.bash'
[10.463s] INFO:colcon.colcon_core.shell:Creating package script '/home/rsl/pioneerbase_ws/src/install/navigation_core3/share/navigation_core3/package.zsh'
[10.463s] Level 1:colcon.colcon_core.environment:create_file_with_runtime_dependencies(/home/rsl/pioneerbase_ws/src/install/navigation_core3/share/colcon-core/packages/navigation_core3)
[10.511s] DEBUG:colcon.colcon_core.event_handler.log_command:Invoked command in '/home/rsl/pioneerbase_ws/src/rover_teleop_joy' returned '0': PYTHONPATH=/home/rsl/pioneerbase_ws/src/build/rover_teleop_joy/prefix_override:/home/rsl/pioneerbase_ws/src/install/rover_teleop_joy/lib/python3.10/site-packages:${PYTHONPATH} /usr/bin/python3 setup.py egg_info --egg-base ../build/rover_teleop_joy build --build-base /home/rsl/pioneerbase_ws/src/build/rover_teleop_joy/build install --record /home/rsl/pioneerbase_ws/src/build/rover_teleop_joy/install.log --single-version-externally-managed
[10.536s] Level 1:colcon.colcon_core.environment:checking '/home/rsl/pioneerbase_ws/src/install/rover_teleop_joy' for CMake module files
[10.536s] Level 1:colcon.colcon_core.environment:checking '/home/rsl/pioneerbase_ws/src/install/rover_teleop_joy' for CMake config files
[10.537s] Level 1:colcon.colcon_core.environment:checking '/home/rsl/pioneerbase_ws/src/install/rover_teleop_joy/lib'
[10.537s] Level 1:colcon.colcon_core.environment:checking '/home/rsl/pioneerbase_ws/src/install/rover_teleop_joy/bin'
[10.537s] Level 1:colcon.colcon_core.environment:checking '/home/rsl/pioneerbase_ws/src/install/rover_teleop_joy/lib/pkgconfig/rover_teleop_joy.pc'
[10.538s] Level 1:colcon.colcon_core.environment:checking '/home/rsl/pioneerbase_ws/src/install/rover_teleop_joy/lib/python3.10/site-packages'
[10.538s] Level 1:colcon.colcon_core.shell:create_environment_hook('rover_teleop_joy', 'pythonpath')
[10.562s] INFO:colcon.colcon_core.shell:Creating environment hook '/home/rsl/pioneerbase_ws/src/install/rover_teleop_joy/share/rover_teleop_joy/hook/pythonpath.ps1'
[10.563s] INFO:colcon.colcon_core.shell:Creating environment descriptor '/home/rsl/pioneerbase_ws/src/install/rover_teleop_joy/share/rover_teleop_joy/hook/pythonpath.dsv'
[10.563s] INFO:colcon.colcon_core.shell:Creating environment hook '/home/rsl/pioneerbase_ws/src/install/rover_teleop_joy/share/rover_teleop_joy/hook/pythonpath.sh'
[10.564s] Level 1:colcon.colcon_core.environment:checking '/home/rsl/pioneerbase_ws/src/install/rover_teleop_joy/bin'
[10.564s] Level 1:colcon.colcon_core.environment:create_environment_scripts_only(rover_teleop_joy)
[10.590s] INFO:colcon.colcon_core.shell:Creating package script '/home/rsl/pioneerbase_ws/src/install/rover_teleop_joy/share/rover_teleop_joy/package.ps1'
[10.590s] INFO:colcon.colcon_core.shell:Creating package descriptor '/home/rsl/pioneerbase_ws/src/install/rover_teleop_joy/share/rover_teleop_joy/package.dsv'
[10.591s] INFO:colcon.colcon_core.shell:Creating package script '/home/rsl/pioneerbase_ws/src/install/rover_teleop_joy/share/rover_teleop_joy/package.sh'
[10.592s] INFO:colcon.colcon_core.shell:Creating package script '/home/rsl/pioneerbase_ws/src/install/rover_teleop_joy/share/rover_teleop_joy/package.bash'
[10.592s] INFO:colcon.colcon_core.shell:Creating package script '/home/rsl/pioneerbase_ws/src/install/rover_teleop_joy/share/rover_teleop_joy/package.zsh'
[10.592s] Level 1:colcon.colcon_core.environment:create_file_with_runtime_dependencies(/home/rsl/pioneerbase_ws/src/install/rover_teleop_joy/share/colcon-core/packages/rover_teleop_joy)
[10.593s] DEBUG:colcon.colcon_parallel_executor.executor.parallel:closing loop
[10.594s] DEBUG:colcon.colcon_parallel_executor.executor.parallel:loop closed
[10.594s] DEBUG:colcon.colcon_parallel_executor.executor.parallel:run_until_complete finished with '0'
[10.594s] DEBUG:colcon.colcon_core.event_reactor:joining thread
[10.659s] INFO:colcon.colcon_core.plugin_system:Skipping extension 'colcon_notification.desktop_notification.terminal_notifier': Not used on non-Darwin systems
[10.659s] INFO:colcon.colcon_core.plugin_system:Skipping extension 'colcon_notification.desktop_notification.win32': Not used on non-Windows systems
[10.659s] INFO:colcon.colcon_notification.desktop_notification:Sending desktop notification using 'notify2'
[10.685s] DEBUG:colcon.colcon_core.event_reactor:joined thread
[10.718s] INFO:colcon.colcon_core.shell:Creating prefix script '/home/rsl/pioneerbase_ws/src/install/local_setup.ps1'
[10.719s] INFO:colcon.colcon_core.shell:Creating prefix util module '/home/rsl/pioneerbase_ws/src/install/_local_setup_util_ps1.py'
[10.722s] INFO:colcon.colcon_core.shell:Creating prefix chain script '/home/rsl/pioneerbase_ws/src/install/setup.ps1'
[10.751s] INFO:colcon.colcon_core.shell:Creating prefix script '/home/rsl/pioneerbase_ws/src/install/local_setup.sh'
[10.752s] INFO:colcon.colcon_core.shell:Creating prefix util module '/home/rsl/pioneerbase_ws/src/install/_local_setup_util_sh.py'
[10.753s] INFO:colcon.colcon_core.shell:Creating prefix chain script '/home/rsl/pioneerbase_ws/src/install/setup.sh'
[10.783s] INFO:colcon.colcon_core.shell:Creating prefix script '/home/rsl/pioneerbase_ws/src/install/local_setup.bash'
[10.783s] INFO:colcon.colcon_core.shell:Creating prefix chain script '/home/rsl/pioneerbase_ws/src/install/setup.bash'
[10.811s] INFO:colcon.colcon_core.shell:Creating prefix script '/home/rsl/pioneerbase_ws/src/install/local_setup.zsh'
[10.812s] INFO:colcon.colcon_core.shell:Creating prefix chain script '/home/rsl/pioneerbase_ws/src/install/setup.zsh'
