[4.026s] Invoking command in '/home/rsl/pioneerbase_ws/src/mode_select': PYTHONPATH=/home/rsl/pioneerbase_ws/build/mode_select/prefix_override:/home/rsl/pioneerbase_ws/install/mode_select/lib/python3.10/site-packages:${PYTHONPATH} /usr/bin/python3 setup.py egg_info --egg-base ../../build/mode_select build --build-base /home/rsl/pioneerbase_ws/build/mode_select/build install --record /home/rsl/pioneerbase_ws/build/mode_select/install.log --single-version-externally-managed
[4.683s] running egg_info
[4.684s] creating ../../build/mode_select/mode_select.egg-info
[4.684s] writing ../../build/mode_select/mode_select.egg-info/PKG-INFO
[4.685s] writing dependency_links to ../../build/mode_select/mode_select.egg-info/dependency_links.txt
[4.685s] writing entry points to ../../build/mode_select/mode_select.egg-info/entry_points.txt
[4.685s] writing requirements to ../../build/mode_select/mode_select.egg-info/requires.txt
[4.686s] writing top-level names to ../../build/mode_select/mode_select.egg-info/top_level.txt
[4.686s] writing manifest file '../../build/mode_select/mode_select.egg-info/SOURCES.txt'
[4.690s] reading manifest file '../../build/mode_select/mode_select.egg-info/SOURCES.txt'
[4.692s] writing manifest file '../../build/mode_select/mode_select.egg-info/SOURCES.txt'
[4.692s] running build
[4.692s] running build_py
[4.692s] creating /home/rsl/pioneerbase_ws/build/mode_select/build
[4.693s] creating /home/rsl/pioneerbase_ws/build/mode_select/build/lib
[4.693s] creating /home/rsl/pioneerbase_ws/build/mode_select/build/lib/mode_select
[4.693s] copying mode_select/__init__.py -> /home/rsl/pioneerbase_ws/build/mode_select/build/lib/mode_select
[4.693s] running install
[4.764s] /usr/lib/python3/dist-packages/setuptools/command/install.py:34: SetuptoolsDeprecationWarning: setup.py install is deprecated. Use build and pip and other standards-based tools.
[4.764s]   warnings.warn(
[4.764s] running install_lib
[4.766s] creating /home/rsl/pioneerbase_ws/install/mode_select/lib/python3.10/site-packages/mode_select
[4.766s] copying /home/rsl/pioneerbase_ws/build/mode_select/build/lib/mode_select/__init__.py -> /home/rsl/pioneerbase_ws/install/mode_select/lib/python3.10/site-packages/mode_select
[4.767s] byte-compiling /home/rsl/pioneerbase_ws/install/mode_select/lib/python3.10/site-packages/mode_select/__init__.py to __init__.cpython-310.pyc
[4.767s] running install_data
[4.769s] creating /home/rsl/pioneerbase_ws/install/mode_select/share/ament_index
[4.769s] creating /home/rsl/pioneerbase_ws/install/mode_select/share/ament_index/resource_index
[4.769s] creating /home/rsl/pioneerbase_ws/install/mode_select/share/ament_index/resource_index/packages
[4.769s] copying resource/mode_select -> /home/rsl/pioneerbase_ws/install/mode_select/share/ament_index/resource_index/packages
[4.769s] copying package.xml -> /home/rsl/pioneerbase_ws/install/mode_select/share/mode_select
[4.770s] running install_egg_info
[4.772s] Copying ../../build/mode_select/mode_select.egg-info to /home/rsl/pioneerbase_ws/install/mode_select/lib/python3.10/site-packages/mode_select-0.0.0-py3.10.egg-info
[4.783s] running install_scripts
[4.855s] writing list of installed files to '/home/rsl/pioneerbase_ws/build/mode_select/install.log'
[4.927s] Invoked command in '/home/rsl/pioneerbase_ws/src/mode_select' returned '0': PYTHONPATH=/home/rsl/pioneerbase_ws/build/mode_select/prefix_override:/home/rsl/pioneerbase_ws/install/mode_select/lib/python3.10/site-packages:${PYTHONPATH} /usr/bin/python3 setup.py egg_info --egg-base ../../build/mode_select build --build-base /home/rsl/pioneerbase_ws/build/mode_select/build install --record /home/rsl/pioneerbase_ws/build/mode_select/install.log --single-version-externally-managed
