[2.749s] Invoking command in '/home/rsl/pioneerbase_ws/src/navigation_core2': PYTHONPATH=/home/rsl/pioneerbase_ws/src/build/navigation_core2/prefix_override:/home/rsl/pioneerbase_ws/src/install/navigation_core2/lib/python3.10/site-packages:${PYTHONPATH} /usr/bin/python3 setup.py egg_info --egg-base ../build/navigation_core2 build --build-base /home/rsl/pioneerbase_ws/src/build/navigation_core2/build install --record /home/rsl/pioneerbase_ws/src/build/navigation_core2/install.log --single-version-externally-managed
[3.162s] running egg_info
[3.163s] writing ../build/navigation_core2/navigation_core2.egg-info/PKG-INFO
[3.163s] writing dependency_links to ../build/navigation_core2/navigation_core2.egg-info/dependency_links.txt
[3.164s] writing entry points to ../build/navigation_core2/navigation_core2.egg-info/entry_points.txt
[3.164s] writing requirements to ../build/navigation_core2/navigation_core2.egg-info/requires.txt
[3.164s] writing top-level names to ../build/navigation_core2/navigation_core2.egg-info/top_level.txt
[3.167s] reading manifest file '../build/navigation_core2/navigation_core2.egg-info/SOURCES.txt'
[3.168s] writing manifest file '../build/navigation_core2/navigation_core2.egg-info/SOURCES.txt'
[3.169s] running build
[3.169s] running build_py
[3.169s] running install
[3.170s] /usr/lib/python3/dist-packages/setuptools/command/install.py:34: SetuptoolsDeprecationWarning: setup.py install is deprecated. Use build and pip and other standards-based tools.
[3.170s]   warnings.warn(
[3.170s] running install_lib
[3.172s] running install_data
[3.173s] running install_egg_info
[3.176s] removing '/home/rsl/pioneerbase_ws/src/install/navigation_core2/lib/python3.10/site-packages/navigation_core2-0.0.0-py3.10.egg-info' (and everything under it)
[3.177s] Copying ../build/navigation_core2/navigation_core2.egg-info to /home/rsl/pioneerbase_ws/src/install/navigation_core2/lib/python3.10/site-packages/navigation_core2-0.0.0-py3.10.egg-info
[3.178s] running install_scripts
[3.211s] Installing run_navigation script to /home/rsl/pioneerbase_ws/src/install/navigation_core2/lib/navigation_core2
[3.212s] writing list of installed files to '/home/rsl/pioneerbase_ws/src/build/navigation_core2/install.log'
[3.253s] Invoked command in '/home/rsl/pioneerbase_ws/src/navigation_core2' returned '0': PYTHONPATH=/home/rsl/pioneerbase_ws/src/build/navigation_core2/prefix_override:/home/rsl/pioneerbase_ws/src/install/navigation_core2/lib/python3.10/site-packages:${PYTHONPATH} /usr/bin/python3 setup.py egg_info --egg-base ../build/navigation_core2 build --build-base /home/rsl/pioneerbase_ws/src/build/navigation_core2/build install --record /home/rsl/pioneerbase_ws/src/build/navigation_core2/install.log --single-version-externally-managed
