[2.211s] Invoking command in '/home/rsl/pioneerbase_ws/src/navigation_core2': PYTHONPATH=/home/rsl/pioneerbase_ws/build/navigation_core2/prefix_override:/home/rsl/pioneerbase_ws/install/navigation_core2/lib/python3.10/site-packages:${PYTHONPATH} /usr/bin/python3 setup.py egg_info --egg-base ../../build/navigation_core2 build --build-base /home/rsl/pioneerbase_ws/build/navigation_core2/build install --record /home/rsl/pioneerbase_ws/build/navigation_core2/install.log --single-version-externally-managed
[2.658s] running egg_info
[2.660s] creating ../../build/navigation_core2/navigation_core2.egg-info
[2.660s] writing ../../build/navigation_core2/navigation_core2.egg-info/PKG-INFO
[2.660s] writing dependency_links to ../../build/navigation_core2/navigation_core2.egg-info/dependency_links.txt
[2.661s] writing entry points to ../../build/navigation_core2/navigation_core2.egg-info/entry_points.txt
[2.661s] writing requirements to ../../build/navigation_core2/navigation_core2.egg-info/requires.txt
[2.661s] writing top-level names to ../../build/navigation_core2/navigation_core2.egg-info/top_level.txt
[2.662s] writing manifest file '../../build/navigation_core2/navigation_core2.egg-info/SOURCES.txt'
[2.665s] reading manifest file '../../build/navigation_core2/navigation_core2.egg-info/SOURCES.txt'
[2.667s] writing manifest file '../../build/navigation_core2/navigation_core2.egg-info/SOURCES.txt'
[2.667s] running build
[2.668s] running build_py
[2.668s] creating /home/rsl/pioneerbase_ws/build/navigation_core2/build
[2.668s] creating /home/rsl/pioneerbase_ws/build/navigation_core2/build/lib
[2.669s] creating /home/rsl/pioneerbase_ws/build/navigation_core2/build/lib/navigation_core2
[2.669s] copying navigation_core2/__init__.py -> /home/rsl/pioneerbase_ws/build/navigation_core2/build/lib/navigation_core2
[2.669s] running install
[2.669s] /usr/lib/python3/dist-packages/setuptools/command/install.py:34: SetuptoolsDeprecationWarning: setup.py install is deprecated. Use build and pip and other standards-based tools.
[2.669s]   warnings.warn(
[2.670s] running install_lib
[2.671s] creating /home/rsl/pioneerbase_ws/install/navigation_core2/lib/python3.10/site-packages/navigation_core2
[2.671s] copying /home/rsl/pioneerbase_ws/build/navigation_core2/build/lib/navigation_core2/__init__.py -> /home/rsl/pioneerbase_ws/install/navigation_core2/lib/python3.10/site-packages/navigation_core2
[2.672s] byte-compiling /home/rsl/pioneerbase_ws/install/navigation_core2/lib/python3.10/site-packages/navigation_core2/__init__.py to __init__.cpython-310.pyc
[2.672s] running install_data
[2.674s] creating /home/rsl/pioneerbase_ws/install/navigation_core2/share/ament_index
[2.674s] creating /home/rsl/pioneerbase_ws/install/navigation_core2/share/ament_index/resource_index
[2.675s] creating /home/rsl/pioneerbase_ws/install/navigation_core2/share/ament_index/resource_index/packages
[2.675s] copying resource/navigation_core2 -> /home/rsl/pioneerbase_ws/install/navigation_core2/share/ament_index/resource_index/packages
[2.675s] copying package.xml -> /home/rsl/pioneerbase_ws/install/navigation_core2/share/navigation_core2
[2.675s] running install_egg_info
[2.678s] Copying ../../build/navigation_core2/navigation_core2.egg-info to /home/rsl/pioneerbase_ws/install/navigation_core2/lib/python3.10/site-packages/navigation_core2-0.0.0-py3.10.egg-info
[2.680s] running install_scripts
[2.727s] writing list of installed files to '/home/rsl/pioneerbase_ws/build/navigation_core2/install.log'
[2.780s] Invoked command in '/home/rsl/pioneerbase_ws/src/navigation_core2' returned '0': PYTHONPATH=/home/rsl/pioneerbase_ws/build/navigation_core2/prefix_override:/home/rsl/pioneerbase_ws/install/navigation_core2/lib/python3.10/site-packages:${PYTHONPATH} /usr/bin/python3 setup.py egg_info --egg-base ../../build/navigation_core2 build --build-base /home/rsl/pioneerbase_ws/build/navigation_core2/build install --record /home/rsl/pioneerbase_ws/build/navigation_core2/install.log --single-version-externally-managed
