[4.102s] Invoking command in '/home/rsl/pioneerbase_ws/src/gps_target_push': PYTHONPATH=/home/rsl/pioneerbase_ws/build/gps_target_push/prefix_override:/home/rsl/pioneerbase_ws/install/gps_target_push/lib/python3.10/site-packages:${PYTHONPATH} /usr/bin/python3 setup.py egg_info --egg-base ../../build/gps_target_push build --build-base /home/rsl/pioneerbase_ws/build/gps_target_push/build install --record /home/rsl/pioneerbase_ws/build/gps_target_push/install.log --single-version-externally-managed
[4.757s] running egg_info
[4.758s] writing ../../build/gps_target_push/gps_target_push.egg-info/PKG-INFO
[4.921s] writing dependency_links to ../../build/gps_target_push/gps_target_push.egg-info/dependency_links.txt
[4.939s] writing entry points to ../../build/gps_target_push/gps_target_push.egg-info/entry_points.txt
[4.970s] writing requirements to ../../build/gps_target_push/gps_target_push.egg-info/requires.txt
[5.039s] writing top-level names to ../../build/gps_target_push/gps_target_push.egg-info/top_level.txt
[5.068s] reading manifest file '../../build/gps_target_push/gps_target_push.egg-info/SOURCES.txt'
[5.124s] writing manifest file '../../build/gps_target_push/gps_target_push.egg-info/SOURCES.txt'
[5.124s] running build
[5.124s] running build_py
[5.125s] running install
[5.175s] /usr/lib/python3/dist-packages/setuptools/command/install.py:34: SetuptoolsDeprecationWarning: setup.py install is deprecated. Use build and pip and other standards-based tools.
[5.175s]   warnings.warn(
[5.175s] running install_lib
[5.176s] running install_data
[5.176s] running install_egg_info
[5.177s] removing '/home/rsl/pioneerbase_ws/install/gps_target_push/lib/python3.10/site-packages/gps_target_push-0.0.0-py3.10.egg-info' (and everything under it)
[5.178s] Copying ../../build/gps_target_push/gps_target_push.egg-info to /home/rsl/pioneerbase_ws/install/gps_target_push/lib/python3.10/site-packages/gps_target_push-0.0.0-py3.10.egg-info
[5.216s] running install_scripts
[5.261s] Installing push_target script to /home/rsl/pioneerbase_ws/install/gps_target_push/lib/gps_target_push
[5.262s] writing list of installed files to '/home/rsl/pioneerbase_ws/build/gps_target_push/install.log'
[5.343s] Invoked command in '/home/rsl/pioneerbase_ws/src/gps_target_push' returned '0': PYTHONPATH=/home/rsl/pioneerbase_ws/build/gps_target_push/prefix_override:/home/rsl/pioneerbase_ws/install/gps_target_push/lib/python3.10/site-packages:${PYTHONPATH} /usr/bin/python3 setup.py egg_info --egg-base ../../build/gps_target_push build --build-base /home/rsl/pioneerbase_ws/build/gps_target_push/build install --record /home/rsl/pioneerbase_ws/build/gps_target_push/install.log --single-version-externally-managed
