[1.602s] DEBUG:colcon:Command line arguments: ['/usr/bin/colcon', 'build']
[1.602s] DEBUG:colcon:Parsed command line arguments: Namespace(log_base=None, log_level=None, verb_name='build', build_base='build', install_base='install', merge_install=False, symlink_install=False, test_result_base=None, continue_on_error=False, executor='parallel', parallel_workers=4, event_handlers=None, ignore_user_meta=False, metas=['./colcon.meta'], base_paths=['.'], packages_ignore=None, packages_ignore_regex=None, paths=None, packages_up_to=None, packages_up_to_regex=None, packages_above=None, packages_above_and_dependencies=None, packages_above_depth=None, packages_select_by_dep=None, packages_skip_by_dep=None, packages_skip_up_to=None, packages_select_build_failed=False, packages_skip_build_finished=False, packages_select_test_failures=False, packages_skip_test_passed=False, packages_select=None, packages_skip=None, packages_select_regex=None, packages_skip_regex=None, packages_start=None, packages_end=None, allow_overriding=[], cmake_args=None, cmake_target=None, cmake_target_skip_unavailable=False, cmake_clean_cache=False, cmake_clean_first=False, cmake_force_configure=False, ament_cmake_args=None, catkin_cmake_args=None, catkin_skip_building_tests=False, verb_parser=<colcon_defaults.argument_parser.defaults.DefaultArgumentsDecorator object at 0x7f86cdede5c0>, verb_extension=<colcon_core.verb.build.BuildVerb object at 0x7f86ce27a230>, main=<bound method BuildVerb.main of <colcon_core.verb.build.BuildVerb object at 0x7f86ce27a230>>)
[1.672s] Level 1:colcon.colcon_core.package_discovery:discover_packages(colcon_meta) check parameters
[1.672s] Level 1:colcon.colcon_core.package_discovery:discover_packages(recursive) check parameters
[1.672s] Level 1:colcon.colcon_core.package_discovery:discover_packages(ignore) check parameters
[1.672s] Level 1:colcon.colcon_core.package_discovery:discover_packages(path) check parameters
[1.672s] Level 1:colcon.colcon_core.package_discovery:discover_packages(colcon_meta) discover
[1.672s] Level 1:colcon.colcon_core.package_discovery:discover_packages(recursive) discover
[1.672s] INFO:colcon.colcon_core.package_discovery:Crawling recursively for packages in '/home/rsl/pioneerbase_ws'
[1.672s] Level 1:colcon.colcon_core.package_identification:_identify(.) by extensions ['ignore', 'ignore_ament_install']
[1.672s] Level 1:colcon.colcon_core.package_identification:_identify(.) by extension 'ignore'
[1.672s] Level 1:colcon.colcon_core.package_identification:_identify(.) by extension 'ignore_ament_install'
[1.673s] Level 1:colcon.colcon_core.package_identification:_identify(.) by extensions ['colcon_pkg']
[1.673s] Level 1:colcon.colcon_core.package_identification:_identify(.) by extension 'colcon_pkg'
[1.673s] Level 1:colcon.colcon_core.package_identification:_identify(.) by extensions ['colcon_meta']
[1.673s] Level 1:colcon.colcon_core.package_identification:_identify(.) by extension 'colcon_meta'
[1.673s] Level 1:colcon.colcon_core.package_identification:_identify(.) by extensions ['ros']
[1.673s] Level 1:colcon.colcon_core.package_identification:_identify(.) by extension 'ros'
[1.689s] Level 1:colcon.colcon_core.package_identification:_identify(.) by extensions ['cmake', 'python']
[1.689s] Level 1:colcon.colcon_core.package_identification:_identify(.) by extension 'cmake'
[1.689s] Level 1:colcon.colcon_core.package_identification:_identify(.) by extension 'python'
[1.689s] Level 1:colcon.colcon_core.package_identification:_identify(.) by extensions ['python_setup_py']
[1.689s] Level 1:colcon.colcon_core.package_identification:_identify(.) by extension 'python_setup_py'
[1.689s] Level 1:colcon.colcon_core.package_identification:_identify(build) by extensions ['ignore', 'ignore_ament_install']
[1.689s] Level 1:colcon.colcon_core.package_identification:_identify(build) by extension 'ignore'
[1.690s] Level 1:colcon.colcon_core.package_identification:_identify(build) ignored
[1.690s] Level 1:colcon.colcon_core.package_identification:_identify(install) by extensions ['ignore', 'ignore_ament_install']
[1.690s] Level 1:colcon.colcon_core.package_identification:_identify(install) by extension 'ignore'
[1.690s] Level 1:colcon.colcon_core.package_identification:_identify(install) ignored
[1.690s] Level 1:colcon.colcon_core.package_identification:_identify(log) by extensions ['ignore', 'ignore_ament_install']
[1.690s] Level 1:colcon.colcon_core.package_identification:_identify(log) by extension 'ignore'
[1.690s] Level 1:colcon.colcon_core.package_identification:_identify(log) ignored
[1.690s] Level 1:colcon.colcon_core.package_identification:_identify(src) by extensions ['ignore', 'ignore_ament_install']
[1.690s] Level 1:colcon.colcon_core.package_identification:_identify(src) by extension 'ignore'
[1.691s] Level 1:colcon.colcon_core.package_identification:_identify(src) by extension 'ignore_ament_install'
[1.691s] Level 1:colcon.colcon_core.package_identification:_identify(src) by extensions ['colcon_pkg']
[1.691s] Level 1:colcon.colcon_core.package_identification:_identify(src) by extension 'colcon_pkg'
[1.691s] Level 1:colcon.colcon_core.package_identification:_identify(src) by extensions ['colcon_meta']
[1.691s] Level 1:colcon.colcon_core.package_identification:_identify(src) by extension 'colcon_meta'
[1.691s] Level 1:colcon.colcon_core.package_identification:_identify(src) by extensions ['ros']
[1.691s] Level 1:colcon.colcon_core.package_identification:_identify(src) by extension 'ros'
[1.691s] Level 1:colcon.colcon_core.package_identification:_identify(src) by extensions ['cmake', 'python']
[1.691s] Level 1:colcon.colcon_core.package_identification:_identify(src) by extension 'cmake'
[1.691s] Level 1:colcon.colcon_core.package_identification:_identify(src) by extension 'python'
[1.691s] Level 1:colcon.colcon_core.package_identification:_identify(src) by extensions ['python_setup_py']
[1.691s] Level 1:colcon.colcon_core.package_identification:_identify(src) by extension 'python_setup_py'
[1.691s] Level 1:colcon.colcon_core.package_identification:_identify(src/navigation_core1) by extensions ['ignore', 'ignore_ament_install']
[1.691s] Level 1:colcon.colcon_core.package_identification:_identify(src/navigation_core1) by extension 'ignore'
[1.692s] Level 1:colcon.colcon_core.package_identification:_identify(src/navigation_core1) by extension 'ignore_ament_install'
[1.692s] Level 1:colcon.colcon_core.package_identification:_identify(src/navigation_core1) by extensions ['colcon_pkg']
[1.692s] Level 1:colcon.colcon_core.package_identification:_identify(src/navigation_core1) by extension 'colcon_pkg'
[1.692s] Level 1:colcon.colcon_core.package_identification:_identify(src/navigation_core1) by extensions ['colcon_meta']
[1.692s] Level 1:colcon.colcon_core.package_identification:_identify(src/navigation_core1) by extension 'colcon_meta'
[1.692s] Level 1:colcon.colcon_core.package_identification:_identify(src/navigation_core1) by extensions ['ros']
[1.692s] Level 1:colcon.colcon_core.package_identification:_identify(src/navigation_core1) by extension 'ros'
[1.695s] DEBUG:colcon.colcon_core.package_identification:Package 'src/navigation_core1' with type 'ros.ament_python' and name 'navigation_core1'
[1.695s] Level 1:colcon.colcon_core.package_identification:_identify(src/navigation_core2) by extensions ['ignore', 'ignore_ament_install']
[1.695s] Level 1:colcon.colcon_core.package_identification:_identify(src/navigation_core2) by extension 'ignore'
[1.695s] Level 1:colcon.colcon_core.package_identification:_identify(src/navigation_core2) by extension 'ignore_ament_install'
[1.695s] Level 1:colcon.colcon_core.package_identification:_identify(src/navigation_core2) by extensions ['colcon_pkg']
[1.695s] Level 1:colcon.colcon_core.package_identification:_identify(src/navigation_core2) by extension 'colcon_pkg'
[1.696s] Level 1:colcon.colcon_core.package_identification:_identify(src/navigation_core2) by extensions ['colcon_meta']
[1.696s] Level 1:colcon.colcon_core.package_identification:_identify(src/navigation_core2) by extension 'colcon_meta'
[1.696s] Level 1:colcon.colcon_core.package_identification:_identify(src/navigation_core2) by extensions ['ros']
[1.696s] Level 1:colcon.colcon_core.package_identification:_identify(src/navigation_core2) by extension 'ros'
[1.696s] DEBUG:colcon.colcon_core.package_identification:Package 'src/navigation_core2' with type 'ros.ament_python' and name 'navigation_core2'
[1.696s] Level 1:colcon.colcon_core.package_identification:_identify(src/navigation_core3) by extensions ['ignore', 'ignore_ament_install']
[1.697s] Level 1:colcon.colcon_core.package_identification:_identify(src/navigation_core3) by extension 'ignore'
[1.697s] Level 1:colcon.colcon_core.package_identification:_identify(src/navigation_core3) by extension 'ignore_ament_install'
[1.697s] Level 1:colcon.colcon_core.package_identification:_identify(src/navigation_core3) by extensions ['colcon_pkg']
[1.697s] Level 1:colcon.colcon_core.package_identification:_identify(src/navigation_core3) by extension 'colcon_pkg'
[1.697s] Level 1:colcon.colcon_core.package_identification:_identify(src/navigation_core3) by extensions ['colcon_meta']
[1.697s] Level 1:colcon.colcon_core.package_identification:_identify(src/navigation_core3) by extension 'colcon_meta'
[1.697s] Level 1:colcon.colcon_core.package_identification:_identify(src/navigation_core3) by extensions ['ros']
[1.697s] Level 1:colcon.colcon_core.package_identification:_identify(src/navigation_core3) by extension 'ros'
[1.698s] DEBUG:colcon.colcon_core.package_identification:Package 'src/navigation_core3' with type 'ros.ament_python' and name 'navigation_core3'
[1.698s] Level 1:colcon.colcon_core.package_discovery:discover_packages(recursive) using defaults
[1.698s] Level 1:colcon.colcon_core.package_discovery:discover_packages(ignore) discover
[1.698s] Level 1:colcon.colcon_core.package_discovery:discover_packages(ignore) using defaults
[1.698s] Level 1:colcon.colcon_core.package_discovery:discover_packages(path) discover
[1.698s] Level 1:colcon.colcon_core.package_discovery:discover_packages(path) using defaults
[1.838s] Level 1:colcon.colcon_core.package_discovery:discover_packages(prefix_path) check parameters
[1.838s] Level 1:colcon.colcon_core.package_discovery:discover_packages(prefix_path) discover
[1.862s] WARNING:colcon.colcon_ros.prefix_path.ament:The path '/home/rsl/pioneerbase_ws/install/navigation_core' in the environment variable AMENT_PREFIX_PATH doesn't exist
[1.886s] DEBUG:colcon.colcon_installed_package_information.package_discovery:Found 1 installed packages in /home/rsl/pioneerbase_ws/install
[1.911s] DEBUG:colcon.colcon_installed_package_information.package_discovery:Found 270 installed packages in /opt/ros/humble
[1.913s] Level 1:colcon.colcon_core.package_discovery:discover_packages(prefix_path) using defaults
[2.065s] Level 5:colcon.colcon_core.verb:set package 'navigation_core1' build argument 'cmake_args' from command line to 'None'
[2.065s] Level 5:colcon.colcon_core.verb:set package 'navigation_core1' build argument 'cmake_target' from command line to 'None'
[2.065s] Level 5:colcon.colcon_core.verb:set package 'navigation_core1' build argument 'cmake_target_skip_unavailable' from command line to 'False'
[2.065s] Level 5:colcon.colcon_core.verb:set package 'navigation_core1' build argument 'cmake_clean_cache' from command line to 'False'
[2.065s] Level 5:colcon.colcon_core.verb:set package 'navigation_core1' build argument 'cmake_clean_first' from command line to 'False'
[2.065s] Level 5:colcon.colcon_core.verb:set package 'navigation_core1' build argument 'cmake_force_configure' from command line to 'False'
[2.065s] Level 5:colcon.colcon_core.verb:set package 'navigation_core1' build argument 'ament_cmake_args' from command line to 'None'
[2.066s] Level 5:colcon.colcon_core.verb:set package 'navigation_core1' build argument 'catkin_cmake_args' from command line to 'None'
[2.066s] Level 5:colcon.colcon_core.verb:set package 'navigation_core1' build argument 'catkin_skip_building_tests' from command line to 'False'
[2.066s] DEBUG:colcon.colcon_core.verb:Building package 'navigation_core1' with the following arguments: {'ament_cmake_args': None, 'build_base': '/home/rsl/pioneerbase_ws/build/navigation_core1', 'catkin_cmake_args': None, 'catkin_skip_building_tests': False, 'cmake_args': None, 'cmake_clean_cache': False, 'cmake_clean_first': False, 'cmake_force_configure': False, 'cmake_target': None, 'cmake_target_skip_unavailable': False, 'install_base': '/home/rsl/pioneerbase_ws/install/navigation_core1', 'merge_install': False, 'path': '/home/rsl/pioneerbase_ws/src/navigation_core1', 'symlink_install': False, 'test_result_base': None}
[2.089s] Level 5:colcon.colcon_core.verb:set package 'navigation_core2' build argument 'cmake_args' from command line to 'None'
[2.089s] Level 5:colcon.colcon_core.verb:set package 'navigation_core2' build argument 'cmake_target' from command line to 'None'
[2.089s] Level 5:colcon.colcon_core.verb:set package 'navigation_core2' build argument 'cmake_target_skip_unavailable' from command line to 'False'
[2.089s] Level 5:colcon.colcon_core.verb:set package 'navigation_core2' build argument 'cmake_clean_cache' from command line to 'False'
[2.089s] Level 5:colcon.colcon_core.verb:set package 'navigation_core2' build argument 'cmake_clean_first' from command line to 'False'
[2.089s] Level 5:colcon.colcon_core.verb:set package 'navigation_core2' build argument 'cmake_force_configure' from command line to 'False'
[2.089s] Level 5:colcon.colcon_core.verb:set package 'navigation_core2' build argument 'ament_cmake_args' from command line to 'None'
[2.089s] Level 5:colcon.colcon_core.verb:set package 'navigation_core2' build argument 'catkin_cmake_args' from command line to 'None'
[2.089s] Level 5:colcon.colcon_core.verb:set package 'navigation_core2' build argument 'catkin_skip_building_tests' from command line to 'False'
[2.089s] DEBUG:colcon.colcon_core.verb:Building package 'navigation_core2' with the following arguments: {'ament_cmake_args': None, 'build_base': '/home/rsl/pioneerbase_ws/build/navigation_core2', 'catkin_cmake_args': None, 'catkin_skip_building_tests': False, 'cmake_args': None, 'cmake_clean_cache': False, 'cmake_clean_first': False, 'cmake_force_configure': False, 'cmake_target': None, 'cmake_target_skip_unavailable': False, 'install_base': '/home/rsl/pioneerbase_ws/install/navigation_core2', 'merge_install': False, 'path': '/home/rsl/pioneerbase_ws/src/navigation_core2', 'symlink_install': False, 'test_result_base': None}
[2.113s] Level 5:colcon.colcon_core.verb:set package 'navigation_core3' build argument 'cmake_args' from command line to 'None'
[2.113s] Level 5:colcon.colcon_core.verb:set package 'navigation_core3' build argument 'cmake_target' from command line to 'None'
[2.113s] Level 5:colcon.colcon_core.verb:set package 'navigation_core3' build argument 'cmake_target_skip_unavailable' from command line to 'False'
[2.113s] Level 5:colcon.colcon_core.verb:set package 'navigation_core3' build argument 'cmake_clean_cache' from command line to 'False'
[2.113s] Level 5:colcon.colcon_core.verb:set package 'navigation_core3' build argument 'cmake_clean_first' from command line to 'False'
[2.113s] Level 5:colcon.colcon_core.verb:set package 'navigation_core3' build argument 'cmake_force_configure' from command line to 'False'
[2.113s] Level 5:colcon.colcon_core.verb:set package 'navigation_core3' build argument 'ament_cmake_args' from command line to 'None'
[2.113s] Level 5:colcon.colcon_core.verb:set package 'navigation_core3' build argument 'catkin_cmake_args' from command line to 'None'
[2.113s] Level 5:colcon.colcon_core.verb:set package 'navigation_core3' build argument 'catkin_skip_building_tests' from command line to 'False'
[2.113s] DEBUG:colcon.colcon_core.verb:Building package 'navigation_core3' with the following arguments: {'ament_cmake_args': None, 'build_base': '/home/rsl/pioneerbase_ws/build/navigation_core3', 'catkin_cmake_args': None, 'catkin_skip_building_tests': False, 'cmake_args': None, 'cmake_clean_cache': False, 'cmake_clean_first': False, 'cmake_force_configure': False, 'cmake_target': None, 'cmake_target_skip_unavailable': False, 'install_base': '/home/rsl/pioneerbase_ws/install/navigation_core3', 'merge_install': False, 'path': '/home/rsl/pioneerbase_ws/src/navigation_core3', 'symlink_install': False, 'test_result_base': None}
[2.136s] INFO:colcon.colcon_core.executor:Executing jobs using 'parallel' executor
[2.160s] DEBUG:colcon.colcon_parallel_executor.executor.parallel:run_until_complete
[2.160s] INFO:colcon.colcon_ros.task.ament_python.build:Building ROS package in '/home/rsl/pioneerbase_ws/src/navigation_core1' with build type 'ament_python'
[2.160s] Level 1:colcon.colcon_core.shell:create_environment_hook('navigation_core1', 'ament_prefix_path')
[2.187s] INFO:colcon.colcon_core.plugin_system:Skipping extension 'colcon_core.shell.bat': Not used on non-Windows systems
[2.187s] INFO:colcon.colcon_core.shell:Creating environment hook '/home/rsl/pioneerbase_ws/install/navigation_core1/share/navigation_core1/hook/ament_prefix_path.ps1'
[2.188s] INFO:colcon.colcon_core.shell:Creating environment descriptor '/home/rsl/pioneerbase_ws/install/navigation_core1/share/navigation_core1/hook/ament_prefix_path.dsv'
[2.188s] INFO:colcon.colcon_core.shell:Creating environment hook '/home/rsl/pioneerbase_ws/install/navigation_core1/share/navigation_core1/hook/ament_prefix_path.sh'
[2.214s] INFO:colcon.colcon_core.shell:Skip shell extension 'powershell' for command environment: Not usable outside of PowerShell
[2.214s] DEBUG:colcon.colcon_core.shell:Skip shell extension 'dsv' for command environment
[2.287s] INFO:colcon.colcon_ros.task.ament_python.build:Building ROS package in '/home/rsl/pioneerbase_ws/src/navigation_core2' with build type 'ament_python'
[2.288s] Level 1:colcon.colcon_core.shell:create_environment_hook('navigation_core2', 'ament_prefix_path')
[2.313s] INFO:colcon.colcon_core.shell:Creating environment hook '/home/rsl/pioneerbase_ws/install/navigation_core2/share/navigation_core2/hook/ament_prefix_path.ps1'
[2.313s] INFO:colcon.colcon_core.shell:Creating environment descriptor '/home/rsl/pioneerbase_ws/install/navigation_core2/share/navigation_core2/hook/ament_prefix_path.dsv'
[2.314s] INFO:colcon.colcon_core.shell:Creating environment hook '/home/rsl/pioneerbase_ws/install/navigation_core2/share/navigation_core2/hook/ament_prefix_path.sh'
[2.339s] INFO:colcon.colcon_core.shell:Skip shell extension 'powershell' for command environment: Not usable outside of PowerShell
[2.339s] DEBUG:colcon.colcon_core.shell:Skip shell extension 'dsv' for command environment
[2.415s] INFO:colcon.colcon_ros.task.ament_python.build:Building ROS package in '/home/rsl/pioneerbase_ws/src/navigation_core3' with build type 'ament_python'
[2.415s] Level 1:colcon.colcon_core.shell:create_environment_hook('navigation_core3', 'ament_prefix_path')
[2.440s] INFO:colcon.colcon_core.shell:Creating environment hook '/home/rsl/pioneerbase_ws/install/navigation_core3/share/navigation_core3/hook/ament_prefix_path.ps1'
[2.441s] INFO:colcon.colcon_core.shell:Creating environment descriptor '/home/rsl/pioneerbase_ws/install/navigation_core3/share/navigation_core3/hook/ament_prefix_path.dsv'
[2.441s] INFO:colcon.colcon_core.shell:Creating environment hook '/home/rsl/pioneerbase_ws/install/navigation_core3/share/navigation_core3/hook/ament_prefix_path.sh'
[2.467s] INFO:colcon.colcon_core.shell:Skip shell extension 'powershell' for command environment: Not usable outside of PowerShell
[2.467s] DEBUG:colcon.colcon_core.shell:Skip shell extension 'dsv' for command environment
[2.915s] INFO:colcon.colcon_core.task.python.build:Building Python package in '/home/rsl/pioneerbase_ws/src/navigation_core1'
[2.940s] INFO:colcon.colcon_core.shell:Skip shell extension 'powershell' for command environment: Not usable outside of PowerShell
[2.941s] DEBUG:colcon.colcon_core.shell:Skip shell extension 'dsv' for command environment
[3.388s] INFO:colcon.colcon_core.task.python.build:Building Python package in '/home/rsl/pioneerbase_ws/src/navigation_core2'
[3.415s] INFO:colcon.colcon_core.shell:Skip shell extension 'powershell' for command environment: Not usable outside of PowerShell
[3.415s] DEBUG:colcon.colcon_core.shell:Skip shell extension 'dsv' for command environment
[3.869s] INFO:colcon.colcon_core.task.python.build:Building Python package in '/home/rsl/pioneerbase_ws/src/navigation_core3'
[3.899s] INFO:colcon.colcon_core.shell:Skip shell extension 'powershell' for command environment: Not usable outside of PowerShell
[3.899s] DEBUG:colcon.colcon_core.shell:Skip shell extension 'dsv' for command environment
[4.499s] DEBUG:colcon.colcon_core.event_handler.log_command:Invoking command in '/home/rsl/pioneerbase_ws/src/navigation_core2': PYTHONPATH=/home/rsl/pioneerbase_ws/build/navigation_core2/prefix_override:/home/rsl/pioneerbase_ws/install/navigation_core2/lib/python3.10/site-packages:${PYTHONPATH} /usr/bin/python3 setup.py egg_info --egg-base ../../build/navigation_core2 build --build-base /home/rsl/pioneerbase_ws/build/navigation_core2/build install --record /home/rsl/pioneerbase_ws/build/navigation_core2/install.log --single-version-externally-managed
[4.798s] DEBUG:colcon.colcon_core.event_handler.log_command:Invoking command in '/home/rsl/pioneerbase_ws/src/navigation_core1': PYTHONPATH=/home/rsl/pioneerbase_ws/build/navigation_core1/prefix_override:/home/rsl/pioneerbase_ws/install/navigation_core1/lib/python3.10/site-packages:${PYTHONPATH} /usr/bin/python3 setup.py egg_info --egg-base ../../build/navigation_core1 build --build-base /home/rsl/pioneerbase_ws/build/navigation_core1/build install --record /home/rsl/pioneerbase_ws/build/navigation_core1/install.log --single-version-externally-managed
[4.812s] DEBUG:colcon.colcon_core.event_handler.log_command:Invoking command in '/home/rsl/pioneerbase_ws/src/navigation_core3': PYTHONPATH=/home/rsl/pioneerbase_ws/build/navigation_core3/prefix_override:/home/rsl/pioneerbase_ws/install/navigation_core3/lib/python3.10/site-packages:${PYTHONPATH} /usr/bin/python3 setup.py egg_info --egg-base ../../build/navigation_core3 build --build-base /home/rsl/pioneerbase_ws/build/navigation_core3/build install --record /home/rsl/pioneerbase_ws/build/navigation_core3/install.log --single-version-externally-managed
[5.068s] DEBUG:colcon.colcon_core.event_handler.log_command:Invoked command in '/home/rsl/pioneerbase_ws/src/navigation_core2' returned '0': PYTHONPATH=/home/rsl/pioneerbase_ws/build/navigation_core2/prefix_override:/home/rsl/pioneerbase_ws/install/navigation_core2/lib/python3.10/site-packages:${PYTHONPATH} /usr/bin/python3 setup.py egg_info --egg-base ../../build/navigation_core2 build --build-base /home/rsl/pioneerbase_ws/build/navigation_core2/build install --record /home/rsl/pioneerbase_ws/build/navigation_core2/install.log --single-version-externally-managed
[5.115s] Level 1:colcon.colcon_core.environment:checking '/home/rsl/pioneerbase_ws/install/navigation_core2' for CMake module files
[5.116s] Level 1:colcon.colcon_core.environment:checking '/home/rsl/pioneerbase_ws/install/navigation_core2' for CMake config files
[5.117s] Level 1:colcon.colcon_core.environment:checking '/home/rsl/pioneerbase_ws/install/navigation_core2/lib'
[5.118s] Level 1:colcon.colcon_core.environment:checking '/home/rsl/pioneerbase_ws/install/navigation_core2/bin'
[5.118s] Level 1:colcon.colcon_core.environment:checking '/home/rsl/pioneerbase_ws/install/navigation_core2/lib/pkgconfig/navigation_core2.pc'
[5.118s] Level 1:colcon.colcon_core.environment:checking '/home/rsl/pioneerbase_ws/install/navigation_core2/lib/python3.10/site-packages'
[5.118s] Level 1:colcon.colcon_core.shell:create_environment_hook('navigation_core2', 'pythonpath')
[5.162s] INFO:colcon.colcon_core.shell:Creating environment hook '/home/rsl/pioneerbase_ws/install/navigation_core2/share/navigation_core2/hook/pythonpath.ps1'
[5.163s] INFO:colcon.colcon_core.shell:Creating environment descriptor '/home/rsl/pioneerbase_ws/install/navigation_core2/share/navigation_core2/hook/pythonpath.dsv'
[5.164s] INFO:colcon.colcon_core.shell:Creating environment hook '/home/rsl/pioneerbase_ws/install/navigation_core2/share/navigation_core2/hook/pythonpath.sh'
[5.165s] Level 1:colcon.colcon_core.environment:checking '/home/rsl/pioneerbase_ws/install/navigation_core2/bin'
[5.165s] Level 1:colcon.colcon_core.environment:create_environment_scripts_only(navigation_core2)
[5.222s] INFO:colcon.colcon_core.shell:Creating package script '/home/rsl/pioneerbase_ws/install/navigation_core2/share/navigation_core2/package.ps1'
[5.224s] INFO:colcon.colcon_core.shell:Creating package descriptor '/home/rsl/pioneerbase_ws/install/navigation_core2/share/navigation_core2/package.dsv'
[5.225s] INFO:colcon.colcon_core.shell:Creating package script '/home/rsl/pioneerbase_ws/install/navigation_core2/share/navigation_core2/package.sh'
[5.227s] INFO:colcon.colcon_core.shell:Creating package script '/home/rsl/pioneerbase_ws/install/navigation_core2/share/navigation_core2/package.bash'
[5.229s] INFO:colcon.colcon_core.shell:Creating package script '/home/rsl/pioneerbase_ws/install/navigation_core2/share/navigation_core2/package.zsh'
[5.230s] Level 1:colcon.colcon_core.environment:create_file_with_runtime_dependencies(/home/rsl/pioneerbase_ws/install/navigation_core2/share/colcon-core/packages/navigation_core2)
[5.291s] DEBUG:colcon.colcon_core.event_handler.log_command:Invoked command in '/home/rsl/pioneerbase_ws/src/navigation_core3' returned '0': PYTHONPATH=/home/rsl/pioneerbase_ws/build/navigation_core3/prefix_override:/home/rsl/pioneerbase_ws/install/navigation_core3/lib/python3.10/site-packages:${PYTHONPATH} /usr/bin/python3 setup.py egg_info --egg-base ../../build/navigation_core3 build --build-base /home/rsl/pioneerbase_ws/build/navigation_core3/build install --record /home/rsl/pioneerbase_ws/build/navigation_core3/install.log --single-version-externally-managed
[5.317s] Level 1:colcon.colcon_core.environment:checking '/home/rsl/pioneerbase_ws/install/navigation_core3' for CMake module files
[5.317s] Level 1:colcon.colcon_core.environment:checking '/home/rsl/pioneerbase_ws/install/navigation_core3' for CMake config files
[5.318s] Level 1:colcon.colcon_core.environment:checking '/home/rsl/pioneerbase_ws/install/navigation_core3/lib'
[5.318s] Level 1:colcon.colcon_core.environment:checking '/home/rsl/pioneerbase_ws/install/navigation_core3/bin'
[5.318s] Level 1:colcon.colcon_core.environment:checking '/home/rsl/pioneerbase_ws/install/navigation_core3/lib/pkgconfig/navigation_core3.pc'
[5.319s] Level 1:colcon.colcon_core.environment:checking '/home/rsl/pioneerbase_ws/install/navigation_core3/lib/python3.10/site-packages'
[5.319s] Level 1:colcon.colcon_core.shell:create_environment_hook('navigation_core3', 'pythonpath')
[5.344s] INFO:colcon.colcon_core.shell:Creating environment hook '/home/rsl/pioneerbase_ws/install/navigation_core3/share/navigation_core3/hook/pythonpath.ps1'
[5.345s] INFO:colcon.colcon_core.shell:Creating environment descriptor '/home/rsl/pioneerbase_ws/install/navigation_core3/share/navigation_core3/hook/pythonpath.dsv'
[5.345s] INFO:colcon.colcon_core.shell:Creating environment hook '/home/rsl/pioneerbase_ws/install/navigation_core3/share/navigation_core3/hook/pythonpath.sh'
[5.346s] Level 1:colcon.colcon_core.environment:checking '/home/rsl/pioneerbase_ws/install/navigation_core3/bin'
[5.346s] Level 1:colcon.colcon_core.environment:create_environment_scripts_only(navigation_core3)
[5.380s] INFO:colcon.colcon_core.shell:Creating package script '/home/rsl/pioneerbase_ws/install/navigation_core3/share/navigation_core3/package.ps1'
[5.381s] INFO:colcon.colcon_core.shell:Creating package descriptor '/home/rsl/pioneerbase_ws/install/navigation_core3/share/navigation_core3/package.dsv'
[5.381s] INFO:colcon.colcon_core.shell:Creating package script '/home/rsl/pioneerbase_ws/install/navigation_core3/share/navigation_core3/package.sh'
[5.382s] INFO:colcon.colcon_core.shell:Creating package script '/home/rsl/pioneerbase_ws/install/navigation_core3/share/navigation_core3/package.bash'
[5.382s] INFO:colcon.colcon_core.shell:Creating package script '/home/rsl/pioneerbase_ws/install/navigation_core3/share/navigation_core3/package.zsh'
[5.383s] Level 1:colcon.colcon_core.environment:create_file_with_runtime_dependencies(/home/rsl/pioneerbase_ws/install/navigation_core3/share/colcon-core/packages/navigation_core3)
[5.431s] DEBUG:colcon.colcon_core.event_handler.log_command:Invoked command in '/home/rsl/pioneerbase_ws/src/navigation_core1' returned '0': PYTHONPATH=/home/rsl/pioneerbase_ws/build/navigation_core1/prefix_override:/home/rsl/pioneerbase_ws/install/navigation_core1/lib/python3.10/site-packages:${PYTHONPATH} /usr/bin/python3 setup.py egg_info --egg-base ../../build/navigation_core1 build --build-base /home/rsl/pioneerbase_ws/build/navigation_core1/build install --record /home/rsl/pioneerbase_ws/build/navigation_core1/install.log --single-version-externally-managed
[5.456s] Level 1:colcon.colcon_core.environment:checking '/home/rsl/pioneerbase_ws/install/navigation_core1' for CMake module files
[5.456s] Level 1:colcon.colcon_core.environment:checking '/home/rsl/pioneerbase_ws/install/navigation_core1' for CMake config files
[5.457s] Level 1:colcon.colcon_core.environment:checking '/home/rsl/pioneerbase_ws/install/navigation_core1/lib'
[5.457s] Level 1:colcon.colcon_core.environment:checking '/home/rsl/pioneerbase_ws/install/navigation_core1/bin'
[5.458s] Level 1:colcon.colcon_core.environment:checking '/home/rsl/pioneerbase_ws/install/navigation_core1/lib/pkgconfig/navigation_core1.pc'
[5.458s] Level 1:colcon.colcon_core.environment:checking '/home/rsl/pioneerbase_ws/install/navigation_core1/lib/python3.10/site-packages'
[5.458s] Level 1:colcon.colcon_core.shell:create_environment_hook('navigation_core1', 'pythonpath')
[5.485s] INFO:colcon.colcon_core.shell:Creating environment hook '/home/rsl/pioneerbase_ws/install/navigation_core1/share/navigation_core1/hook/pythonpath.ps1'
[5.486s] INFO:colcon.colcon_core.shell:Creating environment descriptor '/home/rsl/pioneerbase_ws/install/navigation_core1/share/navigation_core1/hook/pythonpath.dsv'
[5.486s] INFO:colcon.colcon_core.shell:Creating environment hook '/home/rsl/pioneerbase_ws/install/navigation_core1/share/navigation_core1/hook/pythonpath.sh'
[5.487s] Level 1:colcon.colcon_core.environment:checking '/home/rsl/pioneerbase_ws/install/navigation_core1/bin'
[5.487s] Level 1:colcon.colcon_core.environment:create_environment_scripts_only(navigation_core1)
[5.512s] INFO:colcon.colcon_core.shell:Creating package script '/home/rsl/pioneerbase_ws/install/navigation_core1/share/navigation_core1/package.ps1'
[5.513s] INFO:colcon.colcon_core.shell:Creating package descriptor '/home/rsl/pioneerbase_ws/install/navigation_core1/share/navigation_core1/package.dsv'
[5.513s] INFO:colcon.colcon_core.shell:Creating package script '/home/rsl/pioneerbase_ws/install/navigation_core1/share/navigation_core1/package.sh'
[5.514s] INFO:colcon.colcon_core.shell:Creating package script '/home/rsl/pioneerbase_ws/install/navigation_core1/share/navigation_core1/package.bash'
[5.514s] INFO:colcon.colcon_core.shell:Creating package script '/home/rsl/pioneerbase_ws/install/navigation_core1/share/navigation_core1/package.zsh'
[5.515s] Level 1:colcon.colcon_core.environment:create_file_with_runtime_dependencies(/home/rsl/pioneerbase_ws/install/navigation_core1/share/colcon-core/packages/navigation_core1)
[5.515s] DEBUG:colcon.colcon_parallel_executor.executor.parallel:closing loop
[5.516s] DEBUG:colcon.colcon_parallel_executor.executor.parallel:loop closed
[5.516s] DEBUG:colcon.colcon_parallel_executor.executor.parallel:run_until_complete finished with '0'
[5.517s] DEBUG:colcon.colcon_core.event_reactor:joining thread
[5.577s] INFO:colcon.colcon_core.plugin_system:Skipping extension 'colcon_notification.desktop_notification.terminal_notifier': Not used on non-Darwin systems
[5.578s] INFO:colcon.colcon_core.plugin_system:Skipping extension 'colcon_notification.desktop_notification.win32': Not used on non-Windows systems
[5.578s] INFO:colcon.colcon_notification.desktop_notification:Sending desktop notification using 'notify2'
[5.607s] DEBUG:colcon.colcon_core.event_reactor:joined thread
[5.644s] INFO:colcon.colcon_core.shell:Creating prefix script '/home/rsl/pioneerbase_ws/install/local_setup.ps1'
[5.645s] INFO:colcon.colcon_core.shell:Creating prefix util module '/home/rsl/pioneerbase_ws/install/_local_setup_util_ps1.py'
[5.647s] INFO:colcon.colcon_core.shell:Creating prefix chain script '/home/rsl/pioneerbase_ws/install/setup.ps1'
[5.676s] INFO:colcon.colcon_core.shell:Creating prefix script '/home/rsl/pioneerbase_ws/install/local_setup.sh'
[5.677s] INFO:colcon.colcon_core.shell:Creating prefix util module '/home/rsl/pioneerbase_ws/install/_local_setup_util_sh.py'
[5.678s] INFO:colcon.colcon_core.shell:Creating prefix chain script '/home/rsl/pioneerbase_ws/install/setup.sh'
[5.705s] INFO:colcon.colcon_core.shell:Creating prefix script '/home/rsl/pioneerbase_ws/install/local_setup.bash'
[5.706s] INFO:colcon.colcon_core.shell:Creating prefix chain script '/home/rsl/pioneerbase_ws/install/setup.bash'
[5.732s] INFO:colcon.colcon_core.shell:Creating prefix script '/home/rsl/pioneerbase_ws/install/local_setup.zsh'
[5.732s] INFO:colcon.colcon_core.shell:Creating prefix chain script '/home/rsl/pioneerbase_ws/install/setup.zsh'
