[1.614s] DEBUG:colcon:Command line arguments: ['/usr/bin/colcon', 'build']
[1.615s] DEBUG:colcon:Parsed command line arguments: Namespace(log_base=None, log_level=None, verb_name='build', build_base='build', install_base='install', merge_install=False, symlink_install=False, test_result_base=None, continue_on_error=False, executor='parallel', parallel_workers=4, event_handlers=None, ignore_user_meta=False, metas=['./colcon.meta'], base_paths=['.'], packages_ignore=None, packages_ignore_regex=None, paths=None, packages_up_to=None, packages_up_to_regex=None, packages_above=None, packages_above_and_dependencies=None, packages_above_depth=None, packages_select_by_dep=None, packages_skip_by_dep=None, packages_skip_up_to=None, packages_select_build_failed=False, packages_skip_build_finished=False, packages_select_test_failures=False, packages_skip_test_passed=False, packages_select=None, packages_skip=None, packages_select_regex=None, packages_skip_regex=None, packages_start=None, packages_end=None, allow_overriding=[], cmake_args=None, cmake_target=None, cmake_target_skip_unavailable=False, cmake_clean_cache=False, cmake_clean_first=False, cmake_force_configure=False, ament_cmake_args=None, catkin_cmake_args=None, catkin_skip_building_tests=False, verb_parser=<colcon_defaults.argument_parser.defaults.DefaultArgumentsDecorator object at 0x7faaf3b6f8e0>, verb_extension=<colcon_core.verb.build.BuildVerb object at 0x7faaf3fb72b0>, main=<bound method BuildVerb.main of <colcon_core.verb.build.BuildVerb object at 0x7faaf3fb72b0>>)
[1.687s] Level 1:colcon.colcon_core.package_discovery:discover_packages(colcon_meta) check parameters
[1.688s] Level 1:colcon.colcon_core.package_discovery:discover_packages(recursive) check parameters
[1.688s] Level 1:colcon.colcon_core.package_discovery:discover_packages(ignore) check parameters
[1.688s] Level 1:colcon.colcon_core.package_discovery:discover_packages(path) check parameters
[1.688s] Level 1:colcon.colcon_core.package_discovery:discover_packages(colcon_meta) discover
[1.688s] Level 1:colcon.colcon_core.package_discovery:discover_packages(recursive) discover
[1.688s] INFO:colcon.colcon_core.package_discovery:Crawling recursively for packages in '/home/rsl/pioneerbase_ws/src'
[1.688s] Level 1:colcon.colcon_core.package_identification:_identify(.) by extensions ['ignore', 'ignore_ament_install']
[1.688s] Level 1:colcon.colcon_core.package_identification:_identify(.) by extension 'ignore'
[1.688s] Level 1:colcon.colcon_core.package_identification:_identify(.) by extension 'ignore_ament_install'
[1.688s] Level 1:colcon.colcon_core.package_identification:_identify(.) by extensions ['colcon_pkg']
[1.688s] Level 1:colcon.colcon_core.package_identification:_identify(.) by extension 'colcon_pkg'
[1.688s] Level 1:colcon.colcon_core.package_identification:_identify(.) by extensions ['colcon_meta']
[1.689s] Level 1:colcon.colcon_core.package_identification:_identify(.) by extension 'colcon_meta'
[1.689s] Level 1:colcon.colcon_core.package_identification:_identify(.) by extensions ['ros']
[1.689s] Level 1:colcon.colcon_core.package_identification:_identify(.) by extension 'ros'
[1.705s] Level 1:colcon.colcon_core.package_identification:_identify(.) by extensions ['cmake', 'python']
[1.705s] Level 1:colcon.colcon_core.package_identification:_identify(.) by extension 'cmake'
[1.705s] Level 1:colcon.colcon_core.package_identification:_identify(.) by extension 'python'
[1.705s] Level 1:colcon.colcon_core.package_identification:_identify(.) by extensions ['python_setup_py']
[1.705s] Level 1:colcon.colcon_core.package_identification:_identify(.) by extension 'python_setup_py'
[1.705s] Level 1:colcon.colcon_core.package_identification:_identify(bs_launch) by extensions ['ignore', 'ignore_ament_install']
[1.705s] Level 1:colcon.colcon_core.package_identification:_identify(bs_launch) by extension 'ignore'
[1.706s] Level 1:colcon.colcon_core.package_identification:_identify(bs_launch) by extension 'ignore_ament_install'
[1.706s] Level 1:colcon.colcon_core.package_identification:_identify(bs_launch) by extensions ['colcon_pkg']
[1.706s] Level 1:colcon.colcon_core.package_identification:_identify(bs_launch) by extension 'colcon_pkg'
[1.706s] Level 1:colcon.colcon_core.package_identification:_identify(bs_launch) by extensions ['colcon_meta']
[1.706s] Level 1:colcon.colcon_core.package_identification:_identify(bs_launch) by extension 'colcon_meta'
[1.706s] Level 1:colcon.colcon_core.package_identification:_identify(bs_launch) by extensions ['ros']
[1.706s] Level 1:colcon.colcon_core.package_identification:_identify(bs_launch) by extension 'ros'
[1.709s] DEBUG:colcon.colcon_core.package_identification:Package 'bs_launch' with type 'ros.ament_python' and name 'bs_launch'
[1.709s] Level 1:colcon.colcon_core.package_identification:_identify(build) by extensions ['ignore', 'ignore_ament_install']
[1.709s] Level 1:colcon.colcon_core.package_identification:_identify(build) by extension 'ignore'
[1.709s] Level 1:colcon.colcon_core.package_identification:_identify(build) ignored
[1.710s] Level 1:colcon.colcon_core.package_identification:_identify(gps_target_push) by extensions ['ignore', 'ignore_ament_install']
[1.710s] Level 1:colcon.colcon_core.package_identification:_identify(gps_target_push) by extension 'ignore'
[1.710s] Level 1:colcon.colcon_core.package_identification:_identify(gps_target_push) by extension 'ignore_ament_install'
[1.710s] Level 1:colcon.colcon_core.package_identification:_identify(gps_target_push) by extensions ['colcon_pkg']
[1.710s] Level 1:colcon.colcon_core.package_identification:_identify(gps_target_push) by extension 'colcon_pkg'
[1.710s] Level 1:colcon.colcon_core.package_identification:_identify(gps_target_push) by extensions ['colcon_meta']
[1.710s] Level 1:colcon.colcon_core.package_identification:_identify(gps_target_push) by extension 'colcon_meta'
[1.710s] Level 1:colcon.colcon_core.package_identification:_identify(gps_target_push) by extensions ['ros']
[1.710s] Level 1:colcon.colcon_core.package_identification:_identify(gps_target_push) by extension 'ros'
[1.711s] DEBUG:colcon.colcon_core.package_identification:Package 'gps_target_push' with type 'ros.ament_python' and name 'gps_target_push'
[1.711s] Level 1:colcon.colcon_core.package_identification:_identify(install) by extensions ['ignore', 'ignore_ament_install']
[1.711s] Level 1:colcon.colcon_core.package_identification:_identify(install) by extension 'ignore'
[1.711s] Level 1:colcon.colcon_core.package_identification:_identify(install) ignored
[1.711s] Level 1:colcon.colcon_core.package_identification:_identify(log) by extensions ['ignore', 'ignore_ament_install']
[1.711s] Level 1:colcon.colcon_core.package_identification:_identify(log) by extension 'ignore'
[1.712s] Level 1:colcon.colcon_core.package_identification:_identify(log) ignored
[1.712s] Level 1:colcon.colcon_core.package_identification:_identify(mode_select) by extensions ['ignore', 'ignore_ament_install']
[1.712s] Level 1:colcon.colcon_core.package_identification:_identify(mode_select) by extension 'ignore'
[1.712s] Level 1:colcon.colcon_core.package_identification:_identify(mode_select) by extension 'ignore_ament_install'
[1.712s] Level 1:colcon.colcon_core.package_identification:_identify(mode_select) by extensions ['colcon_pkg']
[1.712s] Level 1:colcon.colcon_core.package_identification:_identify(mode_select) by extension 'colcon_pkg'
[1.712s] Level 1:colcon.colcon_core.package_identification:_identify(mode_select) by extensions ['colcon_meta']
[1.712s] Level 1:colcon.colcon_core.package_identification:_identify(mode_select) by extension 'colcon_meta'
[1.712s] Level 1:colcon.colcon_core.package_identification:_identify(mode_select) by extensions ['ros']
[1.712s] Level 1:colcon.colcon_core.package_identification:_identify(mode_select) by extension 'ros'
[1.713s] DEBUG:colcon.colcon_core.package_identification:Package 'mode_select' with type 'ros.ament_python' and name 'mode_select'
[1.713s] Level 1:colcon.colcon_core.package_identification:_identify(navigation_core1) by extensions ['ignore', 'ignore_ament_install']
[1.713s] Level 1:colcon.colcon_core.package_identification:_identify(navigation_core1) by extension 'ignore'
[1.713s] Level 1:colcon.colcon_core.package_identification:_identify(navigation_core1) by extension 'ignore_ament_install'
[1.713s] Level 1:colcon.colcon_core.package_identification:_identify(navigation_core1) by extensions ['colcon_pkg']
[1.713s] Level 1:colcon.colcon_core.package_identification:_identify(navigation_core1) by extension 'colcon_pkg'
[1.713s] Level 1:colcon.colcon_core.package_identification:_identify(navigation_core1) by extensions ['colcon_meta']
[1.713s] Level 1:colcon.colcon_core.package_identification:_identify(navigation_core1) by extension 'colcon_meta'
[1.713s] Level 1:colcon.colcon_core.package_identification:_identify(navigation_core1) by extensions ['ros']
[1.713s] Level 1:colcon.colcon_core.package_identification:_identify(navigation_core1) by extension 'ros'
[1.714s] DEBUG:colcon.colcon_core.package_identification:Package 'navigation_core1' with type 'ros.ament_python' and name 'navigation_core1'
[1.714s] Level 1:colcon.colcon_core.package_identification:_identify(navigation_core2) by extensions ['ignore', 'ignore_ament_install']
[1.714s] Level 1:colcon.colcon_core.package_identification:_identify(navigation_core2) by extension 'ignore'
[1.714s] Level 1:colcon.colcon_core.package_identification:_identify(navigation_core2) by extension 'ignore_ament_install'
[1.715s] Level 1:colcon.colcon_core.package_identification:_identify(navigation_core2) by extensions ['colcon_pkg']
[1.715s] Level 1:colcon.colcon_core.package_identification:_identify(navigation_core2) by extension 'colcon_pkg'
[1.715s] Level 1:colcon.colcon_core.package_identification:_identify(navigation_core2) by extensions ['colcon_meta']
[1.715s] Level 1:colcon.colcon_core.package_identification:_identify(navigation_core2) by extension 'colcon_meta'
[1.715s] Level 1:colcon.colcon_core.package_identification:_identify(navigation_core2) by extensions ['ros']
[1.715s] Level 1:colcon.colcon_core.package_identification:_identify(navigation_core2) by extension 'ros'
[1.715s] DEBUG:colcon.colcon_core.package_identification:Package 'navigation_core2' with type 'ros.ament_python' and name 'navigation_core2'
[1.716s] Level 1:colcon.colcon_core.package_identification:_identify(navigation_core3) by extensions ['ignore', 'ignore_ament_install']
[1.716s] Level 1:colcon.colcon_core.package_identification:_identify(navigation_core3) by extension 'ignore'
[1.716s] Level 1:colcon.colcon_core.package_identification:_identify(navigation_core3) by extension 'ignore_ament_install'
[1.716s] Level 1:colcon.colcon_core.package_identification:_identify(navigation_core3) by extensions ['colcon_pkg']
[1.716s] Level 1:colcon.colcon_core.package_identification:_identify(navigation_core3) by extension 'colcon_pkg'
[1.716s] Level 1:colcon.colcon_core.package_identification:_identify(navigation_core3) by extensions ['colcon_meta']
[1.716s] Level 1:colcon.colcon_core.package_identification:_identify(navigation_core3) by extension 'colcon_meta'
[1.716s] Level 1:colcon.colcon_core.package_identification:_identify(navigation_core3) by extensions ['ros']
[1.716s] Level 1:colcon.colcon_core.package_identification:_identify(navigation_core3) by extension 'ros'
[1.717s] DEBUG:colcon.colcon_core.package_identification:Package 'navigation_core3' with type 'ros.ament_python' and name 'navigation_core3'
[1.717s] Level 1:colcon.colcon_core.package_identification:_identify(rover_teleop_joy) by extensions ['ignore', 'ignore_ament_install']
[1.717s] Level 1:colcon.colcon_core.package_identification:_identify(rover_teleop_joy) by extension 'ignore'
[1.717s] Level 1:colcon.colcon_core.package_identification:_identify(rover_teleop_joy) by extension 'ignore_ament_install'
[1.717s] Level 1:colcon.colcon_core.package_identification:_identify(rover_teleop_joy) by extensions ['colcon_pkg']
[1.717s] Level 1:colcon.colcon_core.package_identification:_identify(rover_teleop_joy) by extension 'colcon_pkg'
[1.717s] Level 1:colcon.colcon_core.package_identification:_identify(rover_teleop_joy) by extensions ['colcon_meta']
[1.717s] Level 1:colcon.colcon_core.package_identification:_identify(rover_teleop_joy) by extension 'colcon_meta'
[1.717s] Level 1:colcon.colcon_core.package_identification:_identify(rover_teleop_joy) by extensions ['ros']
[1.717s] Level 1:colcon.colcon_core.package_identification:_identify(rover_teleop_joy) by extension 'ros'
[1.718s] DEBUG:colcon.colcon_core.package_identification:Package 'rover_teleop_joy' with type 'ros.ament_python' and name 'rover_teleop_joy'
[1.718s] Level 1:colcon.colcon_core.package_discovery:discover_packages(recursive) using defaults
[1.718s] Level 1:colcon.colcon_core.package_discovery:discover_packages(ignore) discover
[1.719s] Level 1:colcon.colcon_core.package_discovery:discover_packages(ignore) using defaults
[1.719s] Level 1:colcon.colcon_core.package_discovery:discover_packages(path) discover
[1.719s] Level 1:colcon.colcon_core.package_discovery:discover_packages(path) using defaults
[1.866s] Level 1:colcon.colcon_core.package_discovery:discover_packages(prefix_path) check parameters
[1.866s] Level 1:colcon.colcon_core.package_discovery:discover_packages(prefix_path) discover
[1.916s] DEBUG:colcon.colcon_installed_package_information.package_discovery:Found 7 installed packages in /home/rsl/pioneerbase_ws/src/install
[1.941s] DEBUG:colcon.colcon_installed_package_information.package_discovery:Found 270 installed packages in /opt/ros/humble
[1.944s] Level 1:colcon.colcon_core.package_discovery:discover_packages(prefix_path) using defaults
[2.099s] Level 5:colcon.colcon_core.verb:set package 'bs_launch' build argument 'cmake_args' from command line to 'None'
[2.099s] Level 5:colcon.colcon_core.verb:set package 'bs_launch' build argument 'cmake_target' from command line to 'None'
[2.099s] Level 5:colcon.colcon_core.verb:set package 'bs_launch' build argument 'cmake_target_skip_unavailable' from command line to 'False'
[2.099s] Level 5:colcon.colcon_core.verb:set package 'bs_launch' build argument 'cmake_clean_cache' from command line to 'False'
[2.099s] Level 5:colcon.colcon_core.verb:set package 'bs_launch' build argument 'cmake_clean_first' from command line to 'False'
[2.099s] Level 5:colcon.colcon_core.verb:set package 'bs_launch' build argument 'cmake_force_configure' from command line to 'False'
[2.099s] Level 5:colcon.colcon_core.verb:set package 'bs_launch' build argument 'ament_cmake_args' from command line to 'None'
[2.099s] Level 5:colcon.colcon_core.verb:set package 'bs_launch' build argument 'catkin_cmake_args' from command line to 'None'
[2.099s] Level 5:colcon.colcon_core.verb:set package 'bs_launch' build argument 'catkin_skip_building_tests' from command line to 'False'
[2.099s] DEBUG:colcon.colcon_core.verb:Building package 'bs_launch' with the following arguments: {'ament_cmake_args': None, 'build_base': '/home/rsl/pioneerbase_ws/src/build/bs_launch', 'catkin_cmake_args': None, 'catkin_skip_building_tests': False, 'cmake_args': None, 'cmake_clean_cache': False, 'cmake_clean_first': False, 'cmake_force_configure': False, 'cmake_target': None, 'cmake_target_skip_unavailable': False, 'install_base': '/home/rsl/pioneerbase_ws/src/install/bs_launch', 'merge_install': False, 'path': '/home/rsl/pioneerbase_ws/src/bs_launch', 'symlink_install': False, 'test_result_base': None}
[2.124s] Level 5:colcon.colcon_core.verb:set package 'gps_target_push' build argument 'cmake_args' from command line to 'None'
[2.124s] Level 5:colcon.colcon_core.verb:set package 'gps_target_push' build argument 'cmake_target' from command line to 'None'
[2.124s] Level 5:colcon.colcon_core.verb:set package 'gps_target_push' build argument 'cmake_target_skip_unavailable' from command line to 'False'
[2.124s] Level 5:colcon.colcon_core.verb:set package 'gps_target_push' build argument 'cmake_clean_cache' from command line to 'False'
[2.124s] Level 5:colcon.colcon_core.verb:set package 'gps_target_push' build argument 'cmake_clean_first' from command line to 'False'
[2.124s] Level 5:colcon.colcon_core.verb:set package 'gps_target_push' build argument 'cmake_force_configure' from command line to 'False'
[2.124s] Level 5:colcon.colcon_core.verb:set package 'gps_target_push' build argument 'ament_cmake_args' from command line to 'None'
[2.124s] Level 5:colcon.colcon_core.verb:set package 'gps_target_push' build argument 'catkin_cmake_args' from command line to 'None'
[2.124s] Level 5:colcon.colcon_core.verb:set package 'gps_target_push' build argument 'catkin_skip_building_tests' from command line to 'False'
[2.124s] DEBUG:colcon.colcon_core.verb:Building package 'gps_target_push' with the following arguments: {'ament_cmake_args': None, 'build_base': '/home/rsl/pioneerbase_ws/src/build/gps_target_push', 'catkin_cmake_args': None, 'catkin_skip_building_tests': False, 'cmake_args': None, 'cmake_clean_cache': False, 'cmake_clean_first': False, 'cmake_force_configure': False, 'cmake_target': None, 'cmake_target_skip_unavailable': False, 'install_base': '/home/rsl/pioneerbase_ws/src/install/gps_target_push', 'merge_install': False, 'path': '/home/rsl/pioneerbase_ws/src/gps_target_push', 'symlink_install': False, 'test_result_base': None}
[2.148s] Level 5:colcon.colcon_core.verb:set package 'mode_select' build argument 'cmake_args' from command line to 'None'
[2.148s] Level 5:colcon.colcon_core.verb:set package 'mode_select' build argument 'cmake_target' from command line to 'None'
[2.148s] Level 5:colcon.colcon_core.verb:set package 'mode_select' build argument 'cmake_target_skip_unavailable' from command line to 'False'
[2.149s] Level 5:colcon.colcon_core.verb:set package 'mode_select' build argument 'cmake_clean_cache' from command line to 'False'
[2.149s] Level 5:colcon.colcon_core.verb:set package 'mode_select' build argument 'cmake_clean_first' from command line to 'False'
[2.149s] Level 5:colcon.colcon_core.verb:set package 'mode_select' build argument 'cmake_force_configure' from command line to 'False'
[2.149s] Level 5:colcon.colcon_core.verb:set package 'mode_select' build argument 'ament_cmake_args' from command line to 'None'
[2.149s] Level 5:colcon.colcon_core.verb:set package 'mode_select' build argument 'catkin_cmake_args' from command line to 'None'
[2.149s] Level 5:colcon.colcon_core.verb:set package 'mode_select' build argument 'catkin_skip_building_tests' from command line to 'False'
[2.149s] DEBUG:colcon.colcon_core.verb:Building package 'mode_select' with the following arguments: {'ament_cmake_args': None, 'build_base': '/home/rsl/pioneerbase_ws/src/build/mode_select', 'catkin_cmake_args': None, 'catkin_skip_building_tests': False, 'cmake_args': None, 'cmake_clean_cache': False, 'cmake_clean_first': False, 'cmake_force_configure': False, 'cmake_target': None, 'cmake_target_skip_unavailable': False, 'install_base': '/home/rsl/pioneerbase_ws/src/install/mode_select', 'merge_install': False, 'path': '/home/rsl/pioneerbase_ws/src/mode_select', 'symlink_install': False, 'test_result_base': None}
[2.173s] Level 5:colcon.colcon_core.verb:set package 'navigation_core1' build argument 'cmake_args' from command line to 'None'
[2.173s] Level 5:colcon.colcon_core.verb:set package 'navigation_core1' build argument 'cmake_target' from command line to 'None'
[2.173s] Level 5:colcon.colcon_core.verb:set package 'navigation_core1' build argument 'cmake_target_skip_unavailable' from command line to 'False'
[2.173s] Level 5:colcon.colcon_core.verb:set package 'navigation_core1' build argument 'cmake_clean_cache' from command line to 'False'
[2.173s] Level 5:colcon.colcon_core.verb:set package 'navigation_core1' build argument 'cmake_clean_first' from command line to 'False'
[2.173s] Level 5:colcon.colcon_core.verb:set package 'navigation_core1' build argument 'cmake_force_configure' from command line to 'False'
[2.173s] Level 5:colcon.colcon_core.verb:set package 'navigation_core1' build argument 'ament_cmake_args' from command line to 'None'
[2.173s] Level 5:colcon.colcon_core.verb:set package 'navigation_core1' build argument 'catkin_cmake_args' from command line to 'None'
[2.173s] Level 5:colcon.colcon_core.verb:set package 'navigation_core1' build argument 'catkin_skip_building_tests' from command line to 'False'
[2.173s] DEBUG:colcon.colcon_core.verb:Building package 'navigation_core1' with the following arguments: {'ament_cmake_args': None, 'build_base': '/home/rsl/pioneerbase_ws/src/build/navigation_core1', 'catkin_cmake_args': None, 'catkin_skip_building_tests': False, 'cmake_args': None, 'cmake_clean_cache': False, 'cmake_clean_first': False, 'cmake_force_configure': False, 'cmake_target': None, 'cmake_target_skip_unavailable': False, 'install_base': '/home/rsl/pioneerbase_ws/src/install/navigation_core1', 'merge_install': False, 'path': '/home/rsl/pioneerbase_ws/src/navigation_core1', 'symlink_install': False, 'test_result_base': None}
[2.197s] Level 5:colcon.colcon_core.verb:set package 'navigation_core2' build argument 'cmake_args' from command line to 'None'
[2.198s] Level 5:colcon.colcon_core.verb:set package 'navigation_core2' build argument 'cmake_target' from command line to 'None'
[2.198s] Level 5:colcon.colcon_core.verb:set package 'navigation_core2' build argument 'cmake_target_skip_unavailable' from command line to 'False'
[2.198s] Level 5:colcon.colcon_core.verb:set package 'navigation_core2' build argument 'cmake_clean_cache' from command line to 'False'
[2.198s] Level 5:colcon.colcon_core.verb:set package 'navigation_core2' build argument 'cmake_clean_first' from command line to 'False'
[2.198s] Level 5:colcon.colcon_core.verb:set package 'navigation_core2' build argument 'cmake_force_configure' from command line to 'False'
[2.198s] Level 5:colcon.colcon_core.verb:set package 'navigation_core2' build argument 'ament_cmake_args' from command line to 'None'
[2.198s] Level 5:colcon.colcon_core.verb:set package 'navigation_core2' build argument 'catkin_cmake_args' from command line to 'None'
[2.198s] Level 5:colcon.colcon_core.verb:set package 'navigation_core2' build argument 'catkin_skip_building_tests' from command line to 'False'
[2.198s] DEBUG:colcon.colcon_core.verb:Building package 'navigation_core2' with the following arguments: {'ament_cmake_args': None, 'build_base': '/home/rsl/pioneerbase_ws/src/build/navigation_core2', 'catkin_cmake_args': None, 'catkin_skip_building_tests': False, 'cmake_args': None, 'cmake_clean_cache': False, 'cmake_clean_first': False, 'cmake_force_configure': False, 'cmake_target': None, 'cmake_target_skip_unavailable': False, 'install_base': '/home/rsl/pioneerbase_ws/src/install/navigation_core2', 'merge_install': False, 'path': '/home/rsl/pioneerbase_ws/src/navigation_core2', 'symlink_install': False, 'test_result_base': None}
[2.222s] Level 5:colcon.colcon_core.verb:set package 'navigation_core3' build argument 'cmake_args' from command line to 'None'
[2.222s] Level 5:colcon.colcon_core.verb:set package 'navigation_core3' build argument 'cmake_target' from command line to 'None'
[2.222s] Level 5:colcon.colcon_core.verb:set package 'navigation_core3' build argument 'cmake_target_skip_unavailable' from command line to 'False'
[2.222s] Level 5:colcon.colcon_core.verb:set package 'navigation_core3' build argument 'cmake_clean_cache' from command line to 'False'
[2.222s] Level 5:colcon.colcon_core.verb:set package 'navigation_core3' build argument 'cmake_clean_first' from command line to 'False'
[2.222s] Level 5:colcon.colcon_core.verb:set package 'navigation_core3' build argument 'cmake_force_configure' from command line to 'False'
[2.222s] Level 5:colcon.colcon_core.verb:set package 'navigation_core3' build argument 'ament_cmake_args' from command line to 'None'
[2.222s] Level 5:colcon.colcon_core.verb:set package 'navigation_core3' build argument 'catkin_cmake_args' from command line to 'None'
[2.222s] Level 5:colcon.colcon_core.verb:set package 'navigation_core3' build argument 'catkin_skip_building_tests' from command line to 'False'
[2.222s] DEBUG:colcon.colcon_core.verb:Building package 'navigation_core3' with the following arguments: {'ament_cmake_args': None, 'build_base': '/home/rsl/pioneerbase_ws/src/build/navigation_core3', 'catkin_cmake_args': None, 'catkin_skip_building_tests': False, 'cmake_args': None, 'cmake_clean_cache': False, 'cmake_clean_first': False, 'cmake_force_configure': False, 'cmake_target': None, 'cmake_target_skip_unavailable': False, 'install_base': '/home/rsl/pioneerbase_ws/src/install/navigation_core3', 'merge_install': False, 'path': '/home/rsl/pioneerbase_ws/src/navigation_core3', 'symlink_install': False, 'test_result_base': None}
[2.247s] Level 5:colcon.colcon_core.verb:set package 'rover_teleop_joy' build argument 'cmake_args' from command line to 'None'
[2.247s] Level 5:colcon.colcon_core.verb:set package 'rover_teleop_joy' build argument 'cmake_target' from command line to 'None'
[2.247s] Level 5:colcon.colcon_core.verb:set package 'rover_teleop_joy' build argument 'cmake_target_skip_unavailable' from command line to 'False'
[2.247s] Level 5:colcon.colcon_core.verb:set package 'rover_teleop_joy' build argument 'cmake_clean_cache' from command line to 'False'
[2.247s] Level 5:colcon.colcon_core.verb:set package 'rover_teleop_joy' build argument 'cmake_clean_first' from command line to 'False'
[2.247s] Level 5:colcon.colcon_core.verb:set package 'rover_teleop_joy' build argument 'cmake_force_configure' from command line to 'False'
[2.247s] Level 5:colcon.colcon_core.verb:set package 'rover_teleop_joy' build argument 'ament_cmake_args' from command line to 'None'
[2.247s] Level 5:colcon.colcon_core.verb:set package 'rover_teleop_joy' build argument 'catkin_cmake_args' from command line to 'None'
[2.247s] Level 5:colcon.colcon_core.verb:set package 'rover_teleop_joy' build argument 'catkin_skip_building_tests' from command line to 'False'
[2.247s] DEBUG:colcon.colcon_core.verb:Building package 'rover_teleop_joy' with the following arguments: {'ament_cmake_args': None, 'build_base': '/home/rsl/pioneerbase_ws/src/build/rover_teleop_joy', 'catkin_cmake_args': None, 'catkin_skip_building_tests': False, 'cmake_args': None, 'cmake_clean_cache': False, 'cmake_clean_first': False, 'cmake_force_configure': False, 'cmake_target': None, 'cmake_target_skip_unavailable': False, 'install_base': '/home/rsl/pioneerbase_ws/src/install/rover_teleop_joy', 'merge_install': False, 'path': '/home/rsl/pioneerbase_ws/src/rover_teleop_joy', 'symlink_install': False, 'test_result_base': None}
[2.271s] INFO:colcon.colcon_core.executor:Executing jobs using 'parallel' executor
[2.296s] DEBUG:colcon.colcon_parallel_executor.executor.parallel:run_until_complete
[2.296s] INFO:colcon.colcon_ros.task.ament_python.build:Building ROS package in '/home/rsl/pioneerbase_ws/src/bs_launch' with build type 'ament_python'
[2.296s] Level 1:colcon.colcon_core.shell:create_environment_hook('bs_launch', 'ament_prefix_path')
[2.327s] INFO:colcon.colcon_core.plugin_system:Skipping extension 'colcon_core.shell.bat': Not used on non-Windows systems
[2.327s] INFO:colcon.colcon_core.shell:Creating environment hook '/home/rsl/pioneerbase_ws/src/install/bs_launch/share/bs_launch/hook/ament_prefix_path.ps1'
[2.328s] INFO:colcon.colcon_core.shell:Creating environment descriptor '/home/rsl/pioneerbase_ws/src/install/bs_launch/share/bs_launch/hook/ament_prefix_path.dsv'
[2.328s] INFO:colcon.colcon_core.shell:Creating environment hook '/home/rsl/pioneerbase_ws/src/install/bs_launch/share/bs_launch/hook/ament_prefix_path.sh'
[2.354s] INFO:colcon.colcon_core.shell:Skip shell extension 'powershell' for command environment: Not usable outside of PowerShell
[2.354s] DEBUG:colcon.colcon_core.shell:Skip shell extension 'dsv' for command environment
[2.434s] INFO:colcon.colcon_ros.task.ament_python.build:Building ROS package in '/home/rsl/pioneerbase_ws/src/gps_target_push' with build type 'ament_python'
[2.435s] Level 1:colcon.colcon_core.shell:create_environment_hook('gps_target_push', 'ament_prefix_path')
[2.461s] INFO:colcon.colcon_core.shell:Creating environment hook '/home/rsl/pioneerbase_ws/src/install/gps_target_push/share/gps_target_push/hook/ament_prefix_path.ps1'
[2.462s] INFO:colcon.colcon_core.shell:Creating environment descriptor '/home/rsl/pioneerbase_ws/src/install/gps_target_push/share/gps_target_push/hook/ament_prefix_path.dsv'
[2.462s] INFO:colcon.colcon_core.shell:Creating environment hook '/home/rsl/pioneerbase_ws/src/install/gps_target_push/share/gps_target_push/hook/ament_prefix_path.sh'
[2.487s] INFO:colcon.colcon_core.shell:Skip shell extension 'powershell' for command environment: Not usable outside of PowerShell
[2.487s] DEBUG:colcon.colcon_core.shell:Skip shell extension 'dsv' for command environment
[2.569s] INFO:colcon.colcon_ros.task.ament_python.build:Building ROS package in '/home/rsl/pioneerbase_ws/src/mode_select' with build type 'ament_python'
[2.570s] Level 1:colcon.colcon_core.shell:create_environment_hook('mode_select', 'ament_prefix_path')
[2.598s] INFO:colcon.colcon_core.shell:Creating environment hook '/home/rsl/pioneerbase_ws/src/install/mode_select/share/mode_select/hook/ament_prefix_path.ps1'
[2.599s] INFO:colcon.colcon_core.shell:Creating environment descriptor '/home/rsl/pioneerbase_ws/src/install/mode_select/share/mode_select/hook/ament_prefix_path.dsv'
[2.600s] INFO:colcon.colcon_core.shell:Creating environment hook '/home/rsl/pioneerbase_ws/src/install/mode_select/share/mode_select/hook/ament_prefix_path.sh'
[2.625s] INFO:colcon.colcon_core.shell:Skip shell extension 'powershell' for command environment: Not usable outside of PowerShell
[2.625s] DEBUG:colcon.colcon_core.shell:Skip shell extension 'dsv' for command environment
[2.705s] INFO:colcon.colcon_ros.task.ament_python.build:Building ROS package in '/home/rsl/pioneerbase_ws/src/navigation_core1' with build type 'ament_python'
[2.705s] Level 1:colcon.colcon_core.shell:create_environment_hook('navigation_core1', 'ament_prefix_path')
[2.733s] INFO:colcon.colcon_core.shell:Creating environment hook '/home/rsl/pioneerbase_ws/src/install/navigation_core1/share/navigation_core1/hook/ament_prefix_path.ps1'
[2.733s] INFO:colcon.colcon_core.shell:Creating environment descriptor '/home/rsl/pioneerbase_ws/src/install/navigation_core1/share/navigation_core1/hook/ament_prefix_path.dsv'
[2.734s] INFO:colcon.colcon_core.shell:Creating environment hook '/home/rsl/pioneerbase_ws/src/install/navigation_core1/share/navigation_core1/hook/ament_prefix_path.sh'
[2.759s] INFO:colcon.colcon_core.shell:Skip shell extension 'powershell' for command environment: Not usable outside of PowerShell
[2.759s] DEBUG:colcon.colcon_core.shell:Skip shell extension 'dsv' for command environment
[3.226s] WARNING:colcon.colcon_ros.task.ament_python.build:Package 'bs_launch' doesn't explicitly install a marker in the package index (colcon-ros currently does it implicitly but that fallback will be removed in the future)
[3.226s] WARNING:colcon.colcon_ros.task.ament_python.build:Package 'bs_launch' doesn't explicitly install the 'package.xml' file (colcon-ros currently does it implicitly but that fallback will be removed in the future)
[3.226s] INFO:colcon.colcon_core.task.python.build:Building Python package in '/home/rsl/pioneerbase_ws/src/bs_launch'
[3.254s] INFO:colcon.colcon_core.shell:Skip shell extension 'powershell' for command environment: Not usable outside of PowerShell
[3.254s] DEBUG:colcon.colcon_core.shell:Skip shell extension 'dsv' for command environment
[3.717s] INFO:colcon.colcon_core.task.python.build:Building Python package in '/home/rsl/pioneerbase_ws/src/gps_target_push'
[3.747s] INFO:colcon.colcon_core.shell:Skip shell extension 'powershell' for command environment: Not usable outside of PowerShell
[3.747s] DEBUG:colcon.colcon_core.shell:Skip shell extension 'dsv' for command environment
[4.211s] INFO:colcon.colcon_core.task.python.build:Building Python package in '/home/rsl/pioneerbase_ws/src/mode_select'
[4.241s] INFO:colcon.colcon_core.shell:Skip shell extension 'powershell' for command environment: Not usable outside of PowerShell
[4.241s] DEBUG:colcon.colcon_core.shell:Skip shell extension 'dsv' for command environment
[4.716s] INFO:colcon.colcon_core.task.python.build:Building Python package in '/home/rsl/pioneerbase_ws/src/navigation_core1'
[4.748s] INFO:colcon.colcon_core.shell:Skip shell extension 'powershell' for command environment: Not usable outside of PowerShell
[4.748s] DEBUG:colcon.colcon_core.shell:Skip shell extension 'dsv' for command environment
[5.809s] DEBUG:colcon.colcon_core.event_handler.log_command:Invoking command in '/home/rsl/pioneerbase_ws/src/gps_target_push': PYTHONPATH=/home/rsl/pioneerbase_ws/src/build/gps_target_push/prefix_override:/home/rsl/pioneerbase_ws/src/install/gps_target_push/lib/python3.10/site-packages:${PYTHONPATH} /usr/bin/python3 setup.py egg_info --egg-base ../build/gps_target_push build --build-base /home/rsl/pioneerbase_ws/src/build/gps_target_push/build install --record /home/rsl/pioneerbase_ws/src/build/gps_target_push/install.log --single-version-externally-managed
[5.826s] DEBUG:colcon.colcon_core.event_handler.log_command:Invoking command in '/home/rsl/pioneerbase_ws/src/mode_select': PYTHONPATH=/home/rsl/pioneerbase_ws/src/build/mode_select/prefix_override:/home/rsl/pioneerbase_ws/src/install/mode_select/lib/python3.10/site-packages:${PYTHONPATH} /usr/bin/python3 setup.py egg_info --egg-base ../build/mode_select build --build-base /home/rsl/pioneerbase_ws/src/build/mode_select/build install --record /home/rsl/pioneerbase_ws/src/build/mode_select/install.log --single-version-externally-managed
[5.838s] DEBUG:colcon.colcon_core.event_handler.log_command:Invoking command in '/home/rsl/pioneerbase_ws/src/bs_launch': PYTHONPATH=/home/rsl/pioneerbase_ws/src/build/bs_launch/prefix_override:/home/rsl/pioneerbase_ws/src/install/bs_launch/lib/python3.10/site-packages:${PYTHONPATH} /usr/bin/python3 setup.py egg_info --egg-base ../build/bs_launch build --build-base /home/rsl/pioneerbase_ws/src/build/bs_launch/build install --record /home/rsl/pioneerbase_ws/src/build/bs_launch/install.log --single-version-externally-managed
[5.856s] DEBUG:colcon.colcon_core.event_handler.log_command:Invoking command in '/home/rsl/pioneerbase_ws/src/navigation_core1': PYTHONPATH=/home/rsl/pioneerbase_ws/src/build/navigation_core1/prefix_override:/home/rsl/pioneerbase_ws/src/install/navigation_core1/lib/python3.10/site-packages:${PYTHONPATH} /usr/bin/python3 setup.py egg_info --egg-base ../build/navigation_core1 build --build-base /home/rsl/pioneerbase_ws/src/build/navigation_core1/build install --record /home/rsl/pioneerbase_ws/src/build/navigation_core1/install.log --single-version-externally-managed
[6.627s] DEBUG:colcon.colcon_core.event_handler.log_command:Invoked command in '/home/rsl/pioneerbase_ws/src/gps_target_push' returned '0': PYTHONPATH=/home/rsl/pioneerbase_ws/src/build/gps_target_push/prefix_override:/home/rsl/pioneerbase_ws/src/install/gps_target_push/lib/python3.10/site-packages:${PYTHONPATH} /usr/bin/python3 setup.py egg_info --egg-base ../build/gps_target_push build --build-base /home/rsl/pioneerbase_ws/src/build/gps_target_push/build install --record /home/rsl/pioneerbase_ws/src/build/gps_target_push/install.log --single-version-externally-managed
[6.676s] Level 1:colcon.colcon_core.environment:checking '/home/rsl/pioneerbase_ws/src/install/gps_target_push' for CMake module files
[6.677s] Level 1:colcon.colcon_core.environment:checking '/home/rsl/pioneerbase_ws/src/install/gps_target_push' for CMake config files
[6.679s] Level 1:colcon.colcon_core.environment:checking '/home/rsl/pioneerbase_ws/src/install/gps_target_push/lib'
[6.680s] Level 1:colcon.colcon_core.environment:checking '/home/rsl/pioneerbase_ws/src/install/gps_target_push/bin'
[6.680s] Level 1:colcon.colcon_core.environment:checking '/home/rsl/pioneerbase_ws/src/install/gps_target_push/lib/pkgconfig/gps_target_push.pc'
[6.681s] Level 1:colcon.colcon_core.environment:checking '/home/rsl/pioneerbase_ws/src/install/gps_target_push/lib/python3.10/site-packages'
[6.681s] Level 1:colcon.colcon_core.shell:create_environment_hook('gps_target_push', 'pythonpath')
[6.713s] INFO:colcon.colcon_core.shell:Creating environment hook '/home/rsl/pioneerbase_ws/src/install/gps_target_push/share/gps_target_push/hook/pythonpath.ps1'
[6.713s] INFO:colcon.colcon_core.shell:Creating environment descriptor '/home/rsl/pioneerbase_ws/src/install/gps_target_push/share/gps_target_push/hook/pythonpath.dsv'
[6.714s] INFO:colcon.colcon_core.shell:Creating environment hook '/home/rsl/pioneerbase_ws/src/install/gps_target_push/share/gps_target_push/hook/pythonpath.sh'
[6.715s] Level 1:colcon.colcon_core.environment:checking '/home/rsl/pioneerbase_ws/src/install/gps_target_push/bin'
[6.715s] Level 1:colcon.colcon_core.environment:create_environment_scripts_only(gps_target_push)
[6.739s] INFO:colcon.colcon_core.shell:Creating package script '/home/rsl/pioneerbase_ws/src/install/gps_target_push/share/gps_target_push/package.ps1'
[6.741s] INFO:colcon.colcon_core.shell:Creating package descriptor '/home/rsl/pioneerbase_ws/src/install/gps_target_push/share/gps_target_push/package.dsv'
[6.741s] INFO:colcon.colcon_core.shell:Creating package script '/home/rsl/pioneerbase_ws/src/install/gps_target_push/share/gps_target_push/package.sh'
[6.742s] INFO:colcon.colcon_core.shell:Creating package script '/home/rsl/pioneerbase_ws/src/install/gps_target_push/share/gps_target_push/package.bash'
[6.744s] INFO:colcon.colcon_core.shell:Creating package script '/home/rsl/pioneerbase_ws/src/install/gps_target_push/share/gps_target_push/package.zsh'
[6.746s] Level 1:colcon.colcon_core.environment:create_file_with_runtime_dependencies(/home/rsl/pioneerbase_ws/src/install/gps_target_push/share/colcon-core/packages/gps_target_push)
[6.747s] INFO:colcon.colcon_ros.task.ament_python.build:Building ROS package in '/home/rsl/pioneerbase_ws/src/navigation_core2' with build type 'ament_python'
[6.747s] Level 1:colcon.colcon_core.shell:create_environment_hook('navigation_core2', 'ament_prefix_path')
[6.773s] INFO:colcon.colcon_core.shell:Creating environment hook '/home/rsl/pioneerbase_ws/src/install/navigation_core2/share/navigation_core2/hook/ament_prefix_path.ps1'
[6.774s] INFO:colcon.colcon_core.shell:Creating environment descriptor '/home/rsl/pioneerbase_ws/src/install/navigation_core2/share/navigation_core2/hook/ament_prefix_path.dsv'
[6.775s] INFO:colcon.colcon_core.shell:Creating environment hook '/home/rsl/pioneerbase_ws/src/install/navigation_core2/share/navigation_core2/hook/ament_prefix_path.sh'
[6.802s] INFO:colcon.colcon_core.shell:Skip shell extension 'powershell' for command environment: Not usable outside of PowerShell
[6.802s] DEBUG:colcon.colcon_core.shell:Skip shell extension 'dsv' for command environment
[6.886s] DEBUG:colcon.colcon_core.event_handler.log_command:Invoked command in '/home/rsl/pioneerbase_ws/src/bs_launch' returned '0': PYTHONPATH=/home/rsl/pioneerbase_ws/src/build/bs_launch/prefix_override:/home/rsl/pioneerbase_ws/src/install/bs_launch/lib/python3.10/site-packages:${PYTHONPATH} /usr/bin/python3 setup.py egg_info --egg-base ../build/bs_launch build --build-base /home/rsl/pioneerbase_ws/src/build/bs_launch/build install --record /home/rsl/pioneerbase_ws/src/build/bs_launch/install.log --single-version-externally-managed
[6.910s] Level 1:colcon.colcon_core.environment:checking '/home/rsl/pioneerbase_ws/src/install/bs_launch' for CMake module files
[6.911s] Level 1:colcon.colcon_core.environment:checking '/home/rsl/pioneerbase_ws/src/install/bs_launch' for CMake config files
[6.912s] Level 1:colcon.colcon_core.environment:checking '/home/rsl/pioneerbase_ws/src/install/bs_launch/lib'
[6.912s] Level 1:colcon.colcon_core.environment:checking '/home/rsl/pioneerbase_ws/src/install/bs_launch/bin'
[6.912s] Level 1:colcon.colcon_core.environment:checking '/home/rsl/pioneerbase_ws/src/install/bs_launch/lib/pkgconfig/bs_launch.pc'
[6.912s] Level 1:colcon.colcon_core.environment:checking '/home/rsl/pioneerbase_ws/src/install/bs_launch/lib/python3.10/site-packages'
[6.912s] Level 1:colcon.colcon_core.shell:create_environment_hook('bs_launch', 'pythonpath')
[6.937s] INFO:colcon.colcon_core.shell:Creating environment hook '/home/rsl/pioneerbase_ws/src/install/bs_launch/share/bs_launch/hook/pythonpath.ps1'
[6.938s] INFO:colcon.colcon_core.shell:Creating environment descriptor '/home/rsl/pioneerbase_ws/src/install/bs_launch/share/bs_launch/hook/pythonpath.dsv'
[6.938s] INFO:colcon.colcon_core.shell:Creating environment hook '/home/rsl/pioneerbase_ws/src/install/bs_launch/share/bs_launch/hook/pythonpath.sh'
[6.939s] Level 1:colcon.colcon_core.environment:checking '/home/rsl/pioneerbase_ws/src/install/bs_launch/bin'
[6.939s] Level 1:colcon.colcon_core.environment:create_environment_scripts_only(bs_launch)
[6.965s] INFO:colcon.colcon_core.shell:Creating package script '/home/rsl/pioneerbase_ws/src/install/bs_launch/share/bs_launch/package.ps1'
[6.966s] INFO:colcon.colcon_core.shell:Creating package descriptor '/home/rsl/pioneerbase_ws/src/install/bs_launch/share/bs_launch/package.dsv'
[6.966s] INFO:colcon.colcon_core.shell:Creating package script '/home/rsl/pioneerbase_ws/src/install/bs_launch/share/bs_launch/package.sh'
[6.967s] INFO:colcon.colcon_core.shell:Creating package script '/home/rsl/pioneerbase_ws/src/install/bs_launch/share/bs_launch/package.bash'
[6.967s] INFO:colcon.colcon_core.shell:Creating package script '/home/rsl/pioneerbase_ws/src/install/bs_launch/share/bs_launch/package.zsh'
[6.968s] Level 1:colcon.colcon_core.environment:create_file_with_runtime_dependencies(/home/rsl/pioneerbase_ws/src/install/bs_launch/share/colcon-core/packages/bs_launch)
[6.969s] INFO:colcon.colcon_ros.task.ament_python.build:Building ROS package in '/home/rsl/pioneerbase_ws/src/navigation_core3' with build type 'ament_python'
[6.970s] Level 1:colcon.colcon_core.shell:create_environment_hook('navigation_core3', 'ament_prefix_path')
[6.996s] INFO:colcon.colcon_core.shell:Creating environment hook '/home/rsl/pioneerbase_ws/src/install/navigation_core3/share/navigation_core3/hook/ament_prefix_path.ps1'
[6.997s] INFO:colcon.colcon_core.shell:Creating environment descriptor '/home/rsl/pioneerbase_ws/src/install/navigation_core3/share/navigation_core3/hook/ament_prefix_path.dsv'
[6.997s] INFO:colcon.colcon_core.shell:Creating environment hook '/home/rsl/pioneerbase_ws/src/install/navigation_core3/share/navigation_core3/hook/ament_prefix_path.sh'
[7.023s] INFO:colcon.colcon_core.shell:Skip shell extension 'powershell' for command environment: Not usable outside of PowerShell
[7.023s] DEBUG:colcon.colcon_core.shell:Skip shell extension 'dsv' for command environment
[7.102s] DEBUG:colcon.colcon_core.event_handler.log_command:Invoked command in '/home/rsl/pioneerbase_ws/src/navigation_core1' returned '0': PYTHONPATH=/home/rsl/pioneerbase_ws/src/build/navigation_core1/prefix_override:/home/rsl/pioneerbase_ws/src/install/navigation_core1/lib/python3.10/site-packages:${PYTHONPATH} /usr/bin/python3 setup.py egg_info --egg-base ../build/navigation_core1 build --build-base /home/rsl/pioneerbase_ws/src/build/navigation_core1/build install --record /home/rsl/pioneerbase_ws/src/build/navigation_core1/install.log --single-version-externally-managed
[7.144s] Level 1:colcon.colcon_core.environment:checking '/home/rsl/pioneerbase_ws/src/install/navigation_core1' for CMake module files
[7.145s] Level 1:colcon.colcon_core.environment:checking '/home/rsl/pioneerbase_ws/src/install/navigation_core1' for CMake config files
[7.145s] Level 1:colcon.colcon_core.environment:checking '/home/rsl/pioneerbase_ws/src/install/navigation_core1/lib'
[7.145s] Level 1:colcon.colcon_core.environment:checking '/home/rsl/pioneerbase_ws/src/install/navigation_core1/bin'
[7.145s] Level 1:colcon.colcon_core.environment:checking '/home/rsl/pioneerbase_ws/src/install/navigation_core1/lib/pkgconfig/navigation_core1.pc'
[7.146s] Level 1:colcon.colcon_core.environment:checking '/home/rsl/pioneerbase_ws/src/install/navigation_core1/lib/python3.10/site-packages'
[7.146s] Level 1:colcon.colcon_core.shell:create_environment_hook('navigation_core1', 'pythonpath')
[7.171s] INFO:colcon.colcon_core.shell:Creating environment hook '/home/rsl/pioneerbase_ws/src/install/navigation_core1/share/navigation_core1/hook/pythonpath.ps1'
[7.172s] INFO:colcon.colcon_core.shell:Creating environment descriptor '/home/rsl/pioneerbase_ws/src/install/navigation_core1/share/navigation_core1/hook/pythonpath.dsv'
[7.172s] INFO:colcon.colcon_core.shell:Creating environment hook '/home/rsl/pioneerbase_ws/src/install/navigation_core1/share/navigation_core1/hook/pythonpath.sh'
[7.173s] Level 1:colcon.colcon_core.environment:checking '/home/rsl/pioneerbase_ws/src/install/navigation_core1/bin'
[7.173s] Level 1:colcon.colcon_core.environment:create_environment_scripts_only(navigation_core1)
[7.197s] INFO:colcon.colcon_core.shell:Creating package script '/home/rsl/pioneerbase_ws/src/install/navigation_core1/share/navigation_core1/package.ps1'
[7.198s] INFO:colcon.colcon_core.shell:Creating package descriptor '/home/rsl/pioneerbase_ws/src/install/navigation_core1/share/navigation_core1/package.dsv'
[7.199s] INFO:colcon.colcon_core.shell:Creating package script '/home/rsl/pioneerbase_ws/src/install/navigation_core1/share/navigation_core1/package.sh'
[7.199s] INFO:colcon.colcon_core.shell:Creating package script '/home/rsl/pioneerbase_ws/src/install/navigation_core1/share/navigation_core1/package.bash'
[7.200s] INFO:colcon.colcon_core.shell:Creating package script '/home/rsl/pioneerbase_ws/src/install/navigation_core1/share/navigation_core1/package.zsh'
[7.200s] Level 1:colcon.colcon_core.environment:create_file_with_runtime_dependencies(/home/rsl/pioneerbase_ws/src/install/navigation_core1/share/colcon-core/packages/navigation_core1)
[7.203s] DEBUG:colcon.colcon_core.event_handler.log_command:Invoked command in '/home/rsl/pioneerbase_ws/src/mode_select' returned '0': PYTHONPATH=/home/rsl/pioneerbase_ws/src/build/mode_select/prefix_override:/home/rsl/pioneerbase_ws/src/install/mode_select/lib/python3.10/site-packages:${PYTHONPATH} /usr/bin/python3 setup.py egg_info --egg-base ../build/mode_select build --build-base /home/rsl/pioneerbase_ws/src/build/mode_select/build install --record /home/rsl/pioneerbase_ws/src/build/mode_select/install.log --single-version-externally-managed
[7.231s] Level 1:colcon.colcon_core.environment:checking '/home/rsl/pioneerbase_ws/src/install/mode_select' for CMake module files
[7.232s] Level 1:colcon.colcon_core.environment:checking '/home/rsl/pioneerbase_ws/src/install/mode_select' for CMake config files
[7.233s] Level 1:colcon.colcon_core.environment:checking '/home/rsl/pioneerbase_ws/src/install/mode_select/lib'
[7.233s] Level 1:colcon.colcon_core.environment:checking '/home/rsl/pioneerbase_ws/src/install/mode_select/bin'
[7.233s] Level 1:colcon.colcon_core.environment:checking '/home/rsl/pioneerbase_ws/src/install/mode_select/lib/pkgconfig/mode_select.pc'
[7.233s] Level 1:colcon.colcon_core.environment:checking '/home/rsl/pioneerbase_ws/src/install/mode_select/lib/python3.10/site-packages'
[7.234s] Level 1:colcon.colcon_core.shell:create_environment_hook('mode_select', 'pythonpath')
[7.258s] INFO:colcon.colcon_core.shell:Creating environment hook '/home/rsl/pioneerbase_ws/src/install/mode_select/share/mode_select/hook/pythonpath.ps1'
[7.259s] INFO:colcon.colcon_core.shell:Creating environment descriptor '/home/rsl/pioneerbase_ws/src/install/mode_select/share/mode_select/hook/pythonpath.dsv'
[7.260s] INFO:colcon.colcon_core.shell:Creating environment hook '/home/rsl/pioneerbase_ws/src/install/mode_select/share/mode_select/hook/pythonpath.sh'
[7.262s] Level 1:colcon.colcon_core.environment:checking '/home/rsl/pioneerbase_ws/src/install/mode_select/bin'
[7.262s] Level 1:colcon.colcon_core.environment:create_environment_scripts_only(mode_select)
[7.288s] INFO:colcon.colcon_core.shell:Creating package script '/home/rsl/pioneerbase_ws/src/install/mode_select/share/mode_select/package.ps1'
[7.288s] INFO:colcon.colcon_core.shell:Creating package descriptor '/home/rsl/pioneerbase_ws/src/install/mode_select/share/mode_select/package.dsv'
[7.289s] INFO:colcon.colcon_core.shell:Creating package script '/home/rsl/pioneerbase_ws/src/install/mode_select/share/mode_select/package.sh'
[7.290s] INFO:colcon.colcon_core.shell:Creating package script '/home/rsl/pioneerbase_ws/src/install/mode_select/share/mode_select/package.bash'
[7.290s] INFO:colcon.colcon_core.shell:Creating package script '/home/rsl/pioneerbase_ws/src/install/mode_select/share/mode_select/package.zsh'
[7.290s] Level 1:colcon.colcon_core.environment:create_file_with_runtime_dependencies(/home/rsl/pioneerbase_ws/src/install/mode_select/share/colcon-core/packages/mode_select)
[7.292s] INFO:colcon.colcon_ros.task.ament_python.build:Building ROS package in '/home/rsl/pioneerbase_ws/src/rover_teleop_joy' with build type 'ament_python'
[7.292s] Level 1:colcon.colcon_core.shell:create_environment_hook('rover_teleop_joy', 'ament_prefix_path')
[7.319s] INFO:colcon.colcon_core.shell:Creating environment hook '/home/rsl/pioneerbase_ws/src/install/rover_teleop_joy/share/rover_teleop_joy/hook/ament_prefix_path.ps1'
[7.320s] INFO:colcon.colcon_core.shell:Creating environment descriptor '/home/rsl/pioneerbase_ws/src/install/rover_teleop_joy/share/rover_teleop_joy/hook/ament_prefix_path.dsv'
[7.321s] INFO:colcon.colcon_core.shell:Creating environment hook '/home/rsl/pioneerbase_ws/src/install/rover_teleop_joy/share/rover_teleop_joy/hook/ament_prefix_path.sh'
[7.348s] INFO:colcon.colcon_core.shell:Skip shell extension 'powershell' for command environment: Not usable outside of PowerShell
[7.348s] DEBUG:colcon.colcon_core.shell:Skip shell extension 'dsv' for command environment
[7.828s] INFO:colcon.colcon_core.task.python.build:Building Python package in '/home/rsl/pioneerbase_ws/src/navigation_core2'
[7.855s] INFO:colcon.colcon_core.shell:Skip shell extension 'powershell' for command environment: Not usable outside of PowerShell
[7.855s] DEBUG:colcon.colcon_core.shell:Skip shell extension 'dsv' for command environment
[8.367s] INFO:colcon.colcon_core.task.python.build:Building Python package in '/home/rsl/pioneerbase_ws/src/navigation_core3'
[8.401s] INFO:colcon.colcon_core.shell:Skip shell extension 'powershell' for command environment: Not usable outside of PowerShell
[8.401s] DEBUG:colcon.colcon_core.shell:Skip shell extension 'dsv' for command environment
[8.925s] INFO:colcon.colcon_core.task.python.build:Building Python package in '/home/rsl/pioneerbase_ws/src/rover_teleop_joy'
[8.958s] INFO:colcon.colcon_core.shell:Skip shell extension 'powershell' for command environment: Not usable outside of PowerShell
[8.958s] DEBUG:colcon.colcon_core.shell:Skip shell extension 'dsv' for command environment
[9.621s] DEBUG:colcon.colcon_core.event_handler.log_command:Invoking command in '/home/rsl/pioneerbase_ws/src/navigation_core2': PYTHONPATH=/home/rsl/pioneerbase_ws/src/build/navigation_core2/prefix_override:/home/rsl/pioneerbase_ws/src/install/navigation_core2/lib/python3.10/site-packages:${PYTHONPATH} /usr/bin/python3 setup.py egg_info --egg-base ../build/navigation_core2 build --build-base /home/rsl/pioneerbase_ws/src/build/navigation_core2/build install --record /home/rsl/pioneerbase_ws/src/build/navigation_core2/install.log --single-version-externally-managed
[9.958s] DEBUG:colcon.colcon_core.event_handler.log_command:Invoking command in '/home/rsl/pioneerbase_ws/src/navigation_core3': PYTHONPATH=/home/rsl/pioneerbase_ws/src/build/navigation_core3/prefix_override:/home/rsl/pioneerbase_ws/src/install/navigation_core3/lib/python3.10/site-packages:${PYTHONPATH} /usr/bin/python3 setup.py egg_info --egg-base ../build/navigation_core3 build --build-base /home/rsl/pioneerbase_ws/src/build/navigation_core3/build install --record /home/rsl/pioneerbase_ws/src/build/navigation_core3/install.log --single-version-externally-managed
[9.962s] DEBUG:colcon.colcon_core.event_handler.log_command:Invoking command in '/home/rsl/pioneerbase_ws/src/rover_teleop_joy': PYTHONPATH=/home/rsl/pioneerbase_ws/src/build/rover_teleop_joy/prefix_override:/home/rsl/pioneerbase_ws/src/install/rover_teleop_joy/lib/python3.10/site-packages:${PYTHONPATH} /usr/bin/python3 setup.py egg_info --egg-base ../build/rover_teleop_joy build --build-base /home/rsl/pioneerbase_ws/src/build/rover_teleop_joy/build install --record /home/rsl/pioneerbase_ws/src/build/rover_teleop_joy/install.log --single-version-externally-managed
[10.213s] DEBUG:colcon.colcon_core.event_handler.log_command:Invoked command in '/home/rsl/pioneerbase_ws/src/navigation_core2' returned '0': PYTHONPATH=/home/rsl/pioneerbase_ws/src/build/navigation_core2/prefix_override:/home/rsl/pioneerbase_ws/src/install/navigation_core2/lib/python3.10/site-packages:${PYTHONPATH} /usr/bin/python3 setup.py egg_info --egg-base ../build/navigation_core2 build --build-base /home/rsl/pioneerbase_ws/src/build/navigation_core2/build install --record /home/rsl/pioneerbase_ws/src/build/navigation_core2/install.log --single-version-externally-managed
[10.239s] Level 1:colcon.colcon_core.environment:checking '/home/rsl/pioneerbase_ws/src/install/navigation_core2' for CMake module files
[10.240s] Level 1:colcon.colcon_core.environment:checking '/home/rsl/pioneerbase_ws/src/install/navigation_core2' for CMake config files
[10.241s] Level 1:colcon.colcon_core.environment:checking '/home/rsl/pioneerbase_ws/src/install/navigation_core2/lib'
[10.241s] Level 1:colcon.colcon_core.environment:checking '/home/rsl/pioneerbase_ws/src/install/navigation_core2/bin'
[10.241s] Level 1:colcon.colcon_core.environment:checking '/home/rsl/pioneerbase_ws/src/install/navigation_core2/lib/pkgconfig/navigation_core2.pc'
[10.242s] Level 1:colcon.colcon_core.environment:checking '/home/rsl/pioneerbase_ws/src/install/navigation_core2/lib/python3.10/site-packages'
[10.242s] Level 1:colcon.colcon_core.shell:create_environment_hook('navigation_core2', 'pythonpath')
[10.270s] INFO:colcon.colcon_core.shell:Creating environment hook '/home/rsl/pioneerbase_ws/src/install/navigation_core2/share/navigation_core2/hook/pythonpath.ps1'
[10.271s] INFO:colcon.colcon_core.shell:Creating environment descriptor '/home/rsl/pioneerbase_ws/src/install/navigation_core2/share/navigation_core2/hook/pythonpath.dsv'
[10.271s] INFO:colcon.colcon_core.shell:Creating environment hook '/home/rsl/pioneerbase_ws/src/install/navigation_core2/share/navigation_core2/hook/pythonpath.sh'
[10.273s] Level 1:colcon.colcon_core.environment:checking '/home/rsl/pioneerbase_ws/src/install/navigation_core2/bin'
[10.273s] Level 1:colcon.colcon_core.environment:create_environment_scripts_only(navigation_core2)
[10.301s] INFO:colcon.colcon_core.shell:Creating package script '/home/rsl/pioneerbase_ws/src/install/navigation_core2/share/navigation_core2/package.ps1'
[10.302s] INFO:colcon.colcon_core.shell:Creating package descriptor '/home/rsl/pioneerbase_ws/src/install/navigation_core2/share/navigation_core2/package.dsv'
[10.303s] INFO:colcon.colcon_core.shell:Creating package script '/home/rsl/pioneerbase_ws/src/install/navigation_core2/share/navigation_core2/package.sh'
[10.303s] INFO:colcon.colcon_core.shell:Creating package script '/home/rsl/pioneerbase_ws/src/install/navigation_core2/share/navigation_core2/package.bash'
[10.304s] INFO:colcon.colcon_core.shell:Creating package script '/home/rsl/pioneerbase_ws/src/install/navigation_core2/share/navigation_core2/package.zsh'
[10.304s] Level 1:colcon.colcon_core.environment:create_file_with_runtime_dependencies(/home/rsl/pioneerbase_ws/src/install/navigation_core2/share/colcon-core/packages/navigation_core2)
[10.734s] DEBUG:colcon.colcon_core.event_handler.log_command:Invoked command in '/home/rsl/pioneerbase_ws/src/navigation_core3' returned '0': PYTHONPATH=/home/rsl/pioneerbase_ws/src/build/navigation_core3/prefix_override:/home/rsl/pioneerbase_ws/src/install/navigation_core3/lib/python3.10/site-packages:${PYTHONPATH} /usr/bin/python3 setup.py egg_info --egg-base ../build/navigation_core3 build --build-base /home/rsl/pioneerbase_ws/src/build/navigation_core3/build install --record /home/rsl/pioneerbase_ws/src/build/navigation_core3/install.log --single-version-externally-managed
[10.763s] Level 1:colcon.colcon_core.environment:checking '/home/rsl/pioneerbase_ws/src/install/navigation_core3' for CMake module files
[10.763s] Level 1:colcon.colcon_core.environment:checking '/home/rsl/pioneerbase_ws/src/install/navigation_core3' for CMake config files
[10.764s] Level 1:colcon.colcon_core.environment:checking '/home/rsl/pioneerbase_ws/src/install/navigation_core3/lib'
[10.764s] Level 1:colcon.colcon_core.environment:checking '/home/rsl/pioneerbase_ws/src/install/navigation_core3/bin'
[10.764s] Level 1:colcon.colcon_core.environment:checking '/home/rsl/pioneerbase_ws/src/install/navigation_core3/lib/pkgconfig/navigation_core3.pc'
[10.765s] Level 1:colcon.colcon_core.environment:checking '/home/rsl/pioneerbase_ws/src/install/navigation_core3/lib/python3.10/site-packages'
[10.765s] Level 1:colcon.colcon_core.shell:create_environment_hook('navigation_core3', 'pythonpath')
[10.789s] INFO:colcon.colcon_core.shell:Creating environment hook '/home/rsl/pioneerbase_ws/src/install/navigation_core3/share/navigation_core3/hook/pythonpath.ps1'
[10.790s] INFO:colcon.colcon_core.shell:Creating environment descriptor '/home/rsl/pioneerbase_ws/src/install/navigation_core3/share/navigation_core3/hook/pythonpath.dsv'
[10.790s] INFO:colcon.colcon_core.shell:Creating environment hook '/home/rsl/pioneerbase_ws/src/install/navigation_core3/share/navigation_core3/hook/pythonpath.sh'
[10.791s] Level 1:colcon.colcon_core.environment:checking '/home/rsl/pioneerbase_ws/src/install/navigation_core3/bin'
[10.791s] Level 1:colcon.colcon_core.environment:create_environment_scripts_only(navigation_core3)
[10.816s] INFO:colcon.colcon_core.shell:Creating package script '/home/rsl/pioneerbase_ws/src/install/navigation_core3/share/navigation_core3/package.ps1'
[10.816s] INFO:colcon.colcon_core.shell:Creating package descriptor '/home/rsl/pioneerbase_ws/src/install/navigation_core3/share/navigation_core3/package.dsv'
[10.817s] INFO:colcon.colcon_core.shell:Creating package script '/home/rsl/pioneerbase_ws/src/install/navigation_core3/share/navigation_core3/package.sh'
[10.818s] INFO:colcon.colcon_core.shell:Creating package script '/home/rsl/pioneerbase_ws/src/install/navigation_core3/share/navigation_core3/package.bash'
[10.818s] INFO:colcon.colcon_core.shell:Creating package script '/home/rsl/pioneerbase_ws/src/install/navigation_core3/share/navigation_core3/package.zsh'
[10.818s] Level 1:colcon.colcon_core.environment:create_file_with_runtime_dependencies(/home/rsl/pioneerbase_ws/src/install/navigation_core3/share/colcon-core/packages/navigation_core3)
[10.822s] DEBUG:colcon.colcon_core.event_handler.log_command:Invoked command in '/home/rsl/pioneerbase_ws/src/rover_teleop_joy' returned '0': PYTHONPATH=/home/rsl/pioneerbase_ws/src/build/rover_teleop_joy/prefix_override:/home/rsl/pioneerbase_ws/src/install/rover_teleop_joy/lib/python3.10/site-packages:${PYTHONPATH} /usr/bin/python3 setup.py egg_info --egg-base ../build/rover_teleop_joy build --build-base /home/rsl/pioneerbase_ws/src/build/rover_teleop_joy/build install --record /home/rsl/pioneerbase_ws/src/build/rover_teleop_joy/install.log --single-version-externally-managed
[10.847s] Level 1:colcon.colcon_core.environment:checking '/home/rsl/pioneerbase_ws/src/install/rover_teleop_joy' for CMake module files
[10.849s] Level 1:colcon.colcon_core.environment:checking '/home/rsl/pioneerbase_ws/src/install/rover_teleop_joy' for CMake config files
[10.850s] Level 1:colcon.colcon_core.environment:checking '/home/rsl/pioneerbase_ws/src/install/rover_teleop_joy/lib'
[10.850s] Level 1:colcon.colcon_core.environment:checking '/home/rsl/pioneerbase_ws/src/install/rover_teleop_joy/bin'
[10.850s] Level 1:colcon.colcon_core.environment:checking '/home/rsl/pioneerbase_ws/src/install/rover_teleop_joy/lib/pkgconfig/rover_teleop_joy.pc'
[10.850s] Level 1:colcon.colcon_core.environment:checking '/home/rsl/pioneerbase_ws/src/install/rover_teleop_joy/lib/python3.10/site-packages'
[10.850s] Level 1:colcon.colcon_core.shell:create_environment_hook('rover_teleop_joy', 'pythonpath')
[10.876s] INFO:colcon.colcon_core.shell:Creating environment hook '/home/rsl/pioneerbase_ws/src/install/rover_teleop_joy/share/rover_teleop_joy/hook/pythonpath.ps1'
[10.877s] INFO:colcon.colcon_core.shell:Creating environment descriptor '/home/rsl/pioneerbase_ws/src/install/rover_teleop_joy/share/rover_teleop_joy/hook/pythonpath.dsv'
[10.877s] INFO:colcon.colcon_core.shell:Creating environment hook '/home/rsl/pioneerbase_ws/src/install/rover_teleop_joy/share/rover_teleop_joy/hook/pythonpath.sh'
[10.878s] Level 1:colcon.colcon_core.environment:checking '/home/rsl/pioneerbase_ws/src/install/rover_teleop_joy/bin'
[10.878s] Level 1:colcon.colcon_core.environment:create_environment_scripts_only(rover_teleop_joy)
[10.904s] INFO:colcon.colcon_core.shell:Creating package script '/home/rsl/pioneerbase_ws/src/install/rover_teleop_joy/share/rover_teleop_joy/package.ps1'
[10.905s] INFO:colcon.colcon_core.shell:Creating package descriptor '/home/rsl/pioneerbase_ws/src/install/rover_teleop_joy/share/rover_teleop_joy/package.dsv'
[10.906s] INFO:colcon.colcon_core.shell:Creating package script '/home/rsl/pioneerbase_ws/src/install/rover_teleop_joy/share/rover_teleop_joy/package.sh'
[10.906s] INFO:colcon.colcon_core.shell:Creating package script '/home/rsl/pioneerbase_ws/src/install/rover_teleop_joy/share/rover_teleop_joy/package.bash'
[10.907s] INFO:colcon.colcon_core.shell:Creating package script '/home/rsl/pioneerbase_ws/src/install/rover_teleop_joy/share/rover_teleop_joy/package.zsh'
[10.907s] Level 1:colcon.colcon_core.environment:create_file_with_runtime_dependencies(/home/rsl/pioneerbase_ws/src/install/rover_teleop_joy/share/colcon-core/packages/rover_teleop_joy)
[10.908s] DEBUG:colcon.colcon_parallel_executor.executor.parallel:closing loop
[10.908s] DEBUG:colcon.colcon_parallel_executor.executor.parallel:loop closed
[10.909s] DEBUG:colcon.colcon_parallel_executor.executor.parallel:run_until_complete finished with '0'
[10.909s] DEBUG:colcon.colcon_core.event_reactor:joining thread
[10.945s] INFO:colcon.colcon_core.plugin_system:Skipping extension 'colcon_notification.desktop_notification.terminal_notifier': Not used on non-Darwin systems
[10.945s] INFO:colcon.colcon_core.plugin_system:Skipping extension 'colcon_notification.desktop_notification.win32': Not used on non-Windows systems
[10.945s] INFO:colcon.colcon_notification.desktop_notification:Sending desktop notification using 'notify2'
[10.966s] DEBUG:colcon.colcon_core.event_reactor:joined thread
[10.993s] INFO:colcon.colcon_core.shell:Creating prefix script '/home/rsl/pioneerbase_ws/src/install/local_setup.ps1'
[10.994s] INFO:colcon.colcon_core.shell:Creating prefix util module '/home/rsl/pioneerbase_ws/src/install/_local_setup_util_ps1.py'
[10.997s] INFO:colcon.colcon_core.shell:Creating prefix chain script '/home/rsl/pioneerbase_ws/src/install/setup.ps1'
[11.027s] INFO:colcon.colcon_core.shell:Creating prefix script '/home/rsl/pioneerbase_ws/src/install/local_setup.sh'
[11.028s] INFO:colcon.colcon_core.shell:Creating prefix util module '/home/rsl/pioneerbase_ws/src/install/_local_setup_util_sh.py'
[11.029s] INFO:colcon.colcon_core.shell:Creating prefix chain script '/home/rsl/pioneerbase_ws/src/install/setup.sh'
[11.057s] INFO:colcon.colcon_core.shell:Creating prefix script '/home/rsl/pioneerbase_ws/src/install/local_setup.bash'
[11.057s] INFO:colcon.colcon_core.shell:Creating prefix chain script '/home/rsl/pioneerbase_ws/src/install/setup.bash'
[11.086s] INFO:colcon.colcon_core.shell:Creating prefix script '/home/rsl/pioneerbase_ws/src/install/local_setup.zsh'
[11.087s] INFO:colcon.colcon_core.shell:Creating prefix chain script '/home/rsl/pioneerbase_ws/src/install/setup.zsh'
