[1.909s] Invoking command in '/home/rsl/pioneerbase_ws/src/navigation_core2': PYTHONPATH=/home/rsl/pioneerbase_ws/build/navigation_core2/prefix_override:/home/rsl/pioneerbase_ws/install/navigation_core2/lib/python3.10/site-packages:${PYTHONPATH} /usr/bin/python3 setup.py egg_info --egg-base ../../build/navigation_core2 build --build-base /home/rsl/pioneerbase_ws/build/navigation_core2/build install --record /home/rsl/pioneerbase_ws/build/navigation_core2/install.log --single-version-externally-managed
[2.307s] running egg_info
[2.308s] writing ../../build/navigation_core2/navigation_core2.egg-info/PKG-INFO
[2.308s] writing dependency_links to ../../build/navigation_core2/navigation_core2.egg-info/dependency_links.txt
[2.309s] writing entry points to ../../build/navigation_core2/navigation_core2.egg-info/entry_points.txt
[2.309s] writing requirements to ../../build/navigation_core2/navigation_core2.egg-info/requires.txt
[2.309s] writing top-level names to ../../build/navigation_core2/navigation_core2.egg-info/top_level.txt
[2.312s] reading manifest file '../../build/navigation_core2/navigation_core2.egg-info/SOURCES.txt'
[2.313s] writing manifest file '../../build/navigation_core2/navigation_core2.egg-info/SOURCES.txt'
[2.313s] running build
[2.314s] running build_py
[2.314s] copying navigation_core2/waypoint_controller.py -> /home/rsl/pioneerbase_ws/build/navigation_core2/build/lib/navigation_core2
[2.314s] running install
[2.315s] /usr/lib/python3/dist-packages/setuptools/command/install.py:34: SetuptoolsDeprecationWarning: setup.py install is deprecated. Use build and pip and other standards-based tools.
[2.315s]   warnings.warn(
[2.315s] running install_lib
[2.316s] copying /home/rsl/pioneerbase_ws/build/navigation_core2/build/lib/navigation_core2/waypoint_controller.py -> /home/rsl/pioneerbase_ws/install/navigation_core2/lib/python3.10/site-packages/navigation_core2
[2.322s] byte-compiling /home/rsl/pioneerbase_ws/install/navigation_core2/lib/python3.10/site-packages/navigation_core2/waypoint_controller.py to waypoint_controller.cpython-310.pyc
[2.322s] running install_data
[2.323s] running install_egg_info
[2.325s] removing '/home/rsl/pioneerbase_ws/install/navigation_core2/lib/python3.10/site-packages/navigation_core2-0.0.0-py3.10.egg-info' (and everything under it)
[2.325s] Copying ../../build/navigation_core2/navigation_core2.egg-info to /home/rsl/pioneerbase_ws/install/navigation_core2/lib/python3.10/site-packages/navigation_core2-0.0.0-py3.10.egg-info
[2.327s] running install_scripts
[2.358s] Installing run_navigation script to /home/rsl/pioneerbase_ws/install/navigation_core2/lib/navigation_core2
[2.358s] writing list of installed files to '/home/rsl/pioneerbase_ws/build/navigation_core2/install.log'
[3.273s] Invoked command in '/home/rsl/pioneerbase_ws/src/navigation_core2' returned '0': PYTHONPATH=/home/rsl/pioneerbase_ws/build/navigation_core2/prefix_override:/home/rsl/pioneerbase_ws/install/navigation_core2/lib/python3.10/site-packages:${PYTHONPATH} /usr/bin/python3 setup.py egg_info --egg-base ../../build/navigation_core2 build --build-base /home/rsl/pioneerbase_ws/build/navigation_core2/build install --record /home/rsl/pioneerbase_ws/build/navigation_core2/install.log --single-version-externally-managed
